22:37:38.035 [main                     ] DEBUG Logger               - Configured Logger
22:37:38.145 [main                     ] DEBUG GameApplication      - Logging settings
Title: Zombs
Version: 1.0
Width: 1600
Height: 896
Fullscreen: false
Intro: false
Profiling: false
Single step:false
App Mode: DEVELOPER
Menu Key: ESCAPE
Stage Style: DECORATED
Scene Factory: class com.almasb.fxgl.app.scene.SceneFactory

22:37:39.657 [JavaFX Application Thread] DEBUG FXGLApplication      - Initializing FXGL
22:37:39.669 [JavaFX Application Thread] INFO  Engine               - FXGL-17.3 (30.03.2023 11.49) on MAC (J:20 FX:20)
22:37:39.671 [JavaFX Application Thread] DEBUG Engine               - JRE Vendor Name: Oracle Corporation
22:37:39.672 [JavaFX Application Thread] DEBUG Engine               - Running on OS: Mac OS X version 13.3.1
22:37:39.672 [JavaFX Application Thread] DEBUG Engine               - Architecture: x86_64
22:37:39.672 [JavaFX Application Thread] INFO  Engine               - Source code and latest versions at: https://github.com/AlmasB/FXGL
22:37:39.672 [JavaFX Application Thread] INFO  Engine               -       Ask questions and discuss at: https://github.com/AlmasB/FXGL/discussions
22:37:39.673 [JavaFX Application Thread] INFO  Engine               -              Join the FXGL chat at: https://gitter.im/AlmasB/FXGL
22:37:39.809 [JavaFX Application Thread] DEBUG PrimaryStageWindow   - Creating a JavaFX scene
22:37:39.810 [JavaFX Application Thread] DEBUG PrimaryStageWindow   - Target size > screen size
22:37:39.932 [JavaFX Application Thread] DEBUG PrimaryStageWindow   - Target settings size: 1600.0 x 896.0
22:37:39.933 [JavaFX Application Thread] DEBUG PrimaryStageWindow   - Scaled scene size:    1415.0 x 806.0
22:37:39.933 [JavaFX Application Thread] DEBUG PrimaryStageWindow   - Scaled ratio: (0.884375, 0.8995535714285714)
22:37:39.935 [JavaFX Application Thread] DEBUG PrimaryStageWindow   - Set initial scene to FXGLStartupScene
22:37:39.940 [JavaFX Application Thread] DEBUG PrimaryStageWindow   - Opening main window
22:37:40.239 [JavaFX Application Thread] DEBUG PrimaryStageWindow   - Window border size: (0.0, 28.0)
22:37:40.239 [JavaFX Application Thread] DEBUG PrimaryStageWindow   - Scaled size: 1415.0 x 806.0
22:37:40.239 [JavaFX Application Thread] DEBUG PrimaryStageWindow   - Scaled ratio: (0.884375, 0.8995535714285714)
22:37:40.240 [JavaFX Application Thread] DEBUG PrimaryStageWindow   - Scene size: 1415.0 x 806.0
22:37:40.240 [JavaFX Application Thread] DEBUG PrimaryStageWindow   - Stage size: 1415.0 x 834.0
22:37:40.266 [FXGL Background Thread 1 ] DEBUG Engine               - Initializing environment variables
22:37:41.282 [FXGL Background Thread 1 ] DEBUG FXGLAssetLoaderServi - User app class for loading assets: class com.csafinal.basedefense.DropApp
22:37:41.287 [FXGL Background Thread 1 ] DEBUG GameApplicationServi - Applying CSS: fxgl_dark.css
22:37:41.292 [FXGL Background Thread 1 ] DEBUG FXGLAssetLoaderServi - Loading from file system: jar:file:///Users/ayushkumarrai/.m2/repository/com/github/almasb/fxgl/17.3/fxgl-17.3.jar!/fxglassets/ui/css/fxgl_dark.css
22:37:41.652 [FXGL Background Thread 1 ] DEBUG GameApplicationServi - Initializing application scenes
22:37:42.115 [FXGL Background Thread 1 ] DEBUG GameWorld            - Game world initialized
22:37:42.202 [FXGL Background Thread 1 ] DEBUG PhysicsWorld         - Physics world initialized: appHeight=896, physics.ppm=50.0
22:37:42.205 [FXGL Background Thread 1 ] DEBUG PhysicsWorld         - Using strategy: BRUTE_FORCE
22:37:42.217 [FXGL Background Thread 1 ] DEBUG GameScene            - Game scene initialized: 1600x896
22:37:42.239 [FXGL Background Thread 1 ] DEBUG FXGL.DefaultMenu     - createMenuBodyGameMenu()
22:37:42.260 [FXGL Background Thread 1 ] DEBUG FXGL.DefaultMenu     - createOptionsMenu()
22:37:42.290 [FXGL Background Thread 1 ] DEBUG FXGLAssetLoaderServi - Loading from file system: jar:file:///Users/ayushkumarrai/.m2/repository/com/github/almasb/fxgl/17.3/fxgl-17.3.jar!/fxglassets/textures/particles/smoke.png
22:37:42.518 [FXGL Background Thread 1 ] DEBUG FXGLAssetLoaderServi - Loading from file system: jar:file:///Users/ayushkumarrai/.m2/repository/com/github/almasb/fxgl/17.3/fxgl-17.3.jar!/fxglassets/textures/particles/trace_horizontal.png
22:37:42.566 [FXGL Background Thread 1 ] DEBUG GameApplicationServi - Application scenes initialized
22:37:42.595 [FXGL Background Thread 1 ] DEBUG SystemBundleService  - Loading FXGL system data
22:37:42.603 [FXGL Background Thread 1 ] DEBUG FileSystemAccess     - Reading from: /Volumes/AYUSH DRIVE/School 2022-23/M359 AP CS Java A/BaseDefense2/system/fxgl.bundle
22:37:42.631 [FXGL Background Thread 1 ] DEBUG SystemBundleService  - Bundle FXGL: {}
22:37:42.631 [FXGL Background Thread 1 ] DEBUG UpdaterService       - Checking for updates
22:37:42.635 [FXGL Background Thread 4 ] DEBUG FXGLApplication      - Loading fonts
22:37:42.636 [FXGL Background Thread 4 ] DEBUG FXGLAssetLoaderServi - Loading from file system: jar:file:///Users/ayushkumarrai/.m2/repository/com/github/almasb/fxgl/17.3/fxgl-17.3.jar!/fxglassets/ui/fonts/VarelaRound-Regular.ttf
22:37:42.640 [FXGL Background Thread 1 ] DEBUG FXGLApplication      - Loading default localization
22:37:42.640 [FXGL Background Thread 1 ] DEBUG FXGLAssetLoaderServi - Loading from file system: jar:file:///Users/ayushkumarrai/.m2/repository/com/github/almasb/fxgl/17.3/fxgl-17.3.jar!/fxglassets/languages/english.lang
22:37:42.687 [FXGL Background Thread 1 ] INFO  FXGLApplication      - FXGL initialization took: 2.418 sec
22:37:42.694 [FXGL Background Thread 4 ] DEBUG FXGLAssetLoaderServi - Loading from file system: jar:file:///Users/ayushkumarrai/.m2/repository/com/github/almasb/fxgl/17.3/fxgl-17.3.jar!/fxglassets/ui/fonts/Abel-Regular.ttf
22:37:42.697 [FXGL Background Thread 4 ] DEBUG FXGLAssetLoaderServi - Loading from file system: jar:file:///Users/ayushkumarrai/.m2/repository/com/github/almasb/fxgl/17.3/fxgl-17.3.jar!/fxglassets/ui/fonts/TerminalLandMono-Regular.otf
22:37:42.700 [JavaFX Application Thread] DEBUG Input                - Registered new binding: info - I
22:37:42.700 [JavaFX Application Thread] DEBUG Input                - Registered new binding: Revive - R
22:37:42.705 [JavaFX Application Thread] DEBUG FXGLAssetLoaderServi - Loading from file system: jar:file:///Users/ayushkumarrai/.m2/repository/com/github/almasb/fxgl/17.3/fxgl-17.3.jar!/fxglassets/textures/fxgl_icon.png
22:37:42.709 [FXGL Background Thread 4 ] DEBUG FXGLAssetLoaderServi - Loading from file system: jar:file:///Users/ayushkumarrai/.m2/repository/com/github/almasb/fxgl/17.3/fxgl-17.3.jar!/fxglassets/ui/fonts/Courier-Prime.ttf
22:37:42.764 [JavaFX Application Thread] DEBUG FXGLAssetLoaderServi - Loading from file system: jar:file:///Users/ayushkumarrai/.m2/repository/com/github/almasb/fxgl/17.3/fxgl-17.3.jar!/fxglassets/textures/fxgl_default_cursor.png
22:37:42.777 [JavaFX Application Thread] DEBUG Input                - Registered new binding: Screenshot - CTRL+8
22:37:42.777 [JavaFX Application Thread] DEBUG Input                - Registered new binding: System info dump - CTRL+9
22:37:42.778 [JavaFX Application Thread] DEBUG Input                - Registered new binding: Restart - CTRL+R
22:37:42.778 [JavaFX Application Thread] DEBUG Input                - Registered new binding: Toggle Debug Camera - CTRL+7
22:37:42.783 [JavaFX Application Thread] DEBUG LoopRunner           - Starting loop
22:37:42.783 [JavaFX Application Thread] DEBUG LoopRunner           - Initializing JavaFX AnimationTimerLoop
22:37:42.785 [JavaFX Application Thread] DEBUG GameApplicationServi - Starting new game
22:37:42.786 [JavaFX Application Thread] DEBUG Input                - Clearing active input actions
22:37:42.847 [JavaFX Application Thread] DEBUG GameApplicationServi - Removing overlay from FXGLStartupScene and adding to FXGLLoadingScene
22:37:42.849 [JavaFX Application Thread] DEBUG PrimaryStageWindow   - FXGLStartupScene -> FXGLLoadingScene
22:37:42.849 [JavaFX Application Thread] DEBUG GameApplicationServi - Clearing previous game
22:37:42.849 [JavaFX Application Thread] DEBUG GameScene            - Clearing game scene
22:37:42.849 [JavaFX Application Thread] DEBUG GameWorld            - Clearing game world
22:37:42.850 [JavaFX Application Thread] DEBUG PhysicsWorld         - Clearing physics world
22:37:42.855 [FXGL Background Thread 4 ] DEBUG FXGLApplication      - Initializing game
22:37:42.984 [FXGL Background Thread 4 ] WARN  TMXLevelLoader       - TiledMap generated from 1.10.0. Supported version: 1.9.0. Some features may not be parsed fully.
22:37:43.041 [JavaFX Application Thread] DEBUG FXGLApplication      - Registering font factories with UI factory
22:37:43.060 [FXGL Background Thread 4 ] DEBUG TMXLevelLoader       - Parsed TiledMap: file:/Volumes/AYUSH%20DRIVE/School%202022-23/M359%20AP%20CS%20Java%20A/BaseDefense2/target/classes/assets/levels/tmx/td1.tmx
22:37:43.062 [FXGL Background Thread 4 ] DEBUG TMXLevelLoader       - Creating tile layer entities
22:37:43.073 [FXGL Background Thread 4 ] DEBUG TilesetLoader        - Loading view for layer Ground
22:37:43.082 [FXGL Background Thread 4 ] DEBUG TilesetLoader        - Created buffer with size 1600.0x896.0
22:37:43.482 [FXGL Background Thread 4 ] DEBUG TilesetLoader        - Loading view for layer Decor
22:37:43.506 [FXGL Background Thread 4 ] DEBUG TilesetLoader        - Created buffer with size 1600.0x896.0
22:37:43.510 [FXGL Background Thread 4 ] DEBUG TMXLevelLoader       - Creating object layer entities
22:37:43.803 [FXGL Background Thread 4 ] DEBUG GameWorld            - Clearing removable entities
22:37:43.807 [FXGL Background Thread 4 ] DEBUG GameWorld            - Setting level: com.almasb.fxgl.entity.level.Level@53178651
22:37:43.842 [FXGL Background Thread 4 ] DEBUG FXGLAssetLoaderServi - Loading JSON from: file:/Volumes/AYUSH%20DRIVE/School%202022-23/M359%20AP%20CS%20Java%20A/BaseDefense2/target/classes/assets/towers/tower1.json
22:37:44.387 [FXGL Background Thread 4 ] DEBUG FXGLAssetLoaderServi - Loading JSON from: file:/Volumes/AYUSH%20DRIVE/School%202022-23/M359%20AP%20CS%20Java%20A/BaseDefense2/target/classes/assets/towers/tower2.json
22:37:44.407 [FXGL Background Thread 4 ] DEBUG FXGLAssetLoaderServi - Loading JSON from: file:/Volumes/AYUSH%20DRIVE/School%202022-23/M359%20AP%20CS%20Java%20A/BaseDefense2/target/classes/assets/towers/tower3.json
22:37:44.423 [FXGL Background Thread 4 ] DEBUG FXGLAssetLoaderServi - Loading JSON from: file:/Volumes/AYUSH%20DRIVE/School%202022-23/M359%20AP%20CS%20Java%20A/BaseDefense2/target/classes/assets/towers/tower4.json
22:37:44.438 [FXGL Background Thread 4 ] DEBUG FXGLAssetLoaderServi - Loading JSON from: file:/Volumes/AYUSH%20DRIVE/School%202022-23/M359%20AP%20CS%20Java%20A/BaseDefense2/target/classes/assets/towers/tower5.json
22:37:44.451 [FXGL Background Thread 4 ] DEBUG FXGLAssetLoaderServi - Loading JSON from: file:/Volumes/AYUSH%20DRIVE/School%202022-23/M359%20AP%20CS%20Java%20A/BaseDefense2/target/classes/assets/towers/tower6.json
22:37:44.479 [FXGL Background Thread 4 ] DEBUG FXGLAssetLoaderServi - Loading JSON from: file:/Volumes/AYUSH%20DRIVE/School%202022-23/M359%20AP%20CS%20Java%20A/BaseDefense2/target/classes/assets/playerTypes/player1.json
22:37:44.563 [FXGL Background Thread 4 ] DEBUG FXGLAssetLoaderServi - Loading from file system: file:/Volumes/AYUSH%20DRIVE/School%202022-23/M359%20AP%20CS%20Java%20A/BaseDefense2/target/classes/assets/textures/player.png
22:37:44.629 [FXGL Background Thread 4 ] DEBUG FXGLAssetLoaderServi - Loading JSON from: file:/Volumes/AYUSH%20DRIVE/School%202022-23/M359%20AP%20CS%20Java%20A/BaseDefense2/target/classes/assets/enemies/enemy1.json
22:37:44.647 [FXGL Background Thread 4 ] INFO  FXGLApplication      - Game initialization took: 1.792 sec
22:37:44.649 [JavaFX Application Thread] DEBUG Input                - Clearing active input actions
22:37:44.717 [JavaFX Application Thread] DEBUG GameApplicationServi - Removing overlay from FXGLLoadingScene and adding to GameScene
22:37:44.722 [JavaFX Application Thread] DEBUG PrimaryStageWindow   - FXGLLoadingScene -> GameScene
22:37:45.640 [FXGL Background Thread 3 ] DEBUG Engine               - Logging environment variables
22:37:45.644 [FXGL Background Thread 3 ] DEBUG Engine               - achievements: []
22:37:45.644 [FXGL Background Thread 3 ] DEBUG Engine               - actualHeight: 806.0
22:37:45.644 [FXGL Background Thread 3 ] DEBUG Engine               - actualHeightProperty: ReadOnlyDoubleProperty [value: 806.0]
22:37:45.645 [FXGL Background Thread 3 ] DEBUG Engine               - actualWidth: 1415.0
22:37:45.645 [FXGL Background Thread 3 ] DEBUG Engine               - actualWidthProperty: ReadOnlyDoubleProperty [value: 1415.0]
22:37:45.645 [FXGL Background Thread 3 ] DEBUG Engine               - appIcon: fxgl_icon.png
22:37:45.646 [FXGL Background Thread 3 ] DEBUG Engine               - applicationMode: DEVELOPER
22:37:45.646 [FXGL Background Thread 3 ] DEBUG Engine               - cSSList: [fxgl_dark.css]
22:37:45.646 [FXGL Background Thread 3 ] DEBUG Engine               - collisionDetectionStrategy: BRUTE_FORCE
22:37:45.646 [FXGL Background Thread 3 ] DEBUG Engine               - configClass: Optional.empty
22:37:45.646 [FXGL Background Thread 3 ] DEBUG Engine               - credits: []
22:37:45.650 [FXGL Background Thread 3 ] DEBUG Engine               - defaultCursor: CursorInfo(imageName=fxgl_default_cursor.png, hotspotX=7.0, hotspotY=6.0)
22:37:45.652 [FXGL Background Thread 3 ] DEBUG Engine               - devBBoxColorProperty: ObjectProperty [value: 0xff0000ff]
22:37:45.652 [FXGL Background Thread 3 ] DEBUG Engine               - devEnableDebugCameraProperty: BooleanProperty [value: false]
22:37:45.652 [FXGL Background Thread 3 ] DEBUG Engine               - devSensorColorProperty: ObjectProperty [value: 0xffff00ff]
22:37:45.652 [FXGL Background Thread 3 ] DEBUG Engine               - devShowBBoxProperty: BooleanProperty [value: false]
22:37:45.652 [FXGL Background Thread 3 ] DEBUG Engine               - devShowPositionProperty: BooleanProperty [value: false]
22:37:45.652 [FXGL Background Thread 3 ] DEBUG Engine               - enabledMenuItems: []
22:37:45.652 [FXGL Background Thread 3 ] DEBUG Engine               - engineServices: [class com.almasb.fxgl.app.services.FXGLAssetLoaderService, class com.almasb.fxgl.app.FXGLApplication$GameApplicationService, class com.almasb.fxgl.app.services.FXGLDialogService, class com.almasb.fxgl.app.services.IOTaskExecutorService, class com.almasb.fxgl.io.FileSystemService, class com.almasb.fxgl.localization.LocalizationService, class com.almasb.fxgl.app.services.SystemBundleService, class com.almasb.fxgl.profile.SaveLoadService, class com.almasb.fxgl.ui.FXGLUIFactoryServiceProvider, class com.almasb.fxgl.ui.FXGLDialogFactoryServiceProvider, class com.almasb.fxgl.audio.AudioPlayer, class com.almasb.fxgl.notification.impl.NotificationServiceProvider, class com.almasb.fxgl.achievement.AchievementService, class com.almasb.fxgl.cutscene.CutsceneService, class com.almasb.fxgl.minigames.MiniGameService, class com.almasb.fxgl.net.NetService, class com.almasb.fxgl.app.services.UpdaterService, class com.almasb.fxgl.dev.DevService]
22:37:45.652 [FXGL Background Thread 3 ] DEBUG Engine               - fontGame: Abel-Regular.ttf
22:37:45.652 [FXGL Background Thread 3 ] DEBUG Engine               - fontMono: TerminalLandMono-Regular.otf
22:37:45.653 [FXGL Background Thread 3 ] DEBUG Engine               - fontSizeScaleUI: 1.0
22:37:45.653 [FXGL Background Thread 3 ] DEBUG Engine               - fontText: Courier-Prime.ttf
22:37:45.653 [FXGL Background Thread 3 ] DEBUG Engine               - fontUI: VarelaRound-Regular.ttf
22:37:45.653 [FXGL Background Thread 3 ] DEBUG Engine               - fullScreen: BooleanProperty [value: false]
22:37:45.653 [FXGL Background Thread 3 ] DEBUG Engine               - gameDifficulty: MEDIUM
22:37:45.653 [FXGL Background Thread 3 ] DEBUG Engine               - gameDifficultyProperty: ObjectProperty [value: MEDIUM]
22:37:45.653 [FXGL Background Thread 3 ] DEBUG Engine               - globalMusicVolume: 0.5
22:37:45.653 [FXGL Background Thread 3 ] DEBUG Engine               - globalMusicVolumeProperty: DoubleProperty [value: 0.5]
22:37:45.654 [FXGL Background Thread 3 ] DEBUG Engine               - globalSoundVolume: 0.5
22:37:45.654 [FXGL Background Thread 3 ] DEBUG Engine               - globalSoundVolumeProperty: DoubleProperty [value: 0.5]
22:37:45.655 [FXGL Background Thread 3 ] DEBUG Engine               - height: 896
22:37:45.655 [FXGL Background Thread 3 ] DEBUG Engine               - is3D: false
22:37:45.655 [FXGL Background Thread 3 ] DEBUG Engine               - isAndroid: false
22:37:45.655 [FXGL Background Thread 3 ] DEBUG Engine               - isBrowser: false
22:37:45.655 [FXGL Background Thread 3 ] DEBUG Engine               - isClickFeedbackEnabled: false
22:37:45.656 [FXGL Background Thread 3 ] DEBUG Engine               - isCloseConfirmation: false
22:37:45.656 [FXGL Background Thread 3 ] DEBUG Engine               - isDesktop: true
22:37:45.656 [FXGL Background Thread 3 ] DEBUG Engine               - isDeveloperMenuEnabled: false
22:37:45.656 [FXGL Background Thread 3 ] DEBUG Engine               - isEmbedded: false
22:37:45.656 [FXGL Background Thread 3 ] DEBUG Engine               - isEntityPreloadEnabled: true
22:37:45.656 [FXGL Background Thread 3 ] DEBUG Engine               - isExperimentalTiledLargeMap: false
22:37:45.656 [FXGL Background Thread 3 ] DEBUG Engine               - isFileSystemWriteAllowed: true
22:37:45.656 [FXGL Background Thread 3 ] DEBUG Engine               - isFullScreenAllowed: false
22:37:45.656 [FXGL Background Thread 3 ] DEBUG Engine               - isFullScreenFromStart: false
22:37:45.656 [FXGL Background Thread 3 ] DEBUG Engine               - isGameMenuEnabled: true
22:37:45.656 [FXGL Background Thread 3 ] DEBUG Engine               - isIOS: false
22:37:45.656 [FXGL Background Thread 3 ] DEBUG Engine               - isIntroEnabled: false
22:37:45.657 [FXGL Background Thread 3 ] DEBUG Engine               - isLinux: false
22:37:45.657 [FXGL Background Thread 3 ] DEBUG Engine               - isMac: true
22:37:45.657 [FXGL Background Thread 3 ] DEBUG Engine               - isMainMenuEnabled: false
22:37:45.657 [FXGL Background Thread 3 ] DEBUG Engine               - isManualResizeEnabled: false
22:37:45.657 [FXGL Background Thread 3 ] DEBUG Engine               - isMobile: false
22:37:45.657 [FXGL Background Thread 3 ] DEBUG Engine               - isNative: false
22:37:45.657 [FXGL Background Thread 3 ] DEBUG Engine               - isPauseMusicWhenMinimized: true
22:37:45.657 [FXGL Background Thread 3 ] DEBUG Engine               - isPreserveResizeRatio: false
22:37:45.657 [FXGL Background Thread 3 ] DEBUG Engine               - isProfilingEnabled: false
22:37:45.657 [FXGL Background Thread 3 ] DEBUG Engine               - isScaleAffectedOnResize: true
22:37:45.657 [FXGL Background Thread 3 ] DEBUG Engine               - isSingleStep: false
22:37:45.657 [FXGL Background Thread 3 ] DEBUG Engine               - isUserProfileEnabled: false
22:37:45.657 [FXGL Background Thread 3 ] DEBUG Engine               - isWindows: false
22:37:45.657 [FXGL Background Thread 3 ] DEBUG Engine               - language: ObjectProperty [value: ENGLISH]
22:37:45.657 [FXGL Background Thread 3 ] DEBUG Engine               - menuKey: ESCAPE
22:37:45.657 [FXGL Background Thread 3 ] DEBUG Engine               - mouseSensitivity: 0.2
22:37:45.657 [FXGL Background Thread 3 ] DEBUG Engine               - notificationViewClass: class com.almasb.fxgl.notification.view.XboxNotificationView
22:37:45.657 [FXGL Background Thread 3 ] DEBUG Engine               - pixelsPerMeter: 50.0
22:37:45.657 [FXGL Background Thread 3 ] DEBUG Engine               - platform: MAC
22:37:45.657 [FXGL Background Thread 3 ] DEBUG Engine               - prefHeightProperty: ReadOnlyDoubleProperty [value: 896.0]
22:37:45.657 [FXGL Background Thread 3 ] DEBUG Engine               - prefWidthProperty: ReadOnlyDoubleProperty [value: 1600.0]
22:37:45.657 [FXGL Background Thread 3 ] DEBUG Engine               - profileDir: profiles/
22:37:45.657 [FXGL Background Thread 3 ] DEBUG Engine               - profileName: StringProperty [value: DEFAULT]
22:37:45.657 [FXGL Background Thread 3 ] DEBUG Engine               - randomSeed: -1
22:37:45.659 [FXGL Background Thread 3 ] DEBUG Engine               - runtimeInfo: RuntimeInfo(platform=MAC, version=17.3, build=30.03.2023 11.49)
22:37:45.664 [FXGL Background Thread 3 ] DEBUG Engine               - saveFileExt: sav
22:37:45.664 [FXGL Background Thread 3 ] DEBUG Engine               - scaledHeightProp$fxgl: DoubleProperty [bound, value: 806.0]
22:37:45.664 [FXGL Background Thread 3 ] DEBUG Engine               - scaledWidthProp$fxgl: DoubleProperty [bound, value: 1415.0]
22:37:45.664 [FXGL Background Thread 3 ] DEBUG Engine               - sceneFactory: com.almasb.fxgl.app.scene.SceneFactory@37ba0047
22:37:45.664 [FXGL Background Thread 3 ] DEBUG Engine               - secondsIn24h: 60
22:37:45.664 [FXGL Background Thread 3 ] DEBUG Engine               - soundMenuBack: menu/back.wav
22:37:45.664 [FXGL Background Thread 3 ] DEBUG Engine               - soundMenuPress: menu/press.wav
22:37:45.664 [FXGL Background Thread 3 ] DEBUG Engine               - soundMenuSelect: menu/select.wav
22:37:45.664 [FXGL Background Thread 3 ] DEBUG Engine               - soundNotification: core/notification.wav
22:37:45.664 [FXGL Background Thread 3 ] DEBUG Engine               - stageStyle: DECORATED
22:37:45.665 [FXGL Background Thread 3 ] DEBUG Engine               - supportedLanguages: [ENGLISH, FRENCH, GERMAN, HUNGARIAN, RUSSIAN]
22:37:45.665 [FXGL Background Thread 3 ] DEBUG Engine               - ticksPerSecond: -1
22:37:45.671 [FXGL Background Thread 3 ] DEBUG Engine               - title: Zombs
22:37:45.671 [FXGL Background Thread 3 ] DEBUG Engine               - urlGithub: https://github.com/AlmasB/FXGL
22:37:45.671 [FXGL Background Thread 3 ] DEBUG Engine               - urlLeaderboard: http://fxgl-top.herokuapp.com/
22:37:45.671 [FXGL Background Thread 3 ] DEBUG Engine               - urlPOM: https://raw.githubusercontent.com/AlmasB/FXGL/release/README.md
22:37:45.671 [FXGL Background Thread 3 ] DEBUG Engine               - userAppClass: class com.csafinal.basedefense.DropApp
22:37:45.671 [FXGL Background Thread 3 ] DEBUG Engine               - version: 1.0
22:37:45.671 [FXGL Background Thread 3 ] DEBUG Engine               - versionCheckDays: 7
22:37:45.671 [FXGL Background Thread 3 ] DEBUG Engine               - width: 1600
22:37:45.671 [FXGL Background Thread 3 ] DEBUG Engine               - Logging services
22:37:45.671 [FXGL Background Thread 3 ] DEBUG Engine               - class com.almasb.fxgl.app.services.FXGLAssetLoaderService
22:37:45.671 [FXGL Background Thread 3 ] DEBUG Engine               - class com.almasb.fxgl.app.FXGLApplication$GameApplicationService
22:37:45.671 [FXGL Background Thread 3 ] DEBUG Engine               - class com.almasb.fxgl.app.services.FXGLDialogService
22:37:45.672 [FXGL Background Thread 3 ] DEBUG Engine               - class com.almasb.fxgl.app.services.IOTaskExecutorService
22:37:45.672 [FXGL Background Thread 3 ] DEBUG Engine               - class com.almasb.fxgl.io.FileSystemService
22:37:45.672 [FXGL Background Thread 3 ] DEBUG Engine               - class com.almasb.fxgl.localization.LocalizationService
22:37:45.672 [FXGL Background Thread 3 ] DEBUG Engine               - class com.almasb.fxgl.app.services.SystemBundleService
22:37:45.672 [FXGL Background Thread 3 ] DEBUG Engine               - class com.almasb.fxgl.profile.SaveLoadService
22:37:45.672 [FXGL Background Thread 3 ] DEBUG Engine               - class com.almasb.fxgl.ui.FXGLUIFactoryServiceProvider
22:37:45.672 [FXGL Background Thread 3 ] DEBUG Engine               - class com.almasb.fxgl.ui.FXGLDialogFactoryServiceProvider
22:37:45.672 [FXGL Background Thread 3 ] DEBUG Engine               - class com.almasb.fxgl.audio.AudioPlayer
22:37:45.672 [FXGL Background Thread 3 ] DEBUG Engine               - class com.almasb.fxgl.notification.impl.NotificationServiceProvider
22:37:45.672 [FXGL Background Thread 3 ] DEBUG Engine               - class com.almasb.fxgl.achievement.AchievementService
22:37:45.672 [FXGL Background Thread 3 ] DEBUG Engine               - class com.almasb.fxgl.cutscene.CutsceneService
22:37:45.672 [FXGL Background Thread 3 ] DEBUG Engine               - class com.almasb.fxgl.minigames.MiniGameService
22:37:45.672 [FXGL Background Thread 3 ] DEBUG Engine               - class com.almasb.fxgl.net.NetService
22:37:45.672 [FXGL Background Thread 3 ] DEBUG Engine               - class com.almasb.fxgl.app.services.UpdaterService
22:37:45.672 [FXGL Background Thread 3 ] DEBUG Engine               - class com.almasb.fxgl.dev.DevService
22:37:46.606 [JavaFX Application Thread] DEBUG FXGLAssetLoaderServi - Loading from file system: file:/Volumes/AYUSH%20DRIVE/School%202022-23/M359%20AP%20CS%20Java%20A/BaseDefense2/target/classes/assets/textures/enemies/enemy1.png
22:37:48.246 [JavaFX Application Thread] DEBUG FXGLAssetLoaderServi - Loading from file system: file:/Volumes/AYUSH%20DRIVE/School%202022-23/M359%20AP%20CS%20Java%20A/BaseDefense2/target/classes/assets/textures/towers/tower1.png
22:37:49.731 [JavaFX Application Thread] DEBUG FXGLAssetLoaderServi - Loading from file system: file:/Volumes/AYUSH%20DRIVE/School%202022-23/M359%20AP%20CS%20Java%20A/BaseDefense2/target/classes/assets/textures/projectile.png
22:37:56.210 [JavaFX Application Thread] DEBUG FXGLApplication      - Exiting FXGL
22:37:56.211 [JavaFX Application Thread] DEBUG LoopRunner           - Stopping loop
22:37:56.212 [JavaFX Application Thread] DEBUG SystemBundleService  - Saving FXGL system data
22:37:56.220 [JavaFX Application Thread] DEBUG FileSystemAccess     - Writing to: /Volumes/AYUSH DRIVE/School 2022-23/M359 AP CS Java A/BaseDefense2/system/fxgl.bundle
22:37:56.233 [JavaFX Application Thread] DEBUG Async                - Shutting down background threads
22:37:56.234 [JavaFX Application Thread] DEBUG PrimaryStageWindow   - Closing main window
22:37:56.260 [JavaFX Application Thread] DEBUG Logger               - Closing Logger
