11:37:18.428 [main                     ] DEBUG Logger               - Configured Logger
11:37:18.452 [main                     ] DEBUG GameApplication      - Logging settings
Title: Zombs
Version: 1.0
Width: 1600
Height: 896
Fullscreen: false
Intro: false
Profiling: false
Single step:false
App Mode: DEVELOPER
Menu Key: ESCAPE
Stage Style: DECORATED
Scene Factory: class com.almasb.fxgl.app.scene.SceneFactory

11:37:18.781 [JavaFX Application Thread] DEBUG FXGLApplication      - Initializing FXGL
11:37:18.785 [JavaFX Application Thread] INFO  Engine               - FXGL-17.3 (30.03.2023 11.49) on WINDOWS (J:20.0.1 FX:20)
11:37:18.785 [JavaFX Application Thread] DEBUG Engine               - JRE Vendor Name: Oracle Corporation
11:37:18.785 [JavaFX Application Thread] DEBUG Engine               - Running on OS: Windows 10 version 10.0
11:37:18.786 [JavaFX Application Thread] DEBUG Engine               - Architecture: amd64
11:37:18.786 [JavaFX Application Thread] INFO  Engine               - Source code and latest versions at: https://github.com/AlmasB/FXGL
11:37:18.786 [JavaFX Application Thread] INFO  Engine               -       Ask questions and discuss at: https://github.com/AlmasB/FXGL/discussions
11:37:18.786 [JavaFX Application Thread] INFO  Engine               -              Join the FXGL chat at: https://gitter.im/AlmasB/FXGL
11:37:18.867 [JavaFX Application Thread] DEBUG PrimaryStageWindow   - Creating a JavaFX scene
11:37:18.906 [JavaFX Application Thread] DEBUG PrimaryStageWindow   - Target settings size: 1600.0 x 896.0
11:37:18.906 [JavaFX Application Thread] DEBUG PrimaryStageWindow   - Scaled scene size:    1600.0 x 896.0
11:37:18.906 [JavaFX Application Thread] DEBUG PrimaryStageWindow   - Scaled ratio: (1.0, 1.0)
11:37:18.907 [JavaFX Application Thread] DEBUG PrimaryStageWindow   - Set initial scene to FXGLStartupScene
11:37:18.909 [JavaFX Application Thread] DEBUG PrimaryStageWindow   - Opening main window
11:37:19.016 [JavaFX Application Thread] DEBUG PrimaryStageWindow   - Window border size: (16.0, 39.0)
11:37:19.016 [JavaFX Application Thread] DEBUG PrimaryStageWindow   - Scaled size: 1600.0 x 896.0
11:37:19.017 [JavaFX Application Thread] DEBUG PrimaryStageWindow   - Scaled ratio: (1.0, 1.0)
11:37:19.017 [JavaFX Application Thread] DEBUG PrimaryStageWindow   - Scene size: 1600.0 x 896.0
11:37:19.017 [JavaFX Application Thread] DEBUG PrimaryStageWindow   - Stage size: 1616.0 x 935.0
11:37:19.022 [FXGL Background Thread 1 ] DEBUG Engine               - Initializing environment variables
11:37:19.080 [FXGL Background Thread 1 ] DEBUG FXGLAssetLoaderServi - User app class for loading assets: class com.csafinal.basedefense.DropApp
11:37:19.081 [FXGL Background Thread 1 ] DEBUG GameApplicationServi - Applying CSS: fxgl_dark.css
11:37:19.081 [FXGL Background Thread 1 ] DEBUG FXGLAssetLoaderServi - Loading from file system: jar:file:///C:/Users/rummel1391/.m2/repository/com/github/almasb/fxgl/17.3/fxgl-17.3.jar!/fxglassets/ui/css/fxgl_dark.css
11:37:19.122 [FXGL Background Thread 1 ] DEBUG GameApplicationServi - Initializing application scenes
11:37:19.157 [FXGL Background Thread 1 ] DEBUG GameWorld            - Game world initialized
11:37:19.214 [FXGL Background Thread 1 ] DEBUG PhysicsWorld         - Physics world initialized: appHeight=896, physics.ppm=50.0
11:37:19.214 [FXGL Background Thread 1 ] DEBUG PhysicsWorld         - Using strategy: BRUTE_FORCE
11:37:19.218 [FXGL Background Thread 1 ] DEBUG GameScene            - Game scene initialized: 1600x896
11:37:19.230 [FXGL Background Thread 1 ] DEBUG FXGL.DefaultMenu     - createMenuBodyGameMenu()
11:37:19.241 [FXGL Background Thread 1 ] DEBUG FXGL.DefaultMenu     - createOptionsMenu()
11:37:19.248 [FXGL Background Thread 1 ] DEBUG FXGLAssetLoaderServi - Loading from file system: jar:file:///C:/Users/rummel1391/.m2/repository/com/github/almasb/fxgl/17.3/fxgl-17.3.jar!/fxglassets/textures/particles/smoke.png
11:37:19.321 [FXGL Background Thread 1 ] DEBUG FXGLAssetLoaderServi - Loading from file system: jar:file:///C:/Users/rummel1391/.m2/repository/com/github/almasb/fxgl/17.3/fxgl-17.3.jar!/fxglassets/textures/particles/trace_horizontal.png
11:37:19.347 [FXGL Background Thread 1 ] DEBUG GameApplicationServi - Application scenes initialized
11:37:19.358 [FXGL Background Thread 1 ] DEBUG SystemBundleService  - Loading FXGL system data
11:37:19.361 [FXGL Background Thread 1 ] DEBUG FileSystemAccess     - Reading from: D:\BaseDefenseFXGL-main\system\fxgl.bundle
11:37:19.370 [FXGL Background Thread 1 ] DEBUG SystemBundleService  - Bundle FXGL: {}
11:37:19.370 [FXGL Background Thread 1 ] DEBUG UpdaterService       - Checking for updates
11:37:19.376 [FXGL Background Thread 4 ] DEBUG FXGLApplication      - Loading fonts
11:37:19.376 [FXGL Background Thread 4 ] DEBUG FXGLAssetLoaderServi - Loading from file system: jar:file:///C:/Users/rummel1391/.m2/repository/com/github/almasb/fxgl/17.3/fxgl-17.3.jar!/fxglassets/ui/fonts/VarelaRound-Regular.ttf
11:37:19.377 [FXGL Background Thread 1 ] DEBUG FXGLApplication      - Loading default localization
11:37:19.378 [FXGL Background Thread 1 ] DEBUG FXGLAssetLoaderServi - Loading from file system: jar:file:///C:/Users/rummel1391/.m2/repository/com/github/almasb/fxgl/17.3/fxgl-17.3.jar!/fxglassets/languages/english.lang
11:37:19.406 [FXGL Background Thread 1 ] INFO  FXGLApplication      - FXGL initialization took: 0.382 sec
11:37:19.417 [JavaFX Application Thread] DEBUG Input                - Registered new binding: Left - A
11:37:19.417 [JavaFX Application Thread] DEBUG Input                - Registered new binding: Right - D
11:37:19.417 [JavaFX Application Thread] DEBUG Input                - Registered new binding: Down - S
11:37:19.417 [JavaFX Application Thread] DEBUG Input                - Registered new binding: Up - W
11:37:19.417 [JavaFX Application Thread] DEBUG FXGLAssetLoaderServi - Loading from file system: jar:file:///C:/Users/rummel1391/.m2/repository/com/github/almasb/fxgl/17.3/fxgl-17.3.jar!/fxglassets/textures/fxgl_icon.png
11:37:19.420 [FXGL Background Thread 4 ] DEBUG FXGLAssetLoaderServi - Loading from file system: jar:file:///C:/Users/rummel1391/.m2/repository/com/github/almasb/fxgl/17.3/fxgl-17.3.jar!/fxglassets/ui/fonts/Abel-Regular.ttf
11:37:19.422 [FXGL Background Thread 4 ] DEBUG FXGLAssetLoaderServi - Loading from file system: jar:file:///C:/Users/rummel1391/.m2/repository/com/github/almasb/fxgl/17.3/fxgl-17.3.jar!/fxglassets/ui/fonts/TerminalLandMono-Regular.otf
11:37:19.425 [FXGL Background Thread 4 ] DEBUG FXGLAssetLoaderServi - Loading from file system: jar:file:///C:/Users/rummel1391/.m2/repository/com/github/almasb/fxgl/17.3/fxgl-17.3.jar!/fxglassets/ui/fonts/Courier-Prime.ttf
11:37:19.432 [JavaFX Application Thread] DEBUG FXGLAssetLoaderServi - Loading from file system: jar:file:///C:/Users/rummel1391/.m2/repository/com/github/almasb/fxgl/17.3/fxgl-17.3.jar!/fxglassets/textures/fxgl_default_cursor.png
11:37:19.434 [JavaFX Application Thread] DEBUG Input                - Registered new binding: Screenshot - CTRL+8
11:37:19.435 [JavaFX Application Thread] DEBUG Input                - Registered new binding: System info dump - CTRL+9
11:37:19.435 [JavaFX Application Thread] DEBUG Input                - Registered new binding: Restart - CTRL+R
11:37:19.436 [JavaFX Application Thread] DEBUG Input                - Registered new binding: Toggle Debug Camera - CTRL+7
11:37:19.438 [JavaFX Application Thread] DEBUG LoopRunner           - Starting loop
11:37:19.438 [JavaFX Application Thread] DEBUG LoopRunner           - Initializing JavaFX AnimationTimerLoop
11:37:19.439 [JavaFX Application Thread] DEBUG GameApplicationServi - Starting new game
11:37:19.440 [JavaFX Application Thread] DEBUG Input                - Clearing active input actions
11:37:19.448 [JavaFX Application Thread] DEBUG GameApplicationServi - Removing overlay from FXGLStartupScene and adding to FXGLLoadingScene
11:37:19.449 [JavaFX Application Thread] DEBUG PrimaryStageWindow   - FXGLStartupScene -> FXGLLoadingScene
11:37:19.449 [JavaFX Application Thread] DEBUG GameApplicationServi - Clearing previous game
11:37:19.449 [JavaFX Application Thread] DEBUG GameScene            - Clearing game scene
11:37:19.449 [JavaFX Application Thread] DEBUG GameWorld            - Clearing game world
11:37:19.449 [JavaFX Application Thread] DEBUG PhysicsWorld         - Clearing physics world
11:37:19.450 [JavaFX Application Thread] DEBUG FXGLApplication      - Registering font factories with UI factory
11:37:19.450 [FXGL Background Thread 4 ] DEBUG FXGLApplication      - Initializing game
11:37:19.513 [FXGL Background Thread 4 ] WARN  TMXLevelLoader       - TiledMap generated from 1.10.0. Supported version: 1.9.0. Some features may not be parsed fully.
11:37:19.528 [FXGL Background Thread 4 ] DEBUG TMXLevelLoader       - Parsed TiledMap: file:/D:/BaseDefenseFXGL-main/target/classes/assets/levels/tmx/td1.tmx
11:37:19.530 [FXGL Background Thread 4 ] DEBUG TMXLevelLoader       - Creating tile layer entities
11:37:19.531 [FXGL Background Thread 4 ] DEBUG TilesetLoader        - Loading view for layer Ground
11:37:19.535 [FXGL Background Thread 4 ] DEBUG TilesetLoader        - Created buffer with size 1600.0x896.0
11:37:19.727 [FXGL Background Thread 4 ] DEBUG TilesetLoader        - Loading view for layer Decor
11:37:19.727 [FXGL Background Thread 4 ] DEBUG TilesetLoader        - Created buffer with size 1600.0x896.0
11:37:19.728 [FXGL Background Thread 4 ] DEBUG TMXLevelLoader       - Creating object layer entities
11:37:19.766 [FXGL Background Thread 4 ] DEBUG GameWorld            - Clearing removable entities
11:37:19.767 [FXGL Background Thread 4 ] DEBUG GameWorld            - Setting level: com.almasb.fxgl.entity.level.Level@6bc9d42c
11:37:19.772 [FXGL Background Thread 4 ] DEBUG FXGLAssetLoaderServi - Loading JSON from: file:/D:/BaseDefenseFXGL-main/target/classes/assets/towers/tower1.json
11:37:19.992 [FXGL Background Thread 4 ] DEBUG FXGLAssetLoaderServi - Loading JSON from: file:/D:/BaseDefenseFXGL-main/target/classes/assets/towers/tower2.json
11:37:19.995 [FXGL Background Thread 4 ] DEBUG FXGLAssetLoaderServi - Loading JSON from: file:/D:/BaseDefenseFXGL-main/target/classes/assets/towers/tower3.json
11:37:19.998 [FXGL Background Thread 4 ] DEBUG FXGLAssetLoaderServi - Loading JSON from: file:/D:/BaseDefenseFXGL-main/target/classes/assets/towers/tower4.json
11:37:20.001 [FXGL Background Thread 4 ] DEBUG FXGLAssetLoaderServi - Loading JSON from: file:/D:/BaseDefenseFXGL-main/target/classes/assets/towers/tower5.json
11:37:20.004 [FXGL Background Thread 4 ] DEBUG FXGLAssetLoaderServi - Loading JSON from: file:/D:/BaseDefenseFXGL-main/target/classes/assets/towers/tower6.json
11:37:20.010 [FXGL Background Thread 4 ] DEBUG FXGLAssetLoaderServi - Loading from file system: file:/D:/BaseDefenseFXGL-main/target/classes/assets/textures/player.png
11:37:20.021 [FXGL Background Thread 4 ] INFO  FXGLApplication      - Game initialization took: 0.571 sec
11:37:20.033 [JavaFX Application Thread] DEBUG Input                - Clearing active input actions
11:37:20.045 [JavaFX Application Thread] DEBUG GameApplicationServi - Removing overlay from FXGLLoadingScene and adding to GameScene
11:37:20.045 [JavaFX Application Thread] DEBUG PrimaryStageWindow   - FXGLLoadingScene -> GameScene
11:37:22.374 [FXGL Background Thread 3 ] DEBUG Engine               - Logging environment variables
11:37:22.375 [FXGL Background Thread 3 ] DEBUG Engine               - achievements: []
11:37:22.375 [FXGL Background Thread 3 ] DEBUG Engine               - actualHeight: 896.0
11:37:22.375 [FXGL Background Thread 3 ] DEBUG Engine               - actualHeightProperty: ReadOnlyDoubleProperty [value: 896.0]
11:37:22.375 [FXGL Background Thread 3 ] DEBUG Engine               - actualWidth: 1600.0
11:37:22.375 [FXGL Background Thread 3 ] DEBUG Engine               - actualWidthProperty: ReadOnlyDoubleProperty [value: 1600.0]
11:37:22.375 [FXGL Background Thread 3 ] DEBUG Engine               - appIcon: fxgl_icon.png
11:37:22.375 [FXGL Background Thread 3 ] DEBUG Engine               - applicationMode: DEVELOPER
11:37:22.375 [FXGL Background Thread 3 ] DEBUG Engine               - cSSList: [fxgl_dark.css]
11:37:22.375 [FXGL Background Thread 3 ] DEBUG Engine               - collisionDetectionStrategy: BRUTE_FORCE
11:37:22.375 [FXGL Background Thread 3 ] DEBUG Engine               - configClass: Optional.empty
11:37:22.375 [FXGL Background Thread 3 ] DEBUG Engine               - credits: []
11:37:22.377 [FXGL Background Thread 3 ] DEBUG Engine               - defaultCursor: CursorInfo(imageName=fxgl_default_cursor.png, hotspotX=7.0, hotspotY=6.0)
11:37:22.377 [FXGL Background Thread 3 ] DEBUG Engine               - devBBoxColorProperty: ObjectProperty [value: 0xff0000ff]
11:37:22.377 [FXGL Background Thread 3 ] DEBUG Engine               - devEnableDebugCameraProperty: BooleanProperty [value: false]
11:37:22.377 [FXGL Background Thread 3 ] DEBUG Engine               - devSensorColorProperty: ObjectProperty [value: 0xffff00ff]
11:37:22.377 [FXGL Background Thread 3 ] DEBUG Engine               - devShowBBoxProperty: BooleanProperty [value: false]
11:37:22.377 [FXGL Background Thread 3 ] DEBUG Engine               - devShowPositionProperty: BooleanProperty [value: false]
11:37:22.377 [FXGL Background Thread 3 ] DEBUG Engine               - enabledMenuItems: []
11:37:22.377 [FXGL Background Thread 3 ] DEBUG Engine               - engineServices: [class com.almasb.fxgl.app.services.FXGLAssetLoaderService, class com.almasb.fxgl.app.FXGLApplication$GameApplicationService, class com.almasb.fxgl.app.services.FXGLDialogService, class com.almasb.fxgl.app.services.IOTaskExecutorService, class com.almasb.fxgl.io.FileSystemService, class com.almasb.fxgl.localization.LocalizationService, class com.almasb.fxgl.app.services.SystemBundleService, class com.almasb.fxgl.profile.SaveLoadService, class com.almasb.fxgl.ui.FXGLUIFactoryServiceProvider, class com.almasb.fxgl.ui.FXGLDialogFactoryServiceProvider, class com.almasb.fxgl.audio.AudioPlayer, class com.almasb.fxgl.notification.impl.NotificationServiceProvider, class com.almasb.fxgl.achievement.AchievementService, class com.almasb.fxgl.cutscene.CutsceneService, class com.almasb.fxgl.minigames.MiniGameService, class com.almasb.fxgl.net.NetService, class com.almasb.fxgl.app.services.UpdaterService, class com.almasb.fxgl.dev.DevService]
11:37:22.377 [FXGL Background Thread 3 ] DEBUG Engine               - fontGame: Abel-Regular.ttf
11:37:22.378 [FXGL Background Thread 3 ] DEBUG Engine               - fontMono: TerminalLandMono-Regular.otf
11:37:22.378 [FXGL Background Thread 3 ] DEBUG Engine               - fontSizeScaleUI: 1.0
11:37:22.378 [FXGL Background Thread 3 ] DEBUG Engine               - fontText: Courier-Prime.ttf
11:37:22.378 [FXGL Background Thread 3 ] DEBUG Engine               - fontUI: VarelaRound-Regular.ttf
11:37:22.378 [FXGL Background Thread 3 ] DEBUG Engine               - fullScreen: BooleanProperty [value: false]
11:37:22.378 [FXGL Background Thread 3 ] DEBUG Engine               - gameDifficulty: MEDIUM
11:37:22.378 [FXGL Background Thread 3 ] DEBUG Engine               - gameDifficultyProperty: ObjectProperty [value: MEDIUM]
11:37:22.378 [FXGL Background Thread 3 ] DEBUG Engine               - globalMusicVolume: 0.5
11:37:22.378 [FXGL Background Thread 3 ] DEBUG Engine               - globalMusicVolumeProperty: DoubleProperty [value: 0.5]
11:37:22.378 [FXGL Background Thread 3 ] DEBUG Engine               - globalSoundVolume: 0.5
11:37:22.378 [FXGL Background Thread 3 ] DEBUG Engine               - globalSoundVolumeProperty: DoubleProperty [value: 0.5]
11:37:22.378 [FXGL Background Thread 3 ] DEBUG Engine               - height: 896
11:37:22.379 [FXGL Background Thread 3 ] DEBUG Engine               - is3D: false
11:37:22.379 [FXGL Background Thread 3 ] DEBUG Engine               - isAndroid: false
11:37:22.379 [FXGL Background Thread 3 ] DEBUG Engine               - isBrowser: false
11:37:22.379 [FXGL Background Thread 3 ] DEBUG Engine               - isClickFeedbackEnabled: false
11:37:22.379 [FXGL Background Thread 3 ] DEBUG Engine               - isCloseConfirmation: false
11:37:22.379 [FXGL Background Thread 3 ] DEBUG Engine               - isDesktop: true
11:37:22.379 [FXGL Background Thread 3 ] DEBUG Engine               - isDeveloperMenuEnabled: false
11:37:22.379 [FXGL Background Thread 3 ] DEBUG Engine               - isEmbedded: false
11:37:22.379 [FXGL Background Thread 3 ] DEBUG Engine               - isEntityPreloadEnabled: true
11:37:22.379 [FXGL Background Thread 3 ] DEBUG Engine               - isExperimentalTiledLargeMap: false
11:37:22.379 [FXGL Background Thread 3 ] DEBUG Engine               - isFileSystemWriteAllowed: true
11:37:22.379 [FXGL Background Thread 3 ] DEBUG Engine               - isFullScreenAllowed: false
11:37:22.379 [FXGL Background Thread 3 ] DEBUG Engine               - isFullScreenFromStart: false
11:37:22.380 [FXGL Background Thread 3 ] DEBUG Engine               - isGameMenuEnabled: true
11:37:22.380 [FXGL Background Thread 3 ] DEBUG Engine               - isIOS: false
11:37:22.380 [FXGL Background Thread 3 ] DEBUG Engine               - isIntroEnabled: false
11:37:22.380 [FXGL Background Thread 3 ] DEBUG Engine               - isLinux: false
11:37:22.380 [FXGL Background Thread 3 ] DEBUG Engine               - isMac: false
11:37:22.380 [FXGL Background Thread 3 ] DEBUG Engine               - isMainMenuEnabled: false
11:37:22.380 [FXGL Background Thread 3 ] DEBUG Engine               - isManualResizeEnabled: false
11:37:22.380 [FXGL Background Thread 3 ] DEBUG Engine               - isMobile: false
11:37:22.380 [FXGL Background Thread 3 ] DEBUG Engine               - isNative: false
11:37:22.380 [FXGL Background Thread 3 ] DEBUG Engine               - isPauseMusicWhenMinimized: true
11:37:22.380 [FXGL Background Thread 3 ] DEBUG Engine               - isPreserveResizeRatio: false
11:37:22.380 [FXGL Background Thread 3 ] DEBUG Engine               - isProfilingEnabled: false
11:37:22.380 [FXGL Background Thread 3 ] DEBUG Engine               - isScaleAffectedOnResize: true
11:37:22.380 [FXGL Background Thread 3 ] DEBUG Engine               - isSingleStep: false
11:37:22.380 [FXGL Background Thread 3 ] DEBUG Engine               - isUserProfileEnabled: false
11:37:22.380 [FXGL Background Thread 3 ] DEBUG Engine               - isWindows: true
11:37:22.380 [FXGL Background Thread 3 ] DEBUG Engine               - language: ObjectProperty [value: ENGLISH]
11:37:22.380 [FXGL Background Thread 3 ] DEBUG Engine               - menuKey: ESCAPE
11:37:22.380 [FXGL Background Thread 3 ] DEBUG Engine               - mouseSensitivity: 0.2
11:37:22.380 [FXGL Background Thread 3 ] DEBUG Engine               - notificationViewClass: class com.almasb.fxgl.notification.view.XboxNotificationView
11:37:22.381 [FXGL Background Thread 3 ] DEBUG Engine               - pixelsPerMeter: 50.0
11:37:22.381 [FXGL Background Thread 3 ] DEBUG Engine               - platform: WINDOWS
11:37:22.381 [FXGL Background Thread 3 ] DEBUG Engine               - prefHeightProperty: ReadOnlyDoubleProperty [value: 896.0]
11:37:22.381 [FXGL Background Thread 3 ] DEBUG Engine               - prefWidthProperty: ReadOnlyDoubleProperty [value: 1600.0]
11:37:22.381 [FXGL Background Thread 3 ] DEBUG Engine               - profileDir: profiles/
11:37:22.381 [FXGL Background Thread 3 ] DEBUG Engine               - profileName: StringProperty [value: DEFAULT]
11:37:22.381 [FXGL Background Thread 3 ] DEBUG Engine               - randomSeed: -1
11:37:22.381 [FXGL Background Thread 3 ] DEBUG Engine               - runtimeInfo: RuntimeInfo(platform=WINDOWS, version=17.3, build=30.03.2023 11.49)
11:37:22.381 [FXGL Background Thread 3 ] DEBUG Engine               - saveFileExt: sav
11:37:22.381 [FXGL Background Thread 3 ] DEBUG Engine               - scaledHeightProp$fxgl: DoubleProperty [bound, value: 896.0]
11:37:22.381 [FXGL Background Thread 3 ] DEBUG Engine               - scaledWidthProp$fxgl: DoubleProperty [bound, value: 1600.0]
11:37:22.381 [FXGL Background Thread 3 ] DEBUG Engine               - sceneFactory: com.almasb.fxgl.app.scene.SceneFactory@2cc07c6a
11:37:22.381 [FXGL Background Thread 3 ] DEBUG Engine               - secondsIn24h: 60
11:37:22.381 [FXGL Background Thread 3 ] DEBUG Engine               - soundMenuBack: menu/back.wav
11:37:22.381 [FXGL Background Thread 3 ] DEBUG Engine               - soundMenuPress: menu/press.wav
11:37:22.382 [FXGL Background Thread 3 ] DEBUG Engine               - soundMenuSelect: menu/select.wav
11:37:22.382 [FXGL Background Thread 3 ] DEBUG Engine               - soundNotification: core/notification.wav
11:37:22.382 [FXGL Background Thread 3 ] DEBUG Engine               - stageStyle: DECORATED
11:37:22.382 [FXGL Background Thread 3 ] DEBUG Engine               - supportedLanguages: [ENGLISH, FRENCH, GERMAN, HUNGARIAN, RUSSIAN]
11:37:22.382 [FXGL Background Thread 3 ] DEBUG Engine               - ticksPerSecond: -1
11:37:22.382 [FXGL Background Thread 3 ] DEBUG Engine               - title: Zombs
11:37:22.382 [FXGL Background Thread 3 ] DEBUG Engine               - urlGithub: https://github.com/AlmasB/FXGL
11:37:22.382 [FXGL Background Thread 3 ] DEBUG Engine               - urlLeaderboard: http://fxgl-top.herokuapp.com/
11:37:22.382 [FXGL Background Thread 3 ] DEBUG Engine               - urlPOM: https://raw.githubusercontent.com/AlmasB/FXGL/release/README.md
11:37:22.382 [FXGL Background Thread 3 ] DEBUG Engine               - userAppClass: class com.csafinal.basedefense.DropApp
11:37:22.382 [FXGL Background Thread 3 ] DEBUG Engine               - version: 1.0
11:37:22.382 [FXGL Background Thread 3 ] DEBUG Engine               - versionCheckDays: 7
11:37:22.382 [FXGL Background Thread 3 ] DEBUG Engine               - width: 1600
11:37:22.382 [FXGL Background Thread 3 ] DEBUG Engine               - Logging services
11:37:22.382 [FXGL Background Thread 3 ] DEBUG Engine               - class com.almasb.fxgl.app.services.FXGLAssetLoaderService
11:37:22.382 [FXGL Background Thread 3 ] DEBUG Engine               - class com.almasb.fxgl.app.FXGLApplication$GameApplicationService
11:37:22.382 [FXGL Background Thread 3 ] DEBUG Engine               - class com.almasb.fxgl.app.services.FXGLDialogService
11:37:22.382 [FXGL Background Thread 3 ] DEBUG Engine               - class com.almasb.fxgl.app.services.IOTaskExecutorService
11:37:22.382 [FXGL Background Thread 3 ] DEBUG Engine               - class com.almasb.fxgl.io.FileSystemService
11:37:22.382 [FXGL Background Thread 3 ] DEBUG Engine               - class com.almasb.fxgl.localization.LocalizationService
11:37:22.382 [FXGL Background Thread 3 ] DEBUG Engine               - class com.almasb.fxgl.app.services.SystemBundleService
11:37:22.382 [FXGL Background Thread 3 ] DEBUG Engine               - class com.almasb.fxgl.profile.SaveLoadService
11:37:22.382 [FXGL Background Thread 3 ] DEBUG Engine               - class com.almasb.fxgl.ui.FXGLUIFactoryServiceProvider
11:37:22.383 [FXGL Background Thread 3 ] DEBUG Engine               - class com.almasb.fxgl.ui.FXGLDialogFactoryServiceProvider
11:37:22.383 [FXGL Background Thread 3 ] DEBUG Engine               - class com.almasb.fxgl.audio.AudioPlayer
11:37:22.383 [FXGL Background Thread 3 ] DEBUG Engine               - class com.almasb.fxgl.notification.impl.NotificationServiceProvider
11:37:22.383 [FXGL Background Thread 3 ] DEBUG Engine               - class com.almasb.fxgl.achievement.AchievementService
11:37:22.383 [FXGL Background Thread 3 ] DEBUG Engine               - class com.almasb.fxgl.cutscene.CutsceneService
11:37:22.383 [FXGL Background Thread 3 ] DEBUG Engine               - class com.almasb.fxgl.minigames.MiniGameService
11:37:22.383 [FXGL Background Thread 3 ] DEBUG Engine               - class com.almasb.fxgl.net.NetService
11:37:22.383 [FXGL Background Thread 3 ] DEBUG Engine               - class com.almasb.fxgl.app.services.UpdaterService
11:37:22.383 [FXGL Background Thread 3 ] DEBUG Engine               - class com.almasb.fxgl.dev.DevService
11:37:22.969 [JavaFX Application Thread] DEBUG FXGLAssetLoaderServi - Loading from file system: file:/D:/BaseDefenseFXGL-main/target/classes/assets/textures/enemies/enemy1.png
11:37:24.966 [JavaFX Application Thread] DEBUG FXGLAssetLoaderServi - Loading from file system: file:/D:/BaseDefenseFXGL-main/target/classes/assets/textures/towers/tower1.png
11:37:26.488 [JavaFX Application Thread] DEBUG FXGLAssetLoaderServi - Loading from file system: file:/D:/BaseDefenseFXGL-main/target/classes/assets/textures/projectile.png
11:37:33.703 [JavaFX Application Thread] DEBUG FXGLApplication      - Exiting FXGL
11:37:33.703 [JavaFX Application Thread] DEBUG LoopRunner           - Stopping loop
11:37:33.703 [JavaFX Application Thread] DEBUG SystemBundleService  - Saving FXGL system data
11:37:33.723 [JavaFX Application Thread] DEBUG FileSystemAccess     - Writing to: D:\BaseDefenseFXGL-main\system\fxgl.bundle
11:37:33.750 [JavaFX Application Thread] DEBUG Async                - Shutting down background threads
11:37:33.751 [JavaFX Application Thread] DEBUG PrimaryStageWindow   - Closing main window
11:37:33.760 [JavaFX Application Thread] DEBUG Logger               - Closing Logger
