23:24:43.064 [main                     ] DEBUG Logger               - Configured Logger
23:24:43.160 [main                     ] DEBUG GameApplication      - Logging settings
Title: Zombs
Version: 1.0
Width: 1600
Height: 896
Fullscreen: false
Intro: false
Profiling: false
Single step:false
App Mode: DEVELOPER
Menu Key: ESCAPE
Stage Style: DECORATED
Scene Factory: class com.almasb.fxgl.app.scene.SceneFactory

23:24:44.530 [JavaFX Application Thread] DEBUG FXGLApplication      - Initializing FXGL
23:24:44.546 [JavaFX Application Thread] INFO  Engine               - FXGL-17.3 (30.03.2023 11.49) on MAC (J:20 FX:20)
23:24:44.549 [JavaFX Application Thread] DEBUG Engine               - JRE Vendor Name: Oracle Corporation
23:24:44.549 [JavaFX Application Thread] DEBUG Engine               - Running on OS: Mac OS X version 13.3.1
23:24:44.550 [JavaFX Application Thread] DEBUG Engine               - Architecture: x86_64
23:24:44.550 [JavaFX Application Thread] INFO  Engine               - Source code and latest versions at: https://github.com/AlmasB/FXGL
23:24:44.550 [JavaFX Application Thread] INFO  Engine               -       Ask questions and discuss at: https://github.com/AlmasB/FXGL/discussions
23:24:44.551 [JavaFX Application Thread] INFO  Engine               -              Join the FXGL chat at: https://gitter.im/AlmasB/FXGL
23:24:44.717 [JavaFX Application Thread] DEBUG PrimaryStageWindow   - Creating a JavaFX scene
23:24:44.717 [JavaFX Application Thread] DEBUG PrimaryStageWindow   - Target size > screen size
23:24:44.829 [JavaFX Application Thread] DEBUG PrimaryStageWindow   - Target settings size: 1600.0 x 896.0
23:24:44.830 [JavaFX Application Thread] DEBUG PrimaryStageWindow   - Scaled scene size:    1415.0 x 806.0
23:24:44.830 [JavaFX Application Thread] DEBUG PrimaryStageWindow   - Scaled ratio: (0.884375, 0.8995535714285714)
23:24:44.832 [JavaFX Application Thread] DEBUG PrimaryStageWindow   - Set initial scene to FXGLStartupScene
23:24:44.836 [JavaFX Application Thread] DEBUG PrimaryStageWindow   - Opening main window
23:24:45.060 [JavaFX Application Thread] DEBUG PrimaryStageWindow   - Window border size: (0.0, 28.0)
23:24:45.061 [JavaFX Application Thread] DEBUG PrimaryStageWindow   - Scaled size: 1415.0 x 806.0
23:24:45.062 [JavaFX Application Thread] DEBUG PrimaryStageWindow   - Scaled ratio: (0.884375, 0.8995535714285714)
23:24:45.062 [JavaFX Application Thread] DEBUG PrimaryStageWindow   - Scene size: 1415.0 x 806.0
23:24:45.063 [JavaFX Application Thread] DEBUG PrimaryStageWindow   - Stage size: 1415.0 x 834.0
23:24:45.080 [FXGL Background Thread 1 ] DEBUG Engine               - Initializing environment variables
23:24:45.543 [FXGL Background Thread 1 ] DEBUG FXGLAssetLoaderServi - User app class for loading assets: class com.csafinal.basedefense.DropApp
23:24:45.545 [FXGL Background Thread 1 ] DEBUG GameApplicationServi - Applying CSS: fxgl_dark.css
23:24:45.549 [FXGL Background Thread 1 ] DEBUG FXGLAssetLoaderServi - Loading from file system: jar:file:///Users/ayushkumarrai/.m2/repository/com/github/almasb/fxgl/17.3/fxgl-17.3.jar!/fxglassets/ui/css/fxgl_dark.css
23:24:45.779 [FXGL Background Thread 1 ] DEBUG GameApplicationServi - Initializing application scenes
23:24:46.137 [FXGL Background Thread 1 ] DEBUG GameWorld            - Game world initialized
23:24:46.226 [FXGL Background Thread 1 ] DEBUG PhysicsWorld         - Physics world initialized: appHeight=896, physics.ppm=50.0
23:24:46.231 [FXGL Background Thread 1 ] DEBUG PhysicsWorld         - Using strategy: BRUTE_FORCE
23:24:46.251 [FXGL Background Thread 1 ] DEBUG GameScene            - Game scene initialized: 1600x896
23:24:46.277 [FXGL Background Thread 1 ] DEBUG FXGL.DefaultMenu     - createMenuBodyGameMenu()
23:24:46.300 [FXGL Background Thread 1 ] DEBUG FXGL.DefaultMenu     - createOptionsMenu()
23:24:46.324 [FXGL Background Thread 1 ] DEBUG FXGLAssetLoaderServi - Loading from file system: jar:file:///Users/ayushkumarrai/.m2/repository/com/github/almasb/fxgl/17.3/fxgl-17.3.jar!/fxglassets/textures/particles/smoke.png
23:24:46.550 [FXGL Background Thread 1 ] DEBUG FXGLAssetLoaderServi - Loading from file system: jar:file:///Users/ayushkumarrai/.m2/repository/com/github/almasb/fxgl/17.3/fxgl-17.3.jar!/fxglassets/textures/particles/trace_horizontal.png
23:24:46.599 [FXGL Background Thread 1 ] DEBUG GameApplicationServi - Application scenes initialized
23:24:46.632 [FXGL Background Thread 1 ] DEBUG SystemBundleService  - Loading FXGL system data
23:24:46.647 [FXGL Background Thread 1 ] DEBUG FileSystemAccess     - Reading from: /Volumes/AYUSH DRIVE/School 2022-23/M359 AP CS Java A/BaseDefense2/system/fxgl.bundle
23:24:46.677 [FXGL Background Thread 1 ] DEBUG SystemBundleService  - Bundle FXGL: {}
23:24:46.677 [FXGL Background Thread 1 ] DEBUG UpdaterService       - Checking for updates
23:24:46.688 [FXGL Background Thread 4 ] DEBUG FXGLApplication      - Loading fonts
23:24:46.690 [FXGL Background Thread 4 ] DEBUG FXGLAssetLoaderServi - Loading from file system: jar:file:///Users/ayushkumarrai/.m2/repository/com/github/almasb/fxgl/17.3/fxgl-17.3.jar!/fxglassets/ui/fonts/VarelaRound-Regular.ttf
23:24:46.694 [FXGL Background Thread 1 ] DEBUG FXGLApplication      - Loading default localization
23:24:46.695 [FXGL Background Thread 1 ] DEBUG FXGLAssetLoaderServi - Loading from file system: jar:file:///Users/ayushkumarrai/.m2/repository/com/github/almasb/fxgl/17.3/fxgl-17.3.jar!/fxglassets/languages/english.lang
23:24:46.731 [FXGL Background Thread 1 ] INFO  FXGLApplication      - FXGL initialization took: 1.648 sec
23:24:46.737 [FXGL Background Thread 4 ] DEBUG FXGLAssetLoaderServi - Loading from file system: jar:file:///Users/ayushkumarrai/.m2/repository/com/github/almasb/fxgl/17.3/fxgl-17.3.jar!/fxglassets/ui/fonts/Abel-Regular.ttf
23:24:46.740 [FXGL Background Thread 4 ] DEBUG FXGLAssetLoaderServi - Loading from file system: jar:file:///Users/ayushkumarrai/.m2/repository/com/github/almasb/fxgl/17.3/fxgl-17.3.jar!/fxglassets/ui/fonts/TerminalLandMono-Regular.otf
23:24:46.742 [JavaFX Application Thread] DEBUG Input                - Registered new binding: Left - A
23:24:46.743 [JavaFX Application Thread] DEBUG Input                - Registered new binding: Right - D
23:24:46.745 [JavaFX Application Thread] DEBUG Input                - Registered new binding: Down - S
23:24:46.745 [JavaFX Application Thread] DEBUG Input                - Registered new binding: Up - W
23:24:46.745 [JavaFX Application Thread] DEBUG Input                - Registered new binding: info - I
23:24:46.745 [JavaFX Application Thread] DEBUG Input                - Registered new binding: Revive - R
23:24:46.746 [JavaFX Application Thread] DEBUG FXGLAssetLoaderServi - Loading from file system: jar:file:///Users/ayushkumarrai/.m2/repository/com/github/almasb/fxgl/17.3/fxgl-17.3.jar!/fxglassets/textures/fxgl_icon.png
23:24:46.753 [FXGL Background Thread 4 ] DEBUG FXGLAssetLoaderServi - Loading from file system: jar:file:///Users/ayushkumarrai/.m2/repository/com/github/almasb/fxgl/17.3/fxgl-17.3.jar!/fxglassets/ui/fonts/Courier-Prime.ttf
23:24:46.806 [JavaFX Application Thread] DEBUG FXGLAssetLoaderServi - Loading from file system: jar:file:///Users/ayushkumarrai/.m2/repository/com/github/almasb/fxgl/17.3/fxgl-17.3.jar!/fxglassets/textures/fxgl_default_cursor.png
23:24:46.814 [JavaFX Application Thread] DEBUG Input                - Registered new binding: Screenshot - CTRL+8
23:24:46.815 [JavaFX Application Thread] DEBUG Input                - Registered new binding: System info dump - CTRL+9
23:24:46.815 [JavaFX Application Thread] DEBUG Input                - Registered new binding: Restart - CTRL+R
23:24:46.816 [JavaFX Application Thread] DEBUG Input                - Registered new binding: Toggle Debug Camera - CTRL+7
23:24:46.820 [JavaFX Application Thread] DEBUG LoopRunner           - Starting loop
23:24:46.821 [JavaFX Application Thread] DEBUG LoopRunner           - Initializing JavaFX AnimationTimerLoop
23:24:46.822 [JavaFX Application Thread] DEBUG GameApplicationServi - Starting new game
23:24:46.824 [JavaFX Application Thread] DEBUG Input                - Clearing active input actions
23:24:46.880 [JavaFX Application Thread] DEBUG GameApplicationServi - Removing overlay from FXGLStartupScene and adding to FXGLLoadingScene
23:24:46.884 [JavaFX Application Thread] DEBUG PrimaryStageWindow   - FXGLStartupScene -> FXGLLoadingScene
23:24:46.884 [JavaFX Application Thread] DEBUG GameApplicationServi - Clearing previous game
23:24:46.884 [JavaFX Application Thread] DEBUG GameScene            - Clearing game scene
23:24:46.884 [JavaFX Application Thread] DEBUG GameWorld            - Clearing game world
23:24:46.884 [JavaFX Application Thread] DEBUG PhysicsWorld         - Clearing physics world
23:24:46.887 [FXGL Background Thread 4 ] DEBUG FXGLApplication      - Initializing game
23:24:47.042 [FXGL Background Thread 4 ] WARN  TMXLevelLoader       - TiledMap generated from 1.10.0. Supported version: 1.9.0. Some features may not be parsed fully.
23:24:47.051 [JavaFX Application Thread] DEBUG FXGLApplication      - Registering font factories with UI factory
23:24:47.353 [FXGL Background Thread 4 ] DEBUG TMXLevelLoader       - Parsed TiledMap: file:/Volumes/AYUSH%20DRIVE/School%202022-23/M359%20AP%20CS%20Java%20A/BaseDefense2/target/classes/assets/levels/tmx/td1.tmx
23:24:47.436 [FXGL Background Thread 4 ] DEBUG TMXLevelLoader       - Creating tile layer entities
23:24:47.476 [FXGL Background Thread 4 ] DEBUG TilesetLoader        - Loading view for layer Ground
23:24:47.489 [FXGL Background Thread 4 ] DEBUG TilesetLoader        - Created buffer with size 1600.0x896.0
23:24:48.039 [FXGL Background Thread 4 ] DEBUG TilesetLoader        - Loading view for layer Decor
23:24:48.090 [FXGL Background Thread 4 ] DEBUG TilesetLoader        - Created buffer with size 1600.0x896.0
23:24:48.182 [FXGL Background Thread 4 ] DEBUG TMXLevelLoader       - Creating object layer entities
23:24:48.569 [FXGL Background Thread 4 ] DEBUG GameWorld            - Clearing removable entities
23:24:48.573 [FXGL Background Thread 4 ] DEBUG GameWorld            - Setting level: com.almasb.fxgl.entity.level.Level@3b3cab01
23:24:48.600 [FXGL Background Thread 4 ] DEBUG FXGLAssetLoaderServi - Loading JSON from: file:/Volumes/AYUSH%20DRIVE/School%202022-23/M359%20AP%20CS%20Java%20A/BaseDefense2/target/classes/assets/towers/tower1.json
23:24:49.018 [FXGL Background Thread 4 ] DEBUG FXGLAssetLoaderServi - Loading JSON from: file:/Volumes/AYUSH%20DRIVE/School%202022-23/M359%20AP%20CS%20Java%20A/BaseDefense2/target/classes/assets/towers/tower2.json
23:24:49.036 [FXGL Background Thread 4 ] DEBUG FXGLAssetLoaderServi - Loading JSON from: file:/Volumes/AYUSH%20DRIVE/School%202022-23/M359%20AP%20CS%20Java%20A/BaseDefense2/target/classes/assets/towers/tower3.json
23:24:49.056 [FXGL Background Thread 4 ] DEBUG FXGLAssetLoaderServi - Loading JSON from: file:/Volumes/AYUSH%20DRIVE/School%202022-23/M359%20AP%20CS%20Java%20A/BaseDefense2/target/classes/assets/towers/tower4.json
23:24:49.075 [FXGL Background Thread 4 ] DEBUG FXGLAssetLoaderServi - Loading JSON from: file:/Volumes/AYUSH%20DRIVE/School%202022-23/M359%20AP%20CS%20Java%20A/BaseDefense2/target/classes/assets/towers/tower5.json
23:24:49.090 [FXGL Background Thread 4 ] DEBUG FXGLAssetLoaderServi - Loading JSON from: file:/Volumes/AYUSH%20DRIVE/School%202022-23/M359%20AP%20CS%20Java%20A/BaseDefense2/target/classes/assets/towers/tower6.json
23:24:49.103 [FXGL Background Thread 4 ] DEBUG FXGLAssetLoaderServi - Loading JSON from: file:/Volumes/AYUSH%20DRIVE/School%202022-23/M359%20AP%20CS%20Java%20A/BaseDefense2/target/classes/assets/playerTypes/player1.json
23:24:49.180 [FXGL Background Thread 4 ] DEBUG FXGLAssetLoaderServi - Loading from file system: file:/Volumes/AYUSH%20DRIVE/School%202022-23/M359%20AP%20CS%20Java%20A/BaseDefense2/target/classes/assets/textures/player.png
23:24:49.225 [FXGL Background Thread 4 ] DEBUG FXGLAssetLoaderServi - Loading JSON from: file:/Volumes/AYUSH%20DRIVE/School%202022-23/M359%20AP%20CS%20Java%20A/BaseDefense2/target/classes/assets/enemies/enemy1.json
23:24:49.254 [FXGL Background Thread 4 ] INFO  FXGLApplication      - Game initialization took: 2.367 sec
23:24:49.255 [JavaFX Application Thread] DEBUG Input                - Clearing active input actions
23:24:49.358 [JavaFX Application Thread] DEBUG GameApplicationServi - Removing overlay from FXGLLoadingScene and adding to GameScene
23:24:49.378 [JavaFX Application Thread] DEBUG PrimaryStageWindow   - FXGLLoadingScene -> GameScene
23:24:49.695 [FXGL Background Thread 3 ] DEBUG Engine               - Logging environment variables
23:24:49.748 [FXGL Background Thread 3 ] DEBUG Engine               - achievements: []
23:24:49.758 [FXGL Background Thread 3 ] DEBUG Engine               - actualHeight: 806.0
23:24:49.758 [FXGL Background Thread 3 ] DEBUG Engine               - actualHeightProperty: ReadOnlyDoubleProperty [value: 806.0]
23:24:49.758 [FXGL Background Thread 3 ] DEBUG Engine               - actualWidth: 1415.0
23:24:49.758 [FXGL Background Thread 3 ] DEBUG Engine               - actualWidthProperty: ReadOnlyDoubleProperty [value: 1415.0]
23:24:49.758 [FXGL Background Thread 3 ] DEBUG Engine               - appIcon: fxgl_icon.png
23:24:49.758 [FXGL Background Thread 3 ] DEBUG Engine               - applicationMode: DEVELOPER
23:24:49.759 [FXGL Background Thread 3 ] DEBUG Engine               - cSSList: [fxgl_dark.css]
23:24:49.759 [FXGL Background Thread 3 ] DEBUG Engine               - collisionDetectionStrategy: BRUTE_FORCE
23:24:49.759 [FXGL Background Thread 3 ] DEBUG Engine               - configClass: Optional.empty
23:24:49.759 [FXGL Background Thread 3 ] DEBUG Engine               - credits: []
23:24:49.770 [FXGL Background Thread 3 ] DEBUG Engine               - defaultCursor: CursorInfo(imageName=fxgl_default_cursor.png, hotspotX=7.0, hotspotY=6.0)
23:24:49.772 [FXGL Background Thread 3 ] DEBUG Engine               - devBBoxColorProperty: ObjectProperty [value: 0xff0000ff]
23:24:49.772 [FXGL Background Thread 3 ] DEBUG Engine               - devEnableDebugCameraProperty: BooleanProperty [value: false]
23:24:49.772 [FXGL Background Thread 3 ] DEBUG Engine               - devSensorColorProperty: ObjectProperty [value: 0xffff00ff]
23:24:49.773 [FXGL Background Thread 3 ] DEBUG Engine               - devShowBBoxProperty: BooleanProperty [value: false]
23:24:49.773 [FXGL Background Thread 3 ] DEBUG Engine               - devShowPositionProperty: BooleanProperty [value: false]
23:24:49.773 [FXGL Background Thread 3 ] DEBUG Engine               - enabledMenuItems: []
23:24:49.773 [FXGL Background Thread 3 ] DEBUG Engine               - engineServices: [class com.almasb.fxgl.app.services.FXGLAssetLoaderService, class com.almasb.fxgl.app.FXGLApplication$GameApplicationService, class com.almasb.fxgl.app.services.FXGLDialogService, class com.almasb.fxgl.app.services.IOTaskExecutorService, class com.almasb.fxgl.io.FileSystemService, class com.almasb.fxgl.localization.LocalizationService, class com.almasb.fxgl.app.services.SystemBundleService, class com.almasb.fxgl.profile.SaveLoadService, class com.almasb.fxgl.ui.FXGLUIFactoryServiceProvider, class com.almasb.fxgl.ui.FXGLDialogFactoryServiceProvider, class com.almasb.fxgl.audio.AudioPlayer, class com.almasb.fxgl.notification.impl.NotificationServiceProvider, class com.almasb.fxgl.achievement.AchievementService, class com.almasb.fxgl.cutscene.CutsceneService, class com.almasb.fxgl.minigames.MiniGameService, class com.almasb.fxgl.net.NetService, class com.almasb.fxgl.app.services.UpdaterService, class com.almasb.fxgl.dev.DevService]
23:24:49.773 [FXGL Background Thread 3 ] DEBUG Engine               - fontGame: Abel-Regular.ttf
23:24:49.773 [FXGL Background Thread 3 ] DEBUG Engine               - fontMono: TerminalLandMono-Regular.otf
23:24:49.773 [FXGL Background Thread 3 ] DEBUG Engine               - fontSizeScaleUI: 1.0
23:24:49.773 [FXGL Background Thread 3 ] DEBUG Engine               - fontText: Courier-Prime.ttf
23:24:49.773 [FXGL Background Thread 3 ] DEBUG Engine               - fontUI: VarelaRound-Regular.ttf
23:24:49.773 [FXGL Background Thread 3 ] DEBUG Engine               - fullScreen: BooleanProperty [value: false]
23:24:49.775 [FXGL Background Thread 3 ] DEBUG Engine               - gameDifficulty: MEDIUM
23:24:49.775 [FXGL Background Thread 3 ] DEBUG Engine               - gameDifficultyProperty: ObjectProperty [value: MEDIUM]
23:24:49.775 [FXGL Background Thread 3 ] DEBUG Engine               - globalMusicVolume: 0.5
23:24:49.775 [FXGL Background Thread 3 ] DEBUG Engine               - globalMusicVolumeProperty: DoubleProperty [value: 0.5]
23:24:49.776 [FXGL Background Thread 3 ] DEBUG Engine               - globalSoundVolume: 0.5
23:24:49.776 [FXGL Background Thread 3 ] DEBUG Engine               - globalSoundVolumeProperty: DoubleProperty [value: 0.5]
23:24:49.777 [FXGL Background Thread 3 ] DEBUG Engine               - height: 896
23:24:49.777 [FXGL Background Thread 3 ] DEBUG Engine               - is3D: false
23:24:49.778 [FXGL Background Thread 3 ] DEBUG Engine               - isAndroid: false
23:24:49.778 [FXGL Background Thread 3 ] DEBUG Engine               - isBrowser: false
23:24:49.778 [FXGL Background Thread 3 ] DEBUG Engine               - isClickFeedbackEnabled: false
23:24:49.778 [FXGL Background Thread 3 ] DEBUG Engine               - isCloseConfirmation: false
23:24:49.778 [FXGL Background Thread 3 ] DEBUG Engine               - isDesktop: true
23:24:49.778 [FXGL Background Thread 3 ] DEBUG Engine               - isDeveloperMenuEnabled: false
23:24:49.778 [FXGL Background Thread 3 ] DEBUG Engine               - isEmbedded: false
23:24:49.778 [FXGL Background Thread 3 ] DEBUG Engine               - isEntityPreloadEnabled: true
23:24:49.778 [FXGL Background Thread 3 ] DEBUG Engine               - isExperimentalTiledLargeMap: false
23:24:49.778 [FXGL Background Thread 3 ] DEBUG Engine               - isFileSystemWriteAllowed: true
23:24:49.778 [FXGL Background Thread 3 ] DEBUG Engine               - isFullScreenAllowed: false
23:24:49.778 [FXGL Background Thread 3 ] DEBUG Engine               - isFullScreenFromStart: false
23:24:49.779 [FXGL Background Thread 3 ] DEBUG Engine               - isGameMenuEnabled: true
23:24:49.779 [FXGL Background Thread 3 ] DEBUG Engine               - isIOS: false
23:24:49.779 [FXGL Background Thread 3 ] DEBUG Engine               - isIntroEnabled: false
23:24:49.779 [FXGL Background Thread 3 ] DEBUG Engine               - isLinux: false
23:24:49.779 [FXGL Background Thread 3 ] DEBUG Engine               - isMac: true
23:24:49.779 [FXGL Background Thread 3 ] DEBUG Engine               - isMainMenuEnabled: false
23:24:49.779 [FXGL Background Thread 3 ] DEBUG Engine               - isManualResizeEnabled: false
23:24:49.779 [FXGL Background Thread 3 ] DEBUG Engine               - isMobile: false
23:24:49.779 [FXGL Background Thread 3 ] DEBUG Engine               - isNative: false
23:24:49.779 [FXGL Background Thread 3 ] DEBUG Engine               - isPauseMusicWhenMinimized: true
23:24:49.779 [FXGL Background Thread 3 ] DEBUG Engine               - isPreserveResizeRatio: false
23:24:49.779 [FXGL Background Thread 3 ] DEBUG Engine               - isProfilingEnabled: false
23:24:49.779 [FXGL Background Thread 3 ] DEBUG Engine               - isScaleAffectedOnResize: true
23:24:49.779 [FXGL Background Thread 3 ] DEBUG Engine               - isSingleStep: false
23:24:49.779 [FXGL Background Thread 3 ] DEBUG Engine               - isUserProfileEnabled: false
23:24:49.779 [FXGL Background Thread 3 ] DEBUG Engine               - isWindows: false
23:24:49.779 [FXGL Background Thread 3 ] DEBUG Engine               - language: ObjectProperty [value: ENGLISH]
23:24:49.779 [FXGL Background Thread 3 ] DEBUG Engine               - menuKey: ESCAPE
23:24:49.779 [FXGL Background Thread 3 ] DEBUG Engine               - mouseSensitivity: 0.2
23:24:49.779 [FXGL Background Thread 3 ] DEBUG Engine               - notificationViewClass: class com.almasb.fxgl.notification.view.XboxNotificationView
23:24:49.780 [FXGL Background Thread 3 ] DEBUG Engine               - pixelsPerMeter: 50.0
23:24:49.780 [FXGL Background Thread 3 ] DEBUG Engine               - platform: MAC
23:24:49.780 [FXGL Background Thread 3 ] DEBUG Engine               - prefHeightProperty: ReadOnlyDoubleProperty [value: 896.0]
23:24:49.780 [FXGL Background Thread 3 ] DEBUG Engine               - prefWidthProperty: ReadOnlyDoubleProperty [value: 1600.0]
23:24:49.780 [FXGL Background Thread 3 ] DEBUG Engine               - profileDir: profiles/
23:24:49.780 [FXGL Background Thread 3 ] DEBUG Engine               - profileName: StringProperty [value: DEFAULT]
23:24:49.780 [FXGL Background Thread 3 ] DEBUG Engine               - randomSeed: -1
23:24:49.782 [FXGL Background Thread 3 ] DEBUG Engine               - runtimeInfo: RuntimeInfo(platform=MAC, version=17.3, build=30.03.2023 11.49)
23:24:49.787 [FXGL Background Thread 3 ] DEBUG Engine               - saveFileExt: sav
23:24:49.789 [FXGL Background Thread 3 ] DEBUG Engine               - scaledHeightProp$fxgl: DoubleProperty [bound, value: 806.0]
23:24:49.789 [FXGL Background Thread 3 ] DEBUG Engine               - scaledWidthProp$fxgl: DoubleProperty [bound, value: 1415.0]
23:24:49.789 [FXGL Background Thread 3 ] DEBUG Engine               - sceneFactory: com.almasb.fxgl.app.scene.SceneFactory@3ad0a19e
23:24:49.789 [FXGL Background Thread 3 ] DEBUG Engine               - secondsIn24h: 60
23:24:49.789 [FXGL Background Thread 3 ] DEBUG Engine               - soundMenuBack: menu/back.wav
23:24:49.789 [FXGL Background Thread 3 ] DEBUG Engine               - soundMenuPress: menu/press.wav
23:24:49.789 [FXGL Background Thread 3 ] DEBUG Engine               - soundMenuSelect: menu/select.wav
23:24:49.790 [FXGL Background Thread 3 ] DEBUG Engine               - soundNotification: core/notification.wav
23:24:49.791 [FXGL Background Thread 3 ] DEBUG Engine               - stageStyle: DECORATED
23:24:49.794 [FXGL Background Thread 3 ] DEBUG Engine               - supportedLanguages: [ENGLISH, FRENCH, GERMAN, HUNGARIAN, RUSSIAN]
23:24:49.794 [FXGL Background Thread 3 ] DEBUG Engine               - ticksPerSecond: -1
23:24:49.795 [FXGL Background Thread 3 ] DEBUG Engine               - title: Zombs
23:24:49.795 [FXGL Background Thread 3 ] DEBUG Engine               - urlGithub: https://github.com/AlmasB/FXGL
23:24:49.795 [FXGL Background Thread 3 ] DEBUG Engine               - urlLeaderboard: http://fxgl-top.herokuapp.com/
23:24:49.795 [FXGL Background Thread 3 ] DEBUG Engine               - urlPOM: https://raw.githubusercontent.com/AlmasB/FXGL/release/README.md
23:24:49.795 [FXGL Background Thread 3 ] DEBUG Engine               - userAppClass: class com.csafinal.basedefense.DropApp
23:24:49.795 [FXGL Background Thread 3 ] DEBUG Engine               - version: 1.0
23:24:49.795 [FXGL Background Thread 3 ] DEBUG Engine               - versionCheckDays: 7
23:24:49.795 [FXGL Background Thread 3 ] DEBUG Engine               - width: 1600
23:24:49.795 [FXGL Background Thread 3 ] DEBUG Engine               - Logging services
23:24:49.795 [FXGL Background Thread 3 ] DEBUG Engine               - class com.almasb.fxgl.app.services.FXGLAssetLoaderService
23:24:49.795 [FXGL Background Thread 3 ] DEBUG Engine               - class com.almasb.fxgl.app.FXGLApplication$GameApplicationService
23:24:49.795 [FXGL Background Thread 3 ] DEBUG Engine               - class com.almasb.fxgl.app.services.FXGLDialogService
23:24:49.795 [FXGL Background Thread 3 ] DEBUG Engine               - class com.almasb.fxgl.app.services.IOTaskExecutorService
23:24:49.795 [FXGL Background Thread 3 ] DEBUG Engine               - class com.almasb.fxgl.io.FileSystemService
23:24:49.795 [FXGL Background Thread 3 ] DEBUG Engine               - class com.almasb.fxgl.localization.LocalizationService
23:24:49.795 [FXGL Background Thread 3 ] DEBUG Engine               - class com.almasb.fxgl.app.services.SystemBundleService
23:24:49.795 [FXGL Background Thread 3 ] DEBUG Engine               - class com.almasb.fxgl.profile.SaveLoadService
23:24:49.796 [FXGL Background Thread 3 ] DEBUG Engine               - class com.almasb.fxgl.ui.FXGLUIFactoryServiceProvider
23:24:49.796 [FXGL Background Thread 3 ] DEBUG Engine               - class com.almasb.fxgl.ui.FXGLDialogFactoryServiceProvider
23:24:49.796 [FXGL Background Thread 3 ] DEBUG Engine               - class com.almasb.fxgl.audio.AudioPlayer
23:24:49.796 [FXGL Background Thread 3 ] DEBUG Engine               - class com.almasb.fxgl.notification.impl.NotificationServiceProvider
23:24:49.796 [FXGL Background Thread 3 ] DEBUG Engine               - class com.almasb.fxgl.achievement.AchievementService
23:24:49.797 [FXGL Background Thread 3 ] DEBUG Engine               - class com.almasb.fxgl.cutscene.CutsceneService
23:24:49.797 [FXGL Background Thread 3 ] DEBUG Engine               - class com.almasb.fxgl.minigames.MiniGameService
23:24:49.797 [FXGL Background Thread 3 ] DEBUG Engine               - class com.almasb.fxgl.net.NetService
23:24:49.797 [FXGL Background Thread 3 ] DEBUG Engine               - class com.almasb.fxgl.app.services.UpdaterService
23:24:49.797 [FXGL Background Thread 3 ] DEBUG Engine               - class com.almasb.fxgl.dev.DevService
23:24:50.581 [JavaFX Application Thread] DEBUG FXGLAssetLoaderServi - Loading from file system: file:/Volumes/AYUSH%20DRIVE/School%202022-23/M359%20AP%20CS%20Java%20A/BaseDefense2/target/classes/assets/textures/enemies/enemy1.png
23:24:51.701 [JavaFX Application Thread] DEBUG FXGLAssetLoaderServi - Loading from file system: file:/Volumes/AYUSH%20DRIVE/School%202022-23/M359%20AP%20CS%20Java%20A/BaseDefense2/target/classes/assets/textures/towers/tower1.png
23:24:53.053 [JavaFX Application Thread] DEBUG FXGLAssetLoaderServi - Loading from file system: file:/Volumes/AYUSH%20DRIVE/School%202022-23/M359%20AP%20CS%20Java%20A/BaseDefense2/target/classes/assets/textures/projectile.png
23:26:33.235 [JavaFX Application Thread] DEBUG FXGLApplication      - Exiting FXGL
23:26:33.239 [JavaFX Application Thread] DEBUG LoopRunner           - Stopping loop
23:26:33.241 [JavaFX Application Thread] DEBUG SystemBundleService  - Saving FXGL system data
23:26:33.261 [JavaFX Application Thread] DEBUG FileSystemAccess     - Writing to: /Volumes/AYUSH DRIVE/School 2022-23/M359 AP CS Java A/BaseDefense2/system/fxgl.bundle
23:26:33.318 [JavaFX Application Thread] DEBUG Async                - Shutting down background threads
23:26:33.321 [JavaFX Application Thread] DEBUG PrimaryStageWindow   - Closing main window
23:26:33.349 [JavaFX Application Thread] DEBUG Logger               - Closing Logger
