22:03:25.028 [main                     ] DEBUG Logger               - Configured Logger
22:03:25.239 [main                     ] DEBUG GameApplication      - Logging settings
Title: Zombs
Version: 1.0
Width: 1600
Height: 896
Fullscreen: false
Intro: false
Profiling: false
Single step:false
App Mode: DEVELOPER
Menu Key: ESCAPE
Stage Style: DECORATED
Scene Factory: class com.almasb.fxgl.app.scene.SceneFactory

22:03:26.585 [JavaFX Application Thread] DEBUG FXGLApplication      - Initializing FXGL
22:03:26.605 [JavaFX Application Thread] INFO  Engine               - FXGL-17.3 (30.03.2023 11.49) on MAC (J:20 FX:20)
22:03:26.610 [JavaFX Application Thread] DEBUG Engine               - JRE Vendor Name: Oracle Corporation
22:03:26.611 [JavaFX Application Thread] DEBUG Engine               - Running on OS: Mac OS X version 13.3.1
22:03:26.612 [JavaFX Application Thread] DEBUG Engine               - Architecture: x86_64
22:03:26.612 [JavaFX Application Thread] INFO  Engine               - Source code and latest versions at: https://github.com/AlmasB/FXGL
22:03:26.612 [JavaFX Application Thread] INFO  Engine               -       Ask questions and discuss at: https://github.com/AlmasB/FXGL/discussions
22:03:26.613 [JavaFX Application Thread] INFO  Engine               -              Join the FXGL chat at: https://gitter.im/AlmasB/FXGL
22:03:26.817 [JavaFX Application Thread] DEBUG PrimaryStageWindow   - Creating a JavaFX scene
22:03:26.818 [JavaFX Application Thread] DEBUG PrimaryStageWindow   - Target size > screen size
22:03:27.066 [JavaFX Application Thread] DEBUG PrimaryStageWindow   - Target settings size: 1600.0 x 896.0
22:03:27.067 [JavaFX Application Thread] DEBUG PrimaryStageWindow   - Scaled scene size:    1415.0 x 806.0
22:03:27.068 [JavaFX Application Thread] DEBUG PrimaryStageWindow   - Scaled ratio: (0.884375, 0.8995535714285714)
22:03:27.072 [JavaFX Application Thread] DEBUG PrimaryStageWindow   - Set initial scene to FXGLStartupScene
22:03:27.079 [JavaFX Application Thread] DEBUG PrimaryStageWindow   - Opening main window
22:03:27.235 [JavaFX Application Thread] DEBUG PrimaryStageWindow   - Window border size: (0.0, 28.0)
22:03:27.236 [JavaFX Application Thread] DEBUG PrimaryStageWindow   - Scaled size: 1415.0 x 806.0
22:03:27.239 [JavaFX Application Thread] DEBUG PrimaryStageWindow   - Scaled ratio: (0.884375, 0.8995535714285714)
22:03:27.240 [JavaFX Application Thread] DEBUG PrimaryStageWindow   - Scene size: 1415.0 x 806.0
22:03:27.241 [JavaFX Application Thread] DEBUG PrimaryStageWindow   - Stage size: 1415.0 x 834.0
22:03:27.263 [FXGL Background Thread 1 ] DEBUG Engine               - Initializing environment variables
22:03:28.317 [FXGL Background Thread 1 ] DEBUG FXGLAssetLoaderServi - User app class for loading assets: class com.csafinal.basedefense.DropApp
22:03:28.345 [FXGL Background Thread 1 ] DEBUG GameApplicationServi - Applying CSS: fxgl_dark.css
22:03:28.414 [FXGL Background Thread 1 ] DEBUG FXGLAssetLoaderServi - Loading from file system: jar:file:///Users/ayushkumarrai/.m2/repository/com/github/almasb/fxgl/17.3/fxgl-17.3.jar!/fxglassets/ui/css/fxgl_dark.css
22:03:28.885 [FXGL Background Thread 1 ] DEBUG GameApplicationServi - Initializing application scenes
22:03:29.794 [FXGL Background Thread 1 ] DEBUG GameWorld            - Game world initialized
22:03:29.953 [FXGL Background Thread 1 ] DEBUG PhysicsWorld         - Physics world initialized: appHeight=896, physics.ppm=50.0
22:03:29.958 [FXGL Background Thread 1 ] DEBUG PhysicsWorld         - Using strategy: BRUTE_FORCE
22:03:29.981 [FXGL Background Thread 1 ] DEBUG GameScene            - Game scene initialized: 1600x896
22:03:30.021 [FXGL Background Thread 1 ] DEBUG FXGL.DefaultMenu     - createMenuBodyGameMenu()
22:03:30.053 [FXGL Background Thread 1 ] DEBUG FXGL.DefaultMenu     - createOptionsMenu()
22:03:30.084 [FXGL Background Thread 1 ] DEBUG FXGLAssetLoaderServi - Loading from file system: jar:file:///Users/ayushkumarrai/.m2/repository/com/github/almasb/fxgl/17.3/fxgl-17.3.jar!/fxglassets/textures/particles/smoke.png
22:03:30.339 [FXGL Background Thread 1 ] DEBUG FXGLAssetLoaderServi - Loading from file system: jar:file:///Users/ayushkumarrai/.m2/repository/com/github/almasb/fxgl/17.3/fxgl-17.3.jar!/fxglassets/textures/particles/trace_horizontal.png
22:03:30.390 [FXGL Background Thread 1 ] DEBUG GameApplicationServi - Application scenes initialized
22:03:30.417 [FXGL Background Thread 1 ] DEBUG SystemBundleService  - Loading FXGL system data
22:03:30.429 [FXGL Background Thread 1 ] DEBUG FileSystemAccess     - Reading from: /Volumes/AYUSH DRIVE/School 2022-23/M359 AP CS Java A/BaseDefense2/system/fxgl.bundle
22:03:30.449 [FXGL Background Thread 1 ] DEBUG SystemBundleService  - Bundle FXGL: {}
22:03:30.449 [FXGL Background Thread 1 ] DEBUG UpdaterService       - Checking for updates
22:03:30.467 [FXGL Background Thread 4 ] DEBUG FXGLApplication      - Loading fonts
22:03:30.469 [FXGL Background Thread 4 ] DEBUG FXGLAssetLoaderServi - Loading from file system: jar:file:///Users/ayushkumarrai/.m2/repository/com/github/almasb/fxgl/17.3/fxgl-17.3.jar!/fxglassets/ui/fonts/VarelaRound-Regular.ttf
22:03:30.469 [FXGL Background Thread 1 ] DEBUG FXGLApplication      - Loading default localization
22:03:30.473 [FXGL Background Thread 1 ] DEBUG FXGLAssetLoaderServi - Loading from file system: jar:file:///Users/ayushkumarrai/.m2/repository/com/github/almasb/fxgl/17.3/fxgl-17.3.jar!/fxglassets/languages/english.lang
22:03:30.523 [FXGL Background Thread 4 ] DEBUG FXGLAssetLoaderServi - Loading from file system: jar:file:///Users/ayushkumarrai/.m2/repository/com/github/almasb/fxgl/17.3/fxgl-17.3.jar!/fxglassets/ui/fonts/Abel-Regular.ttf
22:03:30.528 [FXGL Background Thread 1 ] INFO  FXGLApplication      - FXGL initialization took: 3.263 sec
22:03:30.532 [FXGL Background Thread 4 ] DEBUG FXGLAssetLoaderServi - Loading from file system: jar:file:///Users/ayushkumarrai/.m2/repository/com/github/almasb/fxgl/17.3/fxgl-17.3.jar!/fxglassets/ui/fonts/TerminalLandMono-Regular.otf
22:03:30.538 [FXGL Background Thread 4 ] DEBUG FXGLAssetLoaderServi - Loading from file system: jar:file:///Users/ayushkumarrai/.m2/repository/com/github/almasb/fxgl/17.3/fxgl-17.3.jar!/fxglassets/ui/fonts/Courier-Prime.ttf
22:03:30.540 [JavaFX Application Thread] DEBUG Input                - Registered new binding: Left - A
22:03:30.541 [JavaFX Application Thread] DEBUG Input                - Registered new binding: Right - D
22:03:30.541 [JavaFX Application Thread] DEBUG Input                - Registered new binding: Down - S
22:03:30.542 [JavaFX Application Thread] DEBUG Input                - Registered new binding: Up - W
22:03:30.542 [JavaFX Application Thread] DEBUG Input                - Registered new binding: info - I
22:03:30.542 [JavaFX Application Thread] DEBUG Input                - Registered new binding: Revive - R
22:03:30.544 [JavaFX Application Thread] DEBUG FXGLAssetLoaderServi - Loading from file system: jar:file:///Users/ayushkumarrai/.m2/repository/com/github/almasb/fxgl/17.3/fxgl-17.3.jar!/fxglassets/textures/fxgl_icon.png
22:03:30.595 [JavaFX Application Thread] DEBUG FXGLAssetLoaderServi - Loading from file system: jar:file:///Users/ayushkumarrai/.m2/repository/com/github/almasb/fxgl/17.3/fxgl-17.3.jar!/fxglassets/textures/fxgl_default_cursor.png
22:03:30.605 [JavaFX Application Thread] DEBUG Input                - Registered new binding: Screenshot - CTRL+8
22:03:30.606 [JavaFX Application Thread] DEBUG Input                - Registered new binding: System info dump - CTRL+9
22:03:30.608 [JavaFX Application Thread] DEBUG Input                - Registered new binding: Restart - CTRL+R
22:03:30.610 [JavaFX Application Thread] DEBUG Input                - Registered new binding: Toggle Debug Camera - CTRL+7
22:03:30.617 [JavaFX Application Thread] DEBUG LoopRunner           - Starting loop
22:03:30.617 [JavaFX Application Thread] DEBUG LoopRunner           - Initializing JavaFX AnimationTimerLoop
22:03:30.619 [JavaFX Application Thread] DEBUG GameApplicationServi - Starting new game
22:03:30.621 [JavaFX Application Thread] DEBUG Input                - Clearing active input actions
22:03:30.703 [JavaFX Application Thread] DEBUG GameApplicationServi - Removing overlay from FXGLStartupScene and adding to FXGLLoadingScene
22:03:30.706 [JavaFX Application Thread] DEBUG PrimaryStageWindow   - FXGLStartupScene -> FXGLLoadingScene
22:03:30.706 [JavaFX Application Thread] DEBUG GameApplicationServi - Clearing previous game
22:03:30.706 [JavaFX Application Thread] DEBUG GameScene            - Clearing game scene
22:03:30.706 [JavaFX Application Thread] DEBUG GameWorld            - Clearing game world
22:03:30.706 [JavaFX Application Thread] DEBUG PhysicsWorld         - Clearing physics world
22:03:30.709 [FXGL Background Thread 4 ] DEBUG FXGLApplication      - Initializing game
22:03:30.775 [FXGL Background Thread 4 ] WARN  TMXLevelLoader       - TiledMap generated from 1.10.0. Supported version: 1.9.0. Some features may not be parsed fully.
22:03:30.788 [JavaFX Application Thread] DEBUG FXGLApplication      - Registering font factories with UI factory
22:03:31.004 [FXGL Background Thread 4 ] DEBUG TMXLevelLoader       - Parsed TiledMap: file:/Volumes/AYUSH%20DRIVE/School%202022-23/M359%20AP%20CS%20Java%20A/BaseDefense2/target/classes/assets/levels/tmx/td1.tmx
22:03:31.038 [FXGL Background Thread 4 ] DEBUG TMXLevelLoader       - Creating tile layer entities
22:03:31.110 [FXGL Background Thread 4 ] DEBUG TilesetLoader        - Loading view for layer Ground
22:03:31.126 [FXGL Background Thread 4 ] DEBUG TilesetLoader        - Created buffer with size 1600.0x896.0
22:03:31.635 [FXGL Background Thread 4 ] DEBUG TilesetLoader        - Loading view for layer Decor
22:03:31.707 [FXGL Background Thread 4 ] DEBUG TilesetLoader        - Created buffer with size 1600.0x896.0
22:03:31.798 [FXGL Background Thread 4 ] DEBUG TMXLevelLoader       - Creating object layer entities
22:03:32.460 [FXGL Background Thread 4 ] DEBUG GameWorld            - Clearing removable entities
22:03:32.471 [FXGL Background Thread 4 ] DEBUG GameWorld            - Setting level: com.almasb.fxgl.entity.level.Level@af7443e
22:03:32.545 [FXGL Background Thread 4 ] DEBUG FXGLAssetLoaderServi - Loading JSON from: file:/Volumes/AYUSH%20DRIVE/School%202022-23/M359%20AP%20CS%20Java%20A/BaseDefense2/target/classes/assets/towers/tower1.json
22:03:33.036 [FXGL Background Thread 4 ] DEBUG FXGLAssetLoaderServi - Loading JSON from: file:/Volumes/AYUSH%20DRIVE/School%202022-23/M359%20AP%20CS%20Java%20A/BaseDefense2/target/classes/assets/towers/tower2.json
22:03:33.044 [FXGL Background Thread 4 ] DEBUG FXGLAssetLoaderServi - Loading JSON from: file:/Volumes/AYUSH%20DRIVE/School%202022-23/M359%20AP%20CS%20Java%20A/BaseDefense2/target/classes/assets/towers/tower3.json
22:03:33.059 [FXGL Background Thread 4 ] DEBUG FXGLAssetLoaderServi - Loading JSON from: file:/Volumes/AYUSH%20DRIVE/School%202022-23/M359%20AP%20CS%20Java%20A/BaseDefense2/target/classes/assets/towers/tower4.json
22:03:33.072 [FXGL Background Thread 4 ] DEBUG FXGLAssetLoaderServi - Loading JSON from: file:/Volumes/AYUSH%20DRIVE/School%202022-23/M359%20AP%20CS%20Java%20A/BaseDefense2/target/classes/assets/towers/tower5.json
22:03:33.081 [FXGL Background Thread 4 ] DEBUG FXGLAssetLoaderServi - Loading JSON from: file:/Volumes/AYUSH%20DRIVE/School%202022-23/M359%20AP%20CS%20Java%20A/BaseDefense2/target/classes/assets/towers/tower6.json
22:03:33.090 [FXGL Background Thread 4 ] DEBUG FXGLAssetLoaderServi - Loading JSON from: file:/Volumes/AYUSH%20DRIVE/School%202022-23/M359%20AP%20CS%20Java%20A/BaseDefense2/target/classes/assets/playerTypes/player1.json
22:03:33.153 [FXGL Background Thread 4 ] DEBUG FXGLAssetLoaderServi - Loading from file system: file:/Volumes/AYUSH%20DRIVE/School%202022-23/M359%20AP%20CS%20Java%20A/BaseDefense2/target/classes/assets/textures/player.png
22:03:33.221 [FXGL Background Thread 4 ] DEBUG FXGLAssetLoaderServi - Loading from file system: file:/Volumes/AYUSH%20DRIVE/School%202022-23/M359%20AP%20CS%20Java%20A/BaseDefense2/target/classes/assets/textures/towers/tower1.png
22:03:33.242 [FXGL Background Thread 4 ] DEBUG FXGLAssetLoaderServi - Loading from file system: file:/Volumes/AYUSH%20DRIVE/School%202022-23/M359%20AP%20CS%20Java%20A/BaseDefense2/target/classes/assets/textures/towers/tower2.png
22:03:33.256 [FXGL Background Thread 4 ] DEBUG FXGLAssetLoaderServi - Loading from file system: file:/Volumes/AYUSH%20DRIVE/School%202022-23/M359%20AP%20CS%20Java%20A/BaseDefense2/target/classes/assets/textures/towers/tower3.png
22:03:33.260 [FXGL Background Thread 4 ] DEBUG FXGLAssetLoaderServi - Loading from file system: file:/Volumes/AYUSH%20DRIVE/School%202022-23/M359%20AP%20CS%20Java%20A/BaseDefense2/target/classes/assets/textures/towers/tower4.png
22:03:33.264 [FXGL Background Thread 4 ] DEBUG FXGLAssetLoaderServi - Loading from file system: file:/Volumes/AYUSH%20DRIVE/School%202022-23/M359%20AP%20CS%20Java%20A/BaseDefense2/target/classes/assets/textures/towers/tower5.png
22:03:33.270 [FXGL Background Thread 4 ] DEBUG FXGLAssetLoaderServi - Loading from file system: file:/Volumes/AYUSH%20DRIVE/School%202022-23/M359%20AP%20CS%20Java%20A/BaseDefense2/target/classes/assets/textures/towers/tower6.png
22:03:33.277 [JavaFX Application Thread] DEBUG LoopRunner           - Stopping loop
22:03:33.284 [JavaFX Application Thread] FATAL FXGLApplication      - Uncaught Exception:
java.lang.RuntimeException: Initialization failed
	at com.almasb.fxgl.all@17.3/com.almasb.fxgl.app.FXGLApplication$InitAppTask.failed(FXGLApplication.kt:343)
	at javafx.graphics@20/javafx.concurrent.Task.setState(Task.java:710)
	at javafx.graphics@20/javafx.concurrent.Task$TaskCallable.lambda$call$2(Task.java:1456)
	at javafx.graphics@20/com.sun.javafx.application.PlatformImpl.lambda$runLater$10(PlatformImpl.java:456)
	at java.base/java.security.AccessController.doPrivileged(AccessController.java:400)
	at javafx.graphics@20/com.sun.javafx.application.PlatformImpl.lambda$runLater$11(PlatformImpl.java:455)
	at javafx.graphics@20/com.sun.glass.ui.InvokeLaterDispatcher$Future.run(InvokeLaterDispatcher.java:95)
Caused by: java.lang.NullPointerException: Cannot invoke "com.csafinal.basedefense.ui.MoneyLivesView.resetChildren()" because "com.csafinal.basedefense.DropApp.stats" is null
	at td.main/com.csafinal.basedefense.DropApp.setStats(DropApp.java:367)
	at td.main/com.csafinal.basedefense.DropApp.initUI(DropApp.java:266)
	at com.almasb.fxgl.all@17.3/com.almasb.fxgl.app.FXGLApplication$InitAppTask.call(FXGLApplication.kt:321)
	at com.almasb.fxgl.all@17.3/com.almasb.fxgl.app.FXGLApplication$InitAppTask.call(FXGLApplication.kt:311)
	at javafx.graphics@20/javafx.concurrent.Task$TaskCallable.call(Task.java:1426)
	at java.base/java.util.concurrent.FutureTask.run(FutureTask.java:317)
	at java.base/java.util.concurrent.Executors$RunnableAdapter.call(Executors.java:577)
	at java.base/java.util.concurrent.FutureTask.run(FutureTask.java:317)
	at java.base/java.util.concurrent.ThreadPoolExecutor.runWorker(ThreadPoolExecutor.java:1144)
	at java.base/java.util.concurrent.ThreadPoolExecutor$Worker.run(ThreadPoolExecutor.java:642)
	at java.base/java.lang.Thread.run(Thread.java:1623)

22:03:33.285 [JavaFX Application Thread] FATAL FXGLApplication      - Application will now exit
22:03:33.327 [JavaFX Application Thread] DEBUG PrimaryStageWindow   - Push state: ErrorSubScene
22:03:33.327 [JavaFX Application Thread] DEBUG Input                - Clearing active input actions
22:03:33.341 [JavaFX Application Thread] DEBUG GameApplicationServi - Removing overlay from FXGLLoadingScene and adding to ErrorSubScene
22:03:33.345 [JavaFX Application Thread] DEBUG PrimaryStageWindow   - FXGLLoadingScene -> ErrorSubScene
22:03:33.462 [FXGL Background Thread 3 ] DEBUG Engine               - Logging environment variables
22:03:33.462 [FXGL Background Thread 3 ] DEBUG Engine               - achievements: []
22:03:33.463 [FXGL Background Thread 3 ] DEBUG Engine               - actualHeight: 806.0
22:03:33.463 [FXGL Background Thread 3 ] DEBUG Engine               - actualHeightProperty: ReadOnlyDoubleProperty [value: 806.0]
22:03:33.463 [FXGL Background Thread 3 ] DEBUG Engine               - actualWidth: 1415.0
22:03:33.463 [FXGL Background Thread 3 ] DEBUG Engine               - actualWidthProperty: ReadOnlyDoubleProperty [value: 1415.0]
22:03:33.463 [FXGL Background Thread 3 ] DEBUG Engine               - appIcon: fxgl_icon.png
22:03:33.463 [FXGL Background Thread 3 ] DEBUG Engine               - applicationMode: DEVELOPER
22:03:33.463 [FXGL Background Thread 3 ] DEBUG Engine               - cSSList: [fxgl_dark.css]
22:03:33.463 [FXGL Background Thread 3 ] DEBUG Engine               - collisionDetectionStrategy: BRUTE_FORCE
22:03:33.463 [FXGL Background Thread 3 ] DEBUG Engine               - configClass: Optional.empty
22:03:33.463 [FXGL Background Thread 3 ] DEBUG Engine               - credits: []
22:03:33.466 [FXGL Background Thread 3 ] DEBUG Engine               - defaultCursor: CursorInfo(imageName=fxgl_default_cursor.png, hotspotX=7.0, hotspotY=6.0)
22:03:33.467 [FXGL Background Thread 3 ] DEBUG Engine               - devBBoxColorProperty: ObjectProperty [value: 0xff0000ff]
22:03:33.468 [FXGL Background Thread 3 ] DEBUG Engine               - devEnableDebugCameraProperty: BooleanProperty [value: false]
22:03:33.468 [FXGL Background Thread 3 ] DEBUG Engine               - devSensorColorProperty: ObjectProperty [value: 0xffff00ff]
22:03:33.468 [FXGL Background Thread 3 ] DEBUG Engine               - devShowBBoxProperty: BooleanProperty [value: false]
22:03:33.468 [FXGL Background Thread 3 ] DEBUG Engine               - devShowPositionProperty: BooleanProperty [value: false]
22:03:33.468 [FXGL Background Thread 3 ] DEBUG Engine               - enabledMenuItems: []
22:03:33.468 [FXGL Background Thread 3 ] DEBUG Engine               - engineServices: [class com.almasb.fxgl.app.services.FXGLAssetLoaderService, class com.almasb.fxgl.app.FXGLApplication$GameApplicationService, class com.almasb.fxgl.app.services.FXGLDialogService, class com.almasb.fxgl.app.services.IOTaskExecutorService, class com.almasb.fxgl.io.FileSystemService, class com.almasb.fxgl.localization.LocalizationService, class com.almasb.fxgl.app.services.SystemBundleService, class com.almasb.fxgl.profile.SaveLoadService, class com.almasb.fxgl.ui.FXGLUIFactoryServiceProvider, class com.almasb.fxgl.ui.FXGLDialogFactoryServiceProvider, class com.almasb.fxgl.audio.AudioPlayer, class com.almasb.fxgl.notification.impl.NotificationServiceProvider, class com.almasb.fxgl.achievement.AchievementService, class com.almasb.fxgl.cutscene.CutsceneService, class com.almasb.fxgl.minigames.MiniGameService, class com.almasb.fxgl.net.NetService, class com.almasb.fxgl.app.services.UpdaterService, class com.almasb.fxgl.dev.DevService]
22:03:33.468 [FXGL Background Thread 3 ] DEBUG Engine               - fontGame: Abel-Regular.ttf
22:03:33.468 [FXGL Background Thread 3 ] DEBUG Engine               - fontMono: TerminalLandMono-Regular.otf
22:03:33.468 [FXGL Background Thread 3 ] DEBUG Engine               - fontSizeScaleUI: 1.0
22:03:33.468 [FXGL Background Thread 3 ] DEBUG Engine               - fontText: Courier-Prime.ttf
22:03:33.468 [FXGL Background Thread 3 ] DEBUG Engine               - fontUI: VarelaRound-Regular.ttf
22:03:33.468 [FXGL Background Thread 3 ] DEBUG Engine               - fullScreen: BooleanProperty [value: false]
22:03:33.468 [FXGL Background Thread 3 ] DEBUG Engine               - gameDifficulty: MEDIUM
22:03:33.468 [FXGL Background Thread 3 ] DEBUG Engine               - gameDifficultyProperty: ObjectProperty [value: MEDIUM]
22:03:33.468 [FXGL Background Thread 3 ] DEBUG Engine               - globalMusicVolume: 0.5
22:03:33.470 [FXGL Background Thread 3 ] DEBUG Engine               - globalMusicVolumeProperty: DoubleProperty [value: 0.5]
22:03:33.471 [FXGL Background Thread 3 ] DEBUG Engine               - globalSoundVolume: 0.5
22:03:33.471 [FXGL Background Thread 3 ] DEBUG Engine               - globalSoundVolumeProperty: DoubleProperty [value: 0.5]
22:03:33.471 [FXGL Background Thread 3 ] DEBUG Engine               - height: 896
22:03:33.471 [FXGL Background Thread 3 ] DEBUG Engine               - is3D: false
22:03:33.471 [FXGL Background Thread 3 ] DEBUG Engine               - isAndroid: false
22:03:33.471 [FXGL Background Thread 3 ] DEBUG Engine               - isBrowser: false
22:03:33.471 [FXGL Background Thread 3 ] DEBUG Engine               - isClickFeedbackEnabled: false
22:03:33.471 [FXGL Background Thread 3 ] DEBUG Engine               - isCloseConfirmation: false
22:03:33.471 [FXGL Background Thread 3 ] DEBUG Engine               - isDesktop: true
22:03:33.471 [FXGL Background Thread 3 ] DEBUG Engine               - isDeveloperMenuEnabled: false
22:03:33.472 [FXGL Background Thread 3 ] DEBUG Engine               - isEmbedded: false
22:03:33.472 [FXGL Background Thread 3 ] DEBUG Engine               - isEntityPreloadEnabled: true
22:03:33.472 [FXGL Background Thread 3 ] DEBUG Engine               - isExperimentalTiledLargeMap: false
22:03:33.472 [FXGL Background Thread 3 ] DEBUG Engine               - isFileSystemWriteAllowed: true
22:03:33.472 [FXGL Background Thread 3 ] DEBUG Engine               - isFullScreenAllowed: false
22:03:33.472 [FXGL Background Thread 3 ] DEBUG Engine               - isFullScreenFromStart: false
22:03:33.472 [FXGL Background Thread 3 ] DEBUG Engine               - isGameMenuEnabled: true
22:03:33.472 [FXGL Background Thread 3 ] DEBUG Engine               - isIOS: false
22:03:33.472 [FXGL Background Thread 3 ] DEBUG Engine               - isIntroEnabled: false
22:03:33.472 [FXGL Background Thread 3 ] DEBUG Engine               - isLinux: false
22:03:33.472 [FXGL Background Thread 3 ] DEBUG Engine               - isMac: true
22:03:33.477 [FXGL Background Thread 3 ] DEBUG Engine               - isMainMenuEnabled: false
22:03:33.478 [FXGL Background Thread 3 ] DEBUG Engine               - isManualResizeEnabled: false
22:03:33.478 [FXGL Background Thread 3 ] DEBUG Engine               - isMobile: false
22:03:33.478 [FXGL Background Thread 3 ] DEBUG Engine               - isNative: false
22:03:33.478 [FXGL Background Thread 3 ] DEBUG Engine               - isPauseMusicWhenMinimized: true
22:03:33.478 [FXGL Background Thread 3 ] DEBUG Engine               - isPreserveResizeRatio: false
22:03:33.478 [FXGL Background Thread 3 ] DEBUG Engine               - isProfilingEnabled: false
22:03:33.478 [FXGL Background Thread 3 ] DEBUG Engine               - isScaleAffectedOnResize: true
22:03:33.479 [FXGL Background Thread 3 ] DEBUG Engine               - isSingleStep: false
22:03:33.479 [FXGL Background Thread 3 ] DEBUG Engine               - isUserProfileEnabled: false
22:03:33.479 [FXGL Background Thread 3 ] DEBUG Engine               - isWindows: false
22:03:33.479 [FXGL Background Thread 3 ] DEBUG Engine               - language: ObjectProperty [value: ENGLISH]
22:03:33.479 [FXGL Background Thread 3 ] DEBUG Engine               - menuKey: ESCAPE
22:03:33.479 [FXGL Background Thread 3 ] DEBUG Engine               - mouseSensitivity: 0.2
22:03:33.480 [FXGL Background Thread 3 ] DEBUG Engine               - notificationViewClass: class com.almasb.fxgl.notification.view.XboxNotificationView
22:03:33.487 [FXGL Background Thread 3 ] DEBUG Engine               - pixelsPerMeter: 50.0
22:03:33.487 [FXGL Background Thread 3 ] DEBUG Engine               - platform: MAC
22:03:33.487 [FXGL Background Thread 3 ] DEBUG Engine               - prefHeightProperty: ReadOnlyDoubleProperty [value: 896.0]
22:03:33.487 [FXGL Background Thread 3 ] DEBUG Engine               - prefWidthProperty: ReadOnlyDoubleProperty [value: 1600.0]
22:03:33.487 [FXGL Background Thread 3 ] DEBUG Engine               - profileDir: profiles/
22:03:33.488 [FXGL Background Thread 3 ] DEBUG Engine               - profileName: StringProperty [value: DEFAULT]
22:03:33.488 [FXGL Background Thread 3 ] DEBUG Engine               - randomSeed: -1
22:03:33.488 [FXGL Background Thread 3 ] DEBUG Engine               - runtimeInfo: RuntimeInfo(platform=MAC, version=17.3, build=30.03.2023 11.49)
22:03:33.489 [FXGL Background Thread 3 ] DEBUG Engine               - saveFileExt: sav
22:03:33.489 [FXGL Background Thread 3 ] DEBUG Engine               - scaledHeightProp$fxgl: DoubleProperty [bound, value: 806.0]
22:03:33.489 [FXGL Background Thread 3 ] DEBUG Engine               - scaledWidthProp$fxgl: DoubleProperty [bound, value: 1415.0]
22:03:33.489 [FXGL Background Thread 3 ] DEBUG Engine               - sceneFactory: com.almasb.fxgl.app.scene.SceneFactory@428b3027
22:03:33.489 [FXGL Background Thread 3 ] DEBUG Engine               - secondsIn24h: 60
22:03:33.489 [FXGL Background Thread 3 ] DEBUG Engine               - soundMenuBack: menu/back.wav
22:03:33.489 [FXGL Background Thread 3 ] DEBUG Engine               - soundMenuPress: menu/press.wav
22:03:33.489 [FXGL Background Thread 3 ] DEBUG Engine               - soundMenuSelect: menu/select.wav
22:03:33.489 [FXGL Background Thread 3 ] DEBUG Engine               - soundNotification: core/notification.wav
22:03:33.489 [FXGL Background Thread 3 ] DEBUG Engine               - stageStyle: DECORATED
22:03:33.489 [FXGL Background Thread 3 ] DEBUG Engine               - supportedLanguages: [ENGLISH, FRENCH, GERMAN, HUNGARIAN, RUSSIAN]
22:03:33.489 [FXGL Background Thread 3 ] DEBUG Engine               - ticksPerSecond: -1
22:03:33.489 [FXGL Background Thread 3 ] DEBUG Engine               - title: Zombs
22:03:33.489 [FXGL Background Thread 3 ] DEBUG Engine               - urlGithub: https://github.com/AlmasB/FXGL
22:03:33.489 [FXGL Background Thread 3 ] DEBUG Engine               - urlLeaderboard: http://fxgl-top.herokuapp.com/
22:03:33.489 [FXGL Background Thread 3 ] DEBUG Engine               - urlPOM: https://raw.githubusercontent.com/AlmasB/FXGL/release/README.md
22:03:33.489 [FXGL Background Thread 3 ] DEBUG Engine               - userAppClass: class com.csafinal.basedefense.DropApp
22:03:33.489 [FXGL Background Thread 3 ] DEBUG Engine               - version: 1.0
22:03:33.498 [FXGL Background Thread 3 ] DEBUG Engine               - versionCheckDays: 7
22:03:33.498 [FXGL Background Thread 3 ] DEBUG Engine               - width: 1600
22:03:33.498 [FXGL Background Thread 3 ] DEBUG Engine               - Logging services
22:03:33.498 [FXGL Background Thread 3 ] DEBUG Engine               - class com.almasb.fxgl.app.services.FXGLAssetLoaderService
22:03:33.498 [FXGL Background Thread 3 ] DEBUG Engine               - class com.almasb.fxgl.app.FXGLApplication$GameApplicationService
22:03:33.498 [FXGL Background Thread 3 ] DEBUG Engine               - class com.almasb.fxgl.app.services.FXGLDialogService
22:03:33.498 [FXGL Background Thread 3 ] DEBUG Engine               - class com.almasb.fxgl.app.services.IOTaskExecutorService
22:03:33.498 [FXGL Background Thread 3 ] DEBUG Engine               - class com.almasb.fxgl.io.FileSystemService
22:03:33.498 [FXGL Background Thread 3 ] DEBUG Engine               - class com.almasb.fxgl.localization.LocalizationService
22:03:33.498 [FXGL Background Thread 3 ] DEBUG Engine               - class com.almasb.fxgl.app.services.SystemBundleService
22:03:33.498 [FXGL Background Thread 3 ] DEBUG Engine               - class com.almasb.fxgl.profile.SaveLoadService
22:03:33.498 [FXGL Background Thread 3 ] DEBUG Engine               - class com.almasb.fxgl.ui.FXGLUIFactoryServiceProvider
22:03:33.498 [FXGL Background Thread 3 ] DEBUG Engine               - class com.almasb.fxgl.ui.FXGLDialogFactoryServiceProvider
22:03:33.498 [FXGL Background Thread 3 ] DEBUG Engine               - class com.almasb.fxgl.audio.AudioPlayer
22:03:33.498 [FXGL Background Thread 3 ] DEBUG Engine               - class com.almasb.fxgl.notification.impl.NotificationServiceProvider
22:03:33.498 [FXGL Background Thread 3 ] DEBUG Engine               - class com.almasb.fxgl.achievement.AchievementService
22:03:33.498 [FXGL Background Thread 3 ] DEBUG Engine               - class com.almasb.fxgl.cutscene.CutsceneService
22:03:33.498 [FXGL Background Thread 3 ] DEBUG Engine               - class com.almasb.fxgl.minigames.MiniGameService
22:03:33.498 [FXGL Background Thread 3 ] DEBUG Engine               - class com.almasb.fxgl.net.NetService
22:03:33.498 [FXGL Background Thread 3 ] DEBUG Engine               - class com.almasb.fxgl.app.services.UpdaterService
22:03:33.498 [FXGL Background Thread 3 ] DEBUG Engine               - class com.almasb.fxgl.dev.DevService
22:03:36.641 [JavaFX Application Thread] DEBUG FXGLApplication      - Exiting FXGL
22:03:36.649 [JavaFX Application Thread] DEBUG Async                - Shutting down background threads
22:03:36.650 [JavaFX Application Thread] DEBUG PrimaryStageWindow   - Closing main window
22:03:36.676 [JavaFX Application Thread] DEBUG Logger               - Closing Logger
