22:31:10.608 [main                     ] DEBUG Logger               - Configured Logger
22:31:10.715 [main                     ] DEBUG GameApplication      - Logging settings
Title: Zombs
Version: 1.0
Width: 1600
Height: 896
Fullscreen: false
Intro: false
Profiling: false
Single step:false
App Mode: DEVELOPER
Menu Key: ESCAPE
Stage Style: DECORATED
Scene Factory: class com.almasb.fxgl.app.scene.SceneFactory

22:31:11.451 [JavaFX Application Thread] DEBUG FXGLApplication      - Initializing FXGL
22:31:11.472 [JavaFX Application Thread] INFO  Engine               - FXGL-17.3 (30.03.2023 11.49) on MAC (J:20 FX:20)
22:31:11.476 [JavaFX Application Thread] DEBUG Engine               - JRE Vendor Name: Oracle Corporation
22:31:11.477 [JavaFX Application Thread] DEBUG Engine               - Running on OS: Mac OS X version 13.3.1
22:31:11.477 [JavaFX Application Thread] DEBUG Engine               - Architecture: x86_64
22:31:11.477 [JavaFX Application Thread] INFO  Engine               - Source code and latest versions at: https://github.com/AlmasB/FXGL
22:31:11.478 [JavaFX Application Thread] INFO  Engine               -       Ask questions and discuss at: https://github.com/AlmasB/FXGL/discussions
22:31:11.478 [JavaFX Application Thread] INFO  Engine               -              Join the FXGL chat at: https://gitter.im/AlmasB/FXGL
22:31:11.672 [JavaFX Application Thread] DEBUG PrimaryStageWindow   - Creating a JavaFX scene
22:31:11.673 [JavaFX Application Thread] DEBUG PrimaryStageWindow   - Target size > screen size
22:31:11.889 [JavaFX Application Thread] DEBUG PrimaryStageWindow   - Target settings size: 1600.0 x 896.0
22:31:11.894 [JavaFX Application Thread] DEBUG PrimaryStageWindow   - Scaled scene size:    1415.0 x 806.0
22:31:11.895 [JavaFX Application Thread] DEBUG PrimaryStageWindow   - Scaled ratio: (0.884375, 0.8995535714285714)
22:31:11.897 [JavaFX Application Thread] DEBUG PrimaryStageWindow   - Set initial scene to FXGLStartupScene
22:31:11.904 [JavaFX Application Thread] DEBUG PrimaryStageWindow   - Opening main window
22:31:12.144 [JavaFX Application Thread] DEBUG PrimaryStageWindow   - Window border size: (0.0, 28.0)
22:31:12.148 [JavaFX Application Thread] DEBUG PrimaryStageWindow   - Scaled size: 1415.0 x 806.0
22:31:12.149 [JavaFX Application Thread] DEBUG PrimaryStageWindow   - Scaled ratio: (0.884375, 0.8995535714285714)
22:31:12.156 [JavaFX Application Thread] DEBUG PrimaryStageWindow   - Scene size: 1415.0 x 806.0
22:31:12.157 [JavaFX Application Thread] DEBUG PrimaryStageWindow   - Stage size: 1415.0 x 834.0
22:31:12.197 [FXGL Background Thread 1 ] DEBUG Engine               - Initializing environment variables
22:31:12.901 [FXGL Background Thread 1 ] DEBUG FXGLAssetLoaderServi - User app class for loading assets: class com.csafinal.basedefense.DropApp
22:31:12.905 [FXGL Background Thread 1 ] DEBUG GameApplicationServi - Applying CSS: fxgl_dark.css
22:31:12.908 [FXGL Background Thread 1 ] DEBUG FXGLAssetLoaderServi - Loading from file system: jar:file:///Users/ayushkumarrai/.m2/repository/com/github/almasb/fxgl/17.3/fxgl-17.3.jar!/fxglassets/ui/css/fxgl_dark.css
22:31:13.253 [FXGL Background Thread 1 ] DEBUG GameApplicationServi - Initializing application scenes
22:31:13.805 [FXGL Background Thread 1 ] DEBUG GameWorld            - Game world initialized
22:31:13.902 [FXGL Background Thread 1 ] DEBUG PhysicsWorld         - Physics world initialized: appHeight=896, physics.ppm=50.0
22:31:13.904 [FXGL Background Thread 1 ] DEBUG PhysicsWorld         - Using strategy: BRUTE_FORCE
22:31:13.924 [FXGL Background Thread 1 ] DEBUG GameScene            - Game scene initialized: 1600x896
22:31:13.951 [FXGL Background Thread 1 ] DEBUG FXGL.DefaultMenu     - createMenuBodyGameMenu()
22:31:13.974 [FXGL Background Thread 1 ] DEBUG FXGL.DefaultMenu     - createOptionsMenu()
22:31:13.998 [FXGL Background Thread 1 ] DEBUG FXGLAssetLoaderServi - Loading from file system: jar:file:///Users/ayushkumarrai/.m2/repository/com/github/almasb/fxgl/17.3/fxgl-17.3.jar!/fxglassets/textures/particles/smoke.png
22:31:14.226 [FXGL Background Thread 1 ] DEBUG FXGLAssetLoaderServi - Loading from file system: jar:file:///Users/ayushkumarrai/.m2/repository/com/github/almasb/fxgl/17.3/fxgl-17.3.jar!/fxglassets/textures/particles/trace_horizontal.png
22:31:14.279 [FXGL Background Thread 1 ] DEBUG GameApplicationServi - Application scenes initialized
22:31:14.314 [FXGL Background Thread 1 ] DEBUG SystemBundleService  - Loading FXGL system data
22:31:14.323 [FXGL Background Thread 1 ] DEBUG FileSystemAccess     - Reading from: /Volumes/AYUSH DRIVE/School 2022-23/M359 AP CS Java A/BaseDefense2/system/fxgl.bundle
22:31:14.346 [FXGL Background Thread 1 ] DEBUG SystemBundleService  - Bundle FXGL: {}
22:31:14.346 [FXGL Background Thread 1 ] DEBUG UpdaterService       - Checking for updates
22:31:14.357 [FXGL Background Thread 4 ] DEBUG FXGLApplication      - Loading fonts
22:31:14.360 [FXGL Background Thread 4 ] DEBUG FXGLAssetLoaderServi - Loading from file system: jar:file:///Users/ayushkumarrai/.m2/repository/com/github/almasb/fxgl/17.3/fxgl-17.3.jar!/fxglassets/ui/fonts/VarelaRound-Regular.ttf
22:31:14.362 [FXGL Background Thread 1 ] DEBUG FXGLApplication      - Loading default localization
22:31:14.364 [FXGL Background Thread 1 ] DEBUG FXGLAssetLoaderServi - Loading from file system: jar:file:///Users/ayushkumarrai/.m2/repository/com/github/almasb/fxgl/17.3/fxgl-17.3.jar!/fxglassets/languages/english.lang
22:31:14.407 [FXGL Background Thread 4 ] DEBUG FXGLAssetLoaderServi - Loading from file system: jar:file:///Users/ayushkumarrai/.m2/repository/com/github/almasb/fxgl/17.3/fxgl-17.3.jar!/fxglassets/ui/fonts/Abel-Regular.ttf
22:31:14.418 [FXGL Background Thread 4 ] DEBUG FXGLAssetLoaderServi - Loading from file system: jar:file:///Users/ayushkumarrai/.m2/repository/com/github/almasb/fxgl/17.3/fxgl-17.3.jar!/fxglassets/ui/fonts/TerminalLandMono-Regular.otf
22:31:14.418 [FXGL Background Thread 1 ] INFO  FXGLApplication      - FXGL initialization took: 2.221 sec
22:31:14.427 [FXGL Background Thread 4 ] DEBUG FXGLAssetLoaderServi - Loading from file system: jar:file:///Users/ayushkumarrai/.m2/repository/com/github/almasb/fxgl/17.3/fxgl-17.3.jar!/fxglassets/ui/fonts/Courier-Prime.ttf
22:31:14.431 [JavaFX Application Thread] DEBUG Input                - Registered new binding: Left - A
22:31:14.432 [JavaFX Application Thread] DEBUG Input                - Registered new binding: Right - D
22:31:14.433 [JavaFX Application Thread] DEBUG Input                - Registered new binding: Down - S
22:31:14.433 [JavaFX Application Thread] DEBUG Input                - Registered new binding: Up - W
22:31:14.438 [JavaFX Application Thread] DEBUG Input                - Registered new binding: info - I
22:31:14.438 [JavaFX Application Thread] DEBUG Input                - Registered new binding: closeSelection - Q
22:31:14.438 [JavaFX Application Thread] DEBUG Input                - Registered new binding: Revive - R
22:31:14.439 [JavaFX Application Thread] DEBUG FXGLAssetLoaderServi - Loading from file system: jar:file:///Users/ayushkumarrai/.m2/repository/com/github/almasb/fxgl/17.3/fxgl-17.3.jar!/fxglassets/textures/fxgl_icon.png
22:31:14.495 [JavaFX Application Thread] DEBUG FXGLAssetLoaderServi - Loading from file system: jar:file:///Users/ayushkumarrai/.m2/repository/com/github/almasb/fxgl/17.3/fxgl-17.3.jar!/fxglassets/textures/fxgl_default_cursor.png
22:31:14.504 [JavaFX Application Thread] DEBUG Input                - Registered new binding: Screenshot - CTRL+8
22:31:14.505 [JavaFX Application Thread] DEBUG Input                - Registered new binding: System info dump - CTRL+9
22:31:14.506 [JavaFX Application Thread] DEBUG Input                - Registered new binding: Restart - CTRL+R
22:31:14.506 [JavaFX Application Thread] DEBUG Input                - Registered new binding: Toggle Debug Camera - CTRL+7
22:31:14.512 [JavaFX Application Thread] DEBUG LoopRunner           - Starting loop
22:31:14.512 [JavaFX Application Thread] DEBUG LoopRunner           - Initializing JavaFX AnimationTimerLoop
22:31:14.516 [JavaFX Application Thread] DEBUG GameApplicationServi - Starting new game
22:31:14.521 [JavaFX Application Thread] DEBUG Input                - Clearing active input actions
22:31:14.599 [JavaFX Application Thread] DEBUG GameApplicationServi - Removing overlay from FXGLStartupScene and adding to FXGLLoadingScene
22:31:14.602 [JavaFX Application Thread] DEBUG PrimaryStageWindow   - FXGLStartupScene -> FXGLLoadingScene
22:31:14.602 [JavaFX Application Thread] DEBUG GameApplicationServi - Clearing previous game
22:31:14.602 [JavaFX Application Thread] DEBUG GameScene            - Clearing game scene
22:31:14.602 [JavaFX Application Thread] DEBUG GameWorld            - Clearing game world
22:31:14.602 [JavaFX Application Thread] DEBUG PhysicsWorld         - Clearing physics world
22:31:14.606 [FXGL Background Thread 4 ] DEBUG FXGLApplication      - Initializing game
22:31:14.707 [JavaFX Application Thread] DEBUG FXGLApplication      - Registering font factories with UI factory
22:31:14.711 [FXGL Background Thread 4 ] WARN  TMXLevelLoader       - TiledMap generated from 1.10.0. Supported version: 1.9.0. Some features may not be parsed fully.
22:31:14.920 [FXGL Background Thread 4 ] DEBUG TMXLevelLoader       - Parsed TiledMap: file:/Volumes/AYUSH%20DRIVE/School%202022-23/M359%20AP%20CS%20Java%20A/BaseDefense2/target/classes/assets/levels/tmx/td1.tmx
22:31:14.960 [FXGL Background Thread 4 ] DEBUG TMXLevelLoader       - Creating tile layer entities
22:31:15.036 [FXGL Background Thread 4 ] DEBUG TilesetLoader        - Loading view for layer Ground
22:31:15.054 [FXGL Background Thread 4 ] DEBUG TilesetLoader        - Created buffer with size 1600.0x896.0
22:31:15.497 [FXGL Background Thread 4 ] DEBUG TilesetLoader        - Loading view for layer Decor
22:31:15.531 [FXGL Background Thread 4 ] DEBUG TilesetLoader        - Created buffer with size 1600.0x896.0
22:31:15.536 [FXGL Background Thread 4 ] DEBUG TMXLevelLoader       - Creating object layer entities
22:31:16.268 [FXGL Background Thread 4 ] DEBUG GameWorld            - Clearing removable entities
22:31:16.282 [FXGL Background Thread 4 ] DEBUG GameWorld            - Setting level: com.almasb.fxgl.entity.level.Level@14ee3174
22:31:16.358 [FXGL Background Thread 4 ] DEBUG FXGLAssetLoaderServi - Loading JSON from: file:/Volumes/AYUSH%20DRIVE/School%202022-23/M359%20AP%20CS%20Java%20A/BaseDefense2/target/classes/assets/towers/tower1.json
22:31:16.957 [FXGL Background Thread 4 ] DEBUG FXGLAssetLoaderServi - Loading JSON from: file:/Volumes/AYUSH%20DRIVE/School%202022-23/M359%20AP%20CS%20Java%20A/BaseDefense2/target/classes/assets/towers/tower2.json
22:31:16.970 [FXGL Background Thread 4 ] DEBUG FXGLAssetLoaderServi - Loading JSON from: file:/Volumes/AYUSH%20DRIVE/School%202022-23/M359%20AP%20CS%20Java%20A/BaseDefense2/target/classes/assets/towers/tower3.json
22:31:16.985 [FXGL Background Thread 4 ] DEBUG FXGLAssetLoaderServi - Loading JSON from: file:/Volumes/AYUSH%20DRIVE/School%202022-23/M359%20AP%20CS%20Java%20A/BaseDefense2/target/classes/assets/towers/tower4.json
22:31:16.995 [FXGL Background Thread 4 ] DEBUG FXGLAssetLoaderServi - Loading JSON from: file:/Volumes/AYUSH%20DRIVE/School%202022-23/M359%20AP%20CS%20Java%20A/BaseDefense2/target/classes/assets/towers/tower5.json
22:31:17.002 [FXGL Background Thread 4 ] DEBUG FXGLAssetLoaderServi - Loading JSON from: file:/Volumes/AYUSH%20DRIVE/School%202022-23/M359%20AP%20CS%20Java%20A/BaseDefense2/target/classes/assets/towers/tower6.json
22:31:17.021 [FXGL Background Thread 4 ] DEBUG FXGLAssetLoaderServi - Loading JSON from: file:/Volumes/AYUSH%20DRIVE/School%202022-23/M359%20AP%20CS%20Java%20A/BaseDefense2/target/classes/assets/towers/tree1.json
22:31:17.050 [FXGL Background Thread 4 ] DEBUG FXGLAssetLoaderServi - Loading JSON from: file:/Volumes/AYUSH%20DRIVE/School%202022-23/M359%20AP%20CS%20Java%20A/BaseDefense2/target/classes/assets/towers/tree1.json
22:31:17.074 [FXGL Background Thread 4 ] DEBUG FXGLAssetLoaderServi - Loading JSON from: file:/Volumes/AYUSH%20DRIVE/School%202022-23/M359%20AP%20CS%20Java%20A/BaseDefense2/target/classes/assets/towers/stone1.json
22:31:17.089 [FXGL Background Thread 4 ] DEBUG FXGLAssetLoaderServi - Loading JSON from: file:/Volumes/AYUSH%20DRIVE/School%202022-23/M359%20AP%20CS%20Java%20A/BaseDefense2/target/classes/assets/playerTypes/player1.json
22:31:17.152 [FXGL Background Thread 4 ] DEBUG FXGLAssetLoaderServi - Loading from file system: file:/Volumes/AYUSH%20DRIVE/School%202022-23/M359%20AP%20CS%20Java%20A/BaseDefense2/target/classes/assets/textures/player.png
22:31:17.213 [FXGL Background Thread 4 ] DEBUG FXGLAssetLoaderServi - Loading from file system: file:/Volumes/AYUSH%20DRIVE/School%202022-23/M359%20AP%20CS%20Java%20A/BaseDefense2/target/classes/assets/textures/towers/tower1.png
22:31:17.232 [FXGL Background Thread 4 ] DEBUG FXGLAssetLoaderServi - Loading from file system: file:/Volumes/AYUSH%20DRIVE/School%202022-23/M359%20AP%20CS%20Java%20A/BaseDefense2/target/classes/assets/textures/towers/tower2.png
22:31:17.247 [FXGL Background Thread 4 ] DEBUG FXGLAssetLoaderServi - Loading from file system: file:/Volumes/AYUSH%20DRIVE/School%202022-23/M359%20AP%20CS%20Java%20A/BaseDefense2/target/classes/assets/textures/towers/tower3.png
22:31:17.253 [FXGL Background Thread 4 ] DEBUG FXGLAssetLoaderServi - Loading from file system: file:/Volumes/AYUSH%20DRIVE/School%202022-23/M359%20AP%20CS%20Java%20A/BaseDefense2/target/classes/assets/textures/towers/tower4.png
22:31:17.257 [FXGL Background Thread 4 ] DEBUG FXGLAssetLoaderServi - Loading from file system: file:/Volumes/AYUSH%20DRIVE/School%202022-23/M359%20AP%20CS%20Java%20A/BaseDefense2/target/classes/assets/textures/towers/tower5.png
22:31:17.263 [FXGL Background Thread 4 ] DEBUG FXGLAssetLoaderServi - Loading from file system: file:/Volumes/AYUSH%20DRIVE/School%202022-23/M359%20AP%20CS%20Java%20A/BaseDefense2/target/classes/assets/textures/towers/tower6.png
22:31:17.278 [FXGL Background Thread 4 ] DEBUG FXGLAssetLoaderServi - Loading from file system: file:/Volumes/AYUSH%20DRIVE/School%202022-23/M359%20AP%20CS%20Java%20A/BaseDefense2/target/classes/assets/textures/towers/treeHarvester.png
22:31:17.319 [FXGL Background Thread 4 ] DEBUG FXGLAssetLoaderServi - Loading from file system: file:/Volumes/AYUSH%20DRIVE/School%202022-23/M359%20AP%20CS%20Java%20A/BaseDefense2/target/classes/assets/textures/towers/stoneMiner.png
22:31:17.365 [FXGL Background Thread 3 ] DEBUG Engine               - Logging environment variables
22:31:17.488 [FXGL Background Thread 3 ] DEBUG Engine               - achievements: []
22:31:17.494 [FXGL Background Thread 3 ] DEBUG Engine               - actualHeight: 806.0
22:31:17.496 [FXGL Background Thread 3 ] DEBUG Engine               - actualHeightProperty: ReadOnlyDoubleProperty [value: 806.0]
22:31:17.496 [FXGL Background Thread 3 ] DEBUG Engine               - actualWidth: 1415.0
22:31:17.497 [FXGL Background Thread 3 ] DEBUG Engine               - actualWidthProperty: ReadOnlyDoubleProperty [value: 1415.0]
22:31:17.497 [FXGL Background Thread 3 ] DEBUG Engine               - appIcon: fxgl_icon.png
22:31:17.497 [FXGL Background Thread 3 ] DEBUG Engine               - applicationMode: DEVELOPER
22:31:17.500 [FXGL Background Thread 3 ] DEBUG Engine               - cSSList: [fxgl_dark.css]
22:31:17.500 [FXGL Background Thread 3 ] DEBUG Engine               - collisionDetectionStrategy: BRUTE_FORCE
22:31:17.500 [FXGL Background Thread 3 ] DEBUG Engine               - configClass: Optional.empty
22:31:17.500 [FXGL Background Thread 3 ] DEBUG Engine               - credits: []
22:31:17.523 [FXGL Background Thread 3 ] DEBUG Engine               - defaultCursor: CursorInfo(imageName=fxgl_default_cursor.png, hotspotX=7.0, hotspotY=6.0)
22:31:17.532 [FXGL Background Thread 3 ] DEBUG Engine               - devBBoxColorProperty: ObjectProperty [value: 0xff0000ff]
22:31:17.532 [FXGL Background Thread 3 ] DEBUG Engine               - devEnableDebugCameraProperty: BooleanProperty [value: false]
22:31:17.533 [FXGL Background Thread 3 ] DEBUG Engine               - devSensorColorProperty: ObjectProperty [value: 0xffff00ff]
22:31:17.534 [FXGL Background Thread 3 ] DEBUG Engine               - devShowBBoxProperty: BooleanProperty [value: false]
22:31:17.535 [FXGL Background Thread 3 ] DEBUG Engine               - devShowPositionProperty: BooleanProperty [value: false]
22:31:17.536 [FXGL Background Thread 3 ] DEBUG Engine               - enabledMenuItems: []
22:31:17.538 [FXGL Background Thread 3 ] DEBUG Engine               - engineServices: [class com.almasb.fxgl.app.services.FXGLAssetLoaderService, class com.almasb.fxgl.app.FXGLApplication$GameApplicationService, class com.almasb.fxgl.app.services.FXGLDialogService, class com.almasb.fxgl.app.services.IOTaskExecutorService, class com.almasb.fxgl.io.FileSystemService, class com.almasb.fxgl.localization.LocalizationService, class com.almasb.fxgl.app.services.SystemBundleService, class com.almasb.fxgl.profile.SaveLoadService, class com.almasb.fxgl.ui.FXGLUIFactoryServiceProvider, class com.almasb.fxgl.ui.FXGLDialogFactoryServiceProvider, class com.almasb.fxgl.audio.AudioPlayer, class com.almasb.fxgl.notification.impl.NotificationServiceProvider, class com.almasb.fxgl.achievement.AchievementService, class com.almasb.fxgl.cutscene.CutsceneService, class com.almasb.fxgl.minigames.MiniGameService, class com.almasb.fxgl.net.NetService, class com.almasb.fxgl.app.services.UpdaterService, class com.almasb.fxgl.dev.DevService]
22:31:17.538 [FXGL Background Thread 3 ] DEBUG Engine               - fontGame: Abel-Regular.ttf
22:31:17.538 [FXGL Background Thread 3 ] DEBUG Engine               - fontMono: TerminalLandMono-Regular.otf
22:31:17.538 [FXGL Background Thread 3 ] DEBUG Engine               - fontSizeScaleUI: 1.0
22:31:17.538 [FXGL Background Thread 3 ] DEBUG Engine               - fontText: Courier-Prime.ttf
22:31:17.538 [FXGL Background Thread 3 ] DEBUG Engine               - fontUI: VarelaRound-Regular.ttf
22:31:17.538 [FXGL Background Thread 3 ] DEBUG Engine               - fullScreen: BooleanProperty [value: false]
22:31:17.538 [FXGL Background Thread 3 ] DEBUG Engine               - gameDifficulty: MEDIUM
22:31:17.538 [FXGL Background Thread 3 ] DEBUG Engine               - gameDifficultyProperty: ObjectProperty [value: MEDIUM]
22:31:17.538 [FXGL Background Thread 3 ] DEBUG Engine               - globalMusicVolume: 0.5
22:31:17.539 [FXGL Background Thread 3 ] DEBUG Engine               - globalMusicVolumeProperty: DoubleProperty [value: 0.5]
22:31:17.547 [FXGL Background Thread 3 ] DEBUG Engine               - globalSoundVolume: 0.5
22:31:17.550 [FXGL Background Thread 3 ] DEBUG Engine               - globalSoundVolumeProperty: DoubleProperty [value: 0.5]
22:31:17.551 [FXGL Background Thread 3 ] DEBUG Engine               - height: 896
22:31:17.551 [FXGL Background Thread 3 ] DEBUG Engine               - is3D: false
22:31:17.551 [FXGL Background Thread 3 ] DEBUG Engine               - isAndroid: false
22:31:17.552 [FXGL Background Thread 3 ] DEBUG Engine               - isBrowser: false
22:31:17.552 [FXGL Background Thread 3 ] DEBUG Engine               - isClickFeedbackEnabled: false
22:31:17.552 [FXGL Background Thread 3 ] DEBUG Engine               - isCloseConfirmation: false
22:31:17.552 [FXGL Background Thread 3 ] DEBUG Engine               - isDesktop: true
22:31:17.552 [FXGL Background Thread 3 ] DEBUG Engine               - isDeveloperMenuEnabled: false
22:31:17.552 [FXGL Background Thread 3 ] DEBUG Engine               - isEmbedded: false
22:31:17.552 [FXGL Background Thread 3 ] DEBUG Engine               - isEntityPreloadEnabled: true
22:31:17.552 [FXGL Background Thread 3 ] DEBUG Engine               - isExperimentalTiledLargeMap: false
22:31:17.552 [FXGL Background Thread 3 ] DEBUG Engine               - isFileSystemWriteAllowed: true
22:31:17.552 [FXGL Background Thread 3 ] DEBUG Engine               - isFullScreenAllowed: false
22:31:17.552 [FXGL Background Thread 3 ] DEBUG Engine               - isFullScreenFromStart: false
22:31:17.552 [FXGL Background Thread 3 ] DEBUG Engine               - isGameMenuEnabled: true
22:31:17.552 [FXGL Background Thread 3 ] DEBUG Engine               - isIOS: false
22:31:17.552 [FXGL Background Thread 3 ] DEBUG Engine               - isIntroEnabled: false
22:31:17.552 [FXGL Background Thread 3 ] DEBUG Engine               - isLinux: false
22:31:17.552 [FXGL Background Thread 3 ] DEBUG Engine               - isMac: true
22:31:17.552 [FXGL Background Thread 3 ] DEBUG Engine               - isMainMenuEnabled: false
22:31:17.552 [FXGL Background Thread 3 ] DEBUG Engine               - isManualResizeEnabled: false
22:31:17.552 [FXGL Background Thread 3 ] DEBUG Engine               - isMobile: false
22:31:17.552 [FXGL Background Thread 3 ] DEBUG Engine               - isNative: false
22:31:17.552 [FXGL Background Thread 3 ] DEBUG Engine               - isPauseMusicWhenMinimized: true
22:31:17.552 [FXGL Background Thread 3 ] DEBUG Engine               - isPreserveResizeRatio: false
22:31:17.552 [FXGL Background Thread 3 ] DEBUG Engine               - isProfilingEnabled: false
22:31:17.552 [FXGL Background Thread 3 ] DEBUG Engine               - isScaleAffectedOnResize: true
22:31:17.552 [FXGL Background Thread 3 ] DEBUG Engine               - isSingleStep: false
22:31:17.552 [FXGL Background Thread 3 ] DEBUG Engine               - isUserProfileEnabled: false
22:31:17.552 [FXGL Background Thread 3 ] DEBUG Engine               - isWindows: false
22:31:17.552 [FXGL Background Thread 3 ] DEBUG Engine               - language: ObjectProperty [value: ENGLISH]
22:31:17.554 [FXGL Background Thread 3 ] DEBUG Engine               - menuKey: ESCAPE
22:31:17.560 [FXGL Background Thread 3 ] DEBUG Engine               - mouseSensitivity: 0.2
22:31:17.565 [FXGL Background Thread 3 ] DEBUG Engine               - notificationViewClass: class com.almasb.fxgl.notification.view.XboxNotificationView
22:31:17.567 [FXGL Background Thread 3 ] DEBUG Engine               - pixelsPerMeter: 50.0
22:31:17.567 [FXGL Background Thread 3 ] DEBUG Engine               - platform: MAC
22:31:17.567 [FXGL Background Thread 3 ] DEBUG Engine               - prefHeightProperty: ReadOnlyDoubleProperty [value: 896.0]
22:31:17.567 [FXGL Background Thread 3 ] DEBUG Engine               - prefWidthProperty: ReadOnlyDoubleProperty [value: 1600.0]
22:31:17.567 [FXGL Background Thread 3 ] DEBUG Engine               - profileDir: profiles/
22:31:17.567 [FXGL Background Thread 3 ] DEBUG Engine               - profileName: StringProperty [value: DEFAULT]
22:31:17.567 [FXGL Background Thread 3 ] DEBUG Engine               - randomSeed: -1
22:31:17.572 [FXGL Background Thread 3 ] DEBUG Engine               - runtimeInfo: RuntimeInfo(platform=MAC, version=17.3, build=30.03.2023 11.49)
22:31:17.576 [FXGL Background Thread 3 ] DEBUG Engine               - saveFileExt: sav
22:31:17.576 [FXGL Background Thread 3 ] DEBUG Engine               - scaledHeightProp$fxgl: DoubleProperty [bound, value: 806.0]
22:31:17.576 [FXGL Background Thread 3 ] DEBUG Engine               - scaledWidthProp$fxgl: DoubleProperty [bound, value: 1415.0]
22:31:17.576 [FXGL Background Thread 3 ] DEBUG Engine               - sceneFactory: com.almasb.fxgl.app.scene.SceneFactory@656908cc
22:31:17.576 [FXGL Background Thread 3 ] DEBUG Engine               - secondsIn24h: 60
22:31:17.580 [FXGL Background Thread 3 ] DEBUG Engine               - soundMenuBack: menu/back.wav
22:31:17.581 [FXGL Background Thread 3 ] DEBUG Engine               - soundMenuPress: menu/press.wav
22:31:17.581 [FXGL Background Thread 3 ] DEBUG Engine               - soundMenuSelect: menu/select.wav
22:31:17.581 [FXGL Background Thread 3 ] DEBUG Engine               - soundNotification: core/notification.wav
22:31:17.581 [FXGL Background Thread 3 ] DEBUG Engine               - stageStyle: DECORATED
22:31:17.581 [FXGL Background Thread 3 ] DEBUG Engine               - supportedLanguages: [ENGLISH, FRENCH, GERMAN, HUNGARIAN, RUSSIAN]
22:31:17.582 [FXGL Background Thread 3 ] DEBUG Engine               - ticksPerSecond: -1
22:31:17.582 [FXGL Background Thread 3 ] DEBUG Engine               - title: Zombs
22:31:17.582 [FXGL Background Thread 3 ] DEBUG Engine               - urlGithub: https://github.com/AlmasB/FXGL
22:31:17.582 [FXGL Background Thread 3 ] DEBUG Engine               - urlLeaderboard: http://fxgl-top.herokuapp.com/
22:31:17.582 [FXGL Background Thread 3 ] DEBUG Engine               - urlPOM: https://raw.githubusercontent.com/AlmasB/FXGL/release/README.md
22:31:17.582 [FXGL Background Thread 3 ] DEBUG Engine               - userAppClass: class com.csafinal.basedefense.DropApp
22:31:17.582 [FXGL Background Thread 3 ] DEBUG Engine               - version: 1.0
22:31:17.582 [FXGL Background Thread 3 ] DEBUG Engine               - versionCheckDays: 7
22:31:17.582 [FXGL Background Thread 3 ] DEBUG Engine               - width: 1600
22:31:17.582 [FXGL Background Thread 3 ] DEBUG Engine               - Logging services
22:31:17.582 [FXGL Background Thread 3 ] DEBUG Engine               - class com.almasb.fxgl.app.services.FXGLAssetLoaderService
22:31:17.600 [FXGL Background Thread 3 ] DEBUG Engine               - class com.almasb.fxgl.app.FXGLApplication$GameApplicationService
22:31:17.601 [FXGL Background Thread 3 ] DEBUG Engine               - class com.almasb.fxgl.app.services.FXGLDialogService
22:31:17.601 [FXGL Background Thread 3 ] DEBUG Engine               - class com.almasb.fxgl.app.services.IOTaskExecutorService
22:31:17.601 [FXGL Background Thread 3 ] DEBUG Engine               - class com.almasb.fxgl.io.FileSystemService
22:31:17.601 [FXGL Background Thread 3 ] DEBUG Engine               - class com.almasb.fxgl.localization.LocalizationService
22:31:17.601 [FXGL Background Thread 3 ] DEBUG Engine               - class com.almasb.fxgl.app.services.SystemBundleService
22:31:17.601 [FXGL Background Thread 3 ] DEBUG Engine               - class com.almasb.fxgl.profile.SaveLoadService
22:31:17.601 [FXGL Background Thread 3 ] DEBUG Engine               - class com.almasb.fxgl.ui.FXGLUIFactoryServiceProvider
22:31:17.601 [FXGL Background Thread 3 ] DEBUG Engine               - class com.almasb.fxgl.ui.FXGLDialogFactoryServiceProvider
22:31:17.601 [FXGL Background Thread 3 ] DEBUG Engine               - class com.almasb.fxgl.audio.AudioPlayer
22:31:17.601 [FXGL Background Thread 3 ] DEBUG Engine               - class com.almasb.fxgl.notification.impl.NotificationServiceProvider
22:31:17.601 [FXGL Background Thread 3 ] DEBUG Engine               - class com.almasb.fxgl.achievement.AchievementService
22:31:17.601 [FXGL Background Thread 3 ] DEBUG Engine               - class com.almasb.fxgl.cutscene.CutsceneService
22:31:17.602 [FXGL Background Thread 3 ] DEBUG Engine               - class com.almasb.fxgl.minigames.MiniGameService
22:31:17.602 [FXGL Background Thread 3 ] DEBUG Engine               - class com.almasb.fxgl.net.NetService
22:31:17.602 [FXGL Background Thread 3 ] DEBUG Engine               - class com.almasb.fxgl.app.services.UpdaterService
22:31:17.602 [FXGL Background Thread 3 ] DEBUG Engine               - class com.almasb.fxgl.dev.DevService
22:31:17.645 [FXGL Background Thread 4 ] INFO  FXGLApplication      - Game initialization took: 3.032 sec
22:31:17.662 [JavaFX Application Thread] DEBUG Input                - Clearing active input actions
22:31:17.749 [JavaFX Application Thread] DEBUG GameApplicationServi - Removing overlay from FXGLLoadingScene and adding to GameScene
22:31:17.755 [JavaFX Application Thread] DEBUG PrimaryStageWindow   - FXGLLoadingScene -> GameScene
22:31:28.952 [JavaFX Application Thread] DEBUG FXGLApplication      - Exiting FXGL
22:31:28.955 [JavaFX Application Thread] DEBUG LoopRunner           - Stopping loop
22:31:28.956 [JavaFX Application Thread] DEBUG SystemBundleService  - Saving FXGL system data
22:31:28.968 [JavaFX Application Thread] DEBUG FileSystemAccess     - Writing to: /Volumes/AYUSH DRIVE/School 2022-23/M359 AP CS Java A/BaseDefense2/system/fxgl.bundle
22:31:29.003 [JavaFX Application Thread] DEBUG Async                - Shutting down background threads
22:31:29.003 [JavaFX Application Thread] DEBUG PrimaryStageWindow   - Closing main window
22:31:29.027 [JavaFX Application Thread] DEBUG Logger               - Closing Logger
