22:54:19.289 [main                     ] DEBUG Logger               - Configured Logger
22:54:19.485 [main                     ] DEBUG GameApplication      - Logging settings
Title: Zombs
Version: 1.0
Width: 1600
Height: 896
Fullscreen: false
Intro: false
Profiling: false
Single step:false
App Mode: DEVELOPER
Menu Key: ESCAPE
Stage Style: DECORATED
Scene Factory: class com.almasb.fxgl.app.scene.SceneFactory

22:54:20.804 [JavaFX Application Thread] DEBUG FXGLApplication      - Initializing FXGL
22:54:20.818 [JavaFX Application Thread] INFO  Engine               - FXGL-17.3 (30.03.2023 11.49) on MAC (J:20 FX:20)
22:54:20.821 [JavaFX Application Thread] DEBUG Engine               - JRE Vendor Name: Oracle Corporation
22:54:20.821 [JavaFX Application Thread] DEBUG Engine               - Running on OS: Mac OS X version 13.3.1
22:54:20.822 [JavaFX Application Thread] DEBUG Engine               - Architecture: x86_64
22:54:20.822 [JavaFX Application Thread] INFO  Engine               - Source code and latest versions at: https://github.com/AlmasB/FXGL
22:54:20.822 [JavaFX Application Thread] INFO  Engine               -       Ask questions and discuss at: https://github.com/AlmasB/FXGL/discussions
22:54:20.822 [JavaFX Application Thread] INFO  Engine               -              Join the FXGL chat at: https://gitter.im/AlmasB/FXGL
22:54:20.956 [JavaFX Application Thread] DEBUG PrimaryStageWindow   - Creating a JavaFX scene
22:54:20.957 [JavaFX Application Thread] DEBUG PrimaryStageWindow   - Target size > screen size
22:54:21.096 [JavaFX Application Thread] DEBUG PrimaryStageWindow   - Target settings size: 1600.0 x 896.0
22:54:21.102 [JavaFX Application Thread] DEBUG PrimaryStageWindow   - Scaled scene size:    1415.0 x 806.0
22:54:21.105 [JavaFX Application Thread] DEBUG PrimaryStageWindow   - Scaled ratio: (0.884375, 0.8995535714285714)
22:54:21.182 [JavaFX Application Thread] DEBUG PrimaryStageWindow   - Set initial scene to FXGLStartupScene
22:54:21.237 [JavaFX Application Thread] DEBUG PrimaryStageWindow   - Opening main window
22:54:21.729 [JavaFX Application Thread] DEBUG PrimaryStageWindow   - Window border size: (0.0, 28.0)
22:54:21.730 [JavaFX Application Thread] DEBUG PrimaryStageWindow   - Scaled size: 1415.0 x 806.0
22:54:21.731 [JavaFX Application Thread] DEBUG PrimaryStageWindow   - Scaled ratio: (0.884375, 0.8995535714285714)
22:54:21.731 [JavaFX Application Thread] DEBUG PrimaryStageWindow   - Scene size: 1415.0 x 806.0
22:54:21.731 [JavaFX Application Thread] DEBUG PrimaryStageWindow   - Stage size: 1415.0 x 834.0
22:54:21.825 [FXGL Background Thread 1 ] DEBUG Engine               - Initializing environment variables
22:54:23.176 [FXGL Background Thread 1 ] DEBUG FXGLAssetLoaderServi - User app class for loading assets: class com.csafinal.basedefense.DropApp
22:54:23.181 [FXGL Background Thread 1 ] DEBUG GameApplicationServi - Applying CSS: fxgl_dark.css
22:54:23.191 [FXGL Background Thread 1 ] DEBUG FXGLAssetLoaderServi - Loading from file system: jar:file:///Users/ayushkumarrai/.m2/repository/com/github/almasb/fxgl/17.3/fxgl-17.3.jar!/fxglassets/ui/css/fxgl_dark.css
22:54:23.576 [FXGL Background Thread 1 ] DEBUG GameApplicationServi - Initializing application scenes
22:54:24.421 [FXGL Background Thread 1 ] DEBUG GameWorld            - Game world initialized
22:54:24.613 [FXGL Background Thread 1 ] DEBUG PhysicsWorld         - Physics world initialized: appHeight=896, physics.ppm=50.0
22:54:24.619 [FXGL Background Thread 1 ] DEBUG PhysicsWorld         - Using strategy: BRUTE_FORCE
22:54:24.657 [FXGL Background Thread 1 ] DEBUG GameScene            - Game scene initialized: 1600x896
22:54:24.700 [FXGL Background Thread 1 ] DEBUG FXGL.DefaultMenu     - createMenuBodyGameMenu()
22:54:24.732 [FXGL Background Thread 1 ] DEBUG FXGL.DefaultMenu     - createOptionsMenu()
22:54:24.775 [FXGL Background Thread 1 ] DEBUG FXGLAssetLoaderServi - Loading from file system: jar:file:///Users/ayushkumarrai/.m2/repository/com/github/almasb/fxgl/17.3/fxgl-17.3.jar!/fxglassets/textures/particles/smoke.png
22:54:25.067 [FXGL Background Thread 1 ] DEBUG FXGLAssetLoaderServi - Loading from file system: jar:file:///Users/ayushkumarrai/.m2/repository/com/github/almasb/fxgl/17.3/fxgl-17.3.jar!/fxglassets/textures/particles/trace_horizontal.png
22:54:25.116 [FXGL Background Thread 1 ] DEBUG GameApplicationServi - Application scenes initialized
22:54:25.152 [FXGL Background Thread 1 ] DEBUG SystemBundleService  - Loading FXGL system data
22:54:25.169 [FXGL Background Thread 1 ] DEBUG FileSystemAccess     - Reading from: /Volumes/AYUSH DRIVE/School 2022-23/M359 AP CS Java A/BaseDefense2/system/fxgl.bundle
22:54:25.199 [FXGL Background Thread 1 ] DEBUG SystemBundleService  - Bundle FXGL: {}
22:54:25.199 [FXGL Background Thread 1 ] DEBUG UpdaterService       - Checking for updates
22:54:25.213 [FXGL Background Thread 4 ] DEBUG FXGLApplication      - Loading fonts
22:54:25.215 [FXGL Background Thread 4 ] DEBUG FXGLAssetLoaderServi - Loading from file system: jar:file:///Users/ayushkumarrai/.m2/repository/com/github/almasb/fxgl/17.3/fxgl-17.3.jar!/fxglassets/ui/fonts/VarelaRound-Regular.ttf
22:54:25.215 [FXGL Background Thread 1 ] DEBUG FXGLApplication      - Loading default localization
22:54:25.219 [FXGL Background Thread 1 ] DEBUG FXGLAssetLoaderServi - Loading from file system: jar:file:///Users/ayushkumarrai/.m2/repository/com/github/almasb/fxgl/17.3/fxgl-17.3.jar!/fxglassets/languages/english.lang
22:54:25.284 [FXGL Background Thread 1 ] INFO  FXGLApplication      - FXGL initialization took: 3.457 sec
22:54:25.292 [FXGL Background Thread 4 ] DEBUG FXGLAssetLoaderServi - Loading from file system: jar:file:///Users/ayushkumarrai/.m2/repository/com/github/almasb/fxgl/17.3/fxgl-17.3.jar!/fxglassets/ui/fonts/Abel-Regular.ttf
22:54:25.295 [FXGL Background Thread 4 ] DEBUG FXGLAssetLoaderServi - Loading from file system: jar:file:///Users/ayushkumarrai/.m2/repository/com/github/almasb/fxgl/17.3/fxgl-17.3.jar!/fxglassets/ui/fonts/TerminalLandMono-Regular.otf
22:54:25.301 [JavaFX Application Thread] DEBUG Input                - Registered new binding: info - I
22:54:25.303 [FXGL Background Thread 4 ] DEBUG FXGLAssetLoaderServi - Loading from file system: jar:file:///Users/ayushkumarrai/.m2/repository/com/github/almasb/fxgl/17.3/fxgl-17.3.jar!/fxglassets/ui/fonts/Courier-Prime.ttf
22:54:25.302 [JavaFX Application Thread] DEBUG Input                - Registered new binding: Revive - R
22:54:25.304 [JavaFX Application Thread] DEBUG FXGLAssetLoaderServi - Loading from file system: jar:file:///Users/ayushkumarrai/.m2/repository/com/github/almasb/fxgl/17.3/fxgl-17.3.jar!/fxglassets/textures/fxgl_icon.png
22:54:25.362 [JavaFX Application Thread] DEBUG FXGLAssetLoaderServi - Loading from file system: jar:file:///Users/ayushkumarrai/.m2/repository/com/github/almasb/fxgl/17.3/fxgl-17.3.jar!/fxglassets/textures/fxgl_default_cursor.png
22:54:25.376 [JavaFX Application Thread] DEBUG Input                - Registered new binding: Screenshot - CTRL+8
22:54:25.377 [JavaFX Application Thread] DEBUG Input                - Registered new binding: System info dump - CTRL+9
22:54:25.378 [JavaFX Application Thread] DEBUG Input                - Registered new binding: Restart - CTRL+R
22:54:25.378 [JavaFX Application Thread] DEBUG Input                - Registered new binding: Toggle Debug Camera - CTRL+7
22:54:25.386 [JavaFX Application Thread] DEBUG LoopRunner           - Starting loop
22:54:25.386 [JavaFX Application Thread] DEBUG LoopRunner           - Initializing JavaFX AnimationTimerLoop
22:54:25.387 [JavaFX Application Thread] DEBUG GameApplicationServi - Starting new game
22:54:25.388 [JavaFX Application Thread] DEBUG Input                - Clearing active input actions
22:54:25.453 [JavaFX Application Thread] DEBUG GameApplicationServi - Removing overlay from FXGLStartupScene and adding to FXGLLoadingScene
22:54:25.454 [JavaFX Application Thread] DEBUG PrimaryStageWindow   - FXGLStartupScene -> FXGLLoadingScene
22:54:25.454 [JavaFX Application Thread] DEBUG GameApplicationServi - Clearing previous game
22:54:25.454 [JavaFX Application Thread] DEBUG GameScene            - Clearing game scene
22:54:25.455 [JavaFX Application Thread] DEBUG GameWorld            - Clearing game world
22:54:25.455 [JavaFX Application Thread] DEBUG PhysicsWorld         - Clearing physics world
22:54:25.456 [FXGL Background Thread 4 ] DEBUG FXGLApplication      - Initializing game
22:54:25.553 [JavaFX Application Thread] DEBUG FXGLApplication      - Registering font factories with UI factory
22:54:25.627 [FXGL Background Thread 4 ] WARN  TMXLevelLoader       - TiledMap generated from 1.10.0. Supported version: 1.9.0. Some features may not be parsed fully.
22:54:26.003 [FXGL Background Thread 4 ] DEBUG TMXLevelLoader       - Parsed TiledMap: file:/Volumes/AYUSH%20DRIVE/School%202022-23/M359%20AP%20CS%20Java%20A/BaseDefense2/target/classes/assets/levels/tmx/td1.tmx
22:54:26.031 [FXGL Background Thread 4 ] DEBUG TMXLevelLoader       - Creating tile layer entities
22:54:26.073 [FXGL Background Thread 4 ] DEBUG TilesetLoader        - Loading view for layer Ground
22:54:26.079 [FXGL Background Thread 4 ] DEBUG TilesetLoader        - Created buffer with size 1600.0x896.0
22:54:26.686 [FXGL Background Thread 4 ] DEBUG TilesetLoader        - Loading view for layer Decor
22:54:26.724 [FXGL Background Thread 4 ] DEBUG TilesetLoader        - Created buffer with size 1600.0x896.0
22:54:26.731 [FXGL Background Thread 4 ] DEBUG TMXLevelLoader       - Creating object layer entities
22:54:27.051 [FXGL Background Thread 4 ] DEBUG GameWorld            - Clearing removable entities
22:54:27.055 [FXGL Background Thread 4 ] DEBUG GameWorld            - Setting level: com.almasb.fxgl.entity.level.Level@f09b091
22:54:27.103 [FXGL Background Thread 4 ] DEBUG FXGLAssetLoaderServi - Loading JSON from: file:/Volumes/AYUSH%20DRIVE/School%202022-23/M359%20AP%20CS%20Java%20A/BaseDefense2/target/classes/assets/towers/tower1.json
22:54:27.899 [FXGL Background Thread 4 ] DEBUG FXGLAssetLoaderServi - Loading JSON from: file:/Volumes/AYUSH%20DRIVE/School%202022-23/M359%20AP%20CS%20Java%20A/BaseDefense2/target/classes/assets/towers/tower2.json
22:54:27.915 [FXGL Background Thread 4 ] DEBUG FXGLAssetLoaderServi - Loading JSON from: file:/Volumes/AYUSH%20DRIVE/School%202022-23/M359%20AP%20CS%20Java%20A/BaseDefense2/target/classes/assets/towers/tower3.json
22:54:27.934 [FXGL Background Thread 4 ] DEBUG FXGLAssetLoaderServi - Loading JSON from: file:/Volumes/AYUSH%20DRIVE/School%202022-23/M359%20AP%20CS%20Java%20A/BaseDefense2/target/classes/assets/towers/tower4.json
22:54:27.949 [FXGL Background Thread 4 ] DEBUG FXGLAssetLoaderServi - Loading JSON from: file:/Volumes/AYUSH%20DRIVE/School%202022-23/M359%20AP%20CS%20Java%20A/BaseDefense2/target/classes/assets/towers/tower5.json
22:54:27.962 [FXGL Background Thread 4 ] DEBUG FXGLAssetLoaderServi - Loading JSON from: file:/Volumes/AYUSH%20DRIVE/School%202022-23/M359%20AP%20CS%20Java%20A/BaseDefense2/target/classes/assets/towers/tower6.json
22:54:27.983 [FXGL Background Thread 4 ] DEBUG FXGLAssetLoaderServi - Loading JSON from: file:/Volumes/AYUSH%20DRIVE/School%202022-23/M359%20AP%20CS%20Java%20A/BaseDefense2/target/classes/assets/playerTypes/player1.json
22:54:28.061 [FXGL Background Thread 4 ] DEBUG FXGLAssetLoaderServi - Loading from file system: file:/Volumes/AYUSH%20DRIVE/School%202022-23/M359%20AP%20CS%20Java%20A/BaseDefense2/target/classes/assets/textures/player.png
22:54:28.125 [FXGL Background Thread 4 ] DEBUG FXGLAssetLoaderServi - Loading JSON from: file:/Volumes/AYUSH%20DRIVE/School%202022-23/M359%20AP%20CS%20Java%20A/BaseDefense2/target/classes/assets/enemies/enemy1.json
22:54:28.182 [FXGL Background Thread 4 ] INFO  FXGLApplication      - Game initialization took: 2.724 sec
22:54:28.184 [JavaFX Application Thread] DEBUG Input                - Clearing active input actions
22:54:28.210 [FXGL Background Thread 3 ] DEBUG Engine               - Logging environment variables
22:54:28.217 [FXGL Background Thread 3 ] DEBUG Engine               - achievements: []
22:54:28.218 [FXGL Background Thread 3 ] DEBUG Engine               - actualHeight: 806.0
22:54:28.218 [FXGL Background Thread 3 ] DEBUG Engine               - actualHeightProperty: ReadOnlyDoubleProperty [value: 806.0]
22:54:28.218 [FXGL Background Thread 3 ] DEBUG Engine               - actualWidth: 1415.0
22:54:28.218 [FXGL Background Thread 3 ] DEBUG Engine               - actualWidthProperty: ReadOnlyDoubleProperty [value: 1415.0]
22:54:28.219 [FXGL Background Thread 3 ] DEBUG Engine               - appIcon: fxgl_icon.png
22:54:28.219 [FXGL Background Thread 3 ] DEBUG Engine               - applicationMode: DEVELOPER
22:54:28.219 [FXGL Background Thread 3 ] DEBUG Engine               - cSSList: [fxgl_dark.css]
22:54:28.222 [FXGL Background Thread 3 ] DEBUG Engine               - collisionDetectionStrategy: BRUTE_FORCE
22:54:28.226 [FXGL Background Thread 3 ] DEBUG Engine               - configClass: Optional.empty
22:54:28.226 [FXGL Background Thread 3 ] DEBUG Engine               - credits: []
22:54:28.228 [FXGL Background Thread 3 ] DEBUG Engine               - defaultCursor: CursorInfo(imageName=fxgl_default_cursor.png, hotspotX=7.0, hotspotY=6.0)
22:54:28.232 [FXGL Background Thread 3 ] DEBUG Engine               - devBBoxColorProperty: ObjectProperty [value: 0xff0000ff]
22:54:28.232 [FXGL Background Thread 3 ] DEBUG Engine               - devEnableDebugCameraProperty: BooleanProperty [value: false]
22:54:28.233 [FXGL Background Thread 3 ] DEBUG Engine               - devSensorColorProperty: ObjectProperty [value: 0xffff00ff]
22:54:28.233 [FXGL Background Thread 3 ] DEBUG Engine               - devShowBBoxProperty: BooleanProperty [value: false]
22:54:28.233 [FXGL Background Thread 3 ] DEBUG Engine               - devShowPositionProperty: BooleanProperty [value: false]
22:54:28.233 [FXGL Background Thread 3 ] DEBUG Engine               - enabledMenuItems: []
22:54:28.234 [FXGL Background Thread 3 ] DEBUG Engine               - engineServices: [class com.almasb.fxgl.app.services.FXGLAssetLoaderService, class com.almasb.fxgl.app.FXGLApplication$GameApplicationService, class com.almasb.fxgl.app.services.FXGLDialogService, class com.almasb.fxgl.app.services.IOTaskExecutorService, class com.almasb.fxgl.io.FileSystemService, class com.almasb.fxgl.localization.LocalizationService, class com.almasb.fxgl.app.services.SystemBundleService, class com.almasb.fxgl.profile.SaveLoadService, class com.almasb.fxgl.ui.FXGLUIFactoryServiceProvider, class com.almasb.fxgl.ui.FXGLDialogFactoryServiceProvider, class com.almasb.fxgl.audio.AudioPlayer, class com.almasb.fxgl.notification.impl.NotificationServiceProvider, class com.almasb.fxgl.achievement.AchievementService, class com.almasb.fxgl.cutscene.CutsceneService, class com.almasb.fxgl.minigames.MiniGameService, class com.almasb.fxgl.net.NetService, class com.almasb.fxgl.app.services.UpdaterService, class com.almasb.fxgl.dev.DevService]
22:54:28.239 [FXGL Background Thread 3 ] DEBUG Engine               - fontGame: Abel-Regular.ttf
22:54:28.241 [FXGL Background Thread 3 ] DEBUG Engine               - fontMono: TerminalLandMono-Regular.otf
22:54:28.241 [FXGL Background Thread 3 ] DEBUG Engine               - fontSizeScaleUI: 1.0
22:54:28.241 [FXGL Background Thread 3 ] DEBUG Engine               - fontText: Courier-Prime.ttf
22:54:28.241 [FXGL Background Thread 3 ] DEBUG Engine               - fontUI: VarelaRound-Regular.ttf
22:54:28.241 [FXGL Background Thread 3 ] DEBUG Engine               - fullScreen: BooleanProperty [value: false]
22:54:28.241 [FXGL Background Thread 3 ] DEBUG Engine               - gameDifficulty: MEDIUM
22:54:28.241 [FXGL Background Thread 3 ] DEBUG Engine               - gameDifficultyProperty: ObjectProperty [value: MEDIUM]
22:54:28.241 [FXGL Background Thread 3 ] DEBUG Engine               - globalMusicVolume: 0.5
22:54:28.242 [FXGL Background Thread 3 ] DEBUG Engine               - globalMusicVolumeProperty: DoubleProperty [value: 0.5]
22:54:28.244 [FXGL Background Thread 3 ] DEBUG Engine               - globalSoundVolume: 0.5
22:54:28.245 [FXGL Background Thread 3 ] DEBUG Engine               - globalSoundVolumeProperty: DoubleProperty [value: 0.5]
22:54:28.247 [FXGL Background Thread 3 ] DEBUG Engine               - height: 896
22:54:28.247 [FXGL Background Thread 3 ] DEBUG Engine               - is3D: false
22:54:28.247 [FXGL Background Thread 3 ] DEBUG Engine               - isAndroid: false
22:54:28.247 [FXGL Background Thread 3 ] DEBUG Engine               - isBrowser: false
22:54:28.247 [FXGL Background Thread 3 ] DEBUG Engine               - isClickFeedbackEnabled: false
22:54:28.247 [FXGL Background Thread 3 ] DEBUG Engine               - isCloseConfirmation: false
22:54:28.247 [FXGL Background Thread 3 ] DEBUG Engine               - isDesktop: true
22:54:28.255 [FXGL Background Thread 3 ] DEBUG Engine               - isDeveloperMenuEnabled: false
22:54:28.257 [FXGL Background Thread 3 ] DEBUG Engine               - isEmbedded: false
22:54:28.257 [FXGL Background Thread 3 ] DEBUG Engine               - isEntityPreloadEnabled: true
22:54:28.258 [FXGL Background Thread 3 ] DEBUG Engine               - isExperimentalTiledLargeMap: false
22:54:28.258 [FXGL Background Thread 3 ] DEBUG Engine               - isFileSystemWriteAllowed: true
22:54:28.258 [FXGL Background Thread 3 ] DEBUG Engine               - isFullScreenAllowed: false
22:54:28.258 [FXGL Background Thread 3 ] DEBUG Engine               - isFullScreenFromStart: false
22:54:28.258 [FXGL Background Thread 3 ] DEBUG Engine               - isGameMenuEnabled: true
22:54:28.258 [FXGL Background Thread 3 ] DEBUG Engine               - isIOS: false
22:54:28.258 [FXGL Background Thread 3 ] DEBUG Engine               - isIntroEnabled: false
22:54:28.259 [FXGL Background Thread 3 ] DEBUG Engine               - isLinux: false
22:54:28.259 [FXGL Background Thread 3 ] DEBUG Engine               - isMac: true
22:54:28.259 [FXGL Background Thread 3 ] DEBUG Engine               - isMainMenuEnabled: false
22:54:28.261 [FXGL Background Thread 3 ] DEBUG Engine               - isManualResizeEnabled: false
22:54:28.262 [FXGL Background Thread 3 ] DEBUG Engine               - isMobile: false
22:54:28.262 [FXGL Background Thread 3 ] DEBUG Engine               - isNative: false
22:54:28.262 [FXGL Background Thread 3 ] DEBUG Engine               - isPauseMusicWhenMinimized: true
22:54:28.262 [FXGL Background Thread 3 ] DEBUG Engine               - isPreserveResizeRatio: false
22:54:28.262 [FXGL Background Thread 3 ] DEBUG Engine               - isProfilingEnabled: false
22:54:28.262 [FXGL Background Thread 3 ] DEBUG Engine               - isScaleAffectedOnResize: true
22:54:28.262 [FXGL Background Thread 3 ] DEBUG Engine               - isSingleStep: false
22:54:28.262 [FXGL Background Thread 3 ] DEBUG Engine               - isUserProfileEnabled: false
22:54:28.262 [FXGL Background Thread 3 ] DEBUG Engine               - isWindows: false
22:54:28.262 [FXGL Background Thread 3 ] DEBUG Engine               - language: ObjectProperty [value: ENGLISH]
22:54:28.262 [FXGL Background Thread 3 ] DEBUG Engine               - menuKey: ESCAPE
22:54:28.262 [FXGL Background Thread 3 ] DEBUG Engine               - mouseSensitivity: 0.2
22:54:28.262 [FXGL Background Thread 3 ] DEBUG Engine               - notificationViewClass: class com.almasb.fxgl.notification.view.XboxNotificationView
22:54:28.262 [FXGL Background Thread 3 ] DEBUG Engine               - pixelsPerMeter: 50.0
22:54:28.264 [FXGL Background Thread 3 ] DEBUG Engine               - platform: MAC
22:54:28.264 [FXGL Background Thread 3 ] DEBUG Engine               - prefHeightProperty: ReadOnlyDoubleProperty [value: 896.0]
22:54:28.265 [FXGL Background Thread 3 ] DEBUG Engine               - prefWidthProperty: ReadOnlyDoubleProperty [value: 1600.0]
22:54:28.265 [FXGL Background Thread 3 ] DEBUG Engine               - profileDir: profiles/
22:54:28.265 [FXGL Background Thread 3 ] DEBUG Engine               - profileName: StringProperty [value: DEFAULT]
22:54:28.265 [FXGL Background Thread 3 ] DEBUG Engine               - randomSeed: -1
22:54:28.267 [FXGL Background Thread 3 ] DEBUG Engine               - runtimeInfo: RuntimeInfo(platform=MAC, version=17.3, build=30.03.2023 11.49)
22:54:28.268 [FXGL Background Thread 3 ] DEBUG Engine               - saveFileExt: sav
22:54:28.268 [FXGL Background Thread 3 ] DEBUG Engine               - scaledHeightProp$fxgl: DoubleProperty [bound, value: 806.0]
22:54:28.268 [FXGL Background Thread 3 ] DEBUG Engine               - scaledWidthProp$fxgl: DoubleProperty [bound, value: 1415.0]
22:54:28.268 [FXGL Background Thread 3 ] DEBUG Engine               - sceneFactory: com.almasb.fxgl.app.scene.SceneFactory@3f68a93e
22:54:28.269 [FXGL Background Thread 3 ] DEBUG Engine               - secondsIn24h: 60
22:54:28.269 [FXGL Background Thread 3 ] DEBUG Engine               - soundMenuBack: menu/back.wav
22:54:28.269 [FXGL Background Thread 3 ] DEBUG Engine               - soundMenuPress: menu/press.wav
22:54:28.269 [FXGL Background Thread 3 ] DEBUG Engine               - soundMenuSelect: menu/select.wav
22:54:28.269 [FXGL Background Thread 3 ] DEBUG Engine               - soundNotification: core/notification.wav
22:54:28.271 [FXGL Background Thread 3 ] DEBUG Engine               - stageStyle: DECORATED
22:54:28.275 [FXGL Background Thread 3 ] DEBUG Engine               - supportedLanguages: [ENGLISH, FRENCH, GERMAN, HUNGARIAN, RUSSIAN]
22:54:28.276 [FXGL Background Thread 3 ] DEBUG Engine               - ticksPerSecond: -1
22:54:28.276 [FXGL Background Thread 3 ] DEBUG Engine               - title: Zombs
22:54:28.276 [FXGL Background Thread 3 ] DEBUG Engine               - urlGithub: https://github.com/AlmasB/FXGL
22:54:28.276 [FXGL Background Thread 3 ] DEBUG Engine               - urlLeaderboard: http://fxgl-top.herokuapp.com/
22:54:28.276 [FXGL Background Thread 3 ] DEBUG Engine               - urlPOM: https://raw.githubusercontent.com/AlmasB/FXGL/release/README.md
22:54:28.276 [FXGL Background Thread 3 ] DEBUG Engine               - userAppClass: class com.csafinal.basedefense.DropApp
22:54:28.276 [FXGL Background Thread 3 ] DEBUG Engine               - version: 1.0
22:54:28.276 [FXGL Background Thread 3 ] DEBUG Engine               - versionCheckDays: 7
22:54:28.276 [FXGL Background Thread 3 ] DEBUG Engine               - width: 1600
22:54:28.276 [FXGL Background Thread 3 ] DEBUG Engine               - Logging services
22:54:28.276 [FXGL Background Thread 3 ] DEBUG Engine               - class com.almasb.fxgl.app.services.FXGLAssetLoaderService
22:54:28.277 [FXGL Background Thread 3 ] DEBUG Engine               - class com.almasb.fxgl.app.FXGLApplication$GameApplicationService
22:54:28.285 [FXGL Background Thread 3 ] DEBUG Engine               - class com.almasb.fxgl.app.services.FXGLDialogService
22:54:28.286 [FXGL Background Thread 3 ] DEBUG Engine               - class com.almasb.fxgl.app.services.IOTaskExecutorService
22:54:28.286 [FXGL Background Thread 3 ] DEBUG Engine               - class com.almasb.fxgl.io.FileSystemService
22:54:28.286 [FXGL Background Thread 3 ] DEBUG Engine               - class com.almasb.fxgl.localization.LocalizationService
22:54:28.286 [FXGL Background Thread 3 ] DEBUG Engine               - class com.almasb.fxgl.app.services.SystemBundleService
22:54:28.286 [FXGL Background Thread 3 ] DEBUG Engine               - class com.almasb.fxgl.profile.SaveLoadService
22:54:28.286 [FXGL Background Thread 3 ] DEBUG Engine               - class com.almasb.fxgl.ui.FXGLUIFactoryServiceProvider
22:54:28.286 [FXGL Background Thread 3 ] DEBUG Engine               - class com.almasb.fxgl.ui.FXGLDialogFactoryServiceProvider
22:54:28.286 [FXGL Background Thread 3 ] DEBUG Engine               - class com.almasb.fxgl.audio.AudioPlayer
22:54:28.286 [FXGL Background Thread 3 ] DEBUG Engine               - class com.almasb.fxgl.notification.impl.NotificationServiceProvider
22:54:28.286 [FXGL Background Thread 3 ] DEBUG Engine               - class com.almasb.fxgl.achievement.AchievementService
22:54:28.286 [FXGL Background Thread 3 ] DEBUG Engine               - class com.almasb.fxgl.cutscene.CutsceneService
22:54:28.286 [FXGL Background Thread 3 ] DEBUG Engine               - class com.almasb.fxgl.minigames.MiniGameService
22:54:28.286 [FXGL Background Thread 3 ] DEBUG Engine               - class com.almasb.fxgl.net.NetService
22:54:28.286 [FXGL Background Thread 3 ] DEBUG Engine               - class com.almasb.fxgl.app.services.UpdaterService
22:54:28.286 [FXGL Background Thread 3 ] DEBUG Engine               - class com.almasb.fxgl.dev.DevService
22:54:28.306 [JavaFX Application Thread] DEBUG GameApplicationServi - Removing overlay from FXGLLoadingScene and adding to GameScene
22:54:28.315 [JavaFX Application Thread] DEBUG PrimaryStageWindow   - FXGLLoadingScene -> GameScene
22:54:29.478 [JavaFX Application Thread] DEBUG FXGLAssetLoaderServi - Loading from file system: file:/Volumes/AYUSH%20DRIVE/School%202022-23/M359%20AP%20CS%20Java%20A/BaseDefense2/target/classes/assets/textures/enemies/enemy1.png
22:54:31.016 [JavaFX Application Thread] DEBUG FXGLAssetLoaderServi - Loading from file system: file:/Volumes/AYUSH%20DRIVE/School%202022-23/M359%20AP%20CS%20Java%20A/BaseDefense2/target/classes/assets/textures/towers/tower1.png
22:54:32.385 [JavaFX Application Thread] DEBUG FXGLAssetLoaderServi - Loading from file system: file:/Volumes/AYUSH%20DRIVE/School%202022-23/M359%20AP%20CS%20Java%20A/BaseDefense2/target/classes/assets/textures/projectile.png
22:55:18.003 [JavaFX Application Thread] DEBUG FXGLApplication      - Exiting FXGL
22:55:18.113 [JavaFX Application Thread] DEBUG LoopRunner           - Stopping loop
22:55:18.115 [JavaFX Application Thread] DEBUG SystemBundleService  - Saving FXGL system data
22:55:18.137 [JavaFX Application Thread] DEBUG FileSystemAccess     - Writing to: /Volumes/AYUSH DRIVE/School 2022-23/M359 AP CS Java A/BaseDefense2/system/fxgl.bundle
22:55:18.165 [JavaFX Application Thread] DEBUG Async                - Shutting down background threads
22:55:18.168 [JavaFX Application Thread] DEBUG PrimaryStageWindow   - Closing main window
22:55:18.197 [JavaFX Application Thread] DEBUG Logger               - Closing Logger
