22:00:08.957 [main                     ] DEBUG Logger               - Configured Logger
22:00:09.097 [main                     ] DEBUG GameApplication      - Logging settings
Title: Zombs
Version: 1.0
Width: 1600
Height: 896
Fullscreen: false
Intro: false
Profiling: false
Single step:false
App Mode: DEVELOPER
Menu Key: ESCAPE
Stage Style: DECORATED
Scene Factory: class com.almasb.fxgl.app.scene.SceneFactory

22:00:09.880 [JavaFX Application Thread] DEBUG FXGLApplication      - Initializing FXGL
22:00:09.900 [JavaFX Application Thread] INFO  Engine               - FXGL-17.3 (30.03.2023 11.49) on MAC (J:20 FX:20)
22:00:09.904 [JavaFX Application Thread] DEBUG Engine               - JRE Vendor Name: Oracle Corporation
22:00:09.904 [JavaFX Application Thread] DEBUG Engine               - Running on OS: Mac OS X version 13.3.1
22:00:09.905 [JavaFX Application Thread] DEBUG Engine               - Architecture: x86_64
22:00:09.905 [JavaFX Application Thread] INFO  Engine               - Source code and latest versions at: https://github.com/AlmasB/FXGL
22:00:09.905 [JavaFX Application Thread] INFO  Engine               -       Ask questions and discuss at: https://github.com/AlmasB/FXGL/discussions
22:00:09.905 [JavaFX Application Thread] INFO  Engine               -              Join the FXGL chat at: https://gitter.im/AlmasB/FXGL
22:00:10.084 [JavaFX Application Thread] DEBUG PrimaryStageWindow   - Creating a JavaFX scene
22:00:10.085 [JavaFX Application Thread] DEBUG PrimaryStageWindow   - Target size > screen size
22:00:10.327 [JavaFX Application Thread] DEBUG PrimaryStageWindow   - Target settings size: 1600.0 x 896.0
22:00:10.328 [JavaFX Application Thread] DEBUG PrimaryStageWindow   - Scaled scene size:    1415.0 x 806.0
22:00:10.329 [JavaFX Application Thread] DEBUG PrimaryStageWindow   - Scaled ratio: (0.884375, 0.8995535714285714)
22:00:10.335 [JavaFX Application Thread] DEBUG PrimaryStageWindow   - Set initial scene to FXGLStartupScene
22:00:10.346 [JavaFX Application Thread] DEBUG PrimaryStageWindow   - Opening main window
22:00:10.775 [JavaFX Application Thread] DEBUG PrimaryStageWindow   - Window border size: (0.0, 28.0)
22:00:10.778 [JavaFX Application Thread] DEBUG PrimaryStageWindow   - Scaled size: 1415.0 x 806.0
22:00:10.778 [JavaFX Application Thread] DEBUG PrimaryStageWindow   - Scaled ratio: (0.884375, 0.8995535714285714)
22:00:10.787 [JavaFX Application Thread] DEBUG PrimaryStageWindow   - Scene size: 1415.0 x 806.0
22:00:10.788 [JavaFX Application Thread] DEBUG PrimaryStageWindow   - Stage size: 1415.0 x 834.0
22:00:10.813 [FXGL Background Thread 1 ] DEBUG Engine               - Initializing environment variables
22:00:11.425 [FXGL Background Thread 1 ] DEBUG FXGLAssetLoaderServi - User app class for loading assets: class com.csafinal.basedefense.DropApp
22:00:11.428 [FXGL Background Thread 1 ] DEBUG GameApplicationServi - Applying CSS: fxgl_dark.css
22:00:11.430 [FXGL Background Thread 1 ] DEBUG FXGLAssetLoaderServi - Loading from file system: jar:file:///Users/ayushkumarrai/.m2/repository/com/github/almasb/fxgl/17.3/fxgl-17.3.jar!/fxglassets/ui/css/fxgl_dark.css
22:00:11.684 [FXGL Background Thread 1 ] DEBUG GameApplicationServi - Initializing application scenes
22:00:12.082 [FXGL Background Thread 1 ] DEBUG GameWorld            - Game world initialized
22:00:12.182 [FXGL Background Thread 1 ] DEBUG PhysicsWorld         - Physics world initialized: appHeight=896, physics.ppm=50.0
22:00:12.185 [FXGL Background Thread 1 ] DEBUG PhysicsWorld         - Using strategy: BRUTE_FORCE
22:00:12.199 [FXGL Background Thread 1 ] DEBUG GameScene            - Game scene initialized: 1600x896
22:00:12.250 [FXGL Background Thread 1 ] DEBUG FXGL.DefaultMenu     - createMenuBodyGameMenu()
22:00:12.300 [FXGL Background Thread 1 ] DEBUG FXGL.DefaultMenu     - createOptionsMenu()
22:00:12.326 [FXGL Background Thread 1 ] DEBUG FXGLAssetLoaderServi - Loading from file system: jar:file:///Users/ayushkumarrai/.m2/repository/com/github/almasb/fxgl/17.3/fxgl-17.3.jar!/fxglassets/textures/particles/smoke.png
22:00:12.580 [FXGL Background Thread 1 ] DEBUG FXGLAssetLoaderServi - Loading from file system: jar:file:///Users/ayushkumarrai/.m2/repository/com/github/almasb/fxgl/17.3/fxgl-17.3.jar!/fxglassets/textures/particles/trace_horizontal.png
22:00:12.689 [FXGL Background Thread 1 ] DEBUG GameApplicationServi - Application scenes initialized
22:00:12.855 [FXGL Background Thread 1 ] DEBUG SystemBundleService  - Loading FXGL system data
22:00:12.874 [FXGL Background Thread 1 ] DEBUG FileSystemAccess     - Reading from: /Volumes/AYUSH DRIVE/School 2022-23/M359 AP CS Java A/BaseDefense2/system/fxgl.bundle
22:00:12.935 [FXGL Background Thread 1 ] DEBUG SystemBundleService  - Bundle FXGL: {}
22:00:12.935 [FXGL Background Thread 1 ] DEBUG UpdaterService       - Checking for updates
22:00:12.962 [FXGL Background Thread 4 ] DEBUG FXGLApplication      - Loading fonts
22:00:12.963 [FXGL Background Thread 4 ] DEBUG FXGLAssetLoaderServi - Loading from file system: jar:file:///Users/ayushkumarrai/.m2/repository/com/github/almasb/fxgl/17.3/fxgl-17.3.jar!/fxglassets/ui/fonts/VarelaRound-Regular.ttf
22:00:12.969 [FXGL Background Thread 1 ] DEBUG FXGLApplication      - Loading default localization
22:00:12.974 [FXGL Background Thread 1 ] DEBUG FXGLAssetLoaderServi - Loading from file system: jar:file:///Users/ayushkumarrai/.m2/repository/com/github/almasb/fxgl/17.3/fxgl-17.3.jar!/fxglassets/languages/english.lang
22:00:13.098 [FXGL Background Thread 1 ] INFO  FXGLApplication      - FXGL initialization took: 2.281 sec
22:00:13.110 [FXGL Background Thread 4 ] DEBUG FXGLAssetLoaderServi - Loading from file system: jar:file:///Users/ayushkumarrai/.m2/repository/com/github/almasb/fxgl/17.3/fxgl-17.3.jar!/fxglassets/ui/fonts/Abel-Regular.ttf
22:00:13.118 [FXGL Background Thread 4 ] DEBUG FXGLAssetLoaderServi - Loading from file system: jar:file:///Users/ayushkumarrai/.m2/repository/com/github/almasb/fxgl/17.3/fxgl-17.3.jar!/fxglassets/ui/fonts/TerminalLandMono-Regular.otf
22:00:13.128 [JavaFX Application Thread] DEBUG Input                - Registered new binding: info - I
22:00:13.129 [JavaFX Application Thread] DEBUG Input                - Registered new binding: Revive - R
22:00:13.131 [JavaFX Application Thread] DEBUG FXGLAssetLoaderServi - Loading from file system: jar:file:///Users/ayushkumarrai/.m2/repository/com/github/almasb/fxgl/17.3/fxgl-17.3.jar!/fxglassets/textures/fxgl_icon.png
22:00:13.155 [FXGL Background Thread 4 ] DEBUG FXGLAssetLoaderServi - Loading from file system: jar:file:///Users/ayushkumarrai/.m2/repository/com/github/almasb/fxgl/17.3/fxgl-17.3.jar!/fxglassets/ui/fonts/Courier-Prime.ttf
22:00:13.289 [JavaFX Application Thread] DEBUG FXGLAssetLoaderServi - Loading from file system: jar:file:///Users/ayushkumarrai/.m2/repository/com/github/almasb/fxgl/17.3/fxgl-17.3.jar!/fxglassets/textures/fxgl_default_cursor.png
22:00:13.306 [JavaFX Application Thread] DEBUG Input                - Registered new binding: Screenshot - CTRL+8
22:00:13.308 [JavaFX Application Thread] DEBUG Input                - Registered new binding: System info dump - CTRL+9
22:00:13.308 [JavaFX Application Thread] DEBUG Input                - Registered new binding: Restart - CTRL+R
22:00:13.309 [JavaFX Application Thread] DEBUG Input                - Registered new binding: Toggle Debug Camera - CTRL+7
22:00:13.317 [JavaFX Application Thread] DEBUG LoopRunner           - Starting loop
22:00:13.317 [JavaFX Application Thread] DEBUG LoopRunner           - Initializing JavaFX AnimationTimerLoop
22:00:13.318 [JavaFX Application Thread] DEBUG GameApplicationServi - Starting new game
22:00:13.320 [JavaFX Application Thread] DEBUG Input                - Clearing active input actions
22:00:13.411 [JavaFX Application Thread] DEBUG GameApplicationServi - Removing overlay from FXGLStartupScene and adding to FXGLLoadingScene
22:00:13.414 [JavaFX Application Thread] DEBUG PrimaryStageWindow   - FXGLStartupScene -> FXGLLoadingScene
22:00:13.415 [JavaFX Application Thread] DEBUG GameApplicationServi - Clearing previous game
22:00:13.415 [JavaFX Application Thread] DEBUG GameScene            - Clearing game scene
22:00:13.416 [JavaFX Application Thread] DEBUG GameWorld            - Clearing game world
22:00:13.417 [JavaFX Application Thread] DEBUG PhysicsWorld         - Clearing physics world
22:00:13.420 [FXGL Background Thread 4 ] DEBUG FXGLApplication      - Initializing game
22:00:13.535 [JavaFX Application Thread] DEBUG FXGLApplication      - Registering font factories with UI factory
22:00:13.588 [FXGL Background Thread 4 ] WARN  TMXLevelLoader       - TiledMap generated from 1.10.0. Supported version: 1.9.0. Some features may not be parsed fully.
22:00:13.804 [FXGL Background Thread 4 ] DEBUG TMXLevelLoader       - Parsed TiledMap: file:/Volumes/AYUSH%20DRIVE/School%202022-23/M359%20AP%20CS%20Java%20A/BaseDefense2/target/classes/assets/levels/tmx/td1.tmx
22:00:13.846 [FXGL Background Thread 4 ] DEBUG TMXLevelLoader       - Creating tile layer entities
22:00:13.888 [FXGL Background Thread 4 ] DEBUG TilesetLoader        - Loading view for layer Ground
22:00:13.905 [FXGL Background Thread 4 ] DEBUG TilesetLoader        - Created buffer with size 1600.0x896.0
22:00:14.349 [FXGL Background Thread 4 ] DEBUG TilesetLoader        - Loading view for layer Decor
22:00:14.377 [FXGL Background Thread 4 ] DEBUG TilesetLoader        - Created buffer with size 1600.0x896.0
22:00:14.387 [FXGL Background Thread 4 ] DEBUG TMXLevelLoader       - Creating object layer entities
22:00:14.826 [FXGL Background Thread 4 ] DEBUG GameWorld            - Clearing removable entities
22:00:14.837 [FXGL Background Thread 4 ] DEBUG GameWorld            - Setting level: com.almasb.fxgl.entity.level.Level@35a2a472
22:00:14.895 [FXGL Background Thread 4 ] DEBUG FXGLAssetLoaderServi - Loading JSON from: file:/Volumes/AYUSH%20DRIVE/School%202022-23/M359%20AP%20CS%20Java%20A/BaseDefense2/target/classes/assets/towers/tower1.json
22:00:15.951 [FXGL Background Thread 3 ] DEBUG Engine               - Logging environment variables
22:00:15.966 [FXGL Background Thread 3 ] DEBUG Engine               - achievements: []
22:00:15.968 [FXGL Background Thread 3 ] DEBUG Engine               - actualHeight: 806.0
22:00:15.968 [FXGL Background Thread 3 ] DEBUG Engine               - actualHeightProperty: ReadOnlyDoubleProperty [value: 806.0]
22:00:15.968 [FXGL Background Thread 3 ] DEBUG Engine               - actualWidth: 1415.0
22:00:15.969 [FXGL Background Thread 3 ] DEBUG Engine               - actualWidthProperty: ReadOnlyDoubleProperty [value: 1415.0]
22:00:15.973 [FXGL Background Thread 3 ] DEBUG Engine               - appIcon: fxgl_icon.png
22:00:15.973 [FXGL Background Thread 3 ] DEBUG Engine               - applicationMode: DEVELOPER
22:00:15.973 [FXGL Background Thread 3 ] DEBUG Engine               - cSSList: [fxgl_dark.css]
22:00:15.973 [FXGL Background Thread 3 ] DEBUG Engine               - collisionDetectionStrategy: BRUTE_FORCE
22:00:15.973 [FXGL Background Thread 3 ] DEBUG Engine               - configClass: Optional.empty
22:00:15.974 [FXGL Background Thread 3 ] DEBUG Engine               - credits: []
22:00:15.977 [FXGL Background Thread 3 ] DEBUG Engine               - defaultCursor: CursorInfo(imageName=fxgl_default_cursor.png, hotspotX=7.0, hotspotY=6.0)
22:00:15.988 [FXGL Background Thread 3 ] DEBUG Engine               - devBBoxColorProperty: ObjectProperty [value: 0xff0000ff]
22:00:16.000 [FXGL Background Thread 3 ] DEBUG Engine               - devEnableDebugCameraProperty: BooleanProperty [value: false]
22:00:16.002 [FXGL Background Thread 3 ] DEBUG Engine               - devSensorColorProperty: ObjectProperty [value: 0xffff00ff]
22:00:16.003 [FXGL Background Thread 3 ] DEBUG Engine               - devShowBBoxProperty: BooleanProperty [value: false]
22:00:16.003 [FXGL Background Thread 3 ] DEBUG Engine               - devShowPositionProperty: BooleanProperty [value: false]
22:00:16.009 [FXGL Background Thread 3 ] DEBUG Engine               - enabledMenuItems: []
22:00:16.030 [FXGL Background Thread 3 ] DEBUG Engine               - engineServices: [class com.almasb.fxgl.app.services.FXGLAssetLoaderService, class com.almasb.fxgl.app.FXGLApplication$GameApplicationService, class com.almasb.fxgl.app.services.FXGLDialogService, class com.almasb.fxgl.app.services.IOTaskExecutorService, class com.almasb.fxgl.io.FileSystemService, class com.almasb.fxgl.localization.LocalizationService, class com.almasb.fxgl.app.services.SystemBundleService, class com.almasb.fxgl.profile.SaveLoadService, class com.almasb.fxgl.ui.FXGLUIFactoryServiceProvider, class com.almasb.fxgl.ui.FXGLDialogFactoryServiceProvider, class com.almasb.fxgl.audio.AudioPlayer, class com.almasb.fxgl.notification.impl.NotificationServiceProvider, class com.almasb.fxgl.achievement.AchievementService, class com.almasb.fxgl.cutscene.CutsceneService, class com.almasb.fxgl.minigames.MiniGameService, class com.almasb.fxgl.net.NetService, class com.almasb.fxgl.app.services.UpdaterService, class com.almasb.fxgl.dev.DevService]
22:00:16.030 [FXGL Background Thread 3 ] DEBUG Engine               - fontGame: Abel-Regular.ttf
22:00:16.031 [FXGL Background Thread 3 ] DEBUG Engine               - fontMono: TerminalLandMono-Regular.otf
22:00:16.031 [FXGL Background Thread 3 ] DEBUG Engine               - fontSizeScaleUI: 1.0
22:00:16.031 [FXGL Background Thread 3 ] DEBUG Engine               - fontText: Courier-Prime.ttf
22:00:16.031 [FXGL Background Thread 3 ] DEBUG Engine               - fontUI: VarelaRound-Regular.ttf
22:00:16.031 [FXGL Background Thread 3 ] DEBUG Engine               - fullScreen: BooleanProperty [value: false]
22:00:16.033 [FXGL Background Thread 3 ] DEBUG Engine               - gameDifficulty: MEDIUM
22:00:16.036 [FXGL Background Thread 3 ] DEBUG Engine               - gameDifficultyProperty: ObjectProperty [value: MEDIUM]
22:00:16.036 [FXGL Background Thread 3 ] DEBUG Engine               - globalMusicVolume: 0.5
22:00:16.036 [FXGL Background Thread 3 ] DEBUG Engine               - globalMusicVolumeProperty: DoubleProperty [value: 0.5]
22:00:16.036 [FXGL Background Thread 3 ] DEBUG Engine               - globalSoundVolume: 0.5
22:00:16.037 [FXGL Background Thread 3 ] DEBUG Engine               - globalSoundVolumeProperty: DoubleProperty [value: 0.5]
22:00:16.037 [FXGL Background Thread 3 ] DEBUG Engine               - height: 896
22:00:16.038 [FXGL Background Thread 3 ] DEBUG Engine               - is3D: false
22:00:16.038 [FXGL Background Thread 3 ] DEBUG Engine               - isAndroid: false
22:00:16.038 [FXGL Background Thread 3 ] DEBUG Engine               - isBrowser: false
22:00:16.038 [FXGL Background Thread 3 ] DEBUG Engine               - isClickFeedbackEnabled: false
22:00:16.038 [FXGL Background Thread 3 ] DEBUG Engine               - isCloseConfirmation: false
22:00:16.038 [FXGL Background Thread 3 ] DEBUG Engine               - isDesktop: true
22:00:16.039 [FXGL Background Thread 3 ] DEBUG Engine               - isDeveloperMenuEnabled: false
22:00:16.039 [FXGL Background Thread 3 ] DEBUG Engine               - isEmbedded: false
22:00:16.039 [FXGL Background Thread 3 ] DEBUG Engine               - isEntityPreloadEnabled: true
22:00:16.041 [FXGL Background Thread 3 ] DEBUG Engine               - isExperimentalTiledLargeMap: false
22:00:16.053 [FXGL Background Thread 3 ] DEBUG Engine               - isFileSystemWriteAllowed: true
22:00:16.068 [FXGL Background Thread 3 ] DEBUG Engine               - isFullScreenAllowed: false
22:00:16.073 [FXGL Background Thread 3 ] DEBUG Engine               - isFullScreenFromStart: false
22:00:16.074 [FXGL Background Thread 3 ] DEBUG Engine               - isGameMenuEnabled: true
22:00:16.074 [FXGL Background Thread 3 ] DEBUG Engine               - isIOS: false
22:00:16.075 [FXGL Background Thread 3 ] DEBUG Engine               - isIntroEnabled: false
22:00:16.076 [FXGL Background Thread 3 ] DEBUG Engine               - isLinux: false
22:00:16.076 [FXGL Background Thread 3 ] DEBUG Engine               - isMac: true
22:00:16.076 [FXGL Background Thread 3 ] DEBUG Engine               - isMainMenuEnabled: false
22:00:16.076 [FXGL Background Thread 3 ] DEBUG Engine               - isManualResizeEnabled: false
22:00:16.076 [FXGL Background Thread 3 ] DEBUG Engine               - isMobile: false
22:00:16.076 [FXGL Background Thread 3 ] DEBUG Engine               - isNative: false
22:00:16.076 [FXGL Background Thread 3 ] DEBUG Engine               - isPauseMusicWhenMinimized: true
22:00:16.076 [FXGL Background Thread 3 ] DEBUG Engine               - isPreserveResizeRatio: false
22:00:16.076 [FXGL Background Thread 3 ] DEBUG Engine               - isProfilingEnabled: false
22:00:16.077 [FXGL Background Thread 3 ] DEBUG Engine               - isScaleAffectedOnResize: true
22:00:16.077 [FXGL Background Thread 3 ] DEBUG Engine               - isSingleStep: false
22:00:16.077 [FXGL Background Thread 3 ] DEBUG Engine               - isUserProfileEnabled: false
22:00:16.077 [FXGL Background Thread 3 ] DEBUG Engine               - isWindows: false
22:00:16.077 [FXGL Background Thread 3 ] DEBUG Engine               - language: ObjectProperty [value: ENGLISH]
22:00:16.078 [FXGL Background Thread 3 ] DEBUG Engine               - menuKey: ESCAPE
22:00:16.119 [FXGL Background Thread 3 ] DEBUG Engine               - mouseSensitivity: 0.2
22:00:16.131 [FXGL Background Thread 3 ] DEBUG Engine               - notificationViewClass: class com.almasb.fxgl.notification.view.XboxNotificationView
22:00:16.132 [FXGL Background Thread 3 ] DEBUG Engine               - pixelsPerMeter: 50.0
22:00:16.132 [FXGL Background Thread 3 ] DEBUG Engine               - platform: MAC
22:00:16.133 [FXGL Background Thread 3 ] DEBUG Engine               - prefHeightProperty: ReadOnlyDoubleProperty [value: 896.0]
22:00:16.133 [FXGL Background Thread 3 ] DEBUG Engine               - prefWidthProperty: ReadOnlyDoubleProperty [value: 1600.0]
22:00:16.133 [FXGL Background Thread 3 ] DEBUG Engine               - profileDir: profiles/
22:00:16.133 [FXGL Background Thread 3 ] DEBUG Engine               - profileName: StringProperty [value: DEFAULT]
22:00:16.133 [FXGL Background Thread 3 ] DEBUG Engine               - randomSeed: -1
22:00:16.145 [FXGL Background Thread 3 ] DEBUG Engine               - runtimeInfo: RuntimeInfo(platform=MAC, version=17.3, build=30.03.2023 11.49)
22:00:16.148 [FXGL Background Thread 3 ] DEBUG Engine               - saveFileExt: sav
22:00:16.149 [FXGL Background Thread 3 ] DEBUG Engine               - scaledHeightProp$fxgl: DoubleProperty [bound, value: 806.0]
22:00:16.149 [FXGL Background Thread 3 ] DEBUG Engine               - scaledWidthProp$fxgl: DoubleProperty [bound, value: 1415.0]
22:00:16.149 [FXGL Background Thread 3 ] DEBUG Engine               - sceneFactory: com.almasb.fxgl.app.scene.SceneFactory@498064ab
22:00:16.149 [FXGL Background Thread 3 ] DEBUG Engine               - secondsIn24h: 60
22:00:16.149 [FXGL Background Thread 3 ] DEBUG Engine               - soundMenuBack: menu/back.wav
22:00:16.149 [FXGL Background Thread 3 ] DEBUG Engine               - soundMenuPress: menu/press.wav
22:00:16.150 [FXGL Background Thread 3 ] DEBUG Engine               - soundMenuSelect: menu/select.wav
22:00:16.150 [FXGL Background Thread 3 ] DEBUG Engine               - soundNotification: core/notification.wav
22:00:16.150 [FXGL Background Thread 3 ] DEBUG Engine               - stageStyle: DECORATED
22:00:16.150 [FXGL Background Thread 3 ] DEBUG Engine               - supportedLanguages: [ENGLISH, FRENCH, GERMAN, HUNGARIAN, RUSSIAN]
22:00:16.156 [FXGL Background Thread 3 ] DEBUG Engine               - ticksPerSecond: -1
22:00:16.157 [FXGL Background Thread 3 ] DEBUG Engine               - title: Zombs
22:00:16.157 [FXGL Background Thread 3 ] DEBUG Engine               - urlGithub: https://github.com/AlmasB/FXGL
22:00:16.157 [FXGL Background Thread 3 ] DEBUG Engine               - urlLeaderboard: http://fxgl-top.herokuapp.com/
22:00:16.158 [FXGL Background Thread 3 ] DEBUG Engine               - urlPOM: https://raw.githubusercontent.com/AlmasB/FXGL/release/README.md
22:00:16.165 [FXGL Background Thread 3 ] DEBUG Engine               - userAppClass: class com.csafinal.basedefense.DropApp
22:00:16.167 [FXGL Background Thread 3 ] DEBUG Engine               - version: 1.0
22:00:16.168 [FXGL Background Thread 3 ] DEBUG Engine               - versionCheckDays: 7
22:00:16.168 [FXGL Background Thread 3 ] DEBUG Engine               - width: 1600
22:00:16.168 [FXGL Background Thread 3 ] DEBUG Engine               - Logging services
22:00:16.168 [FXGL Background Thread 3 ] DEBUG Engine               - class com.almasb.fxgl.app.services.FXGLAssetLoaderService
22:00:16.168 [FXGL Background Thread 3 ] DEBUG Engine               - class com.almasb.fxgl.app.FXGLApplication$GameApplicationService
22:00:16.168 [FXGL Background Thread 3 ] DEBUG Engine               - class com.almasb.fxgl.app.services.FXGLDialogService
22:00:16.168 [FXGL Background Thread 3 ] DEBUG Engine               - class com.almasb.fxgl.app.services.IOTaskExecutorService
22:00:16.168 [FXGL Background Thread 3 ] DEBUG Engine               - class com.almasb.fxgl.io.FileSystemService
22:00:16.168 [FXGL Background Thread 3 ] DEBUG Engine               - class com.almasb.fxgl.localization.LocalizationService
22:00:16.169 [FXGL Background Thread 3 ] DEBUG Engine               - class com.almasb.fxgl.app.services.SystemBundleService
22:00:16.169 [FXGL Background Thread 3 ] DEBUG Engine               - class com.almasb.fxgl.profile.SaveLoadService
22:00:16.169 [FXGL Background Thread 3 ] DEBUG Engine               - class com.almasb.fxgl.ui.FXGLUIFactoryServiceProvider
22:00:16.169 [FXGL Background Thread 3 ] DEBUG Engine               - class com.almasb.fxgl.ui.FXGLDialogFactoryServiceProvider
22:00:16.169 [FXGL Background Thread 3 ] DEBUG Engine               - class com.almasb.fxgl.audio.AudioPlayer
22:00:16.169 [FXGL Background Thread 3 ] DEBUG Engine               - class com.almasb.fxgl.notification.impl.NotificationServiceProvider
22:00:16.169 [FXGL Background Thread 3 ] DEBUG Engine               - class com.almasb.fxgl.achievement.AchievementService
22:00:16.169 [FXGL Background Thread 3 ] DEBUG Engine               - class com.almasb.fxgl.cutscene.CutsceneService
22:00:16.169 [FXGL Background Thread 3 ] DEBUG Engine               - class com.almasb.fxgl.minigames.MiniGameService
22:00:16.169 [FXGL Background Thread 3 ] DEBUG Engine               - class com.almasb.fxgl.net.NetService
22:00:16.169 [FXGL Background Thread 3 ] DEBUG Engine               - class com.almasb.fxgl.app.services.UpdaterService
22:00:16.169 [FXGL Background Thread 3 ] DEBUG Engine               - class com.almasb.fxgl.dev.DevService
22:00:16.516 [FXGL Background Thread 4 ] DEBUG FXGLAssetLoaderServi - Loading JSON from: file:/Volumes/AYUSH%20DRIVE/School%202022-23/M359%20AP%20CS%20Java%20A/BaseDefense2/target/classes/assets/towers/tower2.json
22:00:16.568 [FXGL Background Thread 4 ] DEBUG FXGLAssetLoaderServi - Loading JSON from: file:/Volumes/AYUSH%20DRIVE/School%202022-23/M359%20AP%20CS%20Java%20A/BaseDefense2/target/classes/assets/towers/tower3.json
22:00:16.779 [FXGL Background Thread 4 ] DEBUG FXGLAssetLoaderServi - Loading JSON from: file:/Volumes/AYUSH%20DRIVE/School%202022-23/M359%20AP%20CS%20Java%20A/BaseDefense2/target/classes/assets/towers/tower4.json
22:00:16.824 [FXGL Background Thread 4 ] DEBUG FXGLAssetLoaderServi - Loading JSON from: file:/Volumes/AYUSH%20DRIVE/School%202022-23/M359%20AP%20CS%20Java%20A/BaseDefense2/target/classes/assets/towers/tower5.json
22:00:16.921 [FXGL Background Thread 4 ] DEBUG FXGLAssetLoaderServi - Loading JSON from: file:/Volumes/AYUSH%20DRIVE/School%202022-23/M359%20AP%20CS%20Java%20A/BaseDefense2/target/classes/assets/towers/tower6.json
22:00:17.027 [FXGL Background Thread 4 ] DEBUG FXGLAssetLoaderServi - Loading JSON from: file:/Volumes/AYUSH%20DRIVE/School%202022-23/M359%20AP%20CS%20Java%20A/BaseDefense2/target/classes/assets/playerTypes/player1.json
22:00:17.167 [FXGL Background Thread 4 ] DEBUG FXGLAssetLoaderServi - Loading from file system: file:/Volumes/AYUSH%20DRIVE/School%202022-23/M359%20AP%20CS%20Java%20A/BaseDefense2/target/classes/assets/textures/player.png
22:00:17.338 [FXGL Background Thread 4 ] DEBUG FXGLAssetLoaderServi - Loading JSON from: file:/Volumes/AYUSH%20DRIVE/School%202022-23/M359%20AP%20CS%20Java%20A/BaseDefense2/target/classes/assets/enemies/enemy1.json
22:00:17.468 [FXGL Background Thread 4 ] INFO  FXGLApplication      - Game initialization took: 4.045 sec
22:00:17.472 [JavaFX Application Thread] DEBUG Input                - Clearing active input actions
22:00:17.577 [JavaFX Application Thread] DEBUG GameApplicationServi - Removing overlay from FXGLLoadingScene and adding to GameScene
22:00:17.593 [JavaFX Application Thread] DEBUG PrimaryStageWindow   - FXGLLoadingScene -> GameScene
22:00:18.969 [JavaFX Application Thread] DEBUG FXGLAssetLoaderServi - Loading from file system: file:/Volumes/AYUSH%20DRIVE/School%202022-23/M359%20AP%20CS%20Java%20A/BaseDefense2/target/classes/assets/textures/enemies/enemy1.png
22:00:20.130 [JavaFX Application Thread] DEBUG FXGLAssetLoaderServi - Loading from file system: file:/Volumes/AYUSH%20DRIVE/School%202022-23/M359%20AP%20CS%20Java%20A/BaseDefense2/target/classes/assets/textures/towers/tower1.png
22:00:21.483 [JavaFX Application Thread] DEBUG FXGLAssetLoaderServi - Loading from file system: file:/Volumes/AYUSH%20DRIVE/School%202022-23/M359%20AP%20CS%20Java%20A/BaseDefense2/target/classes/assets/textures/projectile.png
22:00:46.854 [JavaFX Application Thread] DEBUG FXGLApplication      - Exiting FXGL
22:00:46.855 [JavaFX Application Thread] DEBUG LoopRunner           - Stopping loop
22:00:46.855 [JavaFX Application Thread] DEBUG SystemBundleService  - Saving FXGL system data
22:00:46.871 [JavaFX Application Thread] DEBUG FileSystemAccess     - Writing to: /Volumes/AYUSH DRIVE/School 2022-23/M359 AP CS Java A/BaseDefense2/system/fxgl.bundle
22:00:46.882 [JavaFX Application Thread] DEBUG Async                - Shutting down background threads
22:00:46.886 [JavaFX Application Thread] DEBUG PrimaryStageWindow   - Closing main window
22:00:46.911 [JavaFX Application Thread] DEBUG Logger               - Closing Logger
