22:01:29.377 [main                     ] DEBUG Logger               - Configured Logger
22:01:29.480 [main                     ] DEBUG GameApplication      - Logging settings
Title: Zombs
Version: 1.0
Width: 1600
Height: 896
Fullscreen: false
Intro: false
Profiling: false
Single step:false
App Mode: DEVELOPER
Menu Key: ESCAPE
Stage Style: DECORATED
Scene Factory: class com.almasb.fxgl.app.scene.SceneFactory

22:01:30.501 [JavaFX Application Thread] DEBUG FXGLApplication      - Initializing FXGL
22:01:30.532 [JavaFX Application Thread] INFO  Engine               - FXGL-17.3 (30.03.2023 11.49) on MAC (J:20 FX:20)
22:01:30.537 [JavaFX Application Thread] DEBUG Engine               - JRE Vendor Name: Oracle Corporation
22:01:30.538 [JavaFX Application Thread] DEBUG Engine               - Running on OS: Mac OS X version 13.3.1
22:01:30.538 [JavaFX Application Thread] DEBUG Engine               - Architecture: x86_64
22:01:30.538 [JavaFX Application Thread] INFO  Engine               - Source code and latest versions at: https://github.com/AlmasB/FXGL
22:01:30.539 [JavaFX Application Thread] INFO  Engine               -       Ask questions and discuss at: https://github.com/AlmasB/FXGL/discussions
22:01:30.540 [JavaFX Application Thread] INFO  Engine               -              Join the FXGL chat at: https://gitter.im/AlmasB/FXGL
22:01:30.818 [JavaFX Application Thread] DEBUG PrimaryStageWindow   - Creating a JavaFX scene
22:01:30.819 [JavaFX Application Thread] DEBUG PrimaryStageWindow   - Target size > screen size
22:01:31.128 [JavaFX Application Thread] DEBUG PrimaryStageWindow   - Target settings size: 1600.0 x 896.0
22:01:31.130 [JavaFX Application Thread] DEBUG PrimaryStageWindow   - Scaled scene size:    1415.0 x 806.0
22:01:31.131 [JavaFX Application Thread] DEBUG PrimaryStageWindow   - Scaled ratio: (0.884375, 0.8995535714285714)
22:01:31.136 [JavaFX Application Thread] DEBUG PrimaryStageWindow   - Set initial scene to FXGLStartupScene
22:01:31.149 [JavaFX Application Thread] DEBUG PrimaryStageWindow   - Opening main window
22:01:31.400 [JavaFX Application Thread] DEBUG PrimaryStageWindow   - Window border size: (0.0, 28.0)
22:01:31.400 [JavaFX Application Thread] DEBUG PrimaryStageWindow   - Scaled size: 1415.0 x 806.0
22:01:31.401 [JavaFX Application Thread] DEBUG PrimaryStageWindow   - Scaled ratio: (0.884375, 0.8995535714285714)
22:01:31.401 [JavaFX Application Thread] DEBUG PrimaryStageWindow   - Scene size: 1415.0 x 806.0
22:01:31.402 [JavaFX Application Thread] DEBUG PrimaryStageWindow   - Stage size: 1415.0 x 834.0
22:01:31.439 [FXGL Background Thread 1 ] DEBUG Engine               - Initializing environment variables
22:01:32.217 [FXGL Background Thread 1 ] DEBUG FXGLAssetLoaderServi - User app class for loading assets: class com.csafinal.basedefense.DropApp
22:01:32.222 [FXGL Background Thread 1 ] DEBUG GameApplicationServi - Applying CSS: fxgl_dark.css
22:01:32.226 [FXGL Background Thread 1 ] DEBUG FXGLAssetLoaderServi - Loading from file system: jar:file:///Users/ayushkumarrai/.m2/repository/com/github/almasb/fxgl/17.3/fxgl-17.3.jar!/fxglassets/ui/css/fxgl_dark.css
22:01:32.712 [FXGL Background Thread 1 ] DEBUG GameApplicationServi - Initializing application scenes
22:01:33.167 [FXGL Background Thread 1 ] DEBUG GameWorld            - Game world initialized
22:01:33.252 [FXGL Background Thread 1 ] DEBUG PhysicsWorld         - Physics world initialized: appHeight=896, physics.ppm=50.0
22:01:33.254 [FXGL Background Thread 1 ] DEBUG PhysicsWorld         - Using strategy: BRUTE_FORCE
22:01:33.269 [FXGL Background Thread 1 ] DEBUG GameScene            - Game scene initialized: 1600x896
22:01:33.292 [FXGL Background Thread 1 ] DEBUG FXGL.DefaultMenu     - createMenuBodyGameMenu()
22:01:33.319 [FXGL Background Thread 1 ] DEBUG FXGL.DefaultMenu     - createOptionsMenu()
22:01:33.372 [FXGL Background Thread 1 ] DEBUG FXGLAssetLoaderServi - Loading from file system: jar:file:///Users/ayushkumarrai/.m2/repository/com/github/almasb/fxgl/17.3/fxgl-17.3.jar!/fxglassets/textures/particles/smoke.png
22:01:33.592 [FXGL Background Thread 1 ] DEBUG FXGLAssetLoaderServi - Loading from file system: jar:file:///Users/ayushkumarrai/.m2/repository/com/github/almasb/fxgl/17.3/fxgl-17.3.jar!/fxglassets/textures/particles/trace_horizontal.png
22:01:33.640 [FXGL Background Thread 1 ] DEBUG GameApplicationServi - Application scenes initialized
22:01:33.670 [FXGL Background Thread 1 ] DEBUG SystemBundleService  - Loading FXGL system data
22:01:33.679 [FXGL Background Thread 1 ] DEBUG FileSystemAccess     - Reading from: /Volumes/AYUSH DRIVE/School 2022-23/M359 AP CS Java A/BaseDefense2/system/fxgl.bundle
22:01:33.706 [FXGL Background Thread 1 ] DEBUG SystemBundleService  - Bundle FXGL: {}
22:01:33.706 [FXGL Background Thread 1 ] DEBUG UpdaterService       - Checking for updates
22:01:33.720 [FXGL Background Thread 4 ] DEBUG FXGLApplication      - Loading fonts
22:01:33.722 [FXGL Background Thread 4 ] DEBUG FXGLAssetLoaderServi - Loading from file system: jar:file:///Users/ayushkumarrai/.m2/repository/com/github/almasb/fxgl/17.3/fxgl-17.3.jar!/fxglassets/ui/fonts/VarelaRound-Regular.ttf
22:01:33.724 [FXGL Background Thread 1 ] DEBUG FXGLApplication      - Loading default localization
22:01:33.726 [FXGL Background Thread 1 ] DEBUG FXGLAssetLoaderServi - Loading from file system: jar:file:///Users/ayushkumarrai/.m2/repository/com/github/almasb/fxgl/17.3/fxgl-17.3.jar!/fxglassets/languages/english.lang
22:01:33.764 [FXGL Background Thread 4 ] DEBUG FXGLAssetLoaderServi - Loading from file system: jar:file:///Users/ayushkumarrai/.m2/repository/com/github/almasb/fxgl/17.3/fxgl-17.3.jar!/fxglassets/ui/fonts/Abel-Regular.ttf
22:01:33.767 [FXGL Background Thread 1 ] INFO  FXGLApplication      - FXGL initialization took: 2.327 sec
22:01:33.770 [FXGL Background Thread 4 ] DEBUG FXGLAssetLoaderServi - Loading from file system: jar:file:///Users/ayushkumarrai/.m2/repository/com/github/almasb/fxgl/17.3/fxgl-17.3.jar!/fxglassets/ui/fonts/TerminalLandMono-Regular.otf
22:01:33.780 [JavaFX Application Thread] DEBUG Input                - Registered new binding: info - I
22:01:33.781 [JavaFX Application Thread] DEBUG Input                - Registered new binding: Revive - R
22:01:33.780 [FXGL Background Thread 4 ] DEBUG FXGLAssetLoaderServi - Loading from file system: jar:file:///Users/ayushkumarrai/.m2/repository/com/github/almasb/fxgl/17.3/fxgl-17.3.jar!/fxglassets/ui/fonts/Courier-Prime.ttf
22:01:33.784 [JavaFX Application Thread] DEBUG FXGLAssetLoaderServi - Loading from file system: jar:file:///Users/ayushkumarrai/.m2/repository/com/github/almasb/fxgl/17.3/fxgl-17.3.jar!/fxglassets/textures/fxgl_icon.png
22:01:33.852 [JavaFX Application Thread] DEBUG FXGLAssetLoaderServi - Loading from file system: jar:file:///Users/ayushkumarrai/.m2/repository/com/github/almasb/fxgl/17.3/fxgl-17.3.jar!/fxglassets/textures/fxgl_default_cursor.png
22:01:33.864 [JavaFX Application Thread] DEBUG Input                - Registered new binding: Screenshot - CTRL+8
22:01:33.868 [JavaFX Application Thread] DEBUG Input                - Registered new binding: System info dump - CTRL+9
22:01:33.868 [JavaFX Application Thread] DEBUG Input                - Registered new binding: Restart - CTRL+R
22:01:33.869 [JavaFX Application Thread] DEBUG Input                - Registered new binding: Toggle Debug Camera - CTRL+7
22:01:33.874 [JavaFX Application Thread] DEBUG LoopRunner           - Starting loop
22:01:33.874 [JavaFX Application Thread] DEBUG LoopRunner           - Initializing JavaFX AnimationTimerLoop
22:01:33.875 [JavaFX Application Thread] DEBUG GameApplicationServi - Starting new game
22:01:33.876 [JavaFX Application Thread] DEBUG Input                - Clearing active input actions
22:01:33.951 [JavaFX Application Thread] DEBUG GameApplicationServi - Removing overlay from FXGLStartupScene and adding to FXGLLoadingScene
22:01:33.953 [JavaFX Application Thread] DEBUG PrimaryStageWindow   - FXGLStartupScene -> FXGLLoadingScene
22:01:33.953 [JavaFX Application Thread] DEBUG GameApplicationServi - Clearing previous game
22:01:33.953 [JavaFX Application Thread] DEBUG GameScene            - Clearing game scene
22:01:33.953 [JavaFX Application Thread] DEBUG GameWorld            - Clearing game world
22:01:33.953 [JavaFX Application Thread] DEBUG PhysicsWorld         - Clearing physics world
22:01:33.955 [FXGL Background Thread 4 ] DEBUG FXGLApplication      - Initializing game
22:01:34.029 [FXGL Background Thread 4 ] WARN  TMXLevelLoader       - TiledMap generated from 1.10.0. Supported version: 1.9.0. Some features may not be parsed fully.
22:01:34.035 [JavaFX Application Thread] DEBUG FXGLApplication      - Registering font factories with UI factory
22:01:34.248 [FXGL Background Thread 4 ] DEBUG TMXLevelLoader       - Parsed TiledMap: file:/Volumes/AYUSH%20DRIVE/School%202022-23/M359%20AP%20CS%20Java%20A/BaseDefense2/target/classes/assets/levels/tmx/td1.tmx
22:01:34.284 [FXGL Background Thread 4 ] DEBUG TMXLevelLoader       - Creating tile layer entities
22:01:34.354 [FXGL Background Thread 4 ] DEBUG TilesetLoader        - Loading view for layer Ground
22:01:34.375 [FXGL Background Thread 4 ] DEBUG TilesetLoader        - Created buffer with size 1600.0x896.0
22:01:34.827 [FXGL Background Thread 4 ] DEBUG TilesetLoader        - Loading view for layer Decor
22:01:34.855 [FXGL Background Thread 4 ] DEBUG TilesetLoader        - Created buffer with size 1600.0x896.0
22:01:34.861 [FXGL Background Thread 4 ] DEBUG TMXLevelLoader       - Creating object layer entities
22:01:35.302 [FXGL Background Thread 4 ] DEBUG GameWorld            - Clearing removable entities
22:01:35.311 [FXGL Background Thread 4 ] DEBUG GameWorld            - Setting level: com.almasb.fxgl.entity.level.Level@6b9c9642
22:01:35.374 [FXGL Background Thread 4 ] DEBUG FXGLAssetLoaderServi - Loading JSON from: file:/Volumes/AYUSH%20DRIVE/School%202022-23/M359%20AP%20CS%20Java%20A/BaseDefense2/target/classes/assets/towers/tower1.json
22:01:35.956 [FXGL Background Thread 4 ] DEBUG FXGLAssetLoaderServi - Loading JSON from: file:/Volumes/AYUSH%20DRIVE/School%202022-23/M359%20AP%20CS%20Java%20A/BaseDefense2/target/classes/assets/towers/tower2.json
22:01:35.965 [FXGL Background Thread 4 ] DEBUG FXGLAssetLoaderServi - Loading JSON from: file:/Volumes/AYUSH%20DRIVE/School%202022-23/M359%20AP%20CS%20Java%20A/BaseDefense2/target/classes/assets/towers/tower3.json
22:01:35.973 [FXGL Background Thread 4 ] DEBUG FXGLAssetLoaderServi - Loading JSON from: file:/Volumes/AYUSH%20DRIVE/School%202022-23/M359%20AP%20CS%20Java%20A/BaseDefense2/target/classes/assets/towers/tower4.json
22:01:35.984 [FXGL Background Thread 4 ] DEBUG FXGLAssetLoaderServi - Loading JSON from: file:/Volumes/AYUSH%20DRIVE/School%202022-23/M359%20AP%20CS%20Java%20A/BaseDefense2/target/classes/assets/towers/tower5.json
22:01:35.997 [FXGL Background Thread 4 ] DEBUG FXGLAssetLoaderServi - Loading JSON from: file:/Volumes/AYUSH%20DRIVE/School%202022-23/M359%20AP%20CS%20Java%20A/BaseDefense2/target/classes/assets/towers/tower6.json
22:01:36.017 [FXGL Background Thread 4 ] DEBUG FXGLAssetLoaderServi - Loading JSON from: file:/Volumes/AYUSH%20DRIVE/School%202022-23/M359%20AP%20CS%20Java%20A/BaseDefense2/target/classes/assets/playerTypes/player1.json
22:01:36.088 [FXGL Background Thread 4 ] DEBUG FXGLAssetLoaderServi - Loading from file system: file:/Volumes/AYUSH%20DRIVE/School%202022-23/M359%20AP%20CS%20Java%20A/BaseDefense2/target/classes/assets/textures/player.png
22:01:36.133 [FXGL Background Thread 4 ] DEBUG FXGLAssetLoaderServi - Loading JSON from: file:/Volumes/AYUSH%20DRIVE/School%202022-23/M359%20AP%20CS%20Java%20A/BaseDefense2/target/classes/assets/enemies/enemy1.json
22:01:36.160 [FXGL Background Thread 4 ] INFO  FXGLApplication      - Game initialization took: 2.204 sec
22:01:36.162 [JavaFX Application Thread] DEBUG Input                - Clearing active input actions
22:01:36.241 [JavaFX Application Thread] DEBUG GameApplicationServi - Removing overlay from FXGLLoadingScene and adding to GameScene
22:01:36.251 [JavaFX Application Thread] DEBUG PrimaryStageWindow   - FXGLLoadingScene -> GameScene
22:01:36.714 [FXGL Background Thread 3 ] DEBUG Engine               - Logging environment variables
22:01:36.717 [FXGL Background Thread 3 ] DEBUG Engine               - achievements: []
22:01:36.719 [FXGL Background Thread 3 ] DEBUG Engine               - actualHeight: 806.0
22:01:36.720 [FXGL Background Thread 3 ] DEBUG Engine               - actualHeightProperty: ReadOnlyDoubleProperty [value: 806.0]
22:01:36.720 [FXGL Background Thread 3 ] DEBUG Engine               - actualWidth: 1415.0
22:01:36.720 [FXGL Background Thread 3 ] DEBUG Engine               - actualWidthProperty: ReadOnlyDoubleProperty [value: 1415.0]
22:01:36.721 [FXGL Background Thread 3 ] DEBUG Engine               - appIcon: fxgl_icon.png
22:01:36.722 [FXGL Background Thread 3 ] DEBUG Engine               - applicationMode: DEVELOPER
22:01:36.722 [FXGL Background Thread 3 ] DEBUG Engine               - cSSList: [fxgl_dark.css]
22:01:36.723 [FXGL Background Thread 3 ] DEBUG Engine               - collisionDetectionStrategy: BRUTE_FORCE
22:01:36.723 [FXGL Background Thread 3 ] DEBUG Engine               - configClass: Optional.empty
22:01:36.723 [FXGL Background Thread 3 ] DEBUG Engine               - credits: []
22:01:36.725 [FXGL Background Thread 3 ] DEBUG Engine               - defaultCursor: CursorInfo(imageName=fxgl_default_cursor.png, hotspotX=7.0, hotspotY=6.0)
22:01:36.726 [FXGL Background Thread 3 ] DEBUG Engine               - devBBoxColorProperty: ObjectProperty [value: 0xff0000ff]
22:01:36.727 [FXGL Background Thread 3 ] DEBUG Engine               - devEnableDebugCameraProperty: BooleanProperty [value: false]
22:01:36.727 [FXGL Background Thread 3 ] DEBUG Engine               - devSensorColorProperty: ObjectProperty [value: 0xffff00ff]
22:01:36.727 [FXGL Background Thread 3 ] DEBUG Engine               - devShowBBoxProperty: BooleanProperty [value: false]
22:01:36.727 [FXGL Background Thread 3 ] DEBUG Engine               - devShowPositionProperty: BooleanProperty [value: false]
22:01:36.727 [FXGL Background Thread 3 ] DEBUG Engine               - enabledMenuItems: []
22:01:36.727 [FXGL Background Thread 3 ] DEBUG Engine               - engineServices: [class com.almasb.fxgl.app.services.FXGLAssetLoaderService, class com.almasb.fxgl.app.FXGLApplication$GameApplicationService, class com.almasb.fxgl.app.services.FXGLDialogService, class com.almasb.fxgl.app.services.IOTaskExecutorService, class com.almasb.fxgl.io.FileSystemService, class com.almasb.fxgl.localization.LocalizationService, class com.almasb.fxgl.app.services.SystemBundleService, class com.almasb.fxgl.profile.SaveLoadService, class com.almasb.fxgl.ui.FXGLUIFactoryServiceProvider, class com.almasb.fxgl.ui.FXGLDialogFactoryServiceProvider, class com.almasb.fxgl.audio.AudioPlayer, class com.almasb.fxgl.notification.impl.NotificationServiceProvider, class com.almasb.fxgl.achievement.AchievementService, class com.almasb.fxgl.cutscene.CutsceneService, class com.almasb.fxgl.minigames.MiniGameService, class com.almasb.fxgl.net.NetService, class com.almasb.fxgl.app.services.UpdaterService, class com.almasb.fxgl.dev.DevService]
22:01:36.727 [FXGL Background Thread 3 ] DEBUG Engine               - fontGame: Abel-Regular.ttf
22:01:36.727 [FXGL Background Thread 3 ] DEBUG Engine               - fontMono: TerminalLandMono-Regular.otf
22:01:36.727 [FXGL Background Thread 3 ] DEBUG Engine               - fontSizeScaleUI: 1.0
22:01:36.728 [FXGL Background Thread 3 ] DEBUG Engine               - fontText: Courier-Prime.ttf
22:01:36.728 [FXGL Background Thread 3 ] DEBUG Engine               - fontUI: VarelaRound-Regular.ttf
22:01:36.728 [FXGL Background Thread 3 ] DEBUG Engine               - fullScreen: BooleanProperty [value: false]
22:01:36.728 [FXGL Background Thread 3 ] DEBUG Engine               - gameDifficulty: MEDIUM
22:01:36.728 [FXGL Background Thread 3 ] DEBUG Engine               - gameDifficultyProperty: ObjectProperty [value: MEDIUM]
22:01:36.728 [FXGL Background Thread 3 ] DEBUG Engine               - globalMusicVolume: 0.5
22:01:36.729 [FXGL Background Thread 3 ] DEBUG Engine               - globalMusicVolumeProperty: DoubleProperty [value: 0.5]
22:01:36.730 [FXGL Background Thread 3 ] DEBUG Engine               - globalSoundVolume: 0.5
22:01:36.731 [FXGL Background Thread 3 ] DEBUG Engine               - globalSoundVolumeProperty: DoubleProperty [value: 0.5]
22:01:36.731 [FXGL Background Thread 3 ] DEBUG Engine               - height: 896
22:01:36.731 [FXGL Background Thread 3 ] DEBUG Engine               - is3D: false
22:01:36.731 [FXGL Background Thread 3 ] DEBUG Engine               - isAndroid: false
22:01:36.731 [FXGL Background Thread 3 ] DEBUG Engine               - isBrowser: false
22:01:36.731 [FXGL Background Thread 3 ] DEBUG Engine               - isClickFeedbackEnabled: false
22:01:36.731 [FXGL Background Thread 3 ] DEBUG Engine               - isCloseConfirmation: false
22:01:36.731 [FXGL Background Thread 3 ] DEBUG Engine               - isDesktop: true
22:01:36.731 [FXGL Background Thread 3 ] DEBUG Engine               - isDeveloperMenuEnabled: false
22:01:36.735 [FXGL Background Thread 3 ] DEBUG Engine               - isEmbedded: false
22:01:36.736 [FXGL Background Thread 3 ] DEBUG Engine               - isEntityPreloadEnabled: true
22:01:36.737 [FXGL Background Thread 3 ] DEBUG Engine               - isExperimentalTiledLargeMap: false
22:01:36.737 [FXGL Background Thread 3 ] DEBUG Engine               - isFileSystemWriteAllowed: true
22:01:36.737 [FXGL Background Thread 3 ] DEBUG Engine               - isFullScreenAllowed: false
22:01:36.737 [FXGL Background Thread 3 ] DEBUG Engine               - isFullScreenFromStart: false
22:01:36.737 [FXGL Background Thread 3 ] DEBUG Engine               - isGameMenuEnabled: true
22:01:36.737 [FXGL Background Thread 3 ] DEBUG Engine               - isIOS: false
22:01:36.737 [FXGL Background Thread 3 ] DEBUG Engine               - isIntroEnabled: false
22:01:36.737 [FXGL Background Thread 3 ] DEBUG Engine               - isLinux: false
22:01:36.737 [FXGL Background Thread 3 ] DEBUG Engine               - isMac: true
22:01:36.737 [FXGL Background Thread 3 ] DEBUG Engine               - isMainMenuEnabled: false
22:01:36.737 [FXGL Background Thread 3 ] DEBUG Engine               - isManualResizeEnabled: false
22:01:36.737 [FXGL Background Thread 3 ] DEBUG Engine               - isMobile: false
22:01:36.737 [FXGL Background Thread 3 ] DEBUG Engine               - isNative: false
22:01:36.737 [FXGL Background Thread 3 ] DEBUG Engine               - isPauseMusicWhenMinimized: true
22:01:36.738 [FXGL Background Thread 3 ] DEBUG Engine               - isPreserveResizeRatio: false
22:01:36.738 [FXGL Background Thread 3 ] DEBUG Engine               - isProfilingEnabled: false
22:01:36.738 [FXGL Background Thread 3 ] DEBUG Engine               - isScaleAffectedOnResize: true
22:01:36.738 [FXGL Background Thread 3 ] DEBUG Engine               - isSingleStep: false
22:01:36.738 [FXGL Background Thread 3 ] DEBUG Engine               - isUserProfileEnabled: false
22:01:36.738 [FXGL Background Thread 3 ] DEBUG Engine               - isWindows: false
22:01:36.738 [FXGL Background Thread 3 ] DEBUG Engine               - language: ObjectProperty [value: ENGLISH]
22:01:36.739 [FXGL Background Thread 3 ] DEBUG Engine               - menuKey: ESCAPE
22:01:36.739 [FXGL Background Thread 3 ] DEBUG Engine               - mouseSensitivity: 0.2
22:01:36.739 [FXGL Background Thread 3 ] DEBUG Engine               - notificationViewClass: class com.almasb.fxgl.notification.view.XboxNotificationView
22:01:36.739 [FXGL Background Thread 3 ] DEBUG Engine               - pixelsPerMeter: 50.0
22:01:36.739 [FXGL Background Thread 3 ] DEBUG Engine               - platform: MAC
22:01:36.739 [FXGL Background Thread 3 ] DEBUG Engine               - prefHeightProperty: ReadOnlyDoubleProperty [value: 896.0]
22:01:36.739 [FXGL Background Thread 3 ] DEBUG Engine               - prefWidthProperty: ReadOnlyDoubleProperty [value: 1600.0]
22:01:36.739 [FXGL Background Thread 3 ] DEBUG Engine               - profileDir: profiles/
22:01:36.739 [FXGL Background Thread 3 ] DEBUG Engine               - profileName: StringProperty [value: DEFAULT]
22:01:36.739 [FXGL Background Thread 3 ] DEBUG Engine               - randomSeed: -1
22:01:36.740 [FXGL Background Thread 3 ] DEBUG Engine               - runtimeInfo: RuntimeInfo(platform=MAC, version=17.3, build=30.03.2023 11.49)
22:01:36.740 [FXGL Background Thread 3 ] DEBUG Engine               - saveFileExt: sav
22:01:36.740 [FXGL Background Thread 3 ] DEBUG Engine               - scaledHeightProp$fxgl: DoubleProperty [bound, value: 806.0]
22:01:36.740 [FXGL Background Thread 3 ] DEBUG Engine               - scaledWidthProp$fxgl: DoubleProperty [bound, value: 1415.0]
22:01:36.740 [FXGL Background Thread 3 ] DEBUG Engine               - sceneFactory: com.almasb.fxgl.app.scene.SceneFactory@60652e1e
22:01:36.740 [FXGL Background Thread 3 ] DEBUG Engine               - secondsIn24h: 60
22:01:36.740 [FXGL Background Thread 3 ] DEBUG Engine               - soundMenuBack: menu/back.wav
22:01:36.740 [FXGL Background Thread 3 ] DEBUG Engine               - soundMenuPress: menu/press.wav
22:01:36.740 [FXGL Background Thread 3 ] DEBUG Engine               - soundMenuSelect: menu/select.wav
22:01:36.740 [FXGL Background Thread 3 ] DEBUG Engine               - soundNotification: core/notification.wav
22:01:36.741 [FXGL Background Thread 3 ] DEBUG Engine               - stageStyle: DECORATED
22:01:36.744 [FXGL Background Thread 3 ] DEBUG Engine               - supportedLanguages: [ENGLISH, FRENCH, GERMAN, HUNGARIAN, RUSSIAN]
22:01:36.745 [FXGL Background Thread 3 ] DEBUG Engine               - ticksPerSecond: -1
22:01:36.745 [FXGL Background Thread 3 ] DEBUG Engine               - title: Zombs
22:01:36.745 [FXGL Background Thread 3 ] DEBUG Engine               - urlGithub: https://github.com/AlmasB/FXGL
22:01:36.745 [FXGL Background Thread 3 ] DEBUG Engine               - urlLeaderboard: http://fxgl-top.herokuapp.com/
22:01:36.745 [FXGL Background Thread 3 ] DEBUG Engine               - urlPOM: https://raw.githubusercontent.com/AlmasB/FXGL/release/README.md
22:01:36.745 [FXGL Background Thread 3 ] DEBUG Engine               - userAppClass: class com.csafinal.basedefense.DropApp
22:01:36.745 [FXGL Background Thread 3 ] DEBUG Engine               - version: 1.0
22:01:36.745 [FXGL Background Thread 3 ] DEBUG Engine               - versionCheckDays: 7
22:01:36.745 [FXGL Background Thread 3 ] DEBUG Engine               - width: 1600
22:01:36.745 [FXGL Background Thread 3 ] DEBUG Engine               - Logging services
22:01:36.745 [FXGL Background Thread 3 ] DEBUG Engine               - class com.almasb.fxgl.app.services.FXGLAssetLoaderService
22:01:36.745 [FXGL Background Thread 3 ] DEBUG Engine               - class com.almasb.fxgl.app.FXGLApplication$GameApplicationService
22:01:36.750 [FXGL Background Thread 3 ] DEBUG Engine               - class com.almasb.fxgl.app.services.FXGLDialogService
22:01:36.751 [FXGL Background Thread 3 ] DEBUG Engine               - class com.almasb.fxgl.app.services.IOTaskExecutorService
22:01:36.751 [FXGL Background Thread 3 ] DEBUG Engine               - class com.almasb.fxgl.io.FileSystemService
22:01:36.751 [FXGL Background Thread 3 ] DEBUG Engine               - class com.almasb.fxgl.localization.LocalizationService
22:01:36.752 [FXGL Background Thread 3 ] DEBUG Engine               - class com.almasb.fxgl.app.services.SystemBundleService
22:01:36.753 [FXGL Background Thread 3 ] DEBUG Engine               - class com.almasb.fxgl.profile.SaveLoadService
22:01:36.753 [FXGL Background Thread 3 ] DEBUG Engine               - class com.almasb.fxgl.ui.FXGLUIFactoryServiceProvider
22:01:36.753 [FXGL Background Thread 3 ] DEBUG Engine               - class com.almasb.fxgl.ui.FXGLDialogFactoryServiceProvider
22:01:36.753 [FXGL Background Thread 3 ] DEBUG Engine               - class com.almasb.fxgl.audio.AudioPlayer
22:01:36.753 [FXGL Background Thread 3 ] DEBUG Engine               - class com.almasb.fxgl.notification.impl.NotificationServiceProvider
22:01:36.753 [FXGL Background Thread 3 ] DEBUG Engine               - class com.almasb.fxgl.achievement.AchievementService
22:01:36.753 [FXGL Background Thread 3 ] DEBUG Engine               - class com.almasb.fxgl.cutscene.CutsceneService
22:01:36.753 [FXGL Background Thread 3 ] DEBUG Engine               - class com.almasb.fxgl.minigames.MiniGameService
22:01:36.753 [FXGL Background Thread 3 ] DEBUG Engine               - class com.almasb.fxgl.net.NetService
22:01:36.753 [FXGL Background Thread 3 ] DEBUG Engine               - class com.almasb.fxgl.app.services.UpdaterService
22:01:36.753 [FXGL Background Thread 3 ] DEBUG Engine               - class com.almasb.fxgl.dev.DevService
22:01:37.633 [JavaFX Application Thread] DEBUG FXGLAssetLoaderServi - Loading from file system: file:/Volumes/AYUSH%20DRIVE/School%202022-23/M359%20AP%20CS%20Java%20A/BaseDefense2/target/classes/assets/textures/enemies/enemy1.png
22:01:39.019 [JavaFX Application Thread] DEBUG FXGLAssetLoaderServi - Loading from file system: file:/Volumes/AYUSH%20DRIVE/School%202022-23/M359%20AP%20CS%20Java%20A/BaseDefense2/target/classes/assets/textures/towers/tower1.png
22:01:40.404 [JavaFX Application Thread] DEBUG FXGLAssetLoaderServi - Loading from file system: file:/Volumes/AYUSH%20DRIVE/School%202022-23/M359%20AP%20CS%20Java%20A/BaseDefense2/target/classes/assets/textures/projectile.png
22:01:49.686 [JavaFX Application Thread] DEBUG FXGLApplication      - Exiting FXGL
22:01:49.687 [JavaFX Application Thread] DEBUG LoopRunner           - Stopping loop
22:01:49.687 [JavaFX Application Thread] DEBUG SystemBundleService  - Saving FXGL system data
22:01:49.698 [JavaFX Application Thread] DEBUG FileSystemAccess     - Writing to: /Volumes/AYUSH DRIVE/School 2022-23/M359 AP CS Java A/BaseDefense2/system/fxgl.bundle
22:01:49.708 [JavaFX Application Thread] DEBUG Async                - Shutting down background threads
22:01:49.708 [JavaFX Application Thread] DEBUG PrimaryStageWindow   - Closing main window
22:01:49.736 [JavaFX Application Thread] DEBUG Logger               - Closing Logger
