11:32:55.643 [main                     ] DEBUG Logger               - Configured Logger
11:32:55.708 [main                     ] DEBUG GameApplication      - Logging settings
Title: Zombs
Version: 1.0
Width: 1600
Height: 896
Fullscreen: false
Intro: false
Profiling: false
Single step:false
App Mode: DEVELOPER
Menu Key: ESCAPE
Stage Style: DECORATED
Scene Factory: class com.almasb.fxgl.app.scene.SceneFactory

11:32:56.835 [JavaFX Application Thread] DEBUG FXGLApplication      - Initializing FXGL
11:32:56.853 [JavaFX Application Thread] INFO  Engine               - FXGL-17.3 (30.03.2023 11.49) on MAC (J:20 FX:20)
11:32:56.857 [JavaFX Application Thread] DEBUG Engine               - JRE Vendor Name: Oracle Corporation
11:32:56.858 [JavaFX Application Thread] DEBUG Engine               - Running on OS: Mac OS X version 13.3.1
11:32:56.858 [JavaFX Application Thread] DEBUG Engine               - Architecture: x86_64
11:32:56.858 [JavaFX Application Thread] INFO  Engine               - Source code and latest versions at: https://github.com/AlmasB/FXGL
11:32:56.858 [JavaFX Application Thread] INFO  Engine               -       Ask questions and discuss at: https://github.com/AlmasB/FXGL/discussions
11:32:56.858 [JavaFX Application Thread] INFO  Engine               -              Join the FXGL chat at: https://gitter.im/AlmasB/FXGL
11:32:56.979 [JavaFX Application Thread] DEBUG PrimaryStageWindow   - Creating a JavaFX scene
11:32:56.980 [JavaFX Application Thread] DEBUG PrimaryStageWindow   - Target size > screen size
11:32:57.065 [JavaFX Application Thread] DEBUG PrimaryStageWindow   - Target settings size: 1600.0 x 896.0
11:32:57.066 [JavaFX Application Thread] DEBUG PrimaryStageWindow   - Scaled scene size:    1415.0 x 806.0
11:32:57.067 [JavaFX Application Thread] DEBUG PrimaryStageWindow   - Scaled ratio: (0.884375, 0.8995535714285714)
11:32:57.068 [JavaFX Application Thread] DEBUG PrimaryStageWindow   - Set initial scene to FXGLStartupScene
11:32:57.081 [JavaFX Application Thread] DEBUG PrimaryStageWindow   - Opening main window
11:32:57.439 [JavaFX Application Thread] DEBUG PrimaryStageWindow   - Window border size: (0.0, 28.0)
11:32:57.440 [JavaFX Application Thread] DEBUG PrimaryStageWindow   - Scaled size: 1415.0 x 806.0
11:32:57.441 [JavaFX Application Thread] DEBUG PrimaryStageWindow   - Scaled ratio: (0.884375, 0.8995535714285714)
11:32:57.441 [JavaFX Application Thread] DEBUG PrimaryStageWindow   - Scene size: 1415.0 x 806.0
11:32:57.442 [JavaFX Application Thread] DEBUG PrimaryStageWindow   - Stage size: 1415.0 x 834.0
11:32:57.472 [FXGL Background Thread 1 ] DEBUG Engine               - Initializing environment variables
11:32:58.557 [FXGL Background Thread 1 ] DEBUG FXGLAssetLoaderServi - User app class for loading assets: class com.csafinal.basedefense.DropApp
11:32:58.572 [FXGL Background Thread 1 ] DEBUG GameApplicationServi - Applying CSS: fxgl_dark.css
11:32:58.584 [FXGL Background Thread 1 ] DEBUG FXGLAssetLoaderServi - Loading from file system: jar:file:///Users/ayushkumarrai/.m2/repository/com/github/almasb/fxgl/17.3/fxgl-17.3.jar!/fxglassets/ui/css/fxgl_dark.css
11:32:58.919 [FXGL Background Thread 1 ] DEBUG GameApplicationServi - Initializing application scenes
11:33:00.005 [FXGL Background Thread 1 ] DEBUG GameWorld            - Game world initialized
11:33:00.418 [FXGL Background Thread 1 ] DEBUG PhysicsWorld         - Physics world initialized: appHeight=896, physics.ppm=50.0
11:33:00.464 [FXGL Background Thread 1 ] DEBUG PhysicsWorld         - Using strategy: BRUTE_FORCE
11:33:00.552 [FXGL Background Thread 1 ] DEBUG GameScene            - Game scene initialized: 1600x896
11:33:00.606 [FXGL Background Thread 1 ] DEBUG FXGL.DefaultMenu     - createMenuBodyGameMenu()
11:33:00.646 [FXGL Background Thread 1 ] DEBUG FXGL.DefaultMenu     - createOptionsMenu()
11:33:00.813 [FXGL Background Thread 1 ] DEBUG FXGLAssetLoaderServi - Loading from file system: jar:file:///Users/ayushkumarrai/.m2/repository/com/github/almasb/fxgl/17.3/fxgl-17.3.jar!/fxglassets/textures/particles/smoke.png
11:33:01.234 [FXGL Background Thread 1 ] DEBUG FXGLAssetLoaderServi - Loading from file system: jar:file:///Users/ayushkumarrai/.m2/repository/com/github/almasb/fxgl/17.3/fxgl-17.3.jar!/fxglassets/textures/particles/trace_horizontal.png
11:33:01.321 [FXGL Background Thread 1 ] DEBUG GameApplicationServi - Application scenes initialized
11:33:01.382 [FXGL Background Thread 1 ] DEBUG SystemBundleService  - Loading FXGL system data
11:33:01.421 [FXGL Background Thread 1 ] DEBUG FileSystemAccess     - Reading from: /Volumes/AYUSH DRIVE/School 2022-23/M359 AP CS Java A/BaseDefense2/system/fxgl.bundle
11:33:01.479 [FXGL Background Thread 1 ] DEBUG SystemBundleService  - Bundle FXGL: {}
11:33:01.481 [FXGL Background Thread 1 ] DEBUG UpdaterService       - Checking for updates
11:33:01.509 [FXGL Background Thread 4 ] DEBUG FXGLApplication      - Loading fonts
11:33:01.510 [FXGL Background Thread 4 ] DEBUG FXGLAssetLoaderServi - Loading from file system: jar:file:///Users/ayushkumarrai/.m2/repository/com/github/almasb/fxgl/17.3/fxgl-17.3.jar!/fxglassets/ui/fonts/VarelaRound-Regular.ttf
11:33:01.512 [FXGL Background Thread 1 ] DEBUG FXGLApplication      - Loading default localization
11:33:01.517 [FXGL Background Thread 1 ] DEBUG FXGLAssetLoaderServi - Loading from file system: jar:file:///Users/ayushkumarrai/.m2/repository/com/github/almasb/fxgl/17.3/fxgl-17.3.jar!/fxglassets/languages/english.lang
11:33:01.585 [FXGL Background Thread 1 ] INFO  FXGLApplication      - FXGL initialization took: 4.108 sec
11:33:01.609 [JavaFX Application Thread] DEBUG Input                - Registered new binding: Left - A
11:33:01.610 [JavaFX Application Thread] DEBUG Input                - Registered new binding: Right - D
11:33:01.611 [JavaFX Application Thread] DEBUG Input                - Registered new binding: Down - S
11:33:01.611 [JavaFX Application Thread] DEBUG Input                - Registered new binding: Up - W
11:33:01.611 [JavaFX Application Thread] DEBUG Input                - Registered new binding: info - I
11:33:01.611 [JavaFX Application Thread] DEBUG Input                - Registered new binding: Revive - R
11:33:01.614 [JavaFX Application Thread] DEBUG FXGLAssetLoaderServi - Loading from file system: jar:file:///Users/ayushkumarrai/.m2/repository/com/github/almasb/fxgl/17.3/fxgl-17.3.jar!/fxglassets/textures/fxgl_icon.png
11:33:01.646 [FXGL Background Thread 4 ] DEBUG FXGLAssetLoaderServi - Loading from file system: jar:file:///Users/ayushkumarrai/.m2/repository/com/github/almasb/fxgl/17.3/fxgl-17.3.jar!/fxglassets/ui/fonts/Abel-Regular.ttf
11:33:01.665 [FXGL Background Thread 4 ] DEBUG FXGLAssetLoaderServi - Loading from file system: jar:file:///Users/ayushkumarrai/.m2/repository/com/github/almasb/fxgl/17.3/fxgl-17.3.jar!/fxglassets/ui/fonts/TerminalLandMono-Regular.otf
11:33:01.676 [JavaFX Application Thread] DEBUG FXGLAssetLoaderServi - Loading from file system: jar:file:///Users/ayushkumarrai/.m2/repository/com/github/almasb/fxgl/17.3/fxgl-17.3.jar!/fxglassets/textures/fxgl_default_cursor.png
11:33:01.676 [FXGL Background Thread 4 ] DEBUG FXGLAssetLoaderServi - Loading from file system: jar:file:///Users/ayushkumarrai/.m2/repository/com/github/almasb/fxgl/17.3/fxgl-17.3.jar!/fxglassets/ui/fonts/Courier-Prime.ttf
11:33:01.690 [JavaFX Application Thread] DEBUG Input                - Registered new binding: Screenshot - CTRL+8
11:33:01.690 [JavaFX Application Thread] DEBUG Input                - Registered new binding: System info dump - CTRL+9
11:33:01.691 [JavaFX Application Thread] DEBUG Input                - Registered new binding: Restart - CTRL+R
11:33:01.691 [JavaFX Application Thread] DEBUG Input                - Registered new binding: Toggle Debug Camera - CTRL+7
11:33:01.702 [JavaFX Application Thread] DEBUG LoopRunner           - Starting loop
11:33:01.706 [JavaFX Application Thread] DEBUG LoopRunner           - Initializing JavaFX AnimationTimerLoop
11:33:01.707 [JavaFX Application Thread] DEBUG GameApplicationServi - Starting new game
11:33:01.710 [JavaFX Application Thread] DEBUG Input                - Clearing active input actions
11:33:01.796 [JavaFX Application Thread] DEBUG GameApplicationServi - Removing overlay from FXGLStartupScene and adding to FXGLLoadingScene
11:33:01.798 [JavaFX Application Thread] DEBUG PrimaryStageWindow   - FXGLStartupScene -> FXGLLoadingScene
11:33:01.798 [JavaFX Application Thread] DEBUG GameApplicationServi - Clearing previous game
11:33:01.798 [JavaFX Application Thread] DEBUG GameScene            - Clearing game scene
11:33:01.798 [JavaFX Application Thread] DEBUG GameWorld            - Clearing game world
11:33:01.798 [JavaFX Application Thread] DEBUG PhysicsWorld         - Clearing physics world
11:33:01.801 [FXGL Background Thread 4 ] DEBUG FXGLApplication      - Initializing game
11:33:01.916 [JavaFX Application Thread] DEBUG FXGLApplication      - Registering font factories with UI factory
11:33:02.034 [FXGL Background Thread 4 ] WARN  TMXLevelLoader       - TiledMap generated from 1.10.0. Supported version: 1.9.0. Some features may not be parsed fully.
11:33:02.133 [FXGL Background Thread 4 ] DEBUG TMXLevelLoader       - Parsed TiledMap: file:/Volumes/AYUSH%20DRIVE/School%202022-23/M359%20AP%20CS%20Java%20A/BaseDefense2/target/classes/assets/levels/tmx/td1.tmx
11:33:02.138 [FXGL Background Thread 4 ] DEBUG TMXLevelLoader       - Creating tile layer entities
11:33:02.529 [FXGL Background Thread 4 ] DEBUG TilesetLoader        - Loading view for layer Ground
11:33:02.581 [FXGL Background Thread 4 ] DEBUG TilesetLoader        - Created buffer with size 1600.0x896.0
11:33:02.948 [FXGL Background Thread 4 ] DEBUG TilesetLoader        - Loading view for layer Decor
11:33:02.980 [FXGL Background Thread 4 ] DEBUG TilesetLoader        - Created buffer with size 1600.0x896.0
11:33:02.987 [FXGL Background Thread 4 ] DEBUG TMXLevelLoader       - Creating object layer entities
11:33:03.463 [FXGL Background Thread 4 ] DEBUG GameWorld            - Clearing removable entities
11:33:03.470 [FXGL Background Thread 4 ] DEBUG GameWorld            - Setting level: com.almasb.fxgl.entity.level.Level@2366fce
11:33:03.493 [FXGL Background Thread 4 ] DEBUG FXGLAssetLoaderServi - Loading JSON from: file:/Volumes/AYUSH%20DRIVE/School%202022-23/M359%20AP%20CS%20Java%20A/BaseDefense2/target/classes/assets/towers/tower1.json
11:33:03.876 [FXGL Background Thread 4 ] DEBUG FXGLAssetLoaderServi - Loading JSON from: file:/Volumes/AYUSH%20DRIVE/School%202022-23/M359%20AP%20CS%20Java%20A/BaseDefense2/target/classes/assets/towers/tower2.json
11:33:03.889 [FXGL Background Thread 4 ] DEBUG FXGLAssetLoaderServi - Loading JSON from: file:/Volumes/AYUSH%20DRIVE/School%202022-23/M359%20AP%20CS%20Java%20A/BaseDefense2/target/classes/assets/towers/tower3.json
11:33:03.898 [FXGL Background Thread 4 ] DEBUG FXGLAssetLoaderServi - Loading JSON from: file:/Volumes/AYUSH%20DRIVE/School%202022-23/M359%20AP%20CS%20Java%20A/BaseDefense2/target/classes/assets/towers/tower4.json
11:33:03.921 [FXGL Background Thread 4 ] DEBUG FXGLAssetLoaderServi - Loading JSON from: file:/Volumes/AYUSH%20DRIVE/School%202022-23/M359%20AP%20CS%20Java%20A/BaseDefense2/target/classes/assets/towers/tower5.json
11:33:03.935 [FXGL Background Thread 4 ] DEBUG FXGLAssetLoaderServi - Loading JSON from: file:/Volumes/AYUSH%20DRIVE/School%202022-23/M359%20AP%20CS%20Java%20A/BaseDefense2/target/classes/assets/towers/tower6.json
11:33:03.954 [FXGL Background Thread 4 ] DEBUG FXGLAssetLoaderServi - Loading JSON from: file:/Volumes/AYUSH%20DRIVE/School%202022-23/M359%20AP%20CS%20Java%20A/BaseDefense2/target/classes/assets/playerTypes/player1.json
11:33:04.010 [FXGL Background Thread 4 ] DEBUG FXGLAssetLoaderServi - Loading from file system: file:/Volumes/AYUSH%20DRIVE/School%202022-23/M359%20AP%20CS%20Java%20A/BaseDefense2/target/classes/assets/textures/player.png
11:33:04.044 [FXGL Background Thread 4 ] DEBUG FXGLAssetLoaderServi - Loading JSON from: file:/Volumes/AYUSH%20DRIVE/School%202022-23/M359%20AP%20CS%20Java%20A/BaseDefense2/target/classes/assets/enemies/enemy1.json
11:33:04.076 [FXGL Background Thread 4 ] INFO  FXGLApplication      - Game initialization took: 2.274 sec
11:33:04.078 [JavaFX Application Thread] DEBUG Input                - Clearing active input actions
11:33:04.147 [JavaFX Application Thread] DEBUG GameApplicationServi - Removing overlay from FXGLLoadingScene and adding to GameScene
11:33:04.157 [JavaFX Application Thread] DEBUG PrimaryStageWindow   - FXGLLoadingScene -> GameScene
11:33:04.497 [FXGL Background Thread 3 ] DEBUG Engine               - Logging environment variables
11:33:04.500 [FXGL Background Thread 3 ] DEBUG Engine               - achievements: []
11:33:04.501 [FXGL Background Thread 3 ] DEBUG Engine               - actualHeight: 806.0
11:33:04.501 [FXGL Background Thread 3 ] DEBUG Engine               - actualHeightProperty: ReadOnlyDoubleProperty [value: 806.0]
11:33:04.501 [FXGL Background Thread 3 ] DEBUG Engine               - actualWidth: 1415.0
11:33:04.501 [FXGL Background Thread 3 ] DEBUG Engine               - actualWidthProperty: ReadOnlyDoubleProperty [value: 1415.0]
11:33:04.501 [FXGL Background Thread 3 ] DEBUG Engine               - appIcon: fxgl_icon.png
11:33:04.501 [FXGL Background Thread 3 ] DEBUG Engine               - applicationMode: DEVELOPER
11:33:04.501 [FXGL Background Thread 3 ] DEBUG Engine               - cSSList: [fxgl_dark.css]
11:33:04.501 [FXGL Background Thread 3 ] DEBUG Engine               - collisionDetectionStrategy: BRUTE_FORCE
11:33:04.501 [FXGL Background Thread 3 ] DEBUG Engine               - configClass: Optional.empty
11:33:04.501 [FXGL Background Thread 3 ] DEBUG Engine               - credits: []
11:33:04.504 [FXGL Background Thread 3 ] DEBUG Engine               - defaultCursor: CursorInfo(imageName=fxgl_default_cursor.png, hotspotX=7.0, hotspotY=6.0)
11:33:04.506 [FXGL Background Thread 3 ] DEBUG Engine               - devBBoxColorProperty: ObjectProperty [value: 0xff0000ff]
11:33:04.507 [FXGL Background Thread 3 ] DEBUG Engine               - devEnableDebugCameraProperty: BooleanProperty [value: false]
11:33:04.507 [FXGL Background Thread 3 ] DEBUG Engine               - devSensorColorProperty: ObjectProperty [value: 0xffff00ff]
11:33:04.507 [FXGL Background Thread 3 ] DEBUG Engine               - devShowBBoxProperty: BooleanProperty [value: false]
11:33:04.507 [FXGL Background Thread 3 ] DEBUG Engine               - devShowPositionProperty: BooleanProperty [value: false]
11:33:04.507 [FXGL Background Thread 3 ] DEBUG Engine               - enabledMenuItems: []
11:33:04.507 [FXGL Background Thread 3 ] DEBUG Engine               - engineServices: [class com.almasb.fxgl.app.services.FXGLAssetLoaderService, class com.almasb.fxgl.app.FXGLApplication$GameApplicationService, class com.almasb.fxgl.app.services.FXGLDialogService, class com.almasb.fxgl.app.services.IOTaskExecutorService, class com.almasb.fxgl.io.FileSystemService, class com.almasb.fxgl.localization.LocalizationService, class com.almasb.fxgl.app.services.SystemBundleService, class com.almasb.fxgl.profile.SaveLoadService, class com.almasb.fxgl.ui.FXGLUIFactoryServiceProvider, class com.almasb.fxgl.ui.FXGLDialogFactoryServiceProvider, class com.almasb.fxgl.audio.AudioPlayer, class com.almasb.fxgl.notification.impl.NotificationServiceProvider, class com.almasb.fxgl.achievement.AchievementService, class com.almasb.fxgl.cutscene.CutsceneService, class com.almasb.fxgl.minigames.MiniGameService, class com.almasb.fxgl.net.NetService, class com.almasb.fxgl.app.services.UpdaterService, class com.almasb.fxgl.dev.DevService]
11:33:04.507 [FXGL Background Thread 3 ] DEBUG Engine               - fontGame: Abel-Regular.ttf
11:33:04.507 [FXGL Background Thread 3 ] DEBUG Engine               - fontMono: TerminalLandMono-Regular.otf
11:33:04.507 [FXGL Background Thread 3 ] DEBUG Engine               - fontSizeScaleUI: 1.0
11:33:04.507 [FXGL Background Thread 3 ] DEBUG Engine               - fontText: Courier-Prime.ttf
11:33:04.507 [FXGL Background Thread 3 ] DEBUG Engine               - fontUI: VarelaRound-Regular.ttf
11:33:04.507 [FXGL Background Thread 3 ] DEBUG Engine               - fullScreen: BooleanProperty [value: false]
11:33:04.507 [FXGL Background Thread 3 ] DEBUG Engine               - gameDifficulty: MEDIUM
11:33:04.508 [FXGL Background Thread 3 ] DEBUG Engine               - gameDifficultyProperty: ObjectProperty [value: MEDIUM]
11:33:04.509 [FXGL Background Thread 3 ] DEBUG Engine               - globalMusicVolume: 0.5
11:33:04.510 [FXGL Background Thread 3 ] DEBUG Engine               - globalMusicVolumeProperty: DoubleProperty [value: 0.5]
11:33:04.511 [FXGL Background Thread 3 ] DEBUG Engine               - globalSoundVolume: 0.5
11:33:04.511 [FXGL Background Thread 3 ] DEBUG Engine               - globalSoundVolumeProperty: DoubleProperty [value: 0.5]
11:33:04.514 [FXGL Background Thread 3 ] DEBUG Engine               - height: 896
11:33:04.514 [FXGL Background Thread 3 ] DEBUG Engine               - is3D: false
11:33:04.515 [FXGL Background Thread 3 ] DEBUG Engine               - isAndroid: false
11:33:04.515 [FXGL Background Thread 3 ] DEBUG Engine               - isBrowser: false
11:33:04.515 [FXGL Background Thread 3 ] DEBUG Engine               - isClickFeedbackEnabled: false
11:33:04.516 [FXGL Background Thread 3 ] DEBUG Engine               - isCloseConfirmation: false
11:33:04.516 [FXGL Background Thread 3 ] DEBUG Engine               - isDesktop: true
11:33:04.516 [FXGL Background Thread 3 ] DEBUG Engine               - isDeveloperMenuEnabled: false
11:33:04.516 [FXGL Background Thread 3 ] DEBUG Engine               - isEmbedded: false
11:33:04.516 [FXGL Background Thread 3 ] DEBUG Engine               - isEntityPreloadEnabled: true
11:33:04.516 [FXGL Background Thread 3 ] DEBUG Engine               - isExperimentalTiledLargeMap: false
11:33:04.516 [FXGL Background Thread 3 ] DEBUG Engine               - isFileSystemWriteAllowed: true
11:33:04.516 [FXGL Background Thread 3 ] DEBUG Engine               - isFullScreenAllowed: false
11:33:04.516 [FXGL Background Thread 3 ] DEBUG Engine               - isFullScreenFromStart: false
11:33:04.516 [FXGL Background Thread 3 ] DEBUG Engine               - isGameMenuEnabled: true
11:33:04.516 [FXGL Background Thread 3 ] DEBUG Engine               - isIOS: false
11:33:04.516 [FXGL Background Thread 3 ] DEBUG Engine               - isIntroEnabled: false
11:33:04.516 [FXGL Background Thread 3 ] DEBUG Engine               - isLinux: false
11:33:04.516 [FXGL Background Thread 3 ] DEBUG Engine               - isMac: true
11:33:04.516 [FXGL Background Thread 3 ] DEBUG Engine               - isMainMenuEnabled: false
11:33:04.516 [FXGL Background Thread 3 ] DEBUG Engine               - isManualResizeEnabled: false
11:33:04.516 [FXGL Background Thread 3 ] DEBUG Engine               - isMobile: false
11:33:04.516 [FXGL Background Thread 3 ] DEBUG Engine               - isNative: false
11:33:04.516 [FXGL Background Thread 3 ] DEBUG Engine               - isPauseMusicWhenMinimized: true
11:33:04.516 [FXGL Background Thread 3 ] DEBUG Engine               - isPreserveResizeRatio: false
11:33:04.516 [FXGL Background Thread 3 ] DEBUG Engine               - isProfilingEnabled: false
11:33:04.516 [FXGL Background Thread 3 ] DEBUG Engine               - isScaleAffectedOnResize: true
11:33:04.516 [FXGL Background Thread 3 ] DEBUG Engine               - isSingleStep: false
11:33:04.516 [FXGL Background Thread 3 ] DEBUG Engine               - isUserProfileEnabled: false
11:33:04.516 [FXGL Background Thread 3 ] DEBUG Engine               - isWindows: false
11:33:04.517 [FXGL Background Thread 3 ] DEBUG Engine               - language: ObjectProperty [value: ENGLISH]
11:33:04.517 [FXGL Background Thread 3 ] DEBUG Engine               - menuKey: ESCAPE
11:33:04.519 [FXGL Background Thread 3 ] DEBUG Engine               - mouseSensitivity: 0.2
11:33:04.519 [FXGL Background Thread 3 ] DEBUG Engine               - notificationViewClass: class com.almasb.fxgl.notification.view.XboxNotificationView
11:33:04.519 [FXGL Background Thread 3 ] DEBUG Engine               - pixelsPerMeter: 50.0
11:33:04.520 [FXGL Background Thread 3 ] DEBUG Engine               - platform: MAC
11:33:04.520 [FXGL Background Thread 3 ] DEBUG Engine               - prefHeightProperty: ReadOnlyDoubleProperty [value: 896.0]
11:33:04.520 [FXGL Background Thread 3 ] DEBUG Engine               - prefWidthProperty: ReadOnlyDoubleProperty [value: 1600.0]
11:33:04.520 [FXGL Background Thread 3 ] DEBUG Engine               - profileDir: profiles/
11:33:04.520 [FXGL Background Thread 3 ] DEBUG Engine               - profileName: StringProperty [value: DEFAULT]
11:33:04.520 [FXGL Background Thread 3 ] DEBUG Engine               - randomSeed: -1
11:33:04.521 [FXGL Background Thread 3 ] DEBUG Engine               - runtimeInfo: RuntimeInfo(platform=MAC, version=17.3, build=30.03.2023 11.49)
11:33:04.521 [FXGL Background Thread 3 ] DEBUG Engine               - saveFileExt: sav
11:33:04.521 [FXGL Background Thread 3 ] DEBUG Engine               - scaledHeightProp$fxgl: DoubleProperty [bound, value: 806.0]
11:33:04.521 [FXGL Background Thread 3 ] DEBUG Engine               - scaledWidthProp$fxgl: DoubleProperty [bound, value: 1415.0]
11:33:04.521 [FXGL Background Thread 3 ] DEBUG Engine               - sceneFactory: com.almasb.fxgl.app.scene.SceneFactory@6bd8e95e
11:33:04.521 [FXGL Background Thread 3 ] DEBUG Engine               - secondsIn24h: 60
11:33:04.521 [FXGL Background Thread 3 ] DEBUG Engine               - soundMenuBack: menu/back.wav
11:33:04.522 [FXGL Background Thread 3 ] DEBUG Engine               - soundMenuPress: menu/press.wav
11:33:04.522 [FXGL Background Thread 3 ] DEBUG Engine               - soundMenuSelect: menu/select.wav
11:33:04.522 [FXGL Background Thread 3 ] DEBUG Engine               - soundNotification: core/notification.wav
11:33:04.522 [FXGL Background Thread 3 ] DEBUG Engine               - stageStyle: DECORATED
11:33:04.522 [FXGL Background Thread 3 ] DEBUG Engine               - supportedLanguages: [ENGLISH, FRENCH, GERMAN, HUNGARIAN, RUSSIAN]
11:33:04.522 [FXGL Background Thread 3 ] DEBUG Engine               - ticksPerSecond: -1
11:33:04.522 [FXGL Background Thread 3 ] DEBUG Engine               - title: Zombs
11:33:04.522 [FXGL Background Thread 3 ] DEBUG Engine               - urlGithub: https://github.com/AlmasB/FXGL
11:33:04.522 [FXGL Background Thread 3 ] DEBUG Engine               - urlLeaderboard: http://fxgl-top.herokuapp.com/
11:33:04.522 [FXGL Background Thread 3 ] DEBUG Engine               - urlPOM: https://raw.githubusercontent.com/AlmasB/FXGL/release/README.md
11:33:04.522 [FXGL Background Thread 3 ] DEBUG Engine               - userAppClass: class com.csafinal.basedefense.DropApp
11:33:04.522 [FXGL Background Thread 3 ] DEBUG Engine               - version: 1.0
11:33:04.522 [FXGL Background Thread 3 ] DEBUG Engine               - versionCheckDays: 7
11:33:04.522 [FXGL Background Thread 3 ] DEBUG Engine               - width: 1600
11:33:04.522 [FXGL Background Thread 3 ] DEBUG Engine               - Logging services
11:33:04.522 [FXGL Background Thread 3 ] DEBUG Engine               - class com.almasb.fxgl.app.services.FXGLAssetLoaderService
11:33:04.522 [FXGL Background Thread 3 ] DEBUG Engine               - class com.almasb.fxgl.app.FXGLApplication$GameApplicationService
11:33:04.522 [FXGL Background Thread 3 ] DEBUG Engine               - class com.almasb.fxgl.app.services.FXGLDialogService
11:33:04.522 [FXGL Background Thread 3 ] DEBUG Engine               - class com.almasb.fxgl.app.services.IOTaskExecutorService
11:33:04.522 [FXGL Background Thread 3 ] DEBUG Engine               - class com.almasb.fxgl.io.FileSystemService
11:33:04.527 [FXGL Background Thread 3 ] DEBUG Engine               - class com.almasb.fxgl.localization.LocalizationService
11:33:04.527 [FXGL Background Thread 3 ] DEBUG Engine               - class com.almasb.fxgl.app.services.SystemBundleService
11:33:04.527 [FXGL Background Thread 3 ] DEBUG Engine               - class com.almasb.fxgl.profile.SaveLoadService
11:33:04.527 [FXGL Background Thread 3 ] DEBUG Engine               - class com.almasb.fxgl.ui.FXGLUIFactoryServiceProvider
11:33:04.527 [FXGL Background Thread 3 ] DEBUG Engine               - class com.almasb.fxgl.ui.FXGLDialogFactoryServiceProvider
11:33:04.527 [FXGL Background Thread 3 ] DEBUG Engine               - class com.almasb.fxgl.audio.AudioPlayer
11:33:04.527 [FXGL Background Thread 3 ] DEBUG Engine               - class com.almasb.fxgl.notification.impl.NotificationServiceProvider
11:33:04.527 [FXGL Background Thread 3 ] DEBUG Engine               - class com.almasb.fxgl.achievement.AchievementService
11:33:04.527 [FXGL Background Thread 3 ] DEBUG Engine               - class com.almasb.fxgl.cutscene.CutsceneService
11:33:04.527 [FXGL Background Thread 3 ] DEBUG Engine               - class com.almasb.fxgl.minigames.MiniGameService
11:33:04.527 [FXGL Background Thread 3 ] DEBUG Engine               - class com.almasb.fxgl.net.NetService
11:33:04.527 [FXGL Background Thread 3 ] DEBUG Engine               - class com.almasb.fxgl.app.services.UpdaterService
11:33:04.527 [FXGL Background Thread 3 ] DEBUG Engine               - class com.almasb.fxgl.dev.DevService
11:33:05.333 [JavaFX Application Thread] DEBUG FXGLAssetLoaderServi - Loading from file system: file:/Volumes/AYUSH%20DRIVE/School%202022-23/M359%20AP%20CS%20Java%20A/BaseDefense2/target/classes/assets/textures/enemies/enemy1.png
11:33:06.475 [JavaFX Application Thread] DEBUG FXGLAssetLoaderServi - Loading from file system: file:/Volumes/AYUSH%20DRIVE/School%202022-23/M359%20AP%20CS%20Java%20A/BaseDefense2/target/classes/assets/textures/towers/tower1.png
11:33:07.923 [JavaFX Application Thread] DEBUG FXGLAssetLoaderServi - Loading from file system: file:/Volumes/AYUSH%20DRIVE/School%202022-23/M359%20AP%20CS%20Java%20A/BaseDefense2/target/classes/assets/textures/projectile.png
11:33:28.624 [JavaFX Application Thread] DEBUG FXGLApplication      - Exiting FXGL
11:33:28.625 [JavaFX Application Thread] DEBUG LoopRunner           - Stopping loop
11:33:28.625 [JavaFX Application Thread] DEBUG SystemBundleService  - Saving FXGL system data
11:33:28.638 [JavaFX Application Thread] DEBUG FileSystemAccess     - Writing to: /Volumes/AYUSH DRIVE/School 2022-23/M359 AP CS Java A/BaseDefense2/system/fxgl.bundle
11:33:28.653 [JavaFX Application Thread] DEBUG Async                - Shutting down background threads
11:33:28.655 [JavaFX Application Thread] DEBUG PrimaryStageWindow   - Closing main window
11:33:28.677 [JavaFX Application Thread] DEBUG Logger               - Closing Logger
