22:48:49.723 [main                     ] DEBUG Logger               - Configured Logger
22:48:49.839 [main                     ] DEBUG GameApplication      - Logging settings
Title: Zombs
Version: 1.0
Width: 1600
Height: 896
Fullscreen: false
Intro: false
Profiling: false
Single step:false
App Mode: DEVELOPER
Menu Key: ESCAPE
Stage Style: DECORATED
Scene Factory: class com.almasb.fxgl.app.scene.SceneFactory

22:48:51.450 [JavaFX Application Thread] DEBUG FXGLApplication      - Initializing FXGL
22:48:51.475 [JavaFX Application Thread] INFO  Engine               - FXGL-17.3 (30.03.2023 11.49) on MAC (J:20 FX:20)
22:48:51.489 [JavaFX Application Thread] DEBUG Engine               - JRE Vendor Name: Oracle Corporation
22:48:51.490 [JavaFX Application Thread] DEBUG Engine               - Running on OS: Mac OS X version 13.3.1
22:48:51.490 [JavaFX Application Thread] DEBUG Engine               - Architecture: x86_64
22:48:51.490 [JavaFX Application Thread] INFO  Engine               - Source code and latest versions at: https://github.com/AlmasB/FXGL
22:48:51.491 [JavaFX Application Thread] INFO  Engine               -       Ask questions and discuss at: https://github.com/AlmasB/FXGL/discussions
22:48:51.491 [JavaFX Application Thread] INFO  Engine               -              Join the FXGL chat at: https://gitter.im/AlmasB/FXGL
22:48:51.732 [JavaFX Application Thread] DEBUG PrimaryStageWindow   - Creating a JavaFX scene
22:48:51.733 [JavaFX Application Thread] DEBUG PrimaryStageWindow   - Target size > screen size
22:48:51.971 [JavaFX Application Thread] DEBUG PrimaryStageWindow   - Target settings size: 1600.0 x 896.0
22:48:51.974 [JavaFX Application Thread] DEBUG PrimaryStageWindow   - Scaled scene size:    1415.0 x 806.0
22:48:51.981 [JavaFX Application Thread] DEBUG PrimaryStageWindow   - Scaled ratio: (0.884375, 0.8995535714285714)
22:48:51.986 [JavaFX Application Thread] DEBUG PrimaryStageWindow   - Set initial scene to FXGLStartupScene
22:48:52.002 [JavaFX Application Thread] DEBUG PrimaryStageWindow   - Opening main window
22:48:52.641 [JavaFX Application Thread] DEBUG PrimaryStageWindow   - Window border size: (0.0, 28.0)
22:48:52.642 [JavaFX Application Thread] DEBUG PrimaryStageWindow   - Scaled size: 1415.0 x 806.0
22:48:52.643 [JavaFX Application Thread] DEBUG PrimaryStageWindow   - Scaled ratio: (0.884375, 0.8995535714285714)
22:48:52.643 [JavaFX Application Thread] DEBUG PrimaryStageWindow   - Scene size: 1415.0 x 806.0
22:48:52.644 [JavaFX Application Thread] DEBUG PrimaryStageWindow   - Stage size: 1415.0 x 834.0
22:48:52.691 [FXGL Background Thread 1 ] DEBUG Engine               - Initializing environment variables
22:48:54.004 [FXGL Background Thread 1 ] DEBUG FXGLAssetLoaderServi - User app class for loading assets: class com.csafinal.basedefense.DropApp
22:48:54.016 [FXGL Background Thread 1 ] DEBUG GameApplicationServi - Applying CSS: fxgl_dark.css
22:48:54.026 [FXGL Background Thread 1 ] DEBUG FXGLAssetLoaderServi - Loading from file system: jar:file:///Users/ayushkumarrai/.m2/repository/com/github/almasb/fxgl/17.3/fxgl-17.3.jar!/fxglassets/ui/css/fxgl_dark.css
22:48:54.474 [FXGL Background Thread 1 ] DEBUG GameApplicationServi - Initializing application scenes
22:48:55.302 [FXGL Background Thread 1 ] DEBUG GameWorld            - Game world initialized
22:48:55.471 [FXGL Background Thread 1 ] DEBUG PhysicsWorld         - Physics world initialized: appHeight=896, physics.ppm=50.0
22:48:55.482 [FXGL Background Thread 1 ] DEBUG PhysicsWorld         - Using strategy: BRUTE_FORCE
22:48:55.514 [FXGL Background Thread 1 ] DEBUG GameScene            - Game scene initialized: 1600x896
22:48:55.559 [FXGL Background Thread 1 ] DEBUG FXGL.DefaultMenu     - createMenuBodyGameMenu()
22:48:55.594 [FXGL Background Thread 1 ] DEBUG FXGL.DefaultMenu     - createOptionsMenu()
22:48:55.629 [FXGL Background Thread 1 ] DEBUG FXGLAssetLoaderServi - Loading from file system: jar:file:///Users/ayushkumarrai/.m2/repository/com/github/almasb/fxgl/17.3/fxgl-17.3.jar!/fxglassets/textures/particles/smoke.png
22:48:55.917 [FXGL Background Thread 1 ] DEBUG FXGLAssetLoaderServi - Loading from file system: jar:file:///Users/ayushkumarrai/.m2/repository/com/github/almasb/fxgl/17.3/fxgl-17.3.jar!/fxglassets/textures/particles/trace_horizontal.png
22:48:55.968 [FXGL Background Thread 1 ] DEBUG GameApplicationServi - Application scenes initialized
22:48:55.994 [FXGL Background Thread 1 ] DEBUG SystemBundleService  - Loading FXGL system data
22:48:56.011 [FXGL Background Thread 1 ] DEBUG FileSystemAccess     - Reading from: /Volumes/AYUSH DRIVE/School 2022-23/M359 AP CS Java A/BaseDefense2/system/fxgl.bundle
22:48:56.036 [FXGL Background Thread 1 ] DEBUG SystemBundleService  - Bundle FXGL: {}
22:48:56.036 [FXGL Background Thread 1 ] DEBUG UpdaterService       - Checking for updates
22:48:56.047 [FXGL Background Thread 4 ] DEBUG FXGLApplication      - Loading fonts
22:48:56.049 [FXGL Background Thread 4 ] DEBUG FXGLAssetLoaderServi - Loading from file system: jar:file:///Users/ayushkumarrai/.m2/repository/com/github/almasb/fxgl/17.3/fxgl-17.3.jar!/fxglassets/ui/fonts/VarelaRound-Regular.ttf
22:48:56.051 [FXGL Background Thread 1 ] DEBUG FXGLApplication      - Loading default localization
22:48:56.052 [FXGL Background Thread 1 ] DEBUG FXGLAssetLoaderServi - Loading from file system: jar:file:///Users/ayushkumarrai/.m2/repository/com/github/almasb/fxgl/17.3/fxgl-17.3.jar!/fxglassets/languages/english.lang
22:48:56.099 [FXGL Background Thread 1 ] INFO  FXGLApplication      - FXGL initialization took: 3.406 sec
22:48:56.116 [JavaFX Application Thread] DEBUG Input                - Registered new binding: info - I
22:48:56.116 [JavaFX Application Thread] DEBUG Input                - Registered new binding: Revive - R
22:48:56.117 [JavaFX Application Thread] DEBUG FXGLAssetLoaderServi - Loading from file system: jar:file:///Users/ayushkumarrai/.m2/repository/com/github/almasb/fxgl/17.3/fxgl-17.3.jar!/fxglassets/textures/fxgl_icon.png
22:48:56.119 [FXGL Background Thread 4 ] DEBUG FXGLAssetLoaderServi - Loading from file system: jar:file:///Users/ayushkumarrai/.m2/repository/com/github/almasb/fxgl/17.3/fxgl-17.3.jar!/fxglassets/ui/fonts/Abel-Regular.ttf
22:48:56.124 [FXGL Background Thread 4 ] DEBUG FXGLAssetLoaderServi - Loading from file system: jar:file:///Users/ayushkumarrai/.m2/repository/com/github/almasb/fxgl/17.3/fxgl-17.3.jar!/fxglassets/ui/fonts/TerminalLandMono-Regular.otf
22:48:56.132 [FXGL Background Thread 4 ] DEBUG FXGLAssetLoaderServi - Loading from file system: jar:file:///Users/ayushkumarrai/.m2/repository/com/github/almasb/fxgl/17.3/fxgl-17.3.jar!/fxglassets/ui/fonts/Courier-Prime.ttf
22:48:56.172 [JavaFX Application Thread] DEBUG FXGLAssetLoaderServi - Loading from file system: jar:file:///Users/ayushkumarrai/.m2/repository/com/github/almasb/fxgl/17.3/fxgl-17.3.jar!/fxglassets/textures/fxgl_default_cursor.png
22:48:56.182 [JavaFX Application Thread] DEBUG Input                - Registered new binding: Screenshot - CTRL+8
22:48:56.184 [JavaFX Application Thread] DEBUG Input                - Registered new binding: System info dump - CTRL+9
22:48:56.184 [JavaFX Application Thread] DEBUG Input                - Registered new binding: Restart - CTRL+R
22:48:56.184 [JavaFX Application Thread] DEBUG Input                - Registered new binding: Toggle Debug Camera - CTRL+7
22:48:56.190 [JavaFX Application Thread] DEBUG LoopRunner           - Starting loop
22:48:56.190 [JavaFX Application Thread] DEBUG LoopRunner           - Initializing JavaFX AnimationTimerLoop
22:48:56.191 [JavaFX Application Thread] DEBUG GameApplicationServi - Starting new game
22:48:56.193 [JavaFX Application Thread] DEBUG Input                - Clearing active input actions
22:48:56.281 [JavaFX Application Thread] DEBUG GameApplicationServi - Removing overlay from FXGLStartupScene and adding to FXGLLoadingScene
22:48:56.284 [JavaFX Application Thread] DEBUG PrimaryStageWindow   - FXGLStartupScene -> FXGLLoadingScene
22:48:56.284 [JavaFX Application Thread] DEBUG GameApplicationServi - Clearing previous game
22:48:56.284 [JavaFX Application Thread] DEBUG GameScene            - Clearing game scene
22:48:56.284 [JavaFX Application Thread] DEBUG GameWorld            - Clearing game world
22:48:56.284 [JavaFX Application Thread] DEBUG PhysicsWorld         - Clearing physics world
22:48:56.286 [FXGL Background Thread 4 ] DEBUG FXGLApplication      - Initializing game
22:48:56.447 [JavaFX Application Thread] DEBUG FXGLApplication      - Registering font factories with UI factory
22:48:56.449 [FXGL Background Thread 4 ] WARN  TMXLevelLoader       - TiledMap generated from 1.10.0. Supported version: 1.9.0. Some features may not be parsed fully.
22:48:56.542 [FXGL Background Thread 4 ] DEBUG TMXLevelLoader       - Parsed TiledMap: file:/Volumes/AYUSH%20DRIVE/School%202022-23/M359%20AP%20CS%20Java%20A/BaseDefense2/target/classes/assets/levels/tmx/td1.tmx
22:48:56.555 [FXGL Background Thread 4 ] DEBUG TMXLevelLoader       - Creating tile layer entities
22:48:56.958 [FXGL Background Thread 4 ] DEBUG TilesetLoader        - Loading view for layer Ground
22:48:57.048 [FXGL Background Thread 4 ] DEBUG TilesetLoader        - Created buffer with size 1600.0x896.0
22:48:57.563 [FXGL Background Thread 4 ] DEBUG TilesetLoader        - Loading view for layer Decor
22:48:57.584 [FXGL Background Thread 4 ] DEBUG TilesetLoader        - Created buffer with size 1600.0x896.0
22:48:57.590 [FXGL Background Thread 4 ] DEBUG TMXLevelLoader       - Creating object layer entities
22:48:58.035 [FXGL Background Thread 4 ] DEBUG GameWorld            - Clearing removable entities
22:48:58.042 [FXGL Background Thread 4 ] DEBUG GameWorld            - Setting level: com.almasb.fxgl.entity.level.Level@34cdc74f
22:48:58.088 [FXGL Background Thread 4 ] DEBUG FXGLAssetLoaderServi - Loading JSON from: file:/Volumes/AYUSH%20DRIVE/School%202022-23/M359%20AP%20CS%20Java%20A/BaseDefense2/target/classes/assets/towers/tower1.json
22:48:58.878 [FXGL Background Thread 4 ] DEBUG FXGLAssetLoaderServi - Loading JSON from: file:/Volumes/AYUSH%20DRIVE/School%202022-23/M359%20AP%20CS%20Java%20A/BaseDefense2/target/classes/assets/towers/tower2.json
22:48:58.898 [FXGL Background Thread 4 ] DEBUG FXGLAssetLoaderServi - Loading JSON from: file:/Volumes/AYUSH%20DRIVE/School%202022-23/M359%20AP%20CS%20Java%20A/BaseDefense2/target/classes/assets/towers/tower3.json
22:48:58.938 [FXGL Background Thread 4 ] DEBUG FXGLAssetLoaderServi - Loading JSON from: file:/Volumes/AYUSH%20DRIVE/School%202022-23/M359%20AP%20CS%20Java%20A/BaseDefense2/target/classes/assets/towers/tower4.json
22:48:58.959 [FXGL Background Thread 4 ] DEBUG FXGLAssetLoaderServi - Loading JSON from: file:/Volumes/AYUSH%20DRIVE/School%202022-23/M359%20AP%20CS%20Java%20A/BaseDefense2/target/classes/assets/towers/tower5.json
22:48:58.982 [FXGL Background Thread 4 ] DEBUG FXGLAssetLoaderServi - Loading JSON from: file:/Volumes/AYUSH%20DRIVE/School%202022-23/M359%20AP%20CS%20Java%20A/BaseDefense2/target/classes/assets/towers/tower6.json
22:48:59.039 [FXGL Background Thread 4 ] DEBUG FXGLAssetLoaderServi - Loading JSON from: file:/Volumes/AYUSH%20DRIVE/School%202022-23/M359%20AP%20CS%20Java%20A/BaseDefense2/target/classes/assets/playerTypes/player1.json
22:48:59.048 [FXGL Background Thread 3 ] DEBUG Engine               - Logging environment variables
22:48:59.057 [FXGL Background Thread 3 ] DEBUG Engine               - achievements: []
22:48:59.065 [FXGL Background Thread 3 ] DEBUG Engine               - actualHeight: 806.0
22:48:59.066 [FXGL Background Thread 3 ] DEBUG Engine               - actualHeightProperty: ReadOnlyDoubleProperty [value: 806.0]
22:48:59.066 [FXGL Background Thread 3 ] DEBUG Engine               - actualWidth: 1415.0
22:48:59.066 [FXGL Background Thread 3 ] DEBUG Engine               - actualWidthProperty: ReadOnlyDoubleProperty [value: 1415.0]
22:48:59.066 [FXGL Background Thread 3 ] DEBUG Engine               - appIcon: fxgl_icon.png
22:48:59.066 [FXGL Background Thread 3 ] DEBUG Engine               - applicationMode: DEVELOPER
22:48:59.068 [FXGL Background Thread 3 ] DEBUG Engine               - cSSList: [fxgl_dark.css]
22:48:59.069 [FXGL Background Thread 3 ] DEBUG Engine               - collisionDetectionStrategy: BRUTE_FORCE
22:48:59.069 [FXGL Background Thread 3 ] DEBUG Engine               - configClass: Optional.empty
22:48:59.072 [FXGL Background Thread 3 ] DEBUG Engine               - credits: []
22:48:59.082 [FXGL Background Thread 3 ] DEBUG Engine               - defaultCursor: CursorInfo(imageName=fxgl_default_cursor.png, hotspotX=7.0, hotspotY=6.0)
22:48:59.084 [FXGL Background Thread 3 ] DEBUG Engine               - devBBoxColorProperty: ObjectProperty [value: 0xff0000ff]
22:48:59.085 [FXGL Background Thread 3 ] DEBUG Engine               - devEnableDebugCameraProperty: BooleanProperty [value: false]
22:48:59.086 [FXGL Background Thread 3 ] DEBUG Engine               - devSensorColorProperty: ObjectProperty [value: 0xffff00ff]
22:48:59.086 [FXGL Background Thread 3 ] DEBUG Engine               - devShowBBoxProperty: BooleanProperty [value: false]
22:48:59.086 [FXGL Background Thread 3 ] DEBUG Engine               - devShowPositionProperty: BooleanProperty [value: false]
22:48:59.087 [FXGL Background Thread 3 ] DEBUG Engine               - enabledMenuItems: []
22:48:59.088 [FXGL Background Thread 3 ] DEBUG Engine               - engineServices: [class com.almasb.fxgl.app.services.FXGLAssetLoaderService, class com.almasb.fxgl.app.FXGLApplication$GameApplicationService, class com.almasb.fxgl.app.services.FXGLDialogService, class com.almasb.fxgl.app.services.IOTaskExecutorService, class com.almasb.fxgl.io.FileSystemService, class com.almasb.fxgl.localization.LocalizationService, class com.almasb.fxgl.app.services.SystemBundleService, class com.almasb.fxgl.profile.SaveLoadService, class com.almasb.fxgl.ui.FXGLUIFactoryServiceProvider, class com.almasb.fxgl.ui.FXGLDialogFactoryServiceProvider, class com.almasb.fxgl.audio.AudioPlayer, class com.almasb.fxgl.notification.impl.NotificationServiceProvider, class com.almasb.fxgl.achievement.AchievementService, class com.almasb.fxgl.cutscene.CutsceneService, class com.almasb.fxgl.minigames.MiniGameService, class com.almasb.fxgl.net.NetService, class com.almasb.fxgl.app.services.UpdaterService, class com.almasb.fxgl.dev.DevService]
22:48:59.088 [FXGL Background Thread 3 ] DEBUG Engine               - fontGame: Abel-Regular.ttf
22:48:59.088 [FXGL Background Thread 3 ] DEBUG Engine               - fontMono: TerminalLandMono-Regular.otf
22:48:59.088 [FXGL Background Thread 3 ] DEBUG Engine               - fontSizeScaleUI: 1.0
22:48:59.088 [FXGL Background Thread 3 ] DEBUG Engine               - fontText: Courier-Prime.ttf
22:48:59.089 [FXGL Background Thread 3 ] DEBUG Engine               - fontUI: VarelaRound-Regular.ttf
22:48:59.089 [FXGL Background Thread 3 ] DEBUG Engine               - fullScreen: BooleanProperty [value: false]
22:48:59.089 [FXGL Background Thread 3 ] DEBUG Engine               - gameDifficulty: MEDIUM
22:48:59.089 [FXGL Background Thread 3 ] DEBUG Engine               - gameDifficultyProperty: ObjectProperty [value: MEDIUM]
22:48:59.089 [FXGL Background Thread 3 ] DEBUG Engine               - globalMusicVolume: 0.5
22:48:59.089 [FXGL Background Thread 3 ] DEBUG Engine               - globalMusicVolumeProperty: DoubleProperty [value: 0.5]
22:48:59.090 [FXGL Background Thread 3 ] DEBUG Engine               - globalSoundVolume: 0.5
22:48:59.091 [FXGL Background Thread 3 ] DEBUG Engine               - globalSoundVolumeProperty: DoubleProperty [value: 0.5]
22:48:59.092 [FXGL Background Thread 3 ] DEBUG Engine               - height: 896
22:48:59.094 [FXGL Background Thread 3 ] DEBUG Engine               - is3D: false
22:48:59.094 [FXGL Background Thread 3 ] DEBUG Engine               - isAndroid: false
22:48:59.094 [FXGL Background Thread 3 ] DEBUG Engine               - isBrowser: false
22:48:59.095 [FXGL Background Thread 3 ] DEBUG Engine               - isClickFeedbackEnabled: false
22:48:59.101 [FXGL Background Thread 3 ] DEBUG Engine               - isCloseConfirmation: false
22:48:59.104 [FXGL Background Thread 3 ] DEBUG Engine               - isDesktop: true
22:48:59.104 [FXGL Background Thread 3 ] DEBUG Engine               - isDeveloperMenuEnabled: false
22:48:59.104 [FXGL Background Thread 3 ] DEBUG Engine               - isEmbedded: false
22:48:59.104 [FXGL Background Thread 3 ] DEBUG Engine               - isEntityPreloadEnabled: true
22:48:59.105 [FXGL Background Thread 3 ] DEBUG Engine               - isExperimentalTiledLargeMap: false
22:48:59.109 [FXGL Background Thread 3 ] DEBUG Engine               - isFileSystemWriteAllowed: true
22:48:59.109 [FXGL Background Thread 3 ] DEBUG Engine               - isFullScreenAllowed: false
22:48:59.109 [FXGL Background Thread 3 ] DEBUG Engine               - isFullScreenFromStart: false
22:48:59.110 [FXGL Background Thread 3 ] DEBUG Engine               - isGameMenuEnabled: true
22:48:59.110 [FXGL Background Thread 3 ] DEBUG Engine               - isIOS: false
22:48:59.110 [FXGL Background Thread 3 ] DEBUG Engine               - isIntroEnabled: false
22:48:59.110 [FXGL Background Thread 3 ] DEBUG Engine               - isLinux: false
22:48:59.110 [FXGL Background Thread 3 ] DEBUG Engine               - isMac: true
22:48:59.110 [FXGL Background Thread 3 ] DEBUG Engine               - isMainMenuEnabled: false
22:48:59.110 [FXGL Background Thread 3 ] DEBUG Engine               - isManualResizeEnabled: false
22:48:59.110 [FXGL Background Thread 3 ] DEBUG Engine               - isMobile: false
22:48:59.110 [FXGL Background Thread 3 ] DEBUG Engine               - isNative: false
22:48:59.110 [FXGL Background Thread 3 ] DEBUG Engine               - isPauseMusicWhenMinimized: true
22:48:59.110 [FXGL Background Thread 3 ] DEBUG Engine               - isPreserveResizeRatio: false
22:48:59.110 [FXGL Background Thread 3 ] DEBUG Engine               - isProfilingEnabled: false
22:48:59.110 [FXGL Background Thread 3 ] DEBUG Engine               - isScaleAffectedOnResize: true
22:48:59.110 [FXGL Background Thread 3 ] DEBUG Engine               - isSingleStep: false
22:48:59.110 [FXGL Background Thread 3 ] DEBUG Engine               - isUserProfileEnabled: false
22:48:59.110 [FXGL Background Thread 3 ] DEBUG Engine               - isWindows: false
22:48:59.111 [FXGL Background Thread 3 ] DEBUG Engine               - language: ObjectProperty [value: ENGLISH]
22:48:59.111 [FXGL Background Thread 3 ] DEBUG Engine               - menuKey: ESCAPE
22:48:59.132 [FXGL Background Thread 3 ] DEBUG Engine               - mouseSensitivity: 0.2
22:48:59.140 [FXGL Background Thread 3 ] DEBUG Engine               - notificationViewClass: class com.almasb.fxgl.notification.view.XboxNotificationView
22:48:59.142 [FXGL Background Thread 3 ] DEBUG Engine               - pixelsPerMeter: 50.0
22:48:59.142 [FXGL Background Thread 3 ] DEBUG Engine               - platform: MAC
22:48:59.142 [FXGL Background Thread 3 ] DEBUG Engine               - prefHeightProperty: ReadOnlyDoubleProperty [value: 896.0]
22:48:59.142 [FXGL Background Thread 3 ] DEBUG Engine               - prefWidthProperty: ReadOnlyDoubleProperty [value: 1600.0]
22:48:59.142 [FXGL Background Thread 3 ] DEBUG Engine               - profileDir: profiles/
22:48:59.142 [FXGL Background Thread 3 ] DEBUG Engine               - profileName: StringProperty [value: DEFAULT]
22:48:59.142 [FXGL Background Thread 3 ] DEBUG Engine               - randomSeed: -1
22:48:59.145 [FXGL Background Thread 3 ] DEBUG Engine               - runtimeInfo: RuntimeInfo(platform=MAC, version=17.3, build=30.03.2023 11.49)
22:48:59.145 [FXGL Background Thread 3 ] DEBUG Engine               - saveFileExt: sav
22:48:59.146 [FXGL Background Thread 3 ] DEBUG Engine               - scaledHeightProp$fxgl: DoubleProperty [bound, value: 806.0]
22:48:59.146 [FXGL Background Thread 3 ] DEBUG Engine               - scaledWidthProp$fxgl: DoubleProperty [bound, value: 1415.0]
22:48:59.146 [FXGL Background Thread 3 ] DEBUG Engine               - sceneFactory: com.almasb.fxgl.app.scene.SceneFactory@40ad7258
22:48:59.146 [FXGL Background Thread 3 ] DEBUG Engine               - secondsIn24h: 60
22:48:59.147 [FXGL Background Thread 3 ] DEBUG Engine               - soundMenuBack: menu/back.wav
22:48:59.147 [FXGL Background Thread 3 ] DEBUG Engine               - soundMenuPress: menu/press.wav
22:48:59.148 [FXGL Background Thread 3 ] DEBUG Engine               - soundMenuSelect: menu/select.wav
22:48:59.149 [FXGL Background Thread 3 ] DEBUG Engine               - soundNotification: core/notification.wav
22:48:59.149 [FXGL Background Thread 3 ] DEBUG Engine               - stageStyle: DECORATED
22:48:59.150 [FXGL Background Thread 3 ] DEBUG Engine               - supportedLanguages: [ENGLISH, FRENCH, GERMAN, HUNGARIAN, RUSSIAN]
22:48:59.152 [FXGL Background Thread 3 ] DEBUG Engine               - ticksPerSecond: -1
22:48:59.164 [FXGL Background Thread 3 ] DEBUG Engine               - title: Zombs
22:48:59.164 [FXGL Background Thread 3 ] DEBUG Engine               - urlGithub: https://github.com/AlmasB/FXGL
22:48:59.164 [FXGL Background Thread 3 ] DEBUG Engine               - urlLeaderboard: http://fxgl-top.herokuapp.com/
22:48:59.165 [FXGL Background Thread 3 ] DEBUG Engine               - urlPOM: https://raw.githubusercontent.com/AlmasB/FXGL/release/README.md
22:48:59.165 [FXGL Background Thread 3 ] DEBUG Engine               - userAppClass: class com.csafinal.basedefense.DropApp
22:48:59.165 [FXGL Background Thread 3 ] DEBUG Engine               - version: 1.0
22:48:59.165 [FXGL Background Thread 3 ] DEBUG Engine               - versionCheckDays: 7
22:48:59.165 [FXGL Background Thread 3 ] DEBUG Engine               - width: 1600
22:48:59.170 [FXGL Background Thread 3 ] DEBUG Engine               - Logging services
22:48:59.170 [FXGL Background Thread 3 ] DEBUG Engine               - class com.almasb.fxgl.app.services.FXGLAssetLoaderService
22:48:59.171 [FXGL Background Thread 3 ] DEBUG Engine               - class com.almasb.fxgl.app.FXGLApplication$GameApplicationService
22:48:59.171 [FXGL Background Thread 3 ] DEBUG Engine               - class com.almasb.fxgl.app.services.FXGLDialogService
22:48:59.171 [FXGL Background Thread 3 ] DEBUG Engine               - class com.almasb.fxgl.app.services.IOTaskExecutorService
22:48:59.172 [FXGL Background Thread 3 ] DEBUG Engine               - class com.almasb.fxgl.io.FileSystemService
22:48:59.199 [FXGL Background Thread 3 ] DEBUG Engine               - class com.almasb.fxgl.localization.LocalizationService
22:48:59.200 [FXGL Background Thread 3 ] DEBUG Engine               - class com.almasb.fxgl.app.services.SystemBundleService
22:48:59.200 [FXGL Background Thread 3 ] DEBUG Engine               - class com.almasb.fxgl.profile.SaveLoadService
22:48:59.200 [FXGL Background Thread 3 ] DEBUG Engine               - class com.almasb.fxgl.ui.FXGLUIFactoryServiceProvider
22:48:59.200 [FXGL Background Thread 3 ] DEBUG Engine               - class com.almasb.fxgl.ui.FXGLDialogFactoryServiceProvider
22:48:59.200 [FXGL Background Thread 3 ] DEBUG Engine               - class com.almasb.fxgl.audio.AudioPlayer
22:48:59.200 [FXGL Background Thread 3 ] DEBUG Engine               - class com.almasb.fxgl.notification.impl.NotificationServiceProvider
22:48:59.200 [FXGL Background Thread 3 ] DEBUG Engine               - class com.almasb.fxgl.achievement.AchievementService
22:48:59.200 [FXGL Background Thread 3 ] DEBUG Engine               - class com.almasb.fxgl.cutscene.CutsceneService
22:48:59.200 [FXGL Background Thread 3 ] DEBUG Engine               - class com.almasb.fxgl.minigames.MiniGameService
22:48:59.200 [FXGL Background Thread 3 ] DEBUG Engine               - class com.almasb.fxgl.net.NetService
22:48:59.200 [FXGL Background Thread 3 ] DEBUG Engine               - class com.almasb.fxgl.app.services.UpdaterService
22:48:59.200 [FXGL Background Thread 3 ] DEBUG Engine               - class com.almasb.fxgl.dev.DevService
22:48:59.230 [FXGL Background Thread 4 ] DEBUG FXGLAssetLoaderServi - Loading from file system: file:/Volumes/AYUSH%20DRIVE/School%202022-23/M359%20AP%20CS%20Java%20A/BaseDefense2/target/classes/assets/textures/player.png
22:48:59.266 [FXGL Background Thread 4 ] DEBUG FXGLAssetLoaderServi - Loading JSON from: file:/Volumes/AYUSH%20DRIVE/School%202022-23/M359%20AP%20CS%20Java%20A/BaseDefense2/target/classes/assets/enemies/enemy1.json
22:48:59.293 [FXGL Background Thread 4 ] INFO  FXGLApplication      - Game initialization took: 3.006 sec
22:48:59.297 [JavaFX Application Thread] DEBUG Input                - Clearing active input actions
22:48:59.360 [JavaFX Application Thread] DEBUG GameApplicationServi - Removing overlay from FXGLLoadingScene and adding to GameScene
22:48:59.369 [JavaFX Application Thread] DEBUG PrimaryStageWindow   - FXGLLoadingScene -> GameScene
22:49:00.113 [JavaFX Application Thread] DEBUG FXGLAssetLoaderServi - Loading from file system: file:/Volumes/AYUSH%20DRIVE/School%202022-23/M359%20AP%20CS%20Java%20A/BaseDefense2/target/classes/assets/textures/enemies/enemy1.png
22:49:01.119 [JavaFX Application Thread] DEBUG FXGLAssetLoaderServi - Loading from file system: file:/Volumes/AYUSH%20DRIVE/School%202022-23/M359%20AP%20CS%20Java%20A/BaseDefense2/target/classes/assets/textures/towers/tower1.png
22:49:02.438 [JavaFX Application Thread] DEBUG FXGLAssetLoaderServi - Loading from file system: file:/Volumes/AYUSH%20DRIVE/School%202022-23/M359%20AP%20CS%20Java%20A/BaseDefense2/target/classes/assets/textures/projectile.png
22:49:06.509 [JavaFX Application Thread] DEBUG FXGLApplication      - Exiting FXGL
22:49:06.509 [JavaFX Application Thread] DEBUG LoopRunner           - Stopping loop
22:49:06.510 [JavaFX Application Thread] DEBUG SystemBundleService  - Saving FXGL system data
22:49:06.517 [JavaFX Application Thread] DEBUG FileSystemAccess     - Writing to: /Volumes/AYUSH DRIVE/School 2022-23/M359 AP CS Java A/BaseDefense2/system/fxgl.bundle
22:49:06.524 [JavaFX Application Thread] DEBUG Async                - Shutting down background threads
22:49:06.524 [JavaFX Application Thread] DEBUG PrimaryStageWindow   - Closing main window
22:49:06.551 [JavaFX Application Thread] DEBUG Logger               - Closing Logger
