23:26:53.729 [main                     ] DEBUG Logger               - Configured Logger
23:26:53.846 [main                     ] DEBUG GameApplication      - Logging settings
Title: Zombs
Version: 1.0
Width: 1600
Height: 896
Fullscreen: false
Intro: false
Profiling: false
Single step:false
App Mode: DEVELOPER
Menu Key: ESCAPE
Stage Style: DECORATED
Scene Factory: class com.almasb.fxgl.app.scene.SceneFactory

23:26:54.806 [JavaFX Application Thread] DEBUG FXGLApplication      - Initializing FXGL
23:26:54.826 [JavaFX Application Thread] INFO  Engine               - FXGL-17.3 (30.03.2023 11.49) on MAC (J:20 FX:20)
23:26:54.829 [JavaFX Application Thread] DEBUG Engine               - JRE Vendor Name: Oracle Corporation
23:26:54.829 [JavaFX Application Thread] DEBUG Engine               - Running on OS: Mac OS X version 13.3.1
23:26:54.829 [JavaFX Application Thread] DEBUG Engine               - Architecture: x86_64
23:26:54.829 [JavaFX Application Thread] INFO  Engine               - Source code and latest versions at: https://github.com/AlmasB/FXGL
23:26:54.830 [JavaFX Application Thread] INFO  Engine               -       Ask questions and discuss at: https://github.com/AlmasB/FXGL/discussions
23:26:54.830 [JavaFX Application Thread] INFO  Engine               -              Join the FXGL chat at: https://gitter.im/AlmasB/FXGL
23:26:54.993 [JavaFX Application Thread] DEBUG PrimaryStageWindow   - Creating a JavaFX scene
23:26:54.994 [JavaFX Application Thread] DEBUG PrimaryStageWindow   - Target size > screen size
23:26:55.177 [JavaFX Application Thread] DEBUG PrimaryStageWindow   - Target settings size: 1600.0 x 896.0
23:26:55.178 [JavaFX Application Thread] DEBUG PrimaryStageWindow   - Scaled scene size:    1415.0 x 806.0
23:26:55.180 [JavaFX Application Thread] DEBUG PrimaryStageWindow   - Scaled ratio: (0.884375, 0.8995535714285714)
23:26:55.182 [JavaFX Application Thread] DEBUG PrimaryStageWindow   - Set initial scene to FXGLStartupScene
23:26:55.193 [JavaFX Application Thread] DEBUG PrimaryStageWindow   - Opening main window
23:26:55.426 [JavaFX Application Thread] DEBUG PrimaryStageWindow   - Window border size: (0.0, 28.0)
23:26:55.427 [JavaFX Application Thread] DEBUG PrimaryStageWindow   - Scaled size: 1415.0 x 806.0
23:26:55.427 [JavaFX Application Thread] DEBUG PrimaryStageWindow   - Scaled ratio: (0.884375, 0.8995535714285714)
23:26:55.432 [JavaFX Application Thread] DEBUG PrimaryStageWindow   - Scene size: 1415.0 x 806.0
23:26:55.433 [JavaFX Application Thread] DEBUG PrimaryStageWindow   - Stage size: 1415.0 x 834.0
23:26:55.455 [FXGL Background Thread 1 ] DEBUG Engine               - Initializing environment variables
23:26:55.986 [FXGL Background Thread 1 ] DEBUG FXGLAssetLoaderServi - User app class for loading assets: class com.csafinal.basedefense.DropApp
23:26:55.988 [FXGL Background Thread 1 ] DEBUG GameApplicationServi - Applying CSS: fxgl_dark.css
23:26:55.990 [FXGL Background Thread 1 ] DEBUG FXGLAssetLoaderServi - Loading from file system: jar:file:///Users/ayushkumarrai/.m2/repository/com/github/almasb/fxgl/17.3/fxgl-17.3.jar!/fxglassets/ui/css/fxgl_dark.css
23:26:56.151 [FXGL Background Thread 1 ] DEBUG GameApplicationServi - Initializing application scenes
23:26:56.415 [FXGL Background Thread 1 ] DEBUG GameWorld            - Game world initialized
23:26:56.493 [FXGL Background Thread 1 ] DEBUG PhysicsWorld         - Physics world initialized: appHeight=896, physics.ppm=50.0
23:26:56.495 [FXGL Background Thread 1 ] DEBUG PhysicsWorld         - Using strategy: BRUTE_FORCE
23:26:56.508 [FXGL Background Thread 1 ] DEBUG GameScene            - Game scene initialized: 1600x896
23:26:56.530 [FXGL Background Thread 1 ] DEBUG FXGL.DefaultMenu     - createMenuBodyGameMenu()
23:26:56.556 [FXGL Background Thread 1 ] DEBUG FXGL.DefaultMenu     - createOptionsMenu()
23:26:56.577 [FXGL Background Thread 1 ] DEBUG FXGLAssetLoaderServi - Loading from file system: jar:file:///Users/ayushkumarrai/.m2/repository/com/github/almasb/fxgl/17.3/fxgl-17.3.jar!/fxglassets/textures/particles/smoke.png
23:26:56.818 [FXGL Background Thread 1 ] DEBUG FXGLAssetLoaderServi - Loading from file system: jar:file:///Users/ayushkumarrai/.m2/repository/com/github/almasb/fxgl/17.3/fxgl-17.3.jar!/fxglassets/textures/particles/trace_horizontal.png
23:26:56.868 [FXGL Background Thread 1 ] DEBUG GameApplicationServi - Application scenes initialized
23:26:56.899 [FXGL Background Thread 1 ] DEBUG SystemBundleService  - Loading FXGL system data
23:26:56.906 [FXGL Background Thread 1 ] DEBUG FileSystemAccess     - Reading from: /Volumes/AYUSH DRIVE/School 2022-23/M359 AP CS Java A/BaseDefense2/system/fxgl.bundle
23:26:56.925 [FXGL Background Thread 1 ] DEBUG SystemBundleService  - Bundle FXGL: {}
23:26:56.926 [FXGL Background Thread 1 ] DEBUG UpdaterService       - Checking for updates
23:26:56.949 [FXGL Background Thread 4 ] DEBUG FXGLApplication      - Loading fonts
23:26:56.951 [FXGL Background Thread 1 ] DEBUG FXGLApplication      - Loading default localization
23:26:56.955 [FXGL Background Thread 4 ] DEBUG FXGLAssetLoaderServi - Loading from file system: jar:file:///Users/ayushkumarrai/.m2/repository/com/github/almasb/fxgl/17.3/fxgl-17.3.jar!/fxglassets/ui/fonts/VarelaRound-Regular.ttf
23:26:56.956 [FXGL Background Thread 1 ] DEBUG FXGLAssetLoaderServi - Loading from file system: jar:file:///Users/ayushkumarrai/.m2/repository/com/github/almasb/fxgl/17.3/fxgl-17.3.jar!/fxglassets/languages/english.lang
23:26:56.992 [FXGL Background Thread 4 ] DEBUG FXGLAssetLoaderServi - Loading from file system: jar:file:///Users/ayushkumarrai/.m2/repository/com/github/almasb/fxgl/17.3/fxgl-17.3.jar!/fxglassets/ui/fonts/Abel-Regular.ttf
23:26:57.003 [FXGL Background Thread 4 ] DEBUG FXGLAssetLoaderServi - Loading from file system: jar:file:///Users/ayushkumarrai/.m2/repository/com/github/almasb/fxgl/17.3/fxgl-17.3.jar!/fxglassets/ui/fonts/TerminalLandMono-Regular.otf
23:26:57.010 [FXGL Background Thread 1 ] INFO  FXGLApplication      - FXGL initialization took: 1.553 sec
23:26:57.016 [FXGL Background Thread 4 ] DEBUG FXGLAssetLoaderServi - Loading from file system: jar:file:///Users/ayushkumarrai/.m2/repository/com/github/almasb/fxgl/17.3/fxgl-17.3.jar!/fxglassets/ui/fonts/Courier-Prime.ttf
23:26:57.026 [JavaFX Application Thread] DEBUG Input                - Registered new binding: Left - A
23:26:57.027 [JavaFX Application Thread] DEBUG Input                - Registered new binding: Right - D
23:26:57.028 [JavaFX Application Thread] DEBUG Input                - Registered new binding: Down - S
23:26:57.028 [JavaFX Application Thread] DEBUG Input                - Registered new binding: Up - W
23:26:57.028 [JavaFX Application Thread] DEBUG Input                - Registered new binding: info - I
23:26:57.028 [JavaFX Application Thread] DEBUG Input                - Registered new binding: Revive - R
23:26:57.029 [JavaFX Application Thread] DEBUG FXGLAssetLoaderServi - Loading from file system: jar:file:///Users/ayushkumarrai/.m2/repository/com/github/almasb/fxgl/17.3/fxgl-17.3.jar!/fxglassets/textures/fxgl_icon.png
23:26:57.090 [JavaFX Application Thread] DEBUG FXGLAssetLoaderServi - Loading from file system: jar:file:///Users/ayushkumarrai/.m2/repository/com/github/almasb/fxgl/17.3/fxgl-17.3.jar!/fxglassets/textures/fxgl_default_cursor.png
23:26:57.100 [JavaFX Application Thread] DEBUG Input                - Registered new binding: Screenshot - CTRL+8
23:26:57.101 [JavaFX Application Thread] DEBUG Input                - Registered new binding: System info dump - CTRL+9
23:26:57.101 [JavaFX Application Thread] DEBUG Input                - Registered new binding: Restart - CTRL+R
23:26:57.101 [JavaFX Application Thread] DEBUG Input                - Registered new binding: Toggle Debug Camera - CTRL+7
23:26:57.110 [JavaFX Application Thread] DEBUG LoopRunner           - Starting loop
23:26:57.111 [JavaFX Application Thread] DEBUG LoopRunner           - Initializing JavaFX AnimationTimerLoop
23:26:57.112 [JavaFX Application Thread] DEBUG GameApplicationServi - Starting new game
23:26:57.114 [JavaFX Application Thread] DEBUG Input                - Clearing active input actions
23:26:57.182 [JavaFX Application Thread] DEBUG GameApplicationServi - Removing overlay from FXGLStartupScene and adding to FXGLLoadingScene
23:26:57.184 [JavaFX Application Thread] DEBUG PrimaryStageWindow   - FXGLStartupScene -> FXGLLoadingScene
23:26:57.184 [JavaFX Application Thread] DEBUG GameApplicationServi - Clearing previous game
23:26:57.184 [JavaFX Application Thread] DEBUG GameScene            - Clearing game scene
23:26:57.184 [JavaFX Application Thread] DEBUG GameWorld            - Clearing game world
23:26:57.184 [JavaFX Application Thread] DEBUG PhysicsWorld         - Clearing physics world
23:26:57.186 [FXGL Background Thread 4 ] DEBUG FXGLApplication      - Initializing game
23:26:57.261 [JavaFX Application Thread] DEBUG FXGLApplication      - Registering font factories with UI factory
23:26:57.262 [FXGL Background Thread 4 ] WARN  TMXLevelLoader       - TiledMap generated from 1.10.0. Supported version: 1.9.0. Some features may not be parsed fully.
23:26:57.502 [FXGL Background Thread 4 ] DEBUG TMXLevelLoader       - Parsed TiledMap: file:/Volumes/AYUSH%20DRIVE/School%202022-23/M359%20AP%20CS%20Java%20A/BaseDefense2/target/classes/assets/levels/tmx/td1.tmx
23:26:57.544 [FXGL Background Thread 4 ] DEBUG TMXLevelLoader       - Creating tile layer entities
23:26:57.613 [FXGL Background Thread 4 ] DEBUG TilesetLoader        - Loading view for layer Ground
23:26:57.631 [FXGL Background Thread 4 ] DEBUG TilesetLoader        - Created buffer with size 1600.0x896.0
23:26:57.964 [FXGL Background Thread 4 ] DEBUG TilesetLoader        - Loading view for layer Decor
23:26:57.996 [FXGL Background Thread 4 ] DEBUG TilesetLoader        - Created buffer with size 1600.0x896.0
23:26:58.078 [FXGL Background Thread 4 ] DEBUG TMXLevelLoader       - Creating object layer entities
23:26:58.682 [FXGL Background Thread 4 ] DEBUG GameWorld            - Clearing removable entities
23:26:58.690 [FXGL Background Thread 4 ] DEBUG GameWorld            - Setting level: com.almasb.fxgl.entity.level.Level@2ef5073b
23:26:58.753 [FXGL Background Thread 4 ] DEBUG FXGLAssetLoaderServi - Loading JSON from: file:/Volumes/AYUSH%20DRIVE/School%202022-23/M359%20AP%20CS%20Java%20A/BaseDefense2/target/classes/assets/towers/tower1.json
23:26:59.156 [FXGL Background Thread 4 ] DEBUG FXGLAssetLoaderServi - Loading JSON from: file:/Volumes/AYUSH%20DRIVE/School%202022-23/M359%20AP%20CS%20Java%20A/BaseDefense2/target/classes/assets/towers/tower2.json
23:26:59.165 [FXGL Background Thread 4 ] DEBUG FXGLAssetLoaderServi - Loading JSON from: file:/Volumes/AYUSH%20DRIVE/School%202022-23/M359%20AP%20CS%20Java%20A/BaseDefense2/target/classes/assets/towers/tower3.json
23:26:59.179 [FXGL Background Thread 4 ] DEBUG FXGLAssetLoaderServi - Loading JSON from: file:/Volumes/AYUSH%20DRIVE/School%202022-23/M359%20AP%20CS%20Java%20A/BaseDefense2/target/classes/assets/towers/tower4.json
23:26:59.186 [FXGL Background Thread 4 ] DEBUG FXGLAssetLoaderServi - Loading JSON from: file:/Volumes/AYUSH%20DRIVE/School%202022-23/M359%20AP%20CS%20Java%20A/BaseDefense2/target/classes/assets/towers/tower5.json
23:26:59.196 [FXGL Background Thread 4 ] DEBUG FXGLAssetLoaderServi - Loading JSON from: file:/Volumes/AYUSH%20DRIVE/School%202022-23/M359%20AP%20CS%20Java%20A/BaseDefense2/target/classes/assets/towers/tower6.json
23:26:59.206 [FXGL Background Thread 4 ] DEBUG FXGLAssetLoaderServi - Loading JSON from: file:/Volumes/AYUSH%20DRIVE/School%202022-23/M359%20AP%20CS%20Java%20A/BaseDefense2/target/classes/assets/playerTypes/player1.json
23:26:59.259 [FXGL Background Thread 4 ] DEBUG FXGLAssetLoaderServi - Loading from file system: file:/Volumes/AYUSH%20DRIVE/School%202022-23/M359%20AP%20CS%20Java%20A/BaseDefense2/target/classes/assets/textures/player.png
23:26:59.288 [FXGL Background Thread 4 ] DEBUG FXGLAssetLoaderServi - Loading JSON from: file:/Volumes/AYUSH%20DRIVE/School%202022-23/M359%20AP%20CS%20Java%20A/BaseDefense2/target/classes/assets/enemies/enemy1.json
23:26:59.320 [FXGL Background Thread 4 ] INFO  FXGLApplication      - Game initialization took: 2.133 sec
23:26:59.322 [JavaFX Application Thread] DEBUG Input                - Clearing active input actions
23:26:59.378 [JavaFX Application Thread] DEBUG GameApplicationServi - Removing overlay from FXGLLoadingScene and adding to GameScene
23:26:59.387 [JavaFX Application Thread] DEBUG PrimaryStageWindow   - FXGLLoadingScene -> GameScene
23:26:59.935 [FXGL Background Thread 3 ] DEBUG Engine               - Logging environment variables
23:26:59.943 [FXGL Background Thread 3 ] DEBUG Engine               - achievements: []
23:26:59.945 [FXGL Background Thread 3 ] DEBUG Engine               - actualHeight: 806.0
23:26:59.945 [FXGL Background Thread 3 ] DEBUG Engine               - actualHeightProperty: ReadOnlyDoubleProperty [value: 806.0]
23:26:59.945 [FXGL Background Thread 3 ] DEBUG Engine               - actualWidth: 1415.0
23:26:59.945 [FXGL Background Thread 3 ] DEBUG Engine               - actualWidthProperty: ReadOnlyDoubleProperty [value: 1415.0]
23:26:59.945 [FXGL Background Thread 3 ] DEBUG Engine               - appIcon: fxgl_icon.png
23:26:59.945 [FXGL Background Thread 3 ] DEBUG Engine               - applicationMode: DEVELOPER
23:26:59.945 [FXGL Background Thread 3 ] DEBUG Engine               - cSSList: [fxgl_dark.css]
23:26:59.946 [FXGL Background Thread 3 ] DEBUG Engine               - collisionDetectionStrategy: BRUTE_FORCE
23:26:59.946 [FXGL Background Thread 3 ] DEBUG Engine               - configClass: Optional.empty
23:26:59.946 [FXGL Background Thread 3 ] DEBUG Engine               - credits: []
23:26:59.947 [FXGL Background Thread 3 ] DEBUG Engine               - defaultCursor: CursorInfo(imageName=fxgl_default_cursor.png, hotspotX=7.0, hotspotY=6.0)
23:26:59.948 [FXGL Background Thread 3 ] DEBUG Engine               - devBBoxColorProperty: ObjectProperty [value: 0xff0000ff]
23:26:59.948 [FXGL Background Thread 3 ] DEBUG Engine               - devEnableDebugCameraProperty: BooleanProperty [value: false]
23:26:59.948 [FXGL Background Thread 3 ] DEBUG Engine               - devSensorColorProperty: ObjectProperty [value: 0xffff00ff]
23:26:59.948 [FXGL Background Thread 3 ] DEBUG Engine               - devShowBBoxProperty: BooleanProperty [value: false]
23:26:59.948 [FXGL Background Thread 3 ] DEBUG Engine               - devShowPositionProperty: BooleanProperty [value: false]
23:26:59.948 [FXGL Background Thread 3 ] DEBUG Engine               - enabledMenuItems: []
23:26:59.948 [FXGL Background Thread 3 ] DEBUG Engine               - engineServices: [class com.almasb.fxgl.app.services.FXGLAssetLoaderService, class com.almasb.fxgl.app.FXGLApplication$GameApplicationService, class com.almasb.fxgl.app.services.FXGLDialogService, class com.almasb.fxgl.app.services.IOTaskExecutorService, class com.almasb.fxgl.io.FileSystemService, class com.almasb.fxgl.localization.LocalizationService, class com.almasb.fxgl.app.services.SystemBundleService, class com.almasb.fxgl.profile.SaveLoadService, class com.almasb.fxgl.ui.FXGLUIFactoryServiceProvider, class com.almasb.fxgl.ui.FXGLDialogFactoryServiceProvider, class com.almasb.fxgl.audio.AudioPlayer, class com.almasb.fxgl.notification.impl.NotificationServiceProvider, class com.almasb.fxgl.achievement.AchievementService, class com.almasb.fxgl.cutscene.CutsceneService, class com.almasb.fxgl.minigames.MiniGameService, class com.almasb.fxgl.net.NetService, class com.almasb.fxgl.app.services.UpdaterService, class com.almasb.fxgl.dev.DevService]
23:26:59.948 [FXGL Background Thread 3 ] DEBUG Engine               - fontGame: Abel-Regular.ttf
23:26:59.949 [FXGL Background Thread 3 ] DEBUG Engine               - fontMono: TerminalLandMono-Regular.otf
23:26:59.949 [FXGL Background Thread 3 ] DEBUG Engine               - fontSizeScaleUI: 1.0
23:26:59.949 [FXGL Background Thread 3 ] DEBUG Engine               - fontText: Courier-Prime.ttf
23:26:59.949 [FXGL Background Thread 3 ] DEBUG Engine               - fontUI: VarelaRound-Regular.ttf
23:26:59.949 [FXGL Background Thread 3 ] DEBUG Engine               - fullScreen: BooleanProperty [value: false]
23:26:59.949 [FXGL Background Thread 3 ] DEBUG Engine               - gameDifficulty: MEDIUM
23:26:59.949 [FXGL Background Thread 3 ] DEBUG Engine               - gameDifficultyProperty: ObjectProperty [value: MEDIUM]
23:26:59.949 [FXGL Background Thread 3 ] DEBUG Engine               - globalMusicVolume: 0.5
23:26:59.950 [FXGL Background Thread 3 ] DEBUG Engine               - globalMusicVolumeProperty: DoubleProperty [value: 0.5]
23:26:59.950 [FXGL Background Thread 3 ] DEBUG Engine               - globalSoundVolume: 0.5
23:26:59.952 [FXGL Background Thread 3 ] DEBUG Engine               - globalSoundVolumeProperty: DoubleProperty [value: 0.5]
23:26:59.952 [FXGL Background Thread 3 ] DEBUG Engine               - height: 896
23:26:59.952 [FXGL Background Thread 3 ] DEBUG Engine               - is3D: false
23:26:59.952 [FXGL Background Thread 3 ] DEBUG Engine               - isAndroid: false
23:26:59.953 [FXGL Background Thread 3 ] DEBUG Engine               - isBrowser: false
23:26:59.953 [FXGL Background Thread 3 ] DEBUG Engine               - isClickFeedbackEnabled: false
23:26:59.953 [FXGL Background Thread 3 ] DEBUG Engine               - isCloseConfirmation: false
23:26:59.953 [FXGL Background Thread 3 ] DEBUG Engine               - isDesktop: true
23:26:59.953 [FXGL Background Thread 3 ] DEBUG Engine               - isDeveloperMenuEnabled: false
23:26:59.953 [FXGL Background Thread 3 ] DEBUG Engine               - isEmbedded: false
23:26:59.953 [FXGL Background Thread 3 ] DEBUG Engine               - isEntityPreloadEnabled: true
23:26:59.953 [FXGL Background Thread 3 ] DEBUG Engine               - isExperimentalTiledLargeMap: false
23:26:59.953 [FXGL Background Thread 3 ] DEBUG Engine               - isFileSystemWriteAllowed: true
23:26:59.953 [FXGL Background Thread 3 ] DEBUG Engine               - isFullScreenAllowed: false
23:26:59.953 [FXGL Background Thread 3 ] DEBUG Engine               - isFullScreenFromStart: false
23:26:59.953 [FXGL Background Thread 3 ] DEBUG Engine               - isGameMenuEnabled: true
23:26:59.953 [FXGL Background Thread 3 ] DEBUG Engine               - isIOS: false
23:26:59.953 [FXGL Background Thread 3 ] DEBUG Engine               - isIntroEnabled: false
23:26:59.953 [FXGL Background Thread 3 ] DEBUG Engine               - isLinux: false
23:26:59.953 [FXGL Background Thread 3 ] DEBUG Engine               - isMac: true
23:26:59.953 [FXGL Background Thread 3 ] DEBUG Engine               - isMainMenuEnabled: false
23:26:59.953 [FXGL Background Thread 3 ] DEBUG Engine               - isManualResizeEnabled: false
23:26:59.953 [FXGL Background Thread 3 ] DEBUG Engine               - isMobile: false
23:26:59.953 [FXGL Background Thread 3 ] DEBUG Engine               - isNative: false
23:26:59.953 [FXGL Background Thread 3 ] DEBUG Engine               - isPauseMusicWhenMinimized: true
23:26:59.953 [FXGL Background Thread 3 ] DEBUG Engine               - isPreserveResizeRatio: false
23:26:59.954 [FXGL Background Thread 3 ] DEBUG Engine               - isProfilingEnabled: false
23:26:59.954 [FXGL Background Thread 3 ] DEBUG Engine               - isScaleAffectedOnResize: true
23:26:59.954 [FXGL Background Thread 3 ] DEBUG Engine               - isSingleStep: false
23:26:59.954 [FXGL Background Thread 3 ] DEBUG Engine               - isUserProfileEnabled: false
23:26:59.954 [FXGL Background Thread 3 ] DEBUG Engine               - isWindows: false
23:26:59.954 [FXGL Background Thread 3 ] DEBUG Engine               - language: ObjectProperty [value: ENGLISH]
23:26:59.954 [FXGL Background Thread 3 ] DEBUG Engine               - menuKey: ESCAPE
23:26:59.954 [FXGL Background Thread 3 ] DEBUG Engine               - mouseSensitivity: 0.2
23:26:59.954 [FXGL Background Thread 3 ] DEBUG Engine               - notificationViewClass: class com.almasb.fxgl.notification.view.XboxNotificationView
23:26:59.954 [FXGL Background Thread 3 ] DEBUG Engine               - pixelsPerMeter: 50.0
23:26:59.959 [FXGL Background Thread 3 ] DEBUG Engine               - platform: MAC
23:26:59.960 [FXGL Background Thread 3 ] DEBUG Engine               - prefHeightProperty: ReadOnlyDoubleProperty [value: 896.0]
23:26:59.961 [FXGL Background Thread 3 ] DEBUG Engine               - prefWidthProperty: ReadOnlyDoubleProperty [value: 1600.0]
23:26:59.961 [FXGL Background Thread 3 ] DEBUG Engine               - profileDir: profiles/
23:26:59.961 [FXGL Background Thread 3 ] DEBUG Engine               - profileName: StringProperty [value: DEFAULT]
23:26:59.961 [FXGL Background Thread 3 ] DEBUG Engine               - randomSeed: -1
23:26:59.963 [FXGL Background Thread 3 ] DEBUG Engine               - runtimeInfo: RuntimeInfo(platform=MAC, version=17.3, build=30.03.2023 11.49)
23:26:59.964 [FXGL Background Thread 3 ] DEBUG Engine               - saveFileExt: sav
23:26:59.964 [FXGL Background Thread 3 ] DEBUG Engine               - scaledHeightProp$fxgl: DoubleProperty [bound, value: 806.0]
23:26:59.966 [FXGL Background Thread 3 ] DEBUG Engine               - scaledWidthProp$fxgl: DoubleProperty [bound, value: 1415.0]
23:26:59.967 [FXGL Background Thread 3 ] DEBUG Engine               - sceneFactory: com.almasb.fxgl.app.scene.SceneFactory@6997f934
23:26:59.967 [FXGL Background Thread 3 ] DEBUG Engine               - secondsIn24h: 60
23:26:59.967 [FXGL Background Thread 3 ] DEBUG Engine               - soundMenuBack: menu/back.wav
23:26:59.967 [FXGL Background Thread 3 ] DEBUG Engine               - soundMenuPress: menu/press.wav
23:26:59.967 [FXGL Background Thread 3 ] DEBUG Engine               - soundMenuSelect: menu/select.wav
23:26:59.968 [FXGL Background Thread 3 ] DEBUG Engine               - soundNotification: core/notification.wav
23:26:59.968 [FXGL Background Thread 3 ] DEBUG Engine               - stageStyle: DECORATED
23:26:59.968 [FXGL Background Thread 3 ] DEBUG Engine               - supportedLanguages: [ENGLISH, FRENCH, GERMAN, HUNGARIAN, RUSSIAN]
23:26:59.968 [FXGL Background Thread 3 ] DEBUG Engine               - ticksPerSecond: -1
23:26:59.968 [FXGL Background Thread 3 ] DEBUG Engine               - title: Zombs
23:26:59.968 [FXGL Background Thread 3 ] DEBUG Engine               - urlGithub: https://github.com/AlmasB/FXGL
23:26:59.968 [FXGL Background Thread 3 ] DEBUG Engine               - urlLeaderboard: http://fxgl-top.herokuapp.com/
23:26:59.968 [FXGL Background Thread 3 ] DEBUG Engine               - urlPOM: https://raw.githubusercontent.com/AlmasB/FXGL/release/README.md
23:26:59.968 [FXGL Background Thread 3 ] DEBUG Engine               - userAppClass: class com.csafinal.basedefense.DropApp
23:26:59.968 [FXGL Background Thread 3 ] DEBUG Engine               - version: 1.0
23:26:59.968 [FXGL Background Thread 3 ] DEBUG Engine               - versionCheckDays: 7
23:26:59.968 [FXGL Background Thread 3 ] DEBUG Engine               - width: 1600
23:26:59.968 [FXGL Background Thread 3 ] DEBUG Engine               - Logging services
23:26:59.968 [FXGL Background Thread 3 ] DEBUG Engine               - class com.almasb.fxgl.app.services.FXGLAssetLoaderService
23:26:59.969 [FXGL Background Thread 3 ] DEBUG Engine               - class com.almasb.fxgl.app.FXGLApplication$GameApplicationService
23:26:59.975 [FXGL Background Thread 3 ] DEBUG Engine               - class com.almasb.fxgl.app.services.FXGLDialogService
23:26:59.975 [FXGL Background Thread 3 ] DEBUG Engine               - class com.almasb.fxgl.app.services.IOTaskExecutorService
23:26:59.975 [FXGL Background Thread 3 ] DEBUG Engine               - class com.almasb.fxgl.io.FileSystemService
23:26:59.975 [FXGL Background Thread 3 ] DEBUG Engine               - class com.almasb.fxgl.localization.LocalizationService
23:26:59.975 [FXGL Background Thread 3 ] DEBUG Engine               - class com.almasb.fxgl.app.services.SystemBundleService
23:26:59.975 [FXGL Background Thread 3 ] DEBUG Engine               - class com.almasb.fxgl.profile.SaveLoadService
23:26:59.975 [FXGL Background Thread 3 ] DEBUG Engine               - class com.almasb.fxgl.ui.FXGLUIFactoryServiceProvider
23:26:59.975 [FXGL Background Thread 3 ] DEBUG Engine               - class com.almasb.fxgl.ui.FXGLDialogFactoryServiceProvider
23:26:59.975 [FXGL Background Thread 3 ] DEBUG Engine               - class com.almasb.fxgl.audio.AudioPlayer
23:26:59.975 [FXGL Background Thread 3 ] DEBUG Engine               - class com.almasb.fxgl.notification.impl.NotificationServiceProvider
23:26:59.975 [FXGL Background Thread 3 ] DEBUG Engine               - class com.almasb.fxgl.achievement.AchievementService
23:26:59.975 [FXGL Background Thread 3 ] DEBUG Engine               - class com.almasb.fxgl.cutscene.CutsceneService
23:26:59.975 [FXGL Background Thread 3 ] DEBUG Engine               - class com.almasb.fxgl.minigames.MiniGameService
23:26:59.975 [FXGL Background Thread 3 ] DEBUG Engine               - class com.almasb.fxgl.net.NetService
23:26:59.975 [FXGL Background Thread 3 ] DEBUG Engine               - class com.almasb.fxgl.app.services.UpdaterService
23:26:59.975 [FXGL Background Thread 3 ] DEBUG Engine               - class com.almasb.fxgl.dev.DevService
23:27:01.089 [JavaFX Application Thread] DEBUG FXGLAssetLoaderServi - Loading from file system: file:/Volumes/AYUSH%20DRIVE/School%202022-23/M359%20AP%20CS%20Java%20A/BaseDefense2/target/classes/assets/textures/enemies/enemy1.png
23:27:02.827 [JavaFX Application Thread] DEBUG FXGLAssetLoaderServi - Loading from file system: file:/Volumes/AYUSH%20DRIVE/School%202022-23/M359%20AP%20CS%20Java%20A/BaseDefense2/target/classes/assets/textures/towers/tower1.png
23:27:04.294 [JavaFX Application Thread] DEBUG FXGLAssetLoaderServi - Loading from file system: file:/Volumes/AYUSH%20DRIVE/School%202022-23/M359%20AP%20CS%20Java%20A/BaseDefense2/target/classes/assets/textures/projectile.png
23:27:06.039 [JavaFX Application Thread] DEBUG FXGLAssetLoaderServi - Loading JSON from: file:/Volumes/AYUSH%20DRIVE/School%202022-23/M359%20AP%20CS%20Java%20A/BaseDefense2/target/classes/assets/playerTypes/player1.json
23:27:06.072 [JavaFX Application Thread] DEBUG FXGLAssetLoaderServi - Loading JSON from: file:/Volumes/AYUSH%20DRIVE/School%202022-23/M359%20AP%20CS%20Java%20A/BaseDefense2/target/classes/assets/playerTypes/player1.json
23:27:06.089 [JavaFX Application Thread] DEBUG FXGLAssetLoaderServi - Loading JSON from: file:/Volumes/AYUSH%20DRIVE/School%202022-23/M359%20AP%20CS%20Java%20A/BaseDefense2/target/classes/assets/playerTypes/player1.json
23:27:06.105 [JavaFX Application Thread] DEBUG FXGLAssetLoaderServi - Loading JSON from: file:/Volumes/AYUSH%20DRIVE/School%202022-23/M359%20AP%20CS%20Java%20A/BaseDefense2/target/classes/assets/playerTypes/player1.json
23:27:06.122 [JavaFX Application Thread] DEBUG FXGLAssetLoaderServi - Loading JSON from: file:/Volumes/AYUSH%20DRIVE/School%202022-23/M359%20AP%20CS%20Java%20A/BaseDefense2/target/classes/assets/playerTypes/player1.json
23:27:11.457 [JavaFX Application Thread] DEBUG FXGLApplication      - Exiting FXGL
23:27:11.458 [JavaFX Application Thread] DEBUG LoopRunner           - Stopping loop
23:27:11.458 [JavaFX Application Thread] DEBUG SystemBundleService  - Saving FXGL system data
23:27:11.466 [JavaFX Application Thread] DEBUG FileSystemAccess     - Writing to: /Volumes/AYUSH DRIVE/School 2022-23/M359 AP CS Java A/BaseDefense2/system/fxgl.bundle
23:27:11.473 [JavaFX Application Thread] DEBUG Async                - Shutting down background threads
23:27:11.474 [JavaFX Application Thread] DEBUG PrimaryStageWindow   - Closing main window
23:27:11.492 [JavaFX Application Thread] DEBUG Logger               - Closing Logger
