22:42:08.845 [main                     ] DEBUG Logger               - Configured Logger
22:42:08.990 [main                     ] DEBUG GameApplication      - Logging settings
Title: Zombs
Version: 1.0
Width: 1600
Height: 896
Fullscreen: false
Intro: false
Profiling: false
Single step:false
App Mode: DEVELOPER
Menu Key: ESCAPE
Stage Style: DECORATED
Scene Factory: class com.almasb.fxgl.app.scene.SceneFactory

22:42:09.901 [JavaFX Application Thread] DEBUG FXGLApplication      - Initializing FXGL
22:42:09.929 [JavaFX Application Thread] INFO  Engine               - FXGL-17.3 (30.03.2023 11.49) on MAC (J:20 FX:20)
22:42:09.936 [JavaFX Application Thread] DEBUG Engine               - JRE Vendor Name: Oracle Corporation
22:42:09.937 [JavaFX Application Thread] DEBUG Engine               - Running on OS: Mac OS X version 13.3.1
22:42:09.937 [JavaFX Application Thread] DEBUG Engine               - Architecture: x86_64
22:42:09.937 [JavaFX Application Thread] INFO  Engine               - Source code and latest versions at: https://github.com/AlmasB/FXGL
22:42:09.938 [JavaFX Application Thread] INFO  Engine               -       Ask questions and discuss at: https://github.com/AlmasB/FXGL/discussions
22:42:09.938 [JavaFX Application Thread] INFO  Engine               -              Join the FXGL chat at: https://gitter.im/AlmasB/FXGL
22:42:10.203 [JavaFX Application Thread] DEBUG PrimaryStageWindow   - Creating a JavaFX scene
22:42:10.204 [JavaFX Application Thread] DEBUG PrimaryStageWindow   - Target size > screen size
22:42:10.361 [JavaFX Application Thread] DEBUG PrimaryStageWindow   - Target settings size: 1600.0 x 896.0
22:42:10.361 [JavaFX Application Thread] DEBUG PrimaryStageWindow   - Scaled scene size:    1415.0 x 806.0
22:42:10.362 [JavaFX Application Thread] DEBUG PrimaryStageWindow   - Scaled ratio: (0.884375, 0.8995535714285714)
22:42:10.368 [JavaFX Application Thread] DEBUG PrimaryStageWindow   - Set initial scene to FXGLStartupScene
22:42:10.388 [JavaFX Application Thread] DEBUG PrimaryStageWindow   - Opening main window
22:42:10.759 [JavaFX Application Thread] DEBUG PrimaryStageWindow   - Window border size: (0.0, 28.0)
22:42:10.759 [JavaFX Application Thread] DEBUG PrimaryStageWindow   - Scaled size: 1415.0 x 806.0
22:42:10.760 [JavaFX Application Thread] DEBUG PrimaryStageWindow   - Scaled ratio: (0.884375, 0.8995535714285714)
22:42:10.764 [JavaFX Application Thread] DEBUG PrimaryStageWindow   - Scene size: 1415.0 x 806.0
22:42:10.766 [JavaFX Application Thread] DEBUG PrimaryStageWindow   - Stage size: 1415.0 x 834.0
22:42:10.812 [FXGL Background Thread 1 ] DEBUG Engine               - Initializing environment variables
22:42:11.858 [FXGL Background Thread 1 ] DEBUG FXGLAssetLoaderServi - User app class for loading assets: class com.csafinal.basedefense.DropApp
22:42:11.865 [FXGL Background Thread 1 ] DEBUG GameApplicationServi - Applying CSS: fxgl_dark.css
22:42:11.959 [FXGL Background Thread 1 ] DEBUG FXGLAssetLoaderServi - Loading from file system: jar:file:///Users/ayushkumarrai/.m2/repository/com/github/almasb/fxgl/17.3/fxgl-17.3.jar!/fxglassets/ui/css/fxgl_dark.css
22:42:12.439 [FXGL Background Thread 1 ] DEBUG GameApplicationServi - Initializing application scenes
22:42:13.471 [FXGL Background Thread 1 ] DEBUG GameWorld            - Game world initialized
22:42:13.793 [FXGL Background Thread 1 ] DEBUG PhysicsWorld         - Physics world initialized: appHeight=896, physics.ppm=50.0
22:42:13.802 [FXGL Background Thread 1 ] DEBUG PhysicsWorld         - Using strategy: BRUTE_FORCE
22:42:13.876 [FXGL Background Thread 1 ] DEBUG GameScene            - Game scene initialized: 1600x896
22:42:14.021 [FXGL Background Thread 1 ] DEBUG FXGL.DefaultMenu     - createMenuBodyGameMenu()
22:42:14.088 [FXGL Background Thread 1 ] DEBUG FXGL.DefaultMenu     - createOptionsMenu()
22:42:14.332 [FXGL Background Thread 1 ] DEBUG FXGLAssetLoaderServi - Loading from file system: jar:file:///Users/ayushkumarrai/.m2/repository/com/github/almasb/fxgl/17.3/fxgl-17.3.jar!/fxglassets/textures/particles/smoke.png
22:42:14.923 [FXGL Background Thread 1 ] DEBUG FXGLAssetLoaderServi - Loading from file system: jar:file:///Users/ayushkumarrai/.m2/repository/com/github/almasb/fxgl/17.3/fxgl-17.3.jar!/fxglassets/textures/particles/trace_horizontal.png
22:42:15.004 [FXGL Background Thread 1 ] DEBUG GameApplicationServi - Application scenes initialized
22:42:15.045 [FXGL Background Thread 1 ] DEBUG SystemBundleService  - Loading FXGL system data
22:42:15.056 [FXGL Background Thread 1 ] DEBUG FileSystemAccess     - Reading from: /Volumes/AYUSH DRIVE/School 2022-23/M359 AP CS Java A/BaseDefense2/system/fxgl.bundle
22:42:15.093 [FXGL Background Thread 1 ] DEBUG SystemBundleService  - Bundle FXGL: {}
22:42:15.094 [FXGL Background Thread 1 ] DEBUG UpdaterService       - Checking for updates
22:42:15.115 [FXGL Background Thread 4 ] DEBUG FXGLApplication      - Loading fonts
22:42:15.117 [FXGL Background Thread 4 ] DEBUG FXGLAssetLoaderServi - Loading from file system: jar:file:///Users/ayushkumarrai/.m2/repository/com/github/almasb/fxgl/17.3/fxgl-17.3.jar!/fxglassets/ui/fonts/VarelaRound-Regular.ttf
22:42:15.120 [FXGL Background Thread 1 ] DEBUG FXGLApplication      - Loading default localization
22:42:15.123 [FXGL Background Thread 1 ] DEBUG FXGLAssetLoaderServi - Loading from file system: jar:file:///Users/ayushkumarrai/.m2/repository/com/github/almasb/fxgl/17.3/fxgl-17.3.jar!/fxglassets/languages/english.lang
22:42:15.177 [FXGL Background Thread 4 ] DEBUG FXGLAssetLoaderServi - Loading from file system: jar:file:///Users/ayushkumarrai/.m2/repository/com/github/almasb/fxgl/17.3/fxgl-17.3.jar!/fxglassets/ui/fonts/Abel-Regular.ttf
22:42:15.180 [FXGL Background Thread 1 ] INFO  FXGLApplication      - FXGL initialization took: 4.366 sec
22:42:15.183 [FXGL Background Thread 4 ] DEBUG FXGLAssetLoaderServi - Loading from file system: jar:file:///Users/ayushkumarrai/.m2/repository/com/github/almasb/fxgl/17.3/fxgl-17.3.jar!/fxglassets/ui/fonts/TerminalLandMono-Regular.otf
22:42:15.188 [FXGL Background Thread 4 ] DEBUG FXGLAssetLoaderServi - Loading from file system: jar:file:///Users/ayushkumarrai/.m2/repository/com/github/almasb/fxgl/17.3/fxgl-17.3.jar!/fxglassets/ui/fonts/Courier-Prime.ttf
22:42:15.194 [JavaFX Application Thread] DEBUG Input                - Registered new binding: Left - A
22:42:15.197 [JavaFX Application Thread] DEBUG Input                - Registered new binding: Right - D
22:42:15.197 [JavaFX Application Thread] DEBUG Input                - Registered new binding: Down - S
22:42:15.198 [JavaFX Application Thread] DEBUG Input                - Registered new binding: Up - W
22:42:15.199 [JavaFX Application Thread] DEBUG Input                - Registered new binding: info - I
22:42:15.199 [JavaFX Application Thread] DEBUG Input                - Registered new binding: closeSelection - Q
22:42:15.199 [JavaFX Application Thread] DEBUG Input                - Registered new binding: Revive - R
22:42:15.201 [JavaFX Application Thread] DEBUG FXGLAssetLoaderServi - Loading from file system: jar:file:///Users/ayushkumarrai/.m2/repository/com/github/almasb/fxgl/17.3/fxgl-17.3.jar!/fxglassets/textures/fxgl_icon.png
22:42:15.266 [JavaFX Application Thread] DEBUG FXGLAssetLoaderServi - Loading from file system: jar:file:///Users/ayushkumarrai/.m2/repository/com/github/almasb/fxgl/17.3/fxgl-17.3.jar!/fxglassets/textures/fxgl_default_cursor.png
22:42:15.272 [JavaFX Application Thread] DEBUG Input                - Registered new binding: Screenshot - CTRL+8
22:42:15.274 [JavaFX Application Thread] DEBUG Input                - Registered new binding: System info dump - CTRL+9
22:42:15.274 [JavaFX Application Thread] DEBUG Input                - Registered new binding: Restart - CTRL+R
22:42:15.274 [JavaFX Application Thread] DEBUG Input                - Registered new binding: Toggle Debug Camera - CTRL+7
22:42:15.279 [JavaFX Application Thread] DEBUG LoopRunner           - Starting loop
22:42:15.280 [JavaFX Application Thread] DEBUG LoopRunner           - Initializing JavaFX AnimationTimerLoop
22:42:15.281 [JavaFX Application Thread] DEBUG GameApplicationServi - Starting new game
22:42:15.283 [JavaFX Application Thread] DEBUG Input                - Clearing active input actions
22:42:15.360 [JavaFX Application Thread] DEBUG GameApplicationServi - Removing overlay from FXGLStartupScene and adding to FXGLLoadingScene
22:42:15.363 [JavaFX Application Thread] DEBUG PrimaryStageWindow   - FXGLStartupScene -> FXGLLoadingScene
22:42:15.363 [JavaFX Application Thread] DEBUG GameApplicationServi - Clearing previous game
22:42:15.363 [JavaFX Application Thread] DEBUG GameScene            - Clearing game scene
22:42:15.363 [JavaFX Application Thread] DEBUG GameWorld            - Clearing game world
22:42:15.363 [JavaFX Application Thread] DEBUG PhysicsWorld         - Clearing physics world
22:42:15.366 [FXGL Background Thread 4 ] DEBUG FXGLApplication      - Initializing game
22:42:15.457 [JavaFX Application Thread] DEBUG FXGLApplication      - Registering font factories with UI factory
22:42:15.530 [FXGL Background Thread 4 ] WARN  TMXLevelLoader       - TiledMap generated from 1.10.0. Supported version: 1.9.0. Some features may not be parsed fully.
22:42:15.855 [FXGL Background Thread 4 ] DEBUG TMXLevelLoader       - Parsed TiledMap: file:/Volumes/AYUSH%20DRIVE/School%202022-23/M359%20AP%20CS%20Java%20A/BaseDefense2/target/classes/assets/levels/tmx/td1.tmx
22:42:15.895 [FXGL Background Thread 4 ] DEBUG TMXLevelLoader       - Creating tile layer entities
22:42:16.018 [FXGL Background Thread 4 ] DEBUG TilesetLoader        - Loading view for layer Ground
22:42:16.031 [FXGL Background Thread 4 ] DEBUG TilesetLoader        - Created buffer with size 1600.0x896.0
22:42:16.662 [FXGL Background Thread 4 ] DEBUG TilesetLoader        - Loading view for layer Decor
22:42:16.707 [FXGL Background Thread 4 ] DEBUG TilesetLoader        - Created buffer with size 1600.0x896.0
22:42:16.721 [FXGL Background Thread 4 ] DEBUG TMXLevelLoader       - Creating object layer entities
22:42:17.592 [FXGL Background Thread 4 ] DEBUG GameWorld            - Clearing removable entities
22:42:17.608 [FXGL Background Thread 4 ] DEBUG GameWorld            - Setting level: com.almasb.fxgl.entity.level.Level@492b03bc
22:42:17.726 [FXGL Background Thread 4 ] DEBUG FXGLAssetLoaderServi - Loading JSON from: file:/Volumes/AYUSH%20DRIVE/School%202022-23/M359%20AP%20CS%20Java%20A/BaseDefense2/target/classes/assets/towers/tower1.json
22:42:18.106 [FXGL Background Thread 3 ] DEBUG Engine               - Logging environment variables
22:42:18.123 [FXGL Background Thread 3 ] DEBUG Engine               - achievements: []
22:42:18.143 [FXGL Background Thread 3 ] DEBUG Engine               - actualHeight: 806.0
22:42:18.148 [FXGL Background Thread 3 ] DEBUG Engine               - actualHeightProperty: ReadOnlyDoubleProperty [value: 806.0]
22:42:18.148 [FXGL Background Thread 3 ] DEBUG Engine               - actualWidth: 1415.0
22:42:18.148 [FXGL Background Thread 3 ] DEBUG Engine               - actualWidthProperty: ReadOnlyDoubleProperty [value: 1415.0]
22:42:18.149 [FXGL Background Thread 3 ] DEBUG Engine               - appIcon: fxgl_icon.png
22:42:18.149 [FXGL Background Thread 3 ] DEBUG Engine               - applicationMode: DEVELOPER
22:42:18.149 [FXGL Background Thread 3 ] DEBUG Engine               - cSSList: [fxgl_dark.css]
22:42:18.149 [FXGL Background Thread 3 ] DEBUG Engine               - collisionDetectionStrategy: BRUTE_FORCE
22:42:18.149 [FXGL Background Thread 3 ] DEBUG Engine               - configClass: Optional.empty
22:42:18.149 [FXGL Background Thread 3 ] DEBUG Engine               - credits: []
22:42:18.151 [FXGL Background Thread 3 ] DEBUG Engine               - defaultCursor: CursorInfo(imageName=fxgl_default_cursor.png, hotspotX=7.0, hotspotY=6.0)
22:42:18.162 [FXGL Background Thread 3 ] DEBUG Engine               - devBBoxColorProperty: ObjectProperty [value: 0xff0000ff]
22:42:18.173 [FXGL Background Thread 3 ] DEBUG Engine               - devEnableDebugCameraProperty: BooleanProperty [value: false]
22:42:18.174 [FXGL Background Thread 3 ] DEBUG Engine               - devSensorColorProperty: ObjectProperty [value: 0xffff00ff]
22:42:18.174 [FXGL Background Thread 3 ] DEBUG Engine               - devShowBBoxProperty: BooleanProperty [value: false]
22:42:18.174 [FXGL Background Thread 3 ] DEBUG Engine               - devShowPositionProperty: BooleanProperty [value: false]
22:42:18.174 [FXGL Background Thread 3 ] DEBUG Engine               - enabledMenuItems: []
22:42:18.175 [FXGL Background Thread 3 ] DEBUG Engine               - engineServices: [class com.almasb.fxgl.app.services.FXGLAssetLoaderService, class com.almasb.fxgl.app.FXGLApplication$GameApplicationService, class com.almasb.fxgl.app.services.FXGLDialogService, class com.almasb.fxgl.app.services.IOTaskExecutorService, class com.almasb.fxgl.io.FileSystemService, class com.almasb.fxgl.localization.LocalizationService, class com.almasb.fxgl.app.services.SystemBundleService, class com.almasb.fxgl.profile.SaveLoadService, class com.almasb.fxgl.ui.FXGLUIFactoryServiceProvider, class com.almasb.fxgl.ui.FXGLDialogFactoryServiceProvider, class com.almasb.fxgl.audio.AudioPlayer, class com.almasb.fxgl.notification.impl.NotificationServiceProvider, class com.almasb.fxgl.achievement.AchievementService, class com.almasb.fxgl.cutscene.CutsceneService, class com.almasb.fxgl.minigames.MiniGameService, class com.almasb.fxgl.net.NetService, class com.almasb.fxgl.app.services.UpdaterService, class com.almasb.fxgl.dev.DevService]
22:42:18.175 [FXGL Background Thread 3 ] DEBUG Engine               - fontGame: Abel-Regular.ttf
22:42:18.175 [FXGL Background Thread 3 ] DEBUG Engine               - fontMono: TerminalLandMono-Regular.otf
22:42:18.175 [FXGL Background Thread 3 ] DEBUG Engine               - fontSizeScaleUI: 1.0
22:42:18.175 [FXGL Background Thread 3 ] DEBUG Engine               - fontText: Courier-Prime.ttf
22:42:18.175 [FXGL Background Thread 3 ] DEBUG Engine               - fontUI: VarelaRound-Regular.ttf
22:42:18.175 [FXGL Background Thread 3 ] DEBUG Engine               - fullScreen: BooleanProperty [value: false]
22:42:18.175 [FXGL Background Thread 3 ] DEBUG Engine               - gameDifficulty: MEDIUM
22:42:18.175 [FXGL Background Thread 3 ] DEBUG Engine               - gameDifficultyProperty: ObjectProperty [value: MEDIUM]
22:42:18.176 [FXGL Background Thread 3 ] DEBUG Engine               - globalMusicVolume: 0.5
22:42:18.178 [FXGL Background Thread 3 ] DEBUG Engine               - globalMusicVolumeProperty: DoubleProperty [value: 0.5]
22:42:18.179 [FXGL Background Thread 3 ] DEBUG Engine               - globalSoundVolume: 0.5
22:42:18.179 [FXGL Background Thread 3 ] DEBUG Engine               - globalSoundVolumeProperty: DoubleProperty [value: 0.5]
22:42:18.179 [FXGL Background Thread 3 ] DEBUG Engine               - height: 896
22:42:18.179 [FXGL Background Thread 3 ] DEBUG Engine               - is3D: false
22:42:18.179 [FXGL Background Thread 3 ] DEBUG Engine               - isAndroid: false
22:42:18.180 [FXGL Background Thread 3 ] DEBUG Engine               - isBrowser: false
22:42:18.180 [FXGL Background Thread 3 ] DEBUG Engine               - isClickFeedbackEnabled: false
22:42:18.180 [FXGL Background Thread 3 ] DEBUG Engine               - isCloseConfirmation: false
22:42:18.180 [FXGL Background Thread 3 ] DEBUG Engine               - isDesktop: true
22:42:18.180 [FXGL Background Thread 3 ] DEBUG Engine               - isDeveloperMenuEnabled: false
22:42:18.180 [FXGL Background Thread 3 ] DEBUG Engine               - isEmbedded: false
22:42:18.180 [FXGL Background Thread 3 ] DEBUG Engine               - isEntityPreloadEnabled: true
22:42:18.180 [FXGL Background Thread 3 ] DEBUG Engine               - isExperimentalTiledLargeMap: false
22:42:18.180 [FXGL Background Thread 3 ] DEBUG Engine               - isFileSystemWriteAllowed: true
22:42:18.180 [FXGL Background Thread 3 ] DEBUG Engine               - isFullScreenAllowed: false
22:42:18.180 [FXGL Background Thread 3 ] DEBUG Engine               - isFullScreenFromStart: false
22:42:18.181 [FXGL Background Thread 3 ] DEBUG Engine               - isGameMenuEnabled: true
22:42:18.181 [FXGL Background Thread 3 ] DEBUG Engine               - isIOS: false
22:42:18.181 [FXGL Background Thread 3 ] DEBUG Engine               - isIntroEnabled: false
22:42:18.181 [FXGL Background Thread 3 ] DEBUG Engine               - isLinux: false
22:42:18.181 [FXGL Background Thread 3 ] DEBUG Engine               - isMac: true
22:42:18.181 [FXGL Background Thread 3 ] DEBUG Engine               - isMainMenuEnabled: false
22:42:18.181 [FXGL Background Thread 3 ] DEBUG Engine               - isManualResizeEnabled: false
22:42:18.181 [FXGL Background Thread 3 ] DEBUG Engine               - isMobile: false
22:42:18.181 [FXGL Background Thread 3 ] DEBUG Engine               - isNative: false
22:42:18.181 [FXGL Background Thread 3 ] DEBUG Engine               - isPauseMusicWhenMinimized: true
22:42:18.181 [FXGL Background Thread 3 ] DEBUG Engine               - isPreserveResizeRatio: false
22:42:18.181 [FXGL Background Thread 3 ] DEBUG Engine               - isProfilingEnabled: false
22:42:18.182 [FXGL Background Thread 3 ] DEBUG Engine               - isScaleAffectedOnResize: true
22:42:18.182 [FXGL Background Thread 3 ] DEBUG Engine               - isSingleStep: false
22:42:18.182 [FXGL Background Thread 3 ] DEBUG Engine               - isUserProfileEnabled: false
22:42:18.182 [FXGL Background Thread 3 ] DEBUG Engine               - isWindows: false
22:42:18.182 [FXGL Background Thread 3 ] DEBUG Engine               - language: ObjectProperty [value: ENGLISH]
22:42:18.182 [FXGL Background Thread 3 ] DEBUG Engine               - menuKey: ESCAPE
22:42:18.182 [FXGL Background Thread 3 ] DEBUG Engine               - mouseSensitivity: 0.2
22:42:18.182 [FXGL Background Thread 3 ] DEBUG Engine               - notificationViewClass: class com.almasb.fxgl.notification.view.XboxNotificationView
22:42:18.182 [FXGL Background Thread 3 ] DEBUG Engine               - pixelsPerMeter: 50.0
22:42:18.182 [FXGL Background Thread 3 ] DEBUG Engine               - platform: MAC
22:42:18.182 [FXGL Background Thread 3 ] DEBUG Engine               - prefHeightProperty: ReadOnlyDoubleProperty [value: 896.0]
22:42:18.183 [FXGL Background Thread 3 ] DEBUG Engine               - prefWidthProperty: ReadOnlyDoubleProperty [value: 1600.0]
22:42:18.183 [FXGL Background Thread 3 ] DEBUG Engine               - profileDir: profiles/
22:42:18.183 [FXGL Background Thread 3 ] DEBUG Engine               - profileName: StringProperty [value: DEFAULT]
22:42:18.183 [FXGL Background Thread 3 ] DEBUG Engine               - randomSeed: -1
22:42:18.185 [FXGL Background Thread 3 ] DEBUG Engine               - runtimeInfo: RuntimeInfo(platform=MAC, version=17.3, build=30.03.2023 11.49)
22:42:18.190 [FXGL Background Thread 3 ] DEBUG Engine               - saveFileExt: sav
22:42:18.197 [FXGL Background Thread 3 ] DEBUG Engine               - scaledHeightProp$fxgl: DoubleProperty [bound, value: 806.0]
22:42:18.198 [FXGL Background Thread 3 ] DEBUG Engine               - scaledWidthProp$fxgl: DoubleProperty [bound, value: 1415.0]
22:42:18.198 [FXGL Background Thread 3 ] DEBUG Engine               - sceneFactory: com.almasb.fxgl.app.scene.SceneFactory@189eaafd
22:42:18.198 [FXGL Background Thread 3 ] DEBUG Engine               - secondsIn24h: 60
22:42:18.198 [FXGL Background Thread 3 ] DEBUG Engine               - soundMenuBack: menu/back.wav
22:42:18.199 [FXGL Background Thread 3 ] DEBUG Engine               - soundMenuPress: menu/press.wav
22:42:18.199 [FXGL Background Thread 3 ] DEBUG Engine               - soundMenuSelect: menu/select.wav
22:42:18.199 [FXGL Background Thread 3 ] DEBUG Engine               - soundNotification: core/notification.wav
22:42:18.199 [FXGL Background Thread 3 ] DEBUG Engine               - stageStyle: DECORATED
22:42:18.199 [FXGL Background Thread 3 ] DEBUG Engine               - supportedLanguages: [ENGLISH, FRENCH, GERMAN, HUNGARIAN, RUSSIAN]
22:42:18.199 [FXGL Background Thread 3 ] DEBUG Engine               - ticksPerSecond: -1
22:42:18.199 [FXGL Background Thread 3 ] DEBUG Engine               - title: Zombs
22:42:18.200 [FXGL Background Thread 3 ] DEBUG Engine               - urlGithub: https://github.com/AlmasB/FXGL
22:42:18.200 [FXGL Background Thread 3 ] DEBUG Engine               - urlLeaderboard: http://fxgl-top.herokuapp.com/
22:42:18.200 [FXGL Background Thread 3 ] DEBUG Engine               - urlPOM: https://raw.githubusercontent.com/AlmasB/FXGL/release/README.md
22:42:18.200 [FXGL Background Thread 3 ] DEBUG Engine               - userAppClass: class com.csafinal.basedefense.DropApp
22:42:18.224 [FXGL Background Thread 3 ] DEBUG Engine               - version: 1.0
22:42:18.227 [FXGL Background Thread 3 ] DEBUG Engine               - versionCheckDays: 7
22:42:18.227 [FXGL Background Thread 3 ] DEBUG Engine               - width: 1600
22:42:18.227 [FXGL Background Thread 3 ] DEBUG Engine               - Logging services
22:42:18.227 [FXGL Background Thread 3 ] DEBUG Engine               - class com.almasb.fxgl.app.services.FXGLAssetLoaderService
22:42:18.227 [FXGL Background Thread 3 ] DEBUG Engine               - class com.almasb.fxgl.app.FXGLApplication$GameApplicationService
22:42:18.227 [FXGL Background Thread 3 ] DEBUG Engine               - class com.almasb.fxgl.app.services.FXGLDialogService
22:42:18.227 [FXGL Background Thread 3 ] DEBUG Engine               - class com.almasb.fxgl.app.services.IOTaskExecutorService
22:42:18.227 [FXGL Background Thread 3 ] DEBUG Engine               - class com.almasb.fxgl.io.FileSystemService
22:42:18.227 [FXGL Background Thread 3 ] DEBUG Engine               - class com.almasb.fxgl.localization.LocalizationService
22:42:18.227 [FXGL Background Thread 3 ] DEBUG Engine               - class com.almasb.fxgl.app.services.SystemBundleService
22:42:18.227 [FXGL Background Thread 3 ] DEBUG Engine               - class com.almasb.fxgl.profile.SaveLoadService
22:42:18.227 [FXGL Background Thread 3 ] DEBUG Engine               - class com.almasb.fxgl.ui.FXGLUIFactoryServiceProvider
22:42:18.227 [FXGL Background Thread 3 ] DEBUG Engine               - class com.almasb.fxgl.ui.FXGLDialogFactoryServiceProvider
22:42:18.228 [FXGL Background Thread 3 ] DEBUG Engine               - class com.almasb.fxgl.audio.AudioPlayer
22:42:18.228 [FXGL Background Thread 3 ] DEBUG Engine               - class com.almasb.fxgl.notification.impl.NotificationServiceProvider
22:42:18.228 [FXGL Background Thread 3 ] DEBUG Engine               - class com.almasb.fxgl.achievement.AchievementService
22:42:18.228 [FXGL Background Thread 3 ] DEBUG Engine               - class com.almasb.fxgl.cutscene.CutsceneService
22:42:18.228 [FXGL Background Thread 3 ] DEBUG Engine               - class com.almasb.fxgl.minigames.MiniGameService
22:42:18.234 [FXGL Background Thread 3 ] DEBUG Engine               - class com.almasb.fxgl.net.NetService
22:42:18.234 [FXGL Background Thread 3 ] DEBUG Engine               - class com.almasb.fxgl.app.services.UpdaterService
22:42:18.234 [FXGL Background Thread 3 ] DEBUG Engine               - class com.almasb.fxgl.dev.DevService
22:42:18.853 [FXGL Background Thread 4 ] DEBUG FXGLAssetLoaderServi - Loading JSON from: file:/Volumes/AYUSH%20DRIVE/School%202022-23/M359%20AP%20CS%20Java%20A/BaseDefense2/target/classes/assets/towers/tower2.json
22:42:18.868 [FXGL Background Thread 4 ] DEBUG FXGLAssetLoaderServi - Loading JSON from: file:/Volumes/AYUSH%20DRIVE/School%202022-23/M359%20AP%20CS%20Java%20A/BaseDefense2/target/classes/assets/towers/tower3.json
22:42:18.877 [FXGL Background Thread 4 ] DEBUG FXGLAssetLoaderServi - Loading JSON from: file:/Volumes/AYUSH%20DRIVE/School%202022-23/M359%20AP%20CS%20Java%20A/BaseDefense2/target/classes/assets/towers/tower4.json
22:42:18.906 [FXGL Background Thread 4 ] DEBUG FXGLAssetLoaderServi - Loading JSON from: file:/Volumes/AYUSH%20DRIVE/School%202022-23/M359%20AP%20CS%20Java%20A/BaseDefense2/target/classes/assets/towers/tower5.json
22:42:18.921 [FXGL Background Thread 4 ] DEBUG FXGLAssetLoaderServi - Loading JSON from: file:/Volumes/AYUSH%20DRIVE/School%202022-23/M359%20AP%20CS%20Java%20A/BaseDefense2/target/classes/assets/towers/tower6.json
22:42:18.938 [FXGL Background Thread 4 ] DEBUG FXGLAssetLoaderServi - Loading JSON from: file:/Volumes/AYUSH%20DRIVE/School%202022-23/M359%20AP%20CS%20Java%20A/BaseDefense2/target/classes/assets/towers/tree1.json
22:42:18.973 [FXGL Background Thread 4 ] DEBUG FXGLAssetLoaderServi - Loading JSON from: file:/Volumes/AYUSH%20DRIVE/School%202022-23/M359%20AP%20CS%20Java%20A/BaseDefense2/target/classes/assets/towers/stone1.json
22:42:18.990 [FXGL Background Thread 4 ] DEBUG FXGLAssetLoaderServi - Loading JSON from: file:/Volumes/AYUSH%20DRIVE/School%202022-23/M359%20AP%20CS%20Java%20A/BaseDefense2/target/classes/assets/playerTypes/player1.json
22:42:19.038 [FXGL Background Thread 4 ] DEBUG FXGLAssetLoaderServi - Loading from file system: file:/Volumes/AYUSH%20DRIVE/School%202022-23/M359%20AP%20CS%20Java%20A/BaseDefense2/target/classes/assets/textures/player.png
22:42:19.080 [FXGL Background Thread 4 ] DEBUG FXGLAssetLoaderServi - Loading from file system: file:/Volumes/AYUSH%20DRIVE/School%202022-23/M359%20AP%20CS%20Java%20A/BaseDefense2/target/classes/assets/textures/towers/tower1.png
22:42:19.092 [FXGL Background Thread 4 ] DEBUG FXGLAssetLoaderServi - Loading from file system: file:/Volumes/AYUSH%20DRIVE/School%202022-23/M359%20AP%20CS%20Java%20A/BaseDefense2/target/classes/assets/textures/towers/tower2.png
22:42:19.104 [FXGL Background Thread 4 ] DEBUG FXGLAssetLoaderServi - Loading from file system: file:/Volumes/AYUSH%20DRIVE/School%202022-23/M359%20AP%20CS%20Java%20A/BaseDefense2/target/classes/assets/textures/towers/tower3.png
22:42:19.113 [FXGL Background Thread 4 ] DEBUG FXGLAssetLoaderServi - Loading from file system: file:/Volumes/AYUSH%20DRIVE/School%202022-23/M359%20AP%20CS%20Java%20A/BaseDefense2/target/classes/assets/textures/towers/tower4.png
22:42:19.119 [FXGL Background Thread 4 ] DEBUG FXGLAssetLoaderServi - Loading from file system: file:/Volumes/AYUSH%20DRIVE/School%202022-23/M359%20AP%20CS%20Java%20A/BaseDefense2/target/classes/assets/textures/towers/tower5.png
22:42:19.123 [FXGL Background Thread 4 ] DEBUG FXGLAssetLoaderServi - Loading from file system: file:/Volumes/AYUSH%20DRIVE/School%202022-23/M359%20AP%20CS%20Java%20A/BaseDefense2/target/classes/assets/textures/towers/tower6.png
22:42:19.131 [FXGL Background Thread 4 ] DEBUG FXGLAssetLoaderServi - Loading from file system: file:/Volumes/AYUSH%20DRIVE/School%202022-23/M359%20AP%20CS%20Java%20A/BaseDefense2/target/classes/assets/textures/towers/treeHarvester.png
22:42:19.162 [FXGL Background Thread 4 ] DEBUG FXGLAssetLoaderServi - Loading from file system: file:/Volumes/AYUSH%20DRIVE/School%202022-23/M359%20AP%20CS%20Java%20A/BaseDefense2/target/classes/assets/textures/towers/stoneMiner.png
22:42:19.201 [FXGL Background Thread 4 ] INFO  FXGLApplication      - Game initialization took: 3.831 sec
22:42:19.206 [JavaFX Application Thread] DEBUG Input                - Clearing active input actions
22:42:19.279 [JavaFX Application Thread] DEBUG GameApplicationServi - Removing overlay from FXGLLoadingScene and adding to GameScene
22:42:19.281 [JavaFX Application Thread] DEBUG PrimaryStageWindow   - FXGLLoadingScene -> GameScene
22:42:27.789 [JavaFX Application Thread] DEBUG FXGLApplication      - Exiting FXGL
22:42:27.796 [JavaFX Application Thread] DEBUG LoopRunner           - Stopping loop
22:42:27.798 [JavaFX Application Thread] DEBUG SystemBundleService  - Saving FXGL system data
22:42:27.814 [JavaFX Application Thread] DEBUG FileSystemAccess     - Writing to: /Volumes/AYUSH DRIVE/School 2022-23/M359 AP CS Java A/BaseDefense2/system/fxgl.bundle
22:42:27.828 [JavaFX Application Thread] DEBUG Async                - Shutting down background threads
22:42:27.829 [JavaFX Application Thread] DEBUG PrimaryStageWindow   - Closing main window
22:42:27.851 [JavaFX Application Thread] DEBUG Logger               - Closing Logger
