21:57:05.903 [main                     ] DEBUG Logger               - Configured Logger
21:57:06.010 [main                     ] DEBUG GameApplication      - Logging settings
Title: Zombs
Version: 1.0
Width: 1600
Height: 896
Fullscreen: false
Intro: false
Profiling: false
Single step:false
App Mode: DEVELOPER
Menu Key: ESCAPE
Stage Style: DECORATED
Scene Factory: class com.almasb.fxgl.app.scene.SceneFactory

21:57:06.850 [JavaFX Application Thread] DEBUG FXGLApplication      - Initializing FXGL
21:57:06.860 [JavaFX Application Thread] INFO  Engine               - FXGL-17.3 (30.03.2023 11.49) on MAC (J:20 FX:20)
21:57:06.864 [JavaFX Application Thread] DEBUG Engine               - JRE Vendor Name: Oracle Corporation
21:57:06.865 [JavaFX Application Thread] DEBUG Engine               - Running on OS: Mac OS X version 13.3.1
21:57:06.865 [JavaFX Application Thread] DEBUG Engine               - Architecture: x86_64
21:57:06.866 [JavaFX Application Thread] INFO  Engine               - Source code and latest versions at: https://github.com/AlmasB/FXGL
21:57:06.866 [JavaFX Application Thread] INFO  Engine               -       Ask questions and discuss at: https://github.com/AlmasB/FXGL/discussions
21:57:06.867 [JavaFX Application Thread] INFO  Engine               -              Join the FXGL chat at: https://gitter.im/AlmasB/FXGL
21:57:07.057 [JavaFX Application Thread] DEBUG PrimaryStageWindow   - Creating a JavaFX scene
21:57:07.057 [JavaFX Application Thread] DEBUG PrimaryStageWindow   - Target size > screen size
21:57:07.210 [JavaFX Application Thread] DEBUG PrimaryStageWindow   - Target settings size: 1600.0 x 896.0
21:57:07.212 [JavaFX Application Thread] DEBUG PrimaryStageWindow   - Scaled scene size:    1415.0 x 806.0
21:57:07.214 [JavaFX Application Thread] DEBUG PrimaryStageWindow   - Scaled ratio: (0.884375, 0.8995535714285714)
21:57:07.221 [JavaFX Application Thread] DEBUG PrimaryStageWindow   - Set initial scene to FXGLStartupScene
21:57:07.228 [JavaFX Application Thread] DEBUG PrimaryStageWindow   - Opening main window
21:57:07.514 [JavaFX Application Thread] DEBUG PrimaryStageWindow   - Window border size: (0.0, 28.0)
21:57:07.514 [JavaFX Application Thread] DEBUG PrimaryStageWindow   - Scaled size: 1415.0 x 806.0
21:57:07.514 [JavaFX Application Thread] DEBUG PrimaryStageWindow   - Scaled ratio: (0.884375, 0.8995535714285714)
21:57:07.517 [JavaFX Application Thread] DEBUG PrimaryStageWindow   - Scene size: 1415.0 x 806.0
21:57:07.518 [JavaFX Application Thread] DEBUG PrimaryStageWindow   - Stage size: 1415.0 x 834.0
21:57:07.541 [FXGL Background Thread 1 ] DEBUG Engine               - Initializing environment variables
21:57:07.826 [FXGL Background Thread 1 ] DEBUG FXGLAssetLoaderServi - User app class for loading assets: class com.csafinal.basedefense.DropApp
21:57:07.827 [FXGL Background Thread 1 ] DEBUG GameApplicationServi - Applying CSS: fxgl_dark.css
21:57:07.829 [FXGL Background Thread 1 ] DEBUG FXGLAssetLoaderServi - Loading from file system: jar:file:///Users/ayushkumarrai/.m2/repository/com/github/almasb/fxgl/17.3/fxgl-17.3.jar!/fxglassets/ui/css/fxgl_dark.css
21:57:07.972 [FXGL Background Thread 1 ] DEBUG GameApplicationServi - Initializing application scenes
21:57:08.213 [FXGL Background Thread 1 ] DEBUG GameWorld            - Game world initialized
21:57:08.284 [FXGL Background Thread 1 ] DEBUG PhysicsWorld         - Physics world initialized: appHeight=896, physics.ppm=50.0
21:57:08.287 [FXGL Background Thread 1 ] DEBUG PhysicsWorld         - Using strategy: BRUTE_FORCE
21:57:08.299 [FXGL Background Thread 1 ] DEBUG GameScene            - Game scene initialized: 1600x896
21:57:08.327 [FXGL Background Thread 1 ] DEBUG FXGL.DefaultMenu     - createMenuBodyGameMenu()
21:57:08.349 [FXGL Background Thread 1 ] DEBUG FXGL.DefaultMenu     - createOptionsMenu()
21:57:08.369 [FXGL Background Thread 1 ] DEBUG FXGLAssetLoaderServi - Loading from file system: jar:file:///Users/ayushkumarrai/.m2/repository/com/github/almasb/fxgl/17.3/fxgl-17.3.jar!/fxglassets/textures/particles/smoke.png
21:57:08.576 [FXGL Background Thread 1 ] DEBUG FXGLAssetLoaderServi - Loading from file system: jar:file:///Users/ayushkumarrai/.m2/repository/com/github/almasb/fxgl/17.3/fxgl-17.3.jar!/fxglassets/textures/particles/trace_horizontal.png
21:57:08.622 [FXGL Background Thread 1 ] DEBUG GameApplicationServi - Application scenes initialized
21:57:08.650 [FXGL Background Thread 1 ] DEBUG SystemBundleService  - Loading FXGL system data
21:57:08.659 [FXGL Background Thread 1 ] DEBUG FileSystemAccess     - Reading from: /Volumes/AYUSH DRIVE/School 2022-23/M359 AP CS Java A/BaseDefense2/system/fxgl.bundle
21:57:08.677 [FXGL Background Thread 1 ] DEBUG SystemBundleService  - Bundle FXGL: {}
21:57:08.677 [FXGL Background Thread 1 ] DEBUG UpdaterService       - Checking for updates
21:57:08.691 [FXGL Background Thread 4 ] DEBUG FXGLApplication      - Loading fonts
21:57:08.692 [FXGL Background Thread 4 ] DEBUG FXGLAssetLoaderServi - Loading from file system: jar:file:///Users/ayushkumarrai/.m2/repository/com/github/almasb/fxgl/17.3/fxgl-17.3.jar!/fxglassets/ui/fonts/VarelaRound-Regular.ttf
21:57:08.696 [FXGL Background Thread 1 ] DEBUG FXGLApplication      - Loading default localization
21:57:08.697 [FXGL Background Thread 1 ] DEBUG FXGLAssetLoaderServi - Loading from file system: jar:file:///Users/ayushkumarrai/.m2/repository/com/github/almasb/fxgl/17.3/fxgl-17.3.jar!/fxglassets/languages/english.lang
21:57:08.731 [FXGL Background Thread 4 ] DEBUG FXGLAssetLoaderServi - Loading from file system: jar:file:///Users/ayushkumarrai/.m2/repository/com/github/almasb/fxgl/17.3/fxgl-17.3.jar!/fxglassets/ui/fonts/Abel-Regular.ttf
21:57:08.738 [FXGL Background Thread 4 ] DEBUG FXGLAssetLoaderServi - Loading from file system: jar:file:///Users/ayushkumarrai/.m2/repository/com/github/almasb/fxgl/17.3/fxgl-17.3.jar!/fxglassets/ui/fonts/TerminalLandMono-Regular.otf
21:57:08.745 [FXGL Background Thread 1 ] INFO  FXGLApplication      - FXGL initialization took: 1.203 sec
21:57:08.747 [FXGL Background Thread 4 ] DEBUG FXGLAssetLoaderServi - Loading from file system: jar:file:///Users/ayushkumarrai/.m2/repository/com/github/almasb/fxgl/17.3/fxgl-17.3.jar!/fxglassets/ui/fonts/Courier-Prime.ttf
21:57:08.758 [JavaFX Application Thread] DEBUG Input                - Registered new binding: Left - A
21:57:08.759 [JavaFX Application Thread] DEBUG Input                - Registered new binding: Right - D
21:57:08.759 [JavaFX Application Thread] DEBUG Input                - Registered new binding: Down - S
21:57:08.759 [JavaFX Application Thread] DEBUG Input                - Registered new binding: Up - W
21:57:08.760 [JavaFX Application Thread] DEBUG Input                - Registered new binding: info - I
21:57:08.760 [JavaFX Application Thread] DEBUG Input                - Registered new binding: Revive - R
21:57:08.761 [JavaFX Application Thread] DEBUG FXGLAssetLoaderServi - Loading from file system: jar:file:///Users/ayushkumarrai/.m2/repository/com/github/almasb/fxgl/17.3/fxgl-17.3.jar!/fxglassets/textures/fxgl_icon.png
21:57:08.813 [JavaFX Application Thread] DEBUG FXGLAssetLoaderServi - Loading from file system: jar:file:///Users/ayushkumarrai/.m2/repository/com/github/almasb/fxgl/17.3/fxgl-17.3.jar!/fxglassets/textures/fxgl_default_cursor.png
21:57:08.821 [JavaFX Application Thread] DEBUG Input                - Registered new binding: Screenshot - CTRL+8
21:57:08.822 [JavaFX Application Thread] DEBUG Input                - Registered new binding: System info dump - CTRL+9
21:57:08.822 [JavaFX Application Thread] DEBUG Input                - Registered new binding: Restart - CTRL+R
21:57:08.823 [JavaFX Application Thread] DEBUG Input                - Registered new binding: Toggle Debug Camera - CTRL+7
21:57:08.830 [JavaFX Application Thread] DEBUG LoopRunner           - Starting loop
21:57:08.831 [JavaFX Application Thread] DEBUG LoopRunner           - Initializing JavaFX AnimationTimerLoop
21:57:08.832 [JavaFX Application Thread] DEBUG GameApplicationServi - Starting new game
21:57:08.833 [JavaFX Application Thread] DEBUG Input                - Clearing active input actions
21:57:08.901 [JavaFX Application Thread] DEBUG GameApplicationServi - Removing overlay from FXGLStartupScene and adding to FXGLLoadingScene
21:57:08.905 [JavaFX Application Thread] DEBUG PrimaryStageWindow   - FXGLStartupScene -> FXGLLoadingScene
21:57:08.905 [JavaFX Application Thread] DEBUG GameApplicationServi - Clearing previous game
21:57:08.905 [JavaFX Application Thread] DEBUG GameScene            - Clearing game scene
21:57:08.905 [JavaFX Application Thread] DEBUG GameWorld            - Clearing game world
21:57:08.905 [JavaFX Application Thread] DEBUG PhysicsWorld         - Clearing physics world
21:57:08.908 [FXGL Background Thread 4 ] DEBUG FXGLApplication      - Initializing game
21:57:08.977 [FXGL Background Thread 4 ] WARN  TMXLevelLoader       - TiledMap generated from 1.10.0. Supported version: 1.9.0. Some features may not be parsed fully.
21:57:08.983 [JavaFX Application Thread] DEBUG FXGLApplication      - Registering font factories with UI factory
21:57:09.186 [FXGL Background Thread 4 ] DEBUG TMXLevelLoader       - Parsed TiledMap: file:/Volumes/AYUSH%20DRIVE/School%202022-23/M359%20AP%20CS%20Java%20A/BaseDefense2/target/classes/assets/levels/tmx/td1.tmx
21:57:09.229 [FXGL Background Thread 4 ] DEBUG TMXLevelLoader       - Creating tile layer entities
21:57:09.298 [FXGL Background Thread 4 ] DEBUG TilesetLoader        - Loading view for layer Ground
21:57:09.314 [FXGL Background Thread 4 ] DEBUG TilesetLoader        - Created buffer with size 1600.0x896.0
21:57:09.741 [FXGL Background Thread 4 ] DEBUG TilesetLoader        - Loading view for layer Decor
21:57:09.785 [FXGL Background Thread 4 ] DEBUG TilesetLoader        - Created buffer with size 1600.0x896.0
21:57:09.867 [FXGL Background Thread 4 ] DEBUG TMXLevelLoader       - Creating object layer entities
21:57:10.460 [FXGL Background Thread 4 ] DEBUG GameWorld            - Clearing removable entities
21:57:10.466 [FXGL Background Thread 4 ] DEBUG GameWorld            - Setting level: com.almasb.fxgl.entity.level.Level@283e896d
21:57:10.527 [FXGL Background Thread 4 ] DEBUG FXGLAssetLoaderServi - Loading JSON from: file:/Volumes/AYUSH%20DRIVE/School%202022-23/M359%20AP%20CS%20Java%20A/BaseDefense2/target/classes/assets/towers/tower1.json
21:57:10.949 [FXGL Background Thread 4 ] DEBUG FXGLAssetLoaderServi - Loading JSON from: file:/Volumes/AYUSH%20DRIVE/School%202022-23/M359%20AP%20CS%20Java%20A/BaseDefense2/target/classes/assets/towers/tower2.json
21:57:10.957 [FXGL Background Thread 4 ] DEBUG FXGLAssetLoaderServi - Loading JSON from: file:/Volumes/AYUSH%20DRIVE/School%202022-23/M359%20AP%20CS%20Java%20A/BaseDefense2/target/classes/assets/towers/tower3.json
21:57:10.962 [FXGL Background Thread 4 ] DEBUG FXGLAssetLoaderServi - Loading JSON from: file:/Volumes/AYUSH%20DRIVE/School%202022-23/M359%20AP%20CS%20Java%20A/BaseDefense2/target/classes/assets/towers/tower4.json
21:57:10.974 [FXGL Background Thread 4 ] DEBUG FXGLAssetLoaderServi - Loading JSON from: file:/Volumes/AYUSH%20DRIVE/School%202022-23/M359%20AP%20CS%20Java%20A/BaseDefense2/target/classes/assets/towers/tower5.json
21:57:10.984 [FXGL Background Thread 4 ] DEBUG FXGLAssetLoaderServi - Loading JSON from: file:/Volumes/AYUSH%20DRIVE/School%202022-23/M359%20AP%20CS%20Java%20A/BaseDefense2/target/classes/assets/towers/tower6.json
21:57:10.998 [FXGL Background Thread 4 ] DEBUG FXGLAssetLoaderServi - Loading JSON from: file:/Volumes/AYUSH%20DRIVE/School%202022-23/M359%20AP%20CS%20Java%20A/BaseDefense2/target/classes/assets/playerTypes/player1.json
21:57:11.063 [FXGL Background Thread 4 ] DEBUG FXGLAssetLoaderServi - Loading from file system: file:/Volumes/AYUSH%20DRIVE/School%202022-23/M359%20AP%20CS%20Java%20A/BaseDefense2/target/classes/assets/textures/player.png
21:57:11.106 [FXGL Background Thread 4 ] DEBUG FXGLAssetLoaderServi - Loading JSON from: file:/Volumes/AYUSH%20DRIVE/School%202022-23/M359%20AP%20CS%20Java%20A/BaseDefense2/target/classes/assets/enemies/enemy1.json
21:57:11.126 [FXGL Background Thread 4 ] INFO  FXGLApplication      - Game initialization took: 2.218 sec
21:57:11.129 [JavaFX Application Thread] DEBUG Input                - Clearing active input actions
21:57:11.189 [JavaFX Application Thread] DEBUG GameApplicationServi - Removing overlay from FXGLLoadingScene and adding to GameScene
21:57:11.195 [JavaFX Application Thread] DEBUG PrimaryStageWindow   - FXGLLoadingScene -> GameScene
21:57:11.685 [FXGL Background Thread 3 ] DEBUG Engine               - Logging environment variables
21:57:11.692 [FXGL Background Thread 3 ] DEBUG Engine               - achievements: []
21:57:11.695 [FXGL Background Thread 3 ] DEBUG Engine               - actualHeight: 806.0
21:57:11.695 [FXGL Background Thread 3 ] DEBUG Engine               - actualHeightProperty: ReadOnlyDoubleProperty [value: 806.0]
21:57:11.695 [FXGL Background Thread 3 ] DEBUG Engine               - actualWidth: 1415.0
21:57:11.695 [FXGL Background Thread 3 ] DEBUG Engine               - actualWidthProperty: ReadOnlyDoubleProperty [value: 1415.0]
21:57:11.695 [FXGL Background Thread 3 ] DEBUG Engine               - appIcon: fxgl_icon.png
21:57:11.695 [FXGL Background Thread 3 ] DEBUG Engine               - applicationMode: DEVELOPER
21:57:11.695 [FXGL Background Thread 3 ] DEBUG Engine               - cSSList: [fxgl_dark.css]
21:57:11.696 [FXGL Background Thread 3 ] DEBUG Engine               - collisionDetectionStrategy: BRUTE_FORCE
21:57:11.698 [FXGL Background Thread 3 ] DEBUG Engine               - configClass: Optional.empty
21:57:11.698 [FXGL Background Thread 3 ] DEBUG Engine               - credits: []
21:57:11.702 [FXGL Background Thread 3 ] DEBUG Engine               - defaultCursor: CursorInfo(imageName=fxgl_default_cursor.png, hotspotX=7.0, hotspotY=6.0)
21:57:11.703 [FXGL Background Thread 3 ] DEBUG Engine               - devBBoxColorProperty: ObjectProperty [value: 0xff0000ff]
21:57:11.704 [FXGL Background Thread 3 ] DEBUG Engine               - devEnableDebugCameraProperty: BooleanProperty [value: false]
21:57:11.704 [FXGL Background Thread 3 ] DEBUG Engine               - devSensorColorProperty: ObjectProperty [value: 0xffff00ff]
21:57:11.704 [FXGL Background Thread 3 ] DEBUG Engine               - devShowBBoxProperty: BooleanProperty [value: false]
21:57:11.704 [FXGL Background Thread 3 ] DEBUG Engine               - devShowPositionProperty: BooleanProperty [value: false]
21:57:11.704 [FXGL Background Thread 3 ] DEBUG Engine               - enabledMenuItems: []
21:57:11.704 [FXGL Background Thread 3 ] DEBUG Engine               - engineServices: [class com.almasb.fxgl.app.services.FXGLAssetLoaderService, class com.almasb.fxgl.app.FXGLApplication$GameApplicationService, class com.almasb.fxgl.app.services.FXGLDialogService, class com.almasb.fxgl.app.services.IOTaskExecutorService, class com.almasb.fxgl.io.FileSystemService, class com.almasb.fxgl.localization.LocalizationService, class com.almasb.fxgl.app.services.SystemBundleService, class com.almasb.fxgl.profile.SaveLoadService, class com.almasb.fxgl.ui.FXGLUIFactoryServiceProvider, class com.almasb.fxgl.ui.FXGLDialogFactoryServiceProvider, class com.almasb.fxgl.audio.AudioPlayer, class com.almasb.fxgl.notification.impl.NotificationServiceProvider, class com.almasb.fxgl.achievement.AchievementService, class com.almasb.fxgl.cutscene.CutsceneService, class com.almasb.fxgl.minigames.MiniGameService, class com.almasb.fxgl.net.NetService, class com.almasb.fxgl.app.services.UpdaterService, class com.almasb.fxgl.dev.DevService]
21:57:11.704 [FXGL Background Thread 3 ] DEBUG Engine               - fontGame: Abel-Regular.ttf
21:57:11.704 [FXGL Background Thread 3 ] DEBUG Engine               - fontMono: TerminalLandMono-Regular.otf
21:57:11.704 [FXGL Background Thread 3 ] DEBUG Engine               - fontSizeScaleUI: 1.0
21:57:11.704 [FXGL Background Thread 3 ] DEBUG Engine               - fontText: Courier-Prime.ttf
21:57:11.704 [FXGL Background Thread 3 ] DEBUG Engine               - fontUI: VarelaRound-Regular.ttf
21:57:11.704 [FXGL Background Thread 3 ] DEBUG Engine               - fullScreen: BooleanProperty [value: false]
21:57:11.704 [FXGL Background Thread 3 ] DEBUG Engine               - gameDifficulty: MEDIUM
21:57:11.705 [FXGL Background Thread 3 ] DEBUG Engine               - gameDifficultyProperty: ObjectProperty [value: MEDIUM]
21:57:11.705 [FXGL Background Thread 3 ] DEBUG Engine               - globalMusicVolume: 0.5
21:57:11.705 [FXGL Background Thread 3 ] DEBUG Engine               - globalMusicVolumeProperty: DoubleProperty [value: 0.5]
21:57:11.705 [FXGL Background Thread 3 ] DEBUG Engine               - globalSoundVolume: 0.5
21:57:11.705 [FXGL Background Thread 3 ] DEBUG Engine               - globalSoundVolumeProperty: DoubleProperty [value: 0.5]
21:57:11.705 [FXGL Background Thread 3 ] DEBUG Engine               - height: 896
21:57:11.706 [FXGL Background Thread 3 ] DEBUG Engine               - is3D: false
21:57:11.706 [FXGL Background Thread 3 ] DEBUG Engine               - isAndroid: false
21:57:11.706 [FXGL Background Thread 3 ] DEBUG Engine               - isBrowser: false
21:57:11.706 [FXGL Background Thread 3 ] DEBUG Engine               - isClickFeedbackEnabled: false
21:57:11.706 [FXGL Background Thread 3 ] DEBUG Engine               - isCloseConfirmation: false
21:57:11.706 [FXGL Background Thread 3 ] DEBUG Engine               - isDesktop: true
21:57:11.706 [FXGL Background Thread 3 ] DEBUG Engine               - isDeveloperMenuEnabled: false
21:57:11.711 [FXGL Background Thread 3 ] DEBUG Engine               - isEmbedded: false
21:57:11.715 [FXGL Background Thread 3 ] DEBUG Engine               - isEntityPreloadEnabled: true
21:57:11.715 [FXGL Background Thread 3 ] DEBUG Engine               - isExperimentalTiledLargeMap: false
21:57:11.715 [FXGL Background Thread 3 ] DEBUG Engine               - isFileSystemWriteAllowed: true
21:57:11.715 [FXGL Background Thread 3 ] DEBUG Engine               - isFullScreenAllowed: false
21:57:11.715 [FXGL Background Thread 3 ] DEBUG Engine               - isFullScreenFromStart: false
21:57:11.715 [FXGL Background Thread 3 ] DEBUG Engine               - isGameMenuEnabled: true
21:57:11.715 [FXGL Background Thread 3 ] DEBUG Engine               - isIOS: false
21:57:11.715 [FXGL Background Thread 3 ] DEBUG Engine               - isIntroEnabled: false
21:57:11.716 [FXGL Background Thread 3 ] DEBUG Engine               - isLinux: false
21:57:11.716 [FXGL Background Thread 3 ] DEBUG Engine               - isMac: true
21:57:11.716 [FXGL Background Thread 3 ] DEBUG Engine               - isMainMenuEnabled: false
21:57:11.716 [FXGL Background Thread 3 ] DEBUG Engine               - isManualResizeEnabled: false
21:57:11.716 [FXGL Background Thread 3 ] DEBUG Engine               - isMobile: false
21:57:11.716 [FXGL Background Thread 3 ] DEBUG Engine               - isNative: false
21:57:11.716 [FXGL Background Thread 3 ] DEBUG Engine               - isPauseMusicWhenMinimized: true
21:57:11.716 [FXGL Background Thread 3 ] DEBUG Engine               - isPreserveResizeRatio: false
21:57:11.716 [FXGL Background Thread 3 ] DEBUG Engine               - isProfilingEnabled: false
21:57:11.716 [FXGL Background Thread 3 ] DEBUG Engine               - isScaleAffectedOnResize: true
21:57:11.716 [FXGL Background Thread 3 ] DEBUG Engine               - isSingleStep: false
21:57:11.716 [FXGL Background Thread 3 ] DEBUG Engine               - isUserProfileEnabled: false
21:57:11.716 [FXGL Background Thread 3 ] DEBUG Engine               - isWindows: false
21:57:11.716 [FXGL Background Thread 3 ] DEBUG Engine               - language: ObjectProperty [value: ENGLISH]
21:57:11.716 [FXGL Background Thread 3 ] DEBUG Engine               - menuKey: ESCAPE
21:57:11.716 [FXGL Background Thread 3 ] DEBUG Engine               - mouseSensitivity: 0.2
21:57:11.716 [FXGL Background Thread 3 ] DEBUG Engine               - notificationViewClass: class com.almasb.fxgl.notification.view.XboxNotificationView
21:57:11.716 [FXGL Background Thread 3 ] DEBUG Engine               - pixelsPerMeter: 50.0
21:57:11.716 [FXGL Background Thread 3 ] DEBUG Engine               - platform: MAC
21:57:11.716 [FXGL Background Thread 3 ] DEBUG Engine               - prefHeightProperty: ReadOnlyDoubleProperty [value: 896.0]
21:57:11.716 [FXGL Background Thread 3 ] DEBUG Engine               - prefWidthProperty: ReadOnlyDoubleProperty [value: 1600.0]
21:57:11.716 [FXGL Background Thread 3 ] DEBUG Engine               - profileDir: profiles/
21:57:11.716 [FXGL Background Thread 3 ] DEBUG Engine               - profileName: StringProperty [value: DEFAULT]
21:57:11.716 [FXGL Background Thread 3 ] DEBUG Engine               - randomSeed: -1
21:57:11.717 [FXGL Background Thread 3 ] DEBUG Engine               - runtimeInfo: RuntimeInfo(platform=MAC, version=17.3, build=30.03.2023 11.49)
21:57:11.718 [FXGL Background Thread 3 ] DEBUG Engine               - saveFileExt: sav
21:57:11.718 [FXGL Background Thread 3 ] DEBUG Engine               - scaledHeightProp$fxgl: DoubleProperty [bound, value: 806.0]
21:57:11.719 [FXGL Background Thread 3 ] DEBUG Engine               - scaledWidthProp$fxgl: DoubleProperty [bound, value: 1415.0]
21:57:11.719 [FXGL Background Thread 3 ] DEBUG Engine               - sceneFactory: com.almasb.fxgl.app.scene.SceneFactory@12115897
21:57:11.719 [FXGL Background Thread 3 ] DEBUG Engine               - secondsIn24h: 60
21:57:11.720 [FXGL Background Thread 3 ] DEBUG Engine               - soundMenuBack: menu/back.wav
21:57:11.720 [FXGL Background Thread 3 ] DEBUG Engine               - soundMenuPress: menu/press.wav
21:57:11.720 [FXGL Background Thread 3 ] DEBUG Engine               - soundMenuSelect: menu/select.wav
21:57:11.720 [FXGL Background Thread 3 ] DEBUG Engine               - soundNotification: core/notification.wav
21:57:11.720 [FXGL Background Thread 3 ] DEBUG Engine               - stageStyle: DECORATED
21:57:11.720 [FXGL Background Thread 3 ] DEBUG Engine               - supportedLanguages: [ENGLISH, FRENCH, GERMAN, HUNGARIAN, RUSSIAN]
21:57:11.720 [FXGL Background Thread 3 ] DEBUG Engine               - ticksPerSecond: -1
21:57:11.720 [FXGL Background Thread 3 ] DEBUG Engine               - title: Zombs
21:57:11.720 [FXGL Background Thread 3 ] DEBUG Engine               - urlGithub: https://github.com/AlmasB/FXGL
21:57:11.720 [FXGL Background Thread 3 ] DEBUG Engine               - urlLeaderboard: http://fxgl-top.herokuapp.com/
21:57:11.721 [FXGL Background Thread 3 ] DEBUG Engine               - urlPOM: https://raw.githubusercontent.com/AlmasB/FXGL/release/README.md
21:57:11.721 [FXGL Background Thread 3 ] DEBUG Engine               - userAppClass: class com.csafinal.basedefense.DropApp
21:57:11.721 [FXGL Background Thread 3 ] DEBUG Engine               - version: 1.0
21:57:11.721 [FXGL Background Thread 3 ] DEBUG Engine               - versionCheckDays: 7
21:57:11.721 [FXGL Background Thread 3 ] DEBUG Engine               - width: 1600
21:57:11.721 [FXGL Background Thread 3 ] DEBUG Engine               - Logging services
21:57:11.721 [FXGL Background Thread 3 ] DEBUG Engine               - class com.almasb.fxgl.app.services.FXGLAssetLoaderService
21:57:11.721 [FXGL Background Thread 3 ] DEBUG Engine               - class com.almasb.fxgl.app.FXGLApplication$GameApplicationService
21:57:11.721 [FXGL Background Thread 3 ] DEBUG Engine               - class com.almasb.fxgl.app.services.FXGLDialogService
21:57:11.721 [FXGL Background Thread 3 ] DEBUG Engine               - class com.almasb.fxgl.app.services.IOTaskExecutorService
21:57:11.721 [FXGL Background Thread 3 ] DEBUG Engine               - class com.almasb.fxgl.io.FileSystemService
21:57:11.721 [FXGL Background Thread 3 ] DEBUG Engine               - class com.almasb.fxgl.localization.LocalizationService
21:57:11.721 [FXGL Background Thread 3 ] DEBUG Engine               - class com.almasb.fxgl.app.services.SystemBundleService
21:57:11.721 [FXGL Background Thread 3 ] DEBUG Engine               - class com.almasb.fxgl.profile.SaveLoadService
21:57:11.721 [FXGL Background Thread 3 ] DEBUG Engine               - class com.almasb.fxgl.ui.FXGLUIFactoryServiceProvider
21:57:11.721 [FXGL Background Thread 3 ] DEBUG Engine               - class com.almasb.fxgl.ui.FXGLDialogFactoryServiceProvider
21:57:11.721 [FXGL Background Thread 3 ] DEBUG Engine               - class com.almasb.fxgl.audio.AudioPlayer
21:57:11.722 [FXGL Background Thread 3 ] DEBUG Engine               - class com.almasb.fxgl.notification.impl.NotificationServiceProvider
21:57:11.729 [FXGL Background Thread 3 ] DEBUG Engine               - class com.almasb.fxgl.achievement.AchievementService
21:57:11.729 [FXGL Background Thread 3 ] DEBUG Engine               - class com.almasb.fxgl.cutscene.CutsceneService
21:57:11.729 [FXGL Background Thread 3 ] DEBUG Engine               - class com.almasb.fxgl.minigames.MiniGameService
21:57:11.729 [FXGL Background Thread 3 ] DEBUG Engine               - class com.almasb.fxgl.net.NetService
21:57:11.729 [FXGL Background Thread 3 ] DEBUG Engine               - class com.almasb.fxgl.app.services.UpdaterService
21:57:11.729 [FXGL Background Thread 3 ] DEBUG Engine               - class com.almasb.fxgl.dev.DevService
21:57:12.553 [JavaFX Application Thread] DEBUG FXGLAssetLoaderServi - Loading from file system: file:/Volumes/AYUSH%20DRIVE/School%202022-23/M359%20AP%20CS%20Java%20A/BaseDefense2/target/classes/assets/textures/enemies/enemy1.png
21:57:13.929 [JavaFX Application Thread] DEBUG FXGLAssetLoaderServi - Loading from file system: file:/Volumes/AYUSH%20DRIVE/School%202022-23/M359%20AP%20CS%20Java%20A/BaseDefense2/target/classes/assets/textures/towers/tower1.png
21:57:15.278 [JavaFX Application Thread] DEBUG FXGLAssetLoaderServi - Loading from file system: file:/Volumes/AYUSH%20DRIVE/School%202022-23/M359%20AP%20CS%20Java%20A/BaseDefense2/target/classes/assets/textures/projectile.png
21:57:35.523 [JavaFX Application Thread] DEBUG FXGLApplication      - Exiting FXGL
21:57:35.524 [JavaFX Application Thread] DEBUG LoopRunner           - Stopping loop
21:57:35.524 [JavaFX Application Thread] DEBUG SystemBundleService  - Saving FXGL system data
21:57:35.534 [JavaFX Application Thread] DEBUG FileSystemAccess     - Writing to: /Volumes/AYUSH DRIVE/School 2022-23/M359 AP CS Java A/BaseDefense2/system/fxgl.bundle
21:57:35.548 [JavaFX Application Thread] DEBUG Async                - Shutting down background threads
21:57:35.550 [JavaFX Application Thread] DEBUG PrimaryStageWindow   - Closing main window
21:57:35.568 [JavaFX Application Thread] DEBUG Logger               - Closing Logger
