11:11:03.006 [main                     ] DEBUG Logger               - Configured Logger
11:11:03.025 [main                     ] DEBUG GameApplication      - Logging settings
Title: Zombs
Version: 1.0
Width: 2000
Height: 1000
Fullscreen: false
Intro: false
Profiling: false
Single step:false
App Mode: DEVELOPER
Menu Key: ESCAPE
Stage Style: DECORATED
Scene Factory: class com.almasb.fxgl.app.scene.SceneFactory

11:11:04.662 [JavaFX Application Thread] DEBUG FXGLApplication      - Initializing FXGL
11:11:04.665 [JavaFX Application Thread] INFO  Engine               - FXGL-17.3 (30.03.2023 11.49) on WINDOWS (J:20.0.1 FX:20)
11:11:04.666 [JavaFX Application Thread] DEBUG Engine               - JRE Vendor Name: Oracle Corporation
11:11:04.666 [JavaFX Application Thread] DEBUG Engine               - Running on OS: Windows 10 version 10.0
11:11:04.666 [JavaFX Application Thread] DEBUG Engine               - Architecture: amd64
11:11:04.666 [JavaFX Application Thread] INFO  Engine               - Source code and latest versions at: https://github.com/AlmasB/FXGL
11:11:04.666 [JavaFX Application Thread] INFO  Engine               -       Ask questions and discuss at: https://github.com/AlmasB/FXGL/discussions
11:11:04.666 [JavaFX Application Thread] INFO  Engine               -              Join the FXGL chat at: https://gitter.im/AlmasB/FXGL
11:11:04.866 [JavaFX Application Thread] DEBUG PrimaryStageWindow   - Creating a JavaFX scene
11:11:04.866 [JavaFX Application Thread] DEBUG PrimaryStageWindow   - Target size > screen size
11:11:04.963 [JavaFX Application Thread] DEBUG PrimaryStageWindow   - Target settings size: 2000.0 x 1000.0
11:11:04.964 [JavaFX Application Thread] DEBUG PrimaryStageWindow   - Scaled scene size:    1895.0 x 960.0
11:11:04.964 [JavaFX Application Thread] DEBUG PrimaryStageWindow   - Scaled ratio: (0.9475, 0.96)
11:11:04.965 [JavaFX Application Thread] DEBUG PrimaryStageWindow   - Set initial scene to FXGLStartupScene
11:11:04.967 [JavaFX Application Thread] DEBUG PrimaryStageWindow   - Opening main window
11:11:05.173 [JavaFX Application Thread] DEBUG PrimaryStageWindow   - Window border size: (16.0, 39.0)
11:11:05.173 [JavaFX Application Thread] DEBUG PrimaryStageWindow   - Scaled size: 1895.0 x 960.0
11:11:05.173 [JavaFX Application Thread] DEBUG PrimaryStageWindow   - Scaled ratio: (0.9475, 0.96)
11:11:05.174 [JavaFX Application Thread] DEBUG PrimaryStageWindow   - Scene size: 1895.0 x 960.0
11:11:05.174 [JavaFX Application Thread] DEBUG PrimaryStageWindow   - Stage size: 1911.0 x 999.0
11:11:05.181 [FXGL Background Thread 1 ] DEBUG Engine               - Initializing environment variables
11:11:05.263 [FXGL Background Thread 1 ] DEBUG FXGLAssetLoaderServi - User app class for loading assets: class com.csafinal.basedefense.DropApp
11:11:05.263 [FXGL Background Thread 1 ] DEBUG GameApplicationServi - Applying CSS: fxgl_dark.css
11:11:05.264 [FXGL Background Thread 1 ] DEBUG FXGLAssetLoaderServi - Loading from file system: jar:file:///C:/Users/rummel1391/.m2/repository/com/github/almasb/fxgl/17.3/fxgl-17.3.jar!/fxglassets/ui/css/fxgl_dark.css
11:11:05.303 [FXGL Background Thread 1 ] DEBUG GameApplicationServi - Initializing application scenes
11:11:05.365 [FXGL Background Thread 1 ] DEBUG GameWorld            - Game world initialized
11:11:05.427 [FXGL Background Thread 1 ] DEBUG PhysicsWorld         - Physics world initialized: appHeight=1000, physics.ppm=50.0
11:11:05.427 [FXGL Background Thread 1 ] DEBUG PhysicsWorld         - Using strategy: BRUTE_FORCE
11:11:05.430 [FXGL Background Thread 1 ] DEBUG GameScene            - Game scene initialized: 2000x1000
11:11:05.439 [FXGL Background Thread 1 ] DEBUG FXGL.DefaultMenu     - createMenuBodyGameMenu()
11:11:05.452 [FXGL Background Thread 1 ] DEBUG FXGL.DefaultMenu     - createOptionsMenu()
11:11:05.460 [FXGL Background Thread 1 ] DEBUG FXGLAssetLoaderServi - Loading from file system: jar:file:///C:/Users/rummel1391/.m2/repository/com/github/almasb/fxgl/17.3/fxgl-17.3.jar!/fxglassets/textures/particles/smoke.png
11:11:05.559 [FXGL Background Thread 1 ] DEBUG FXGLAssetLoaderServi - Loading from file system: jar:file:///C:/Users/rummel1391/.m2/repository/com/github/almasb/fxgl/17.3/fxgl-17.3.jar!/fxglassets/textures/particles/trace_horizontal.png
11:11:05.582 [FXGL Background Thread 1 ] DEBUG GameApplicationServi - Application scenes initialized
11:11:05.592 [FXGL Background Thread 1 ] DEBUG SystemBundleService  - Loading FXGL system data
11:11:05.595 [FXGL Background Thread 1 ] DEBUG FileSystemAccess     - Reading from: D:\BaseDefenseFXGL-main\system\fxgl.bundle
11:11:05.614 [FXGL Background Thread 1 ] DEBUG SystemBundleService  - Bundle FXGL: {}
11:11:05.614 [FXGL Background Thread 1 ] DEBUG UpdaterService       - Checking for updates
11:11:05.618 [FXGL Background Thread 4 ] DEBUG FXGLApplication      - Loading fonts
11:11:05.618 [FXGL Background Thread 4 ] DEBUG FXGLAssetLoaderServi - Loading from file system: jar:file:///C:/Users/rummel1391/.m2/repository/com/github/almasb/fxgl/17.3/fxgl-17.3.jar!/fxglassets/ui/fonts/VarelaRound-Regular.ttf
11:11:05.618 [FXGL Background Thread 1 ] DEBUG FXGLApplication      - Loading default localization
11:11:05.619 [FXGL Background Thread 1 ] DEBUG FXGLAssetLoaderServi - Loading from file system: jar:file:///C:/Users/rummel1391/.m2/repository/com/github/almasb/fxgl/17.3/fxgl-17.3.jar!/fxglassets/languages/english.lang
11:11:05.668 [FXGL Background Thread 4 ] DEBUG FXGLAssetLoaderServi - Loading from file system: jar:file:///C:/Users/rummel1391/.m2/repository/com/github/almasb/fxgl/17.3/fxgl-17.3.jar!/fxglassets/ui/fonts/Abel-Regular.ttf
11:11:05.671 [FXGL Background Thread 4 ] DEBUG FXGLAssetLoaderServi - Loading from file system: jar:file:///C:/Users/rummel1391/.m2/repository/com/github/almasb/fxgl/17.3/fxgl-17.3.jar!/fxglassets/ui/fonts/TerminalLandMono-Regular.otf
11:11:05.671 [FXGL Background Thread 1 ] INFO  FXGLApplication      - FXGL initialization took: 0.491 sec
11:11:05.675 [FXGL Background Thread 4 ] DEBUG FXGLAssetLoaderServi - Loading from file system: jar:file:///C:/Users/rummel1391/.m2/repository/com/github/almasb/fxgl/17.3/fxgl-17.3.jar!/fxglassets/ui/fonts/Courier-Prime.ttf
11:11:05.683 [JavaFX Application Thread] DEBUG Input                - Registered new binding: Left - A
11:11:05.683 [JavaFX Application Thread] DEBUG Input                - Registered new binding: Right - D
11:11:05.683 [JavaFX Application Thread] DEBUG Input                - Registered new binding: Down - S
11:11:05.683 [JavaFX Application Thread] DEBUG Input                - Registered new binding: Up - W
11:11:05.683 [JavaFX Application Thread] DEBUG FXGLAssetLoaderServi - Loading from file system: jar:file:///C:/Users/rummel1391/.m2/repository/com/github/almasb/fxgl/17.3/fxgl-17.3.jar!/fxglassets/textures/fxgl_icon.png
11:11:05.701 [JavaFX Application Thread] DEBUG FXGLAssetLoaderServi - Loading from file system: jar:file:///C:/Users/rummel1391/.m2/repository/com/github/almasb/fxgl/17.3/fxgl-17.3.jar!/fxglassets/textures/fxgl_default_cursor.png
11:11:05.703 [JavaFX Application Thread] DEBUG Input                - Registered new binding: Screenshot - CTRL+8
11:11:05.704 [JavaFX Application Thread] DEBUG Input                - Registered new binding: System info dump - CTRL+9
11:11:05.704 [JavaFX Application Thread] DEBUG Input                - Registered new binding: Restart - CTRL+R
11:11:05.705 [JavaFX Application Thread] DEBUG Input                - Registered new binding: Toggle Debug Camera - CTRL+7
11:11:05.707 [JavaFX Application Thread] DEBUG LoopRunner           - Starting loop
11:11:05.707 [JavaFX Application Thread] DEBUG LoopRunner           - Initializing JavaFX AnimationTimerLoop
11:11:05.709 [JavaFX Application Thread] DEBUG GameApplicationServi - Starting new game
11:11:05.709 [JavaFX Application Thread] DEBUG Input                - Clearing active input actions
11:11:05.718 [JavaFX Application Thread] DEBUG GameApplicationServi - Removing overlay from FXGLStartupScene and adding to FXGLLoadingScene
11:11:05.718 [JavaFX Application Thread] DEBUG PrimaryStageWindow   - FXGLStartupScene -> FXGLLoadingScene
11:11:05.718 [JavaFX Application Thread] DEBUG GameApplicationServi - Clearing previous game
11:11:05.719 [JavaFX Application Thread] DEBUG GameScene            - Clearing game scene
11:11:05.719 [JavaFX Application Thread] DEBUG GameWorld            - Clearing game world
11:11:05.719 [JavaFX Application Thread] DEBUG PhysicsWorld         - Clearing physics world
11:11:05.720 [JavaFX Application Thread] DEBUG FXGLApplication      - Registering font factories with UI factory
11:11:05.720 [FXGL Background Thread 4 ] DEBUG FXGLApplication      - Initializing game
11:11:06.671 [FXGL Background Thread 4 ] WARN  TMXLevelLoader       - TiledMap generated from 1.10.0. Supported version: 1.9.0. Some features may not be parsed fully.
11:11:06.684 [FXGL Background Thread 4 ] DEBUG TMXLevelLoader       - Parsed TiledMap: file:/D:/BaseDefenseFXGL-main/target/classes/assets/levels/tmx/td1.tmx
11:11:06.685 [FXGL Background Thread 4 ] DEBUG TMXLevelLoader       - Creating tile layer entities
11:11:06.686 [FXGL Background Thread 4 ] DEBUG TilesetLoader        - Loading view for layer Ground
11:11:06.689 [FXGL Background Thread 4 ] DEBUG TilesetLoader        - Created buffer with size 1600.0x896.0
11:11:06.846 [FXGL Background Thread 4 ] DEBUG TilesetLoader        - Loading view for layer Decor
11:11:06.846 [FXGL Background Thread 4 ] DEBUG TilesetLoader        - Created buffer with size 1600.0x896.0
11:11:06.847 [FXGL Background Thread 4 ] DEBUG TMXLevelLoader       - Creating object layer entities
11:11:06.890 [FXGL Background Thread 4 ] DEBUG GameWorld            - Clearing removable entities
11:11:06.891 [FXGL Background Thread 4 ] DEBUG GameWorld            - Setting level: com.almasb.fxgl.entity.level.Level@de7b2de
11:11:06.912 [FXGL Background Thread 4 ] DEBUG FXGLAssetLoaderServi - Loading JSON from: file:/D:/BaseDefenseFXGL-main/target/classes/assets/towers/tower1.json
11:11:07.233 [FXGL Background Thread 4 ] DEBUG FXGLAssetLoaderServi - Loading JSON from: file:/D:/BaseDefenseFXGL-main/target/classes/assets/towers/tower2.json
11:11:07.235 [FXGL Background Thread 4 ] DEBUG FXGLAssetLoaderServi - Loading JSON from: file:/D:/BaseDefenseFXGL-main/target/classes/assets/towers/tower3.json
11:11:07.239 [FXGL Background Thread 4 ] DEBUG FXGLAssetLoaderServi - Loading JSON from: file:/D:/BaseDefenseFXGL-main/target/classes/assets/towers/tower4.json
11:11:07.242 [FXGL Background Thread 4 ] DEBUG FXGLAssetLoaderServi - Loading JSON from: file:/D:/BaseDefenseFXGL-main/target/classes/assets/towers/tower5.json
11:11:07.246 [FXGL Background Thread 4 ] DEBUG FXGLAssetLoaderServi - Loading JSON from: file:/D:/BaseDefenseFXGL-main/target/classes/assets/towers/tower6.json
11:11:07.254 [FXGL Background Thread 4 ] DEBUG FXGLAssetLoaderServi - Loading from file system: file:/D:/BaseDefenseFXGL-main/target/classes/assets/textures/player.png
11:11:07.266 [FXGL Background Thread 4 ] INFO  FXGLApplication      - Game initialization took: 1.546 sec
11:11:07.267 [JavaFX Application Thread] DEBUG Input                - Clearing active input actions
11:11:07.280 [JavaFX Application Thread] DEBUG GameApplicationServi - Removing overlay from FXGLLoadingScene and adding to GameScene
11:11:07.281 [JavaFX Application Thread] DEBUG PrimaryStageWindow   - FXGLLoadingScene -> GameScene
11:11:08.618 [FXGL Background Thread 3 ] DEBUG Engine               - Logging environment variables
11:11:08.619 [FXGL Background Thread 3 ] DEBUG Engine               - achievements: []
11:11:08.619 [FXGL Background Thread 3 ] DEBUG Engine               - actualHeight: 960.0
11:11:08.619 [FXGL Background Thread 3 ] DEBUG Engine               - actualHeightProperty: ReadOnlyDoubleProperty [value: 960.0]
11:11:08.619 [FXGL Background Thread 3 ] DEBUG Engine               - actualWidth: 1895.0
11:11:08.620 [FXGL Background Thread 3 ] DEBUG Engine               - actualWidthProperty: ReadOnlyDoubleProperty [value: 1895.0]
11:11:08.620 [FXGL Background Thread 3 ] DEBUG Engine               - appIcon: fxgl_icon.png
11:11:08.620 [FXGL Background Thread 3 ] DEBUG Engine               - applicationMode: DEVELOPER
11:11:08.620 [FXGL Background Thread 3 ] DEBUG Engine               - cSSList: [fxgl_dark.css]
11:11:08.620 [FXGL Background Thread 3 ] DEBUG Engine               - collisionDetectionStrategy: BRUTE_FORCE
11:11:08.620 [FXGL Background Thread 3 ] DEBUG Engine               - configClass: Optional.empty
11:11:08.620 [FXGL Background Thread 3 ] DEBUG Engine               - credits: []
11:11:08.621 [FXGL Background Thread 3 ] DEBUG Engine               - defaultCursor: CursorInfo(imageName=fxgl_default_cursor.png, hotspotX=7.0, hotspotY=6.0)
11:11:08.622 [FXGL Background Thread 3 ] DEBUG Engine               - devBBoxColorProperty: ObjectProperty [value: 0xff0000ff]
11:11:08.622 [FXGL Background Thread 3 ] DEBUG Engine               - devEnableDebugCameraProperty: BooleanProperty [value: false]
11:11:08.622 [FXGL Background Thread 3 ] DEBUG Engine               - devSensorColorProperty: ObjectProperty [value: 0xffff00ff]
11:11:08.622 [FXGL Background Thread 3 ] DEBUG Engine               - devShowBBoxProperty: BooleanProperty [value: false]
11:11:08.622 [FXGL Background Thread 3 ] DEBUG Engine               - devShowPositionProperty: BooleanProperty [value: false]
11:11:08.623 [FXGL Background Thread 3 ] DEBUG Engine               - enabledMenuItems: []
11:11:08.623 [FXGL Background Thread 3 ] DEBUG Engine               - engineServices: [class com.almasb.fxgl.app.services.FXGLAssetLoaderService, class com.almasb.fxgl.app.FXGLApplication$GameApplicationService, class com.almasb.fxgl.app.services.FXGLDialogService, class com.almasb.fxgl.app.services.IOTaskExecutorService, class com.almasb.fxgl.io.FileSystemService, class com.almasb.fxgl.localization.LocalizationService, class com.almasb.fxgl.app.services.SystemBundleService, class com.almasb.fxgl.profile.SaveLoadService, class com.almasb.fxgl.ui.FXGLUIFactoryServiceProvider, class com.almasb.fxgl.ui.FXGLDialogFactoryServiceProvider, class com.almasb.fxgl.audio.AudioPlayer, class com.almasb.fxgl.notification.impl.NotificationServiceProvider, class com.almasb.fxgl.achievement.AchievementService, class com.almasb.fxgl.cutscene.CutsceneService, class com.almasb.fxgl.minigames.MiniGameService, class com.almasb.fxgl.net.NetService, class com.almasb.fxgl.app.services.UpdaterService, class com.almasb.fxgl.dev.DevService]
11:11:08.623 [FXGL Background Thread 3 ] DEBUG Engine               - fontGame: Abel-Regular.ttf
11:11:08.623 [FXGL Background Thread 3 ] DEBUG Engine               - fontMono: TerminalLandMono-Regular.otf
11:11:08.623 [FXGL Background Thread 3 ] DEBUG Engine               - fontSizeScaleUI: 1.0
11:11:08.623 [FXGL Background Thread 3 ] DEBUG Engine               - fontText: Courier-Prime.ttf
11:11:08.623 [FXGL Background Thread 3 ] DEBUG Engine               - fontUI: VarelaRound-Regular.ttf
11:11:08.623 [FXGL Background Thread 3 ] DEBUG Engine               - fullScreen: BooleanProperty [value: false]
11:11:08.623 [FXGL Background Thread 3 ] DEBUG Engine               - gameDifficulty: MEDIUM
11:11:08.624 [FXGL Background Thread 3 ] DEBUG Engine               - gameDifficultyProperty: ObjectProperty [value: MEDIUM]
11:11:08.624 [FXGL Background Thread 3 ] DEBUG Engine               - globalMusicVolume: 0.5
11:11:08.624 [FXGL Background Thread 3 ] DEBUG Engine               - globalMusicVolumeProperty: DoubleProperty [value: 0.5]
11:11:08.624 [FXGL Background Thread 3 ] DEBUG Engine               - globalSoundVolume: 0.5
11:11:08.624 [FXGL Background Thread 3 ] DEBUG Engine               - globalSoundVolumeProperty: DoubleProperty [value: 0.5]
11:11:08.624 [FXGL Background Thread 3 ] DEBUG Engine               - height: 1000
11:11:08.624 [FXGL Background Thread 3 ] DEBUG Engine               - is3D: false
11:11:08.624 [FXGL Background Thread 3 ] DEBUG Engine               - isAndroid: false
11:11:08.624 [FXGL Background Thread 3 ] DEBUG Engine               - isBrowser: false
11:11:08.624 [FXGL Background Thread 3 ] DEBUG Engine               - isClickFeedbackEnabled: false
11:11:08.624 [FXGL Background Thread 3 ] DEBUG Engine               - isCloseConfirmation: false
11:11:08.624 [FXGL Background Thread 3 ] DEBUG Engine               - isDesktop: true
11:11:08.624 [FXGL Background Thread 3 ] DEBUG Engine               - isDeveloperMenuEnabled: false
11:11:08.624 [FXGL Background Thread 3 ] DEBUG Engine               - isEmbedded: false
11:11:08.624 [FXGL Background Thread 3 ] DEBUG Engine               - isEntityPreloadEnabled: true
11:11:08.624 [FXGL Background Thread 3 ] DEBUG Engine               - isExperimentalTiledLargeMap: false
11:11:08.624 [FXGL Background Thread 3 ] DEBUG Engine               - isFileSystemWriteAllowed: true
11:11:08.624 [FXGL Background Thread 3 ] DEBUG Engine               - isFullScreenAllowed: false
11:11:08.624 [FXGL Background Thread 3 ] DEBUG Engine               - isFullScreenFromStart: false
11:11:08.625 [FXGL Background Thread 3 ] DEBUG Engine               - isGameMenuEnabled: true
11:11:08.625 [FXGL Background Thread 3 ] DEBUG Engine               - isIOS: false
11:11:08.625 [FXGL Background Thread 3 ] DEBUG Engine               - isIntroEnabled: false
11:11:08.625 [FXGL Background Thread 3 ] DEBUG Engine               - isLinux: false
11:11:08.625 [FXGL Background Thread 3 ] DEBUG Engine               - isMac: false
11:11:08.625 [FXGL Background Thread 3 ] DEBUG Engine               - isMainMenuEnabled: false
11:11:08.625 [FXGL Background Thread 3 ] DEBUG Engine               - isManualResizeEnabled: false
11:11:08.625 [FXGL Background Thread 3 ] DEBUG Engine               - isMobile: false
11:11:08.625 [FXGL Background Thread 3 ] DEBUG Engine               - isNative: false
11:11:08.625 [FXGL Background Thread 3 ] DEBUG Engine               - isPauseMusicWhenMinimized: true
11:11:08.625 [FXGL Background Thread 3 ] DEBUG Engine               - isPreserveResizeRatio: false
11:11:08.625 [FXGL Background Thread 3 ] DEBUG Engine               - isProfilingEnabled: false
11:11:08.625 [FXGL Background Thread 3 ] DEBUG Engine               - isScaleAffectedOnResize: true
11:11:08.625 [FXGL Background Thread 3 ] DEBUG Engine               - isSingleStep: false
11:11:08.625 [FXGL Background Thread 3 ] DEBUG Engine               - isUserProfileEnabled: false
11:11:08.625 [FXGL Background Thread 3 ] DEBUG Engine               - isWindows: true
11:11:08.625 [FXGL Background Thread 3 ] DEBUG Engine               - language: ObjectProperty [value: ENGLISH]
11:11:08.625 [FXGL Background Thread 3 ] DEBUG Engine               - menuKey: ESCAPE
11:11:08.625 [FXGL Background Thread 3 ] DEBUG Engine               - mouseSensitivity: 0.2
11:11:08.625 [FXGL Background Thread 3 ] DEBUG Engine               - notificationViewClass: class com.almasb.fxgl.notification.view.XboxNotificationView
11:11:08.625 [FXGL Background Thread 3 ] DEBUG Engine               - pixelsPerMeter: 50.0
11:11:08.625 [FXGL Background Thread 3 ] DEBUG Engine               - platform: WINDOWS
11:11:08.625 [FXGL Background Thread 3 ] DEBUG Engine               - prefHeightProperty: ReadOnlyDoubleProperty [value: 1000.0]
11:11:08.626 [FXGL Background Thread 3 ] DEBUG Engine               - prefWidthProperty: ReadOnlyDoubleProperty [value: 2000.0]
11:11:08.626 [FXGL Background Thread 3 ] DEBUG Engine               - profileDir: profiles/
11:11:08.626 [FXGL Background Thread 3 ] DEBUG Engine               - profileName: StringProperty [value: DEFAULT]
11:11:08.626 [FXGL Background Thread 3 ] DEBUG Engine               - randomSeed: -1
11:11:08.626 [FXGL Background Thread 3 ] DEBUG Engine               - runtimeInfo: RuntimeInfo(platform=WINDOWS, version=17.3, build=30.03.2023 11.49)
11:11:08.626 [FXGL Background Thread 3 ] DEBUG Engine               - saveFileExt: sav
11:11:08.626 [FXGL Background Thread 3 ] DEBUG Engine               - scaledHeightProp$fxgl: DoubleProperty [bound, value: 960.0]
11:11:08.626 [FXGL Background Thread 3 ] DEBUG Engine               - scaledWidthProp$fxgl: DoubleProperty [bound, value: 1895.0]
11:11:08.626 [FXGL Background Thread 3 ] DEBUG Engine               - sceneFactory: com.almasb.fxgl.app.scene.SceneFactory@5c566442
11:11:08.626 [FXGL Background Thread 3 ] DEBUG Engine               - secondsIn24h: 60
11:11:08.626 [FXGL Background Thread 3 ] DEBUG Engine               - soundMenuBack: menu/back.wav
11:11:08.626 [FXGL Background Thread 3 ] DEBUG Engine               - soundMenuPress: menu/press.wav
11:11:08.626 [FXGL Background Thread 3 ] DEBUG Engine               - soundMenuSelect: menu/select.wav
11:11:08.626 [FXGL Background Thread 3 ] DEBUG Engine               - soundNotification: core/notification.wav
11:11:08.626 [FXGL Background Thread 3 ] DEBUG Engine               - stageStyle: DECORATED
11:11:08.626 [FXGL Background Thread 3 ] DEBUG Engine               - supportedLanguages: [ENGLISH, FRENCH, GERMAN, HUNGARIAN, RUSSIAN]
11:11:08.626 [FXGL Background Thread 3 ] DEBUG Engine               - ticksPerSecond: -1
11:11:08.626 [FXGL Background Thread 3 ] DEBUG Engine               - title: Zombs
11:11:08.626 [FXGL Background Thread 3 ] DEBUG Engine               - urlGithub: https://github.com/AlmasB/FXGL
11:11:08.626 [FXGL Background Thread 3 ] DEBUG Engine               - urlLeaderboard: http://fxgl-top.herokuapp.com/
11:11:08.626 [FXGL Background Thread 3 ] DEBUG Engine               - urlPOM: https://raw.githubusercontent.com/AlmasB/FXGL/release/README.md
11:11:08.626 [FXGL Background Thread 3 ] DEBUG Engine               - userAppClass: class com.csafinal.basedefense.DropApp
11:11:08.626 [FXGL Background Thread 3 ] DEBUG Engine               - version: 1.0
11:11:08.627 [FXGL Background Thread 3 ] DEBUG Engine               - versionCheckDays: 7
11:11:08.627 [FXGL Background Thread 3 ] DEBUG Engine               - width: 2000
11:11:08.627 [FXGL Background Thread 3 ] DEBUG Engine               - Logging services
11:11:08.627 [FXGL Background Thread 3 ] DEBUG Engine               - class com.almasb.fxgl.app.services.FXGLAssetLoaderService
11:11:08.627 [FXGL Background Thread 3 ] DEBUG Engine               - class com.almasb.fxgl.app.FXGLApplication$GameApplicationService
11:11:08.627 [FXGL Background Thread 3 ] DEBUG Engine               - class com.almasb.fxgl.app.services.FXGLDialogService
11:11:08.627 [FXGL Background Thread 3 ] DEBUG Engine               - class com.almasb.fxgl.app.services.IOTaskExecutorService
11:11:08.627 [FXGL Background Thread 3 ] DEBUG Engine               - class com.almasb.fxgl.io.FileSystemService
11:11:08.627 [FXGL Background Thread 3 ] DEBUG Engine               - class com.almasb.fxgl.localization.LocalizationService
11:11:08.627 [FXGL Background Thread 3 ] DEBUG Engine               - class com.almasb.fxgl.app.services.SystemBundleService
11:11:08.627 [FXGL Background Thread 3 ] DEBUG Engine               - class com.almasb.fxgl.profile.SaveLoadService
11:11:08.627 [FXGL Background Thread 3 ] DEBUG Engine               - class com.almasb.fxgl.ui.FXGLUIFactoryServiceProvider
11:11:08.627 [FXGL Background Thread 3 ] DEBUG Engine               - class com.almasb.fxgl.ui.FXGLDialogFactoryServiceProvider
11:11:08.627 [FXGL Background Thread 3 ] DEBUG Engine               - class com.almasb.fxgl.audio.AudioPlayer
11:11:08.627 [FXGL Background Thread 3 ] DEBUG Engine               - class com.almasb.fxgl.notification.impl.NotificationServiceProvider
11:11:08.627 [FXGL Background Thread 3 ] DEBUG Engine               - class com.almasb.fxgl.achievement.AchievementService
11:11:08.627 [FXGL Background Thread 3 ] DEBUG Engine               - class com.almasb.fxgl.cutscene.CutsceneService
11:11:08.627 [FXGL Background Thread 3 ] DEBUG Engine               - class com.almasb.fxgl.minigames.MiniGameService
11:11:08.627 [FXGL Background Thread 3 ] DEBUG Engine               - class com.almasb.fxgl.net.NetService
11:11:08.627 [FXGL Background Thread 3 ] DEBUG Engine               - class com.almasb.fxgl.app.services.UpdaterService
11:11:08.627 [FXGL Background Thread 3 ] DEBUG Engine               - class com.almasb.fxgl.dev.DevService
11:11:09.455 [JavaFX Application Thread] DEBUG FXGLAssetLoaderServi - Loading from file system: file:/D:/BaseDefenseFXGL-main/target/classes/assets/textures/enemies/enemy1.png
11:11:11.770 [JavaFX Application Thread] DEBUG FXGLAssetLoaderServi - Loading from file system: file:/D:/BaseDefenseFXGL-main/target/classes/assets/textures/towers/tower1.png
11:11:12.127 [JavaFX Application Thread] WARN  FXGLAssetLoaderServi - Asset "/assets/sounds/drop.wav" was not found!
11:11:12.127 [JavaFX Application Thread] WARN  FXGLAssetLoaderServi - Failed to load SOUND
11:11:12.251 [JavaFX Application Thread] WARN  FXGLAssetLoaderServi - Asset "/assets/sounds/drop.wav" was not found!
11:11:12.251 [JavaFX Application Thread] WARN  FXGLAssetLoaderServi - Failed to load SOUND
11:11:12.378 [JavaFX Application Thread] WARN  FXGLAssetLoaderServi - Asset "/assets/sounds/drop.wav" was not found!
11:11:12.378 [JavaFX Application Thread] WARN  FXGLAssetLoaderServi - Failed to load SOUND
11:11:12.665 [JavaFX Application Thread] WARN  FXGLAssetLoaderServi - Asset "/assets/sounds/drop.wav" was not found!
11:11:12.665 [JavaFX Application Thread] WARN  FXGLAssetLoaderServi - Failed to load SOUND
11:11:13.290 [JavaFX Application Thread] DEBUG FXGLAssetLoaderServi - Loading from file system: file:/D:/BaseDefenseFXGL-main/target/classes/assets/textures/projectile.png
11:11:13.353 [JavaFX Application Thread] WARN  FXGLAssetLoaderServi - Asset "/assets/sounds/drop.wav" was not found!
11:11:13.353 [JavaFX Application Thread] WARN  FXGLAssetLoaderServi - Failed to load SOUND
11:11:13.481 [JavaFX Application Thread] WARN  FXGLAssetLoaderServi - Asset "/assets/sounds/drop.wav" was not found!
11:11:13.481 [JavaFX Application Thread] WARN  FXGLAssetLoaderServi - Failed to load SOUND
11:11:14.694 [JavaFX Application Thread] DEBUG FXGLApplication      - Exiting FXGL
11:11:14.694 [JavaFX Application Thread] DEBUG LoopRunner           - Stopping loop
11:11:14.694 [JavaFX Application Thread] DEBUG SystemBundleService  - Saving FXGL system data
11:11:14.729 [JavaFX Application Thread] DEBUG FileSystemAccess     - Writing to: D:\BaseDefenseFXGL-main\system\fxgl.bundle
11:11:14.755 [JavaFX Application Thread] DEBUG Async                - Shutting down background threads
11:11:14.756 [JavaFX Application Thread] DEBUG PrimaryStageWindow   - Closing main window
11:11:14.767 [JavaFX Application Thread] DEBUG Logger               - Closing Logger
