23:11:07.889 [main                     ] DEBUG Logger               - Configured Logger
23:11:08.010 [main                     ] DEBUG GameApplication      - Logging settings
Title: Zombs
Version: 1.0
Width: 1600
Height: 896
Fullscreen: false
Intro: false
Profiling: false
Single step:false
App Mode: DEVELOPER
Menu Key: ESCAPE
Stage Style: DECORATED
Scene Factory: class com.almasb.fxgl.app.scene.SceneFactory

23:11:09.571 [JavaFX Application Thread] DEBUG FXGLApplication      - Initializing FXGL
23:11:09.595 [JavaFX Application Thread] INFO  Engine               - FXGL-17.3 (30.03.2023 11.49) on MAC (J:20 FX:20)
23:11:09.598 [JavaFX Application Thread] DEBUG Engine               - JRE Vendor Name: Oracle Corporation
23:11:09.599 [JavaFX Application Thread] DEBUG Engine               - Running on OS: Mac OS X version 13.3.1
23:11:09.600 [JavaFX Application Thread] DEBUG Engine               - Architecture: x86_64
23:11:09.600 [JavaFX Application Thread] INFO  Engine               - Source code and latest versions at: https://github.com/AlmasB/FXGL
23:11:09.600 [JavaFX Application Thread] INFO  Engine               -       Ask questions and discuss at: https://github.com/AlmasB/FXGL/discussions
23:11:09.601 [JavaFX Application Thread] INFO  Engine               -              Join the FXGL chat at: https://gitter.im/AlmasB/FXGL
23:11:09.815 [JavaFX Application Thread] DEBUG PrimaryStageWindow   - Creating a JavaFX scene
23:11:09.821 [JavaFX Application Thread] DEBUG PrimaryStageWindow   - Target size > screen size
23:11:10.025 [JavaFX Application Thread] DEBUG PrimaryStageWindow   - Target settings size: 1600.0 x 896.0
23:11:10.027 [JavaFX Application Thread] DEBUG PrimaryStageWindow   - Scaled scene size:    1415.0 x 806.0
23:11:10.028 [JavaFX Application Thread] DEBUG PrimaryStageWindow   - Scaled ratio: (0.884375, 0.8995535714285714)
23:11:10.035 [JavaFX Application Thread] DEBUG PrimaryStageWindow   - Set initial scene to FXGLStartupScene
23:11:10.044 [JavaFX Application Thread] DEBUG PrimaryStageWindow   - Opening main window
23:11:10.471 [JavaFX Application Thread] DEBUG PrimaryStageWindow   - Window border size: (0.0, 28.0)
23:11:10.472 [JavaFX Application Thread] DEBUG PrimaryStageWindow   - Scaled size: 1415.0 x 806.0
23:11:10.472 [JavaFX Application Thread] DEBUG PrimaryStageWindow   - Scaled ratio: (0.884375, 0.8995535714285714)
23:11:10.480 [JavaFX Application Thread] DEBUG PrimaryStageWindow   - Scene size: 1415.0 x 806.0
23:11:10.482 [JavaFX Application Thread] DEBUG PrimaryStageWindow   - Stage size: 1415.0 x 834.0
23:11:10.504 [FXGL Background Thread 1 ] DEBUG Engine               - Initializing environment variables
23:11:12.023 [FXGL Background Thread 1 ] DEBUG FXGLAssetLoaderServi - User app class for loading assets: class com.csafinal.basedefense.DropApp
23:11:12.042 [FXGL Background Thread 1 ] DEBUG GameApplicationServi - Applying CSS: fxgl_dark.css
23:11:12.057 [FXGL Background Thread 1 ] DEBUG FXGLAssetLoaderServi - Loading from file system: jar:file:///Users/ayushkumarrai/.m2/repository/com/github/almasb/fxgl/17.3/fxgl-17.3.jar!/fxglassets/ui/css/fxgl_dark.css
23:11:12.568 [FXGL Background Thread 1 ] DEBUG GameApplicationServi - Initializing application scenes
23:11:13.118 [FXGL Background Thread 1 ] DEBUG GameWorld            - Game world initialized
23:11:13.214 [FXGL Background Thread 1 ] DEBUG PhysicsWorld         - Physics world initialized: appHeight=896, physics.ppm=50.0
23:11:13.217 [FXGL Background Thread 1 ] DEBUG PhysicsWorld         - Using strategy: BRUTE_FORCE
23:11:13.235 [FXGL Background Thread 1 ] DEBUG GameScene            - Game scene initialized: 1600x896
23:11:13.260 [FXGL Background Thread 1 ] DEBUG FXGL.DefaultMenu     - createMenuBodyGameMenu()
23:11:13.279 [FXGL Background Thread 1 ] DEBUG FXGL.DefaultMenu     - createOptionsMenu()
23:11:13.303 [FXGL Background Thread 1 ] DEBUG FXGLAssetLoaderServi - Loading from file system: jar:file:///Users/ayushkumarrai/.m2/repository/com/github/almasb/fxgl/17.3/fxgl-17.3.jar!/fxglassets/textures/particles/smoke.png
23:11:13.570 [FXGL Background Thread 1 ] DEBUG FXGLAssetLoaderServi - Loading from file system: jar:file:///Users/ayushkumarrai/.m2/repository/com/github/almasb/fxgl/17.3/fxgl-17.3.jar!/fxglassets/textures/particles/trace_horizontal.png
23:11:13.626 [FXGL Background Thread 1 ] DEBUG GameApplicationServi - Application scenes initialized
23:11:13.653 [FXGL Background Thread 1 ] DEBUG SystemBundleService  - Loading FXGL system data
23:11:13.666 [FXGL Background Thread 1 ] DEBUG FileSystemAccess     - Reading from: /Volumes/AYUSH DRIVE/School 2022-23/M359 AP CS Java A/BaseDefense2/system/fxgl.bundle
23:11:13.699 [FXGL Background Thread 1 ] DEBUG SystemBundleService  - Bundle FXGL: {}
23:11:13.699 [FXGL Background Thread 1 ] DEBUG UpdaterService       - Checking for updates
23:11:13.711 [FXGL Background Thread 4 ] DEBUG FXGLApplication      - Loading fonts
23:11:13.713 [FXGL Background Thread 4 ] DEBUG FXGLAssetLoaderServi - Loading from file system: jar:file:///Users/ayushkumarrai/.m2/repository/com/github/almasb/fxgl/17.3/fxgl-17.3.jar!/fxglassets/ui/fonts/VarelaRound-Regular.ttf
23:11:13.713 [FXGL Background Thread 1 ] DEBUG FXGLApplication      - Loading default localization
23:11:13.714 [FXGL Background Thread 1 ] DEBUG FXGLAssetLoaderServi - Loading from file system: jar:file:///Users/ayushkumarrai/.m2/repository/com/github/almasb/fxgl/17.3/fxgl-17.3.jar!/fxglassets/languages/english.lang
23:11:13.752 [FXGL Background Thread 1 ] INFO  FXGLApplication      - FXGL initialization took: 3.246 sec
23:11:13.770 [JavaFX Application Thread] DEBUG Input                - Registered new binding: Left - A
23:11:13.772 [JavaFX Application Thread] DEBUG Input                - Registered new binding: Right - D
23:11:13.773 [JavaFX Application Thread] DEBUG Input                - Registered new binding: Down - S
23:11:13.774 [JavaFX Application Thread] DEBUG Input                - Registered new binding: Up - W
23:11:13.774 [JavaFX Application Thread] DEBUG Input                - Registered new binding: info - I
23:11:13.777 [JavaFX Application Thread] DEBUG Input                - Registered new binding: closeSelection - Q
23:11:13.778 [JavaFX Application Thread] DEBUG Input                - Registered new binding: Revive - R
23:11:13.785 [JavaFX Application Thread] DEBUG FXGLAssetLoaderServi - Loading from file system: jar:file:///Users/ayushkumarrai/.m2/repository/com/github/almasb/fxgl/17.3/fxgl-17.3.jar!/fxglassets/textures/fxgl_icon.png
23:11:13.796 [FXGL Background Thread 4 ] DEBUG FXGLAssetLoaderServi - Loading from file system: jar:file:///Users/ayushkumarrai/.m2/repository/com/github/almasb/fxgl/17.3/fxgl-17.3.jar!/fxglassets/ui/fonts/Abel-Regular.ttf
23:11:13.800 [FXGL Background Thread 4 ] DEBUG FXGLAssetLoaderServi - Loading from file system: jar:file:///Users/ayushkumarrai/.m2/repository/com/github/almasb/fxgl/17.3/fxgl-17.3.jar!/fxglassets/ui/fonts/TerminalLandMono-Regular.otf
23:11:13.808 [FXGL Background Thread 4 ] DEBUG FXGLAssetLoaderServi - Loading from file system: jar:file:///Users/ayushkumarrai/.m2/repository/com/github/almasb/fxgl/17.3/fxgl-17.3.jar!/fxglassets/ui/fonts/Courier-Prime.ttf
23:11:13.846 [JavaFX Application Thread] DEBUG FXGLAssetLoaderServi - Loading from file system: jar:file:///Users/ayushkumarrai/.m2/repository/com/github/almasb/fxgl/17.3/fxgl-17.3.jar!/fxglassets/textures/fxgl_default_cursor.png
23:11:13.855 [JavaFX Application Thread] DEBUG Input                - Registered new binding: Screenshot - CTRL+8
23:11:13.856 [JavaFX Application Thread] DEBUG Input                - Registered new binding: System info dump - CTRL+9
23:11:13.856 [JavaFX Application Thread] DEBUG Input                - Registered new binding: Restart - CTRL+R
23:11:13.857 [JavaFX Application Thread] DEBUG Input                - Registered new binding: Toggle Debug Camera - CTRL+7
23:11:13.863 [JavaFX Application Thread] DEBUG LoopRunner           - Starting loop
23:11:13.864 [JavaFX Application Thread] DEBUG LoopRunner           - Initializing JavaFX AnimationTimerLoop
23:11:13.865 [JavaFX Application Thread] DEBUG GameApplicationServi - Starting new game
23:11:13.869 [JavaFX Application Thread] DEBUG Input                - Clearing active input actions
23:11:13.950 [JavaFX Application Thread] DEBUG GameApplicationServi - Removing overlay from FXGLStartupScene and adding to FXGLLoadingScene
23:11:13.952 [JavaFX Application Thread] DEBUG PrimaryStageWindow   - FXGLStartupScene -> FXGLLoadingScene
23:11:13.952 [JavaFX Application Thread] DEBUG GameApplicationServi - Clearing previous game
23:11:13.952 [JavaFX Application Thread] DEBUG GameScene            - Clearing game scene
23:11:13.952 [JavaFX Application Thread] DEBUG GameWorld            - Clearing game world
23:11:13.952 [JavaFX Application Thread] DEBUG PhysicsWorld         - Clearing physics world
23:11:13.954 [FXGL Background Thread 4 ] DEBUG FXGLApplication      - Initializing game
23:11:14.123 [JavaFX Application Thread] DEBUG FXGLApplication      - Registering font factories with UI factory
23:11:14.138 [FXGL Background Thread 4 ] WARN  TMXLevelLoader       - TiledMap generated from 1.10.0. Supported version: 1.9.0. Some features may not be parsed fully.
23:11:14.344 [FXGL Background Thread 4 ] DEBUG TMXLevelLoader       - Parsed TiledMap: file:/Volumes/AYUSH%20DRIVE/School%202022-23/M359%20AP%20CS%20Java%20A/BaseDefense2/target/classes/assets/levels/tmx/td1.tmx
23:11:14.380 [FXGL Background Thread 4 ] DEBUG TMXLevelLoader       - Creating tile layer entities
23:11:14.481 [FXGL Background Thread 4 ] DEBUG TilesetLoader        - Loading view for layer Ground
23:11:14.501 [FXGL Background Thread 4 ] DEBUG TilesetLoader        - Created buffer with size 1600.0x896.0
23:11:14.937 [FXGL Background Thread 4 ] DEBUG TilesetLoader        - Loading view for layer Decor
23:11:14.974 [FXGL Background Thread 4 ] DEBUG TilesetLoader        - Created buffer with size 1600.0x896.0
23:11:14.980 [FXGL Background Thread 4 ] DEBUG TMXLevelLoader       - Creating object layer entities
23:11:15.466 [FXGL Background Thread 4 ] DEBUG GameWorld            - Clearing removable entities
23:11:15.474 [FXGL Background Thread 4 ] DEBUG GameWorld            - Setting level: com.almasb.fxgl.entity.level.Level@1bcc75ce
23:11:15.520 [FXGL Background Thread 4 ] DEBUG FXGLAssetLoaderServi - Loading JSON from: file:/Volumes/AYUSH%20DRIVE/School%202022-23/M359%20AP%20CS%20Java%20A/BaseDefense2/target/classes/assets/towers/tower1.json
23:11:16.206 [FXGL Background Thread 4 ] DEBUG FXGLAssetLoaderServi - Loading JSON from: file:/Volumes/AYUSH%20DRIVE/School%202022-23/M359%20AP%20CS%20Java%20A/BaseDefense2/target/classes/assets/towers/tower2.json
23:11:16.227 [FXGL Background Thread 4 ] DEBUG FXGLAssetLoaderServi - Loading JSON from: file:/Volumes/AYUSH%20DRIVE/School%202022-23/M359%20AP%20CS%20Java%20A/BaseDefense2/target/classes/assets/towers/tower3.json
23:11:16.263 [FXGL Background Thread 4 ] DEBUG FXGLAssetLoaderServi - Loading JSON from: file:/Volumes/AYUSH%20DRIVE/School%202022-23/M359%20AP%20CS%20Java%20A/BaseDefense2/target/classes/assets/towers/tower4.json
23:11:16.273 [FXGL Background Thread 4 ] DEBUG FXGLAssetLoaderServi - Loading JSON from: file:/Volumes/AYUSH%20DRIVE/School%202022-23/M359%20AP%20CS%20Java%20A/BaseDefense2/target/classes/assets/towers/tower5.json
23:11:16.285 [FXGL Background Thread 4 ] DEBUG FXGLAssetLoaderServi - Loading JSON from: file:/Volumes/AYUSH%20DRIVE/School%202022-23/M359%20AP%20CS%20Java%20A/BaseDefense2/target/classes/assets/towers/tower6.json
23:11:16.303 [FXGL Background Thread 4 ] DEBUG FXGLAssetLoaderServi - Loading JSON from: file:/Volumes/AYUSH%20DRIVE/School%202022-23/M359%20AP%20CS%20Java%20A/BaseDefense2/target/classes/assets/towers/tree1.json
23:11:16.330 [FXGL Background Thread 4 ] DEBUG FXGLAssetLoaderServi - Loading JSON from: file:/Volumes/AYUSH%20DRIVE/School%202022-23/M359%20AP%20CS%20Java%20A/BaseDefense2/target/classes/assets/towers/stone1.json
23:11:16.346 [FXGL Background Thread 4 ] DEBUG FXGLAssetLoaderServi - Loading JSON from: file:/Volumes/AYUSH%20DRIVE/School%202022-23/M359%20AP%20CS%20Java%20A/BaseDefense2/target/classes/assets/playerTypes/player1.json
23:11:16.432 [FXGL Background Thread 4 ] DEBUG FXGLAssetLoaderServi - Loading from file system: file:/Volumes/AYUSH%20DRIVE/School%202022-23/M359%20AP%20CS%20Java%20A/BaseDefense2/target/classes/assets/textures/player.png
23:11:16.502 [FXGL Background Thread 4 ] DEBUG FXGLAssetLoaderServi - Loading from file system: file:/Volumes/AYUSH%20DRIVE/School%202022-23/M359%20AP%20CS%20Java%20A/BaseDefense2/target/classes/assets/textures/towers/tower1.png
23:11:16.532 [FXGL Background Thread 4 ] DEBUG FXGLAssetLoaderServi - Loading from file system: file:/Volumes/AYUSH%20DRIVE/School%202022-23/M359%20AP%20CS%20Java%20A/BaseDefense2/target/classes/assets/textures/towers/tower2.png
23:11:16.555 [FXGL Background Thread 4 ] DEBUG FXGLAssetLoaderServi - Loading from file system: file:/Volumes/AYUSH%20DRIVE/School%202022-23/M359%20AP%20CS%20Java%20A/BaseDefense2/target/classes/assets/textures/towers/tower3.png
23:11:16.561 [FXGL Background Thread 4 ] DEBUG FXGLAssetLoaderServi - Loading from file system: file:/Volumes/AYUSH%20DRIVE/School%202022-23/M359%20AP%20CS%20Java%20A/BaseDefense2/target/classes/assets/textures/towers/tower4.png
23:11:16.569 [FXGL Background Thread 4 ] DEBUG FXGLAssetLoaderServi - Loading from file system: file:/Volumes/AYUSH%20DRIVE/School%202022-23/M359%20AP%20CS%20Java%20A/BaseDefense2/target/classes/assets/textures/towers/tower5.png
23:11:16.575 [FXGL Background Thread 4 ] DEBUG FXGLAssetLoaderServi - Loading from file system: file:/Volumes/AYUSH%20DRIVE/School%202022-23/M359%20AP%20CS%20Java%20A/BaseDefense2/target/classes/assets/textures/towers/tower6.png
23:11:16.588 [FXGL Background Thread 4 ] DEBUG FXGLAssetLoaderServi - Loading from file system: file:/Volumes/AYUSH%20DRIVE/School%202022-23/M359%20AP%20CS%20Java%20A/BaseDefense2/target/classes/assets/textures/towers/treeHarvester.png
23:11:16.597 [FXGL Background Thread 4 ] DEBUG FXGLAssetLoaderServi - Loading from file system: file:/Volumes/AYUSH%20DRIVE/School%202022-23/M359%20AP%20CS%20Java%20A/BaseDefense2/target/classes/assets/textures/towers/stoneMiner.png
23:11:16.631 [FXGL Background Thread 4 ] INFO  FXGLApplication      - Game initialization took: 2.673 sec
23:11:16.646 [JavaFX Application Thread] DEBUG Input                - Clearing active input actions
23:11:16.712 [FXGL Background Thread 3 ] DEBUG Engine               - Logging environment variables
23:11:16.715 [FXGL Background Thread 3 ] DEBUG Engine               - achievements: []
23:11:16.716 [FXGL Background Thread 3 ] DEBUG Engine               - actualHeight: 806.0
23:11:16.717 [FXGL Background Thread 3 ] DEBUG Engine               - actualHeightProperty: ReadOnlyDoubleProperty [value: 806.0]
23:11:16.717 [FXGL Background Thread 3 ] DEBUG Engine               - actualWidth: 1415.0
23:11:16.717 [FXGL Background Thread 3 ] DEBUG Engine               - actualWidthProperty: ReadOnlyDoubleProperty [value: 1415.0]
23:11:16.717 [FXGL Background Thread 3 ] DEBUG Engine               - appIcon: fxgl_icon.png
23:11:16.717 [FXGL Background Thread 3 ] DEBUG Engine               - applicationMode: DEVELOPER
23:11:16.717 [FXGL Background Thread 3 ] DEBUG Engine               - cSSList: [fxgl_dark.css]
23:11:16.717 [FXGL Background Thread 3 ] DEBUG Engine               - collisionDetectionStrategy: BRUTE_FORCE
23:11:16.717 [FXGL Background Thread 3 ] DEBUG Engine               - configClass: Optional.empty
23:11:16.717 [FXGL Background Thread 3 ] DEBUG Engine               - credits: []
23:11:16.719 [FXGL Background Thread 3 ] DEBUG Engine               - defaultCursor: CursorInfo(imageName=fxgl_default_cursor.png, hotspotX=7.0, hotspotY=6.0)
23:11:16.723 [FXGL Background Thread 3 ] DEBUG Engine               - devBBoxColorProperty: ObjectProperty [value: 0xff0000ff]
23:11:16.723 [FXGL Background Thread 3 ] DEBUG Engine               - devEnableDebugCameraProperty: BooleanProperty [value: false]
23:11:16.724 [FXGL Background Thread 3 ] DEBUG Engine               - devSensorColorProperty: ObjectProperty [value: 0xffff00ff]
23:11:16.724 [FXGL Background Thread 3 ] DEBUG Engine               - devShowBBoxProperty: BooleanProperty [value: false]
23:11:16.724 [FXGL Background Thread 3 ] DEBUG Engine               - devShowPositionProperty: BooleanProperty [value: false]
23:11:16.724 [FXGL Background Thread 3 ] DEBUG Engine               - enabledMenuItems: []
23:11:16.725 [FXGL Background Thread 3 ] DEBUG Engine               - engineServices: [class com.almasb.fxgl.app.services.FXGLAssetLoaderService, class com.almasb.fxgl.app.FXGLApplication$GameApplicationService, class com.almasb.fxgl.app.services.FXGLDialogService, class com.almasb.fxgl.app.services.IOTaskExecutorService, class com.almasb.fxgl.io.FileSystemService, class com.almasb.fxgl.localization.LocalizationService, class com.almasb.fxgl.app.services.SystemBundleService, class com.almasb.fxgl.profile.SaveLoadService, class com.almasb.fxgl.ui.FXGLUIFactoryServiceProvider, class com.almasb.fxgl.ui.FXGLDialogFactoryServiceProvider, class com.almasb.fxgl.audio.AudioPlayer, class com.almasb.fxgl.notification.impl.NotificationServiceProvider, class com.almasb.fxgl.achievement.AchievementService, class com.almasb.fxgl.cutscene.CutsceneService, class com.almasb.fxgl.minigames.MiniGameService, class com.almasb.fxgl.net.NetService, class com.almasb.fxgl.app.services.UpdaterService, class com.almasb.fxgl.dev.DevService]
23:11:16.725 [FXGL Background Thread 3 ] DEBUG Engine               - fontGame: Abel-Regular.ttf
23:11:16.726 [FXGL Background Thread 3 ] DEBUG Engine               - fontMono: TerminalLandMono-Regular.otf
23:11:16.726 [FXGL Background Thread 3 ] DEBUG Engine               - fontSizeScaleUI: 1.0
23:11:16.726 [FXGL Background Thread 3 ] DEBUG Engine               - fontText: Courier-Prime.ttf
23:11:16.726 [FXGL Background Thread 3 ] DEBUG Engine               - fontUI: VarelaRound-Regular.ttf
23:11:16.727 [FXGL Background Thread 3 ] DEBUG Engine               - fullScreen: BooleanProperty [value: false]
23:11:16.727 [FXGL Background Thread 3 ] DEBUG Engine               - gameDifficulty: MEDIUM
23:11:16.727 [FXGL Background Thread 3 ] DEBUG Engine               - gameDifficultyProperty: ObjectProperty [value: MEDIUM]
23:11:16.727 [FXGL Background Thread 3 ] DEBUG Engine               - globalMusicVolume: 0.5
23:11:16.730 [FXGL Background Thread 3 ] DEBUG Engine               - globalMusicVolumeProperty: DoubleProperty [value: 0.5]
23:11:16.730 [FXGL Background Thread 3 ] DEBUG Engine               - globalSoundVolume: 0.5
23:11:16.731 [FXGL Background Thread 3 ] DEBUG Engine               - globalSoundVolumeProperty: DoubleProperty [value: 0.5]
23:11:16.731 [FXGL Background Thread 3 ] DEBUG Engine               - height: 896
23:11:16.731 [FXGL Background Thread 3 ] DEBUG Engine               - is3D: false
23:11:16.731 [FXGL Background Thread 3 ] DEBUG Engine               - isAndroid: false
23:11:16.731 [FXGL Background Thread 3 ] DEBUG Engine               - isBrowser: false
23:11:16.731 [FXGL Background Thread 3 ] DEBUG Engine               - isClickFeedbackEnabled: false
23:11:16.731 [FXGL Background Thread 3 ] DEBUG Engine               - isCloseConfirmation: false
23:11:16.731 [FXGL Background Thread 3 ] DEBUG Engine               - isDesktop: true
23:11:16.731 [FXGL Background Thread 3 ] DEBUG Engine               - isDeveloperMenuEnabled: false
23:11:16.731 [FXGL Background Thread 3 ] DEBUG Engine               - isEmbedded: false
23:11:16.731 [FXGL Background Thread 3 ] DEBUG Engine               - isEntityPreloadEnabled: true
23:11:16.731 [FXGL Background Thread 3 ] DEBUG Engine               - isExperimentalTiledLargeMap: false
23:11:16.732 [FXGL Background Thread 3 ] DEBUG Engine               - isFileSystemWriteAllowed: true
23:11:16.732 [FXGL Background Thread 3 ] DEBUG Engine               - isFullScreenAllowed: false
23:11:16.732 [FXGL Background Thread 3 ] DEBUG Engine               - isFullScreenFromStart: false
23:11:16.732 [FXGL Background Thread 3 ] DEBUG Engine               - isGameMenuEnabled: true
23:11:16.743 [FXGL Background Thread 3 ] DEBUG Engine               - isIOS: false
23:11:16.745 [FXGL Background Thread 3 ] DEBUG Engine               - isIntroEnabled: false
23:11:16.746 [FXGL Background Thread 3 ] DEBUG Engine               - isLinux: false
23:11:16.746 [FXGL Background Thread 3 ] DEBUG Engine               - isMac: true
23:11:16.746 [FXGL Background Thread 3 ] DEBUG Engine               - isMainMenuEnabled: false
23:11:16.746 [FXGL Background Thread 3 ] DEBUG Engine               - isManualResizeEnabled: false
23:11:16.746 [FXGL Background Thread 3 ] DEBUG Engine               - isMobile: false
23:11:16.746 [FXGL Background Thread 3 ] DEBUG Engine               - isNative: false
23:11:16.747 [FXGL Background Thread 3 ] DEBUG Engine               - isPauseMusicWhenMinimized: true
23:11:16.747 [FXGL Background Thread 3 ] DEBUG Engine               - isPreserveResizeRatio: false
23:11:16.747 [FXGL Background Thread 3 ] DEBUG Engine               - isProfilingEnabled: false
23:11:16.747 [FXGL Background Thread 3 ] DEBUG Engine               - isScaleAffectedOnResize: true
23:11:16.747 [FXGL Background Thread 3 ] DEBUG Engine               - isSingleStep: false
23:11:16.747 [FXGL Background Thread 3 ] DEBUG Engine               - isUserProfileEnabled: false
23:11:16.747 [FXGL Background Thread 3 ] DEBUG Engine               - isWindows: false
23:11:16.747 [FXGL Background Thread 3 ] DEBUG Engine               - language: ObjectProperty [value: ENGLISH]
23:11:16.747 [FXGL Background Thread 3 ] DEBUG Engine               - menuKey: ESCAPE
23:11:16.747 [FXGL Background Thread 3 ] DEBUG Engine               - mouseSensitivity: 0.2
23:11:16.747 [FXGL Background Thread 3 ] DEBUG Engine               - notificationViewClass: class com.almasb.fxgl.notification.view.XboxNotificationView
23:11:16.747 [FXGL Background Thread 3 ] DEBUG Engine               - pixelsPerMeter: 50.0
23:11:16.747 [FXGL Background Thread 3 ] DEBUG Engine               - platform: MAC
23:11:16.749 [FXGL Background Thread 3 ] DEBUG Engine               - prefHeightProperty: ReadOnlyDoubleProperty [value: 896.0]
23:11:16.749 [FXGL Background Thread 3 ] DEBUG Engine               - prefWidthProperty: ReadOnlyDoubleProperty [value: 1600.0]
23:11:16.749 [FXGL Background Thread 3 ] DEBUG Engine               - profileDir: profiles/
23:11:16.749 [FXGL Background Thread 3 ] DEBUG Engine               - profileName: StringProperty [value: DEFAULT]
23:11:16.749 [FXGL Background Thread 3 ] DEBUG Engine               - randomSeed: -1
23:11:16.751 [FXGL Background Thread 3 ] DEBUG Engine               - runtimeInfo: RuntimeInfo(platform=MAC, version=17.3, build=30.03.2023 11.49)
23:11:16.760 [FXGL Background Thread 3 ] DEBUG Engine               - saveFileExt: sav
23:11:16.761 [FXGL Background Thread 3 ] DEBUG Engine               - scaledHeightProp$fxgl: DoubleProperty [bound, value: 806.0]
23:11:16.761 [FXGL Background Thread 3 ] DEBUG Engine               - scaledWidthProp$fxgl: DoubleProperty [bound, value: 1415.0]
23:11:16.761 [FXGL Background Thread 3 ] DEBUG Engine               - sceneFactory: com.almasb.fxgl.app.scene.SceneFactory@2f4908c9
23:11:16.761 [FXGL Background Thread 3 ] DEBUG Engine               - secondsIn24h: 60
23:11:16.761 [FXGL Background Thread 3 ] DEBUG Engine               - soundMenuBack: menu/back.wav
23:11:16.761 [FXGL Background Thread 3 ] DEBUG Engine               - soundMenuPress: menu/press.wav
23:11:16.761 [FXGL Background Thread 3 ] DEBUG Engine               - soundMenuSelect: menu/select.wav
23:11:16.761 [FXGL Background Thread 3 ] DEBUG Engine               - soundNotification: core/notification.wav
23:11:16.761 [FXGL Background Thread 3 ] DEBUG Engine               - stageStyle: DECORATED
23:11:16.761 [FXGL Background Thread 3 ] DEBUG Engine               - supportedLanguages: [ENGLISH, FRENCH, GERMAN, HUNGARIAN, RUSSIAN]
23:11:16.761 [FXGL Background Thread 3 ] DEBUG Engine               - ticksPerSecond: -1
23:11:16.761 [FXGL Background Thread 3 ] DEBUG Engine               - title: Zombs
23:11:16.761 [FXGL Background Thread 3 ] DEBUG Engine               - urlGithub: https://github.com/AlmasB/FXGL
23:11:16.763 [FXGL Background Thread 3 ] DEBUG Engine               - urlLeaderboard: http://fxgl-top.herokuapp.com/
23:11:16.763 [FXGL Background Thread 3 ] DEBUG Engine               - urlPOM: https://raw.githubusercontent.com/AlmasB/FXGL/release/README.md
23:11:16.763 [FXGL Background Thread 3 ] DEBUG Engine               - userAppClass: class com.csafinal.basedefense.DropApp
23:11:16.763 [FXGL Background Thread 3 ] DEBUG Engine               - version: 1.0
23:11:16.764 [FXGL Background Thread 3 ] DEBUG Engine               - versionCheckDays: 7
23:11:16.764 [FXGL Background Thread 3 ] DEBUG Engine               - width: 1600
23:11:16.764 [FXGL Background Thread 3 ] DEBUG Engine               - Logging services
23:11:16.764 [FXGL Background Thread 3 ] DEBUG Engine               - class com.almasb.fxgl.app.services.FXGLAssetLoaderService
23:11:16.764 [FXGL Background Thread 3 ] DEBUG Engine               - class com.almasb.fxgl.app.FXGLApplication$GameApplicationService
23:11:16.764 [FXGL Background Thread 3 ] DEBUG Engine               - class com.almasb.fxgl.app.services.FXGLDialogService
23:11:16.764 [FXGL Background Thread 3 ] DEBUG Engine               - class com.almasb.fxgl.app.services.IOTaskExecutorService
23:11:16.764 [FXGL Background Thread 3 ] DEBUG Engine               - class com.almasb.fxgl.io.FileSystemService
23:11:16.764 [FXGL Background Thread 3 ] DEBUG Engine               - class com.almasb.fxgl.localization.LocalizationService
23:11:16.764 [FXGL Background Thread 3 ] DEBUG Engine               - class com.almasb.fxgl.app.services.SystemBundleService
23:11:16.764 [FXGL Background Thread 3 ] DEBUG Engine               - class com.almasb.fxgl.profile.SaveLoadService
23:11:16.764 [FXGL Background Thread 3 ] DEBUG Engine               - class com.almasb.fxgl.ui.FXGLUIFactoryServiceProvider
23:11:16.764 [FXGL Background Thread 3 ] DEBUG Engine               - class com.almasb.fxgl.ui.FXGLDialogFactoryServiceProvider
23:11:16.764 [FXGL Background Thread 3 ] DEBUG Engine               - class com.almasb.fxgl.audio.AudioPlayer
23:11:16.764 [FXGL Background Thread 3 ] DEBUG Engine               - class com.almasb.fxgl.notification.impl.NotificationServiceProvider
23:11:16.764 [FXGL Background Thread 3 ] DEBUG Engine               - class com.almasb.fxgl.achievement.AchievementService
23:11:16.764 [FXGL Background Thread 3 ] DEBUG Engine               - class com.almasb.fxgl.cutscene.CutsceneService
23:11:16.764 [FXGL Background Thread 3 ] DEBUG Engine               - class com.almasb.fxgl.minigames.MiniGameService
23:11:16.764 [FXGL Background Thread 3 ] DEBUG Engine               - class com.almasb.fxgl.net.NetService
23:11:16.764 [FXGL Background Thread 3 ] DEBUG Engine               - class com.almasb.fxgl.app.services.UpdaterService
23:11:16.764 [FXGL Background Thread 3 ] DEBUG Engine               - class com.almasb.fxgl.dev.DevService
23:11:16.783 [JavaFX Application Thread] DEBUG GameApplicationServi - Removing overlay from FXGLLoadingScene and adding to GameScene
23:11:16.788 [JavaFX Application Thread] DEBUG PrimaryStageWindow   - FXGLLoadingScene -> GameScene
23:11:44.884 [JavaFX Application Thread] DEBUG FXGLAssetLoaderServi - Loading JSON from: file:/Volumes/AYUSH%20DRIVE/School%202022-23/M359%20AP%20CS%20Java%20A/BaseDefense2/target/classes/assets/enemies/enemy4.json
23:11:45.031 [JavaFX Application Thread] DEBUG FXGLAssetLoaderServi - Loading from file system: file:/Volumes/AYUSH%20DRIVE/School%202022-23/M359%20AP%20CS%20Java%20A/BaseDefense2/target/classes/assets/textures/enemies/enemy4.png
23:11:47.125 [JavaFX Application Thread] DEBUG FXGLAssetLoaderServi - Loading JSON from: file:/Volumes/AYUSH%20DRIVE/School%202022-23/M359%20AP%20CS%20Java%20A/BaseDefense2/target/classes/assets/enemies/enemy4.json
23:11:48.891 [JavaFX Application Thread] DEBUG FXGLAssetLoaderServi - Loading JSON from: file:/Volumes/AYUSH%20DRIVE/School%202022-23/M359%20AP%20CS%20Java%20A/BaseDefense2/target/classes/assets/enemies/enemy2.json
23:11:48.905 [JavaFX Application Thread] DEBUG FXGLAssetLoaderServi - Loading from file system: file:/Volumes/AYUSH%20DRIVE/School%202022-23/M359%20AP%20CS%20Java%20A/BaseDefense2/target/classes/assets/textures/enemies/enemy2.png
23:11:50.812 [JavaFX Application Thread] DEBUG FXGLAssetLoaderServi - Loading JSON from: file:/Volumes/AYUSH%20DRIVE/School%202022-23/M359%20AP%20CS%20Java%20A/BaseDefense2/target/classes/assets/enemies/enemy1.json
23:11:50.844 [JavaFX Application Thread] DEBUG FXGLAssetLoaderServi - Loading from file system: file:/Volumes/AYUSH%20DRIVE/School%202022-23/M359%20AP%20CS%20Java%20A/BaseDefense2/target/classes/assets/textures/enemies/enemy1.png
23:11:52.827 [JavaFX Application Thread] DEBUG FXGLAssetLoaderServi - Loading JSON from: file:/Volumes/AYUSH%20DRIVE/School%202022-23/M359%20AP%20CS%20Java%20A/BaseDefense2/target/classes/assets/enemies/enemy3.json
23:11:52.862 [JavaFX Application Thread] DEBUG FXGLAssetLoaderServi - Loading from file system: file:/Volumes/AYUSH%20DRIVE/School%202022-23/M359%20AP%20CS%20Java%20A/BaseDefense2/target/classes/assets/textures/enemies/enemy3.png
23:11:54.844 [JavaFX Application Thread] DEBUG FXGLAssetLoaderServi - Loading JSON from: file:/Volumes/AYUSH%20DRIVE/School%202022-23/M359%20AP%20CS%20Java%20A/BaseDefense2/target/classes/assets/enemies/enemy2.json
23:11:56.910 [JavaFX Application Thread] DEBUG FXGLAssetLoaderServi - Loading JSON from: file:/Volumes/AYUSH%20DRIVE/School%202022-23/M359%20AP%20CS%20Java%20A/BaseDefense2/target/classes/assets/enemies/enemy4.json
23:11:58.842 [JavaFX Application Thread] DEBUG FXGLAssetLoaderServi - Loading JSON from: file:/Volumes/AYUSH%20DRIVE/School%202022-23/M359%20AP%20CS%20Java%20A/BaseDefense2/target/classes/assets/enemies/enemy2.json
23:12:00.795 [JavaFX Application Thread] DEBUG FXGLAssetLoaderServi - Loading JSON from: file:/Volumes/AYUSH%20DRIVE/School%202022-23/M359%20AP%20CS%20Java%20A/BaseDefense2/target/classes/assets/enemies/enemy3.json
23:12:02.826 [JavaFX Application Thread] DEBUG FXGLAssetLoaderServi - Loading JSON from: file:/Volumes/AYUSH%20DRIVE/School%202022-23/M359%20AP%20CS%20Java%20A/BaseDefense2/target/classes/assets/enemies/enemy3.json
23:12:04.826 [JavaFX Application Thread] DEBUG FXGLAssetLoaderServi - Loading JSON from: file:/Volumes/AYUSH%20DRIVE/School%202022-23/M359%20AP%20CS%20Java%20A/BaseDefense2/target/classes/assets/enemies/enemy3.json
23:12:06.829 [JavaFX Application Thread] DEBUG FXGLAssetLoaderServi - Loading JSON from: file:/Volumes/AYUSH%20DRIVE/School%202022-23/M359%20AP%20CS%20Java%20A/BaseDefense2/target/classes/assets/enemies/enemy3.json
23:12:08.825 [JavaFX Application Thread] DEBUG FXGLAssetLoaderServi - Loading JSON from: file:/Volumes/AYUSH%20DRIVE/School%202022-23/M359%20AP%20CS%20Java%20A/BaseDefense2/target/classes/assets/enemies/enemy3.json
23:12:10.826 [JavaFX Application Thread] DEBUG FXGLAssetLoaderServi - Loading JSON from: file:/Volumes/AYUSH%20DRIVE/School%202022-23/M359%20AP%20CS%20Java%20A/BaseDefense2/target/classes/assets/enemies/enemy3.json
23:12:12.892 [JavaFX Application Thread] DEBUG FXGLAssetLoaderServi - Loading JSON from: file:/Volumes/AYUSH%20DRIVE/School%202022-23/M359%20AP%20CS%20Java%20A/BaseDefense2/target/classes/assets/enemies/enemy1.json
23:12:14.857 [JavaFX Application Thread] DEBUG FXGLAssetLoaderServi - Loading JSON from: file:/Volumes/AYUSH%20DRIVE/School%202022-23/M359%20AP%20CS%20Java%20A/BaseDefense2/target/classes/assets/enemies/enemy4.json
23:12:16.894 [JavaFX Application Thread] DEBUG FXGLAssetLoaderServi - Loading JSON from: file:/Volumes/AYUSH%20DRIVE/School%202022-23/M359%20AP%20CS%20Java%20A/BaseDefense2/target/classes/assets/enemies/enemy2.json
23:12:18.894 [JavaFX Application Thread] DEBUG FXGLAssetLoaderServi - Loading JSON from: file:/Volumes/AYUSH%20DRIVE/School%202022-23/M359%20AP%20CS%20Java%20A/BaseDefense2/target/classes/assets/enemies/enemy1.json
23:12:20.943 [JavaFX Application Thread] DEBUG FXGLAssetLoaderServi - Loading JSON from: file:/Volumes/AYUSH%20DRIVE/School%202022-23/M359%20AP%20CS%20Java%20A/BaseDefense2/target/classes/assets/enemies/enemy1.json
23:12:22.924 [JavaFX Application Thread] DEBUG FXGLAssetLoaderServi - Loading JSON from: file:/Volumes/AYUSH%20DRIVE/School%202022-23/M359%20AP%20CS%20Java%20A/BaseDefense2/target/classes/assets/enemies/enemy1.json
23:12:24.908 [JavaFX Application Thread] DEBUG FXGLAssetLoaderServi - Loading JSON from: file:/Volumes/AYUSH%20DRIVE/School%202022-23/M359%20AP%20CS%20Java%20A/BaseDefense2/target/classes/assets/enemies/enemy2.json
23:12:26.993 [JavaFX Application Thread] DEBUG FXGLAssetLoaderServi - Loading JSON from: file:/Volumes/AYUSH%20DRIVE/School%202022-23/M359%20AP%20CS%20Java%20A/BaseDefense2/target/classes/assets/enemies/enemy2.json
23:12:28.990 [JavaFX Application Thread] DEBUG FXGLAssetLoaderServi - Loading JSON from: file:/Volumes/AYUSH%20DRIVE/School%202022-23/M359%20AP%20CS%20Java%20A/BaseDefense2/target/classes/assets/enemies/enemy2.json
23:12:30.957 [JavaFX Application Thread] DEBUG FXGLAssetLoaderServi - Loading JSON from: file:/Volumes/AYUSH%20DRIVE/School%202022-23/M359%20AP%20CS%20Java%20A/BaseDefense2/target/classes/assets/enemies/enemy3.json
23:12:32.991 [JavaFX Application Thread] DEBUG FXGLAssetLoaderServi - Loading JSON from: file:/Volumes/AYUSH%20DRIVE/School%202022-23/M359%20AP%20CS%20Java%20A/BaseDefense2/target/classes/assets/enemies/enemy4.json
23:12:35.026 [JavaFX Application Thread] DEBUG FXGLAssetLoaderServi - Loading JSON from: file:/Volumes/AYUSH%20DRIVE/School%202022-23/M359%20AP%20CS%20Java%20A/BaseDefense2/target/classes/assets/enemies/enemy2.json
23:12:37.057 [JavaFX Application Thread] DEBUG FXGLAssetLoaderServi - Loading JSON from: file:/Volumes/AYUSH%20DRIVE/School%202022-23/M359%20AP%20CS%20Java%20A/BaseDefense2/target/classes/assets/enemies/enemy1.json
23:12:39.127 [JavaFX Application Thread] DEBUG FXGLAssetLoaderServi - Loading JSON from: file:/Volumes/AYUSH%20DRIVE/School%202022-23/M359%20AP%20CS%20Java%20A/BaseDefense2/target/classes/assets/enemies/enemy4.json
23:12:41.128 [JavaFX Application Thread] DEBUG FXGLAssetLoaderServi - Loading JSON from: file:/Volumes/AYUSH%20DRIVE/School%202022-23/M359%20AP%20CS%20Java%20A/BaseDefense2/target/classes/assets/enemies/enemy4.json
23:12:43.111 [JavaFX Application Thread] DEBUG FXGLAssetLoaderServi - Loading JSON from: file:/Volumes/AYUSH%20DRIVE/School%202022-23/M359%20AP%20CS%20Java%20A/BaseDefense2/target/classes/assets/enemies/enemy4.json
23:12:45.073 [JavaFX Application Thread] DEBUG FXGLAssetLoaderServi - Loading JSON from: file:/Volumes/AYUSH%20DRIVE/School%202022-23/M359%20AP%20CS%20Java%20A/BaseDefense2/target/classes/assets/enemies/enemy1.json
23:12:47.090 [JavaFX Application Thread] DEBUG FXGLAssetLoaderServi - Loading JSON from: file:/Volumes/AYUSH%20DRIVE/School%202022-23/M359%20AP%20CS%20Java%20A/BaseDefense2/target/classes/assets/enemies/enemy3.json
23:12:49.125 [JavaFX Application Thread] DEBUG FXGLAssetLoaderServi - Loading JSON from: file:/Volumes/AYUSH%20DRIVE/School%202022-23/M359%20AP%20CS%20Java%20A/BaseDefense2/target/classes/assets/enemies/enemy2.json
23:12:51.143 [JavaFX Application Thread] DEBUG FXGLAssetLoaderServi - Loading JSON from: file:/Volumes/AYUSH%20DRIVE/School%202022-23/M359%20AP%20CS%20Java%20A/BaseDefense2/target/classes/assets/enemies/enemy1.json
23:12:53.143 [JavaFX Application Thread] DEBUG FXGLAssetLoaderServi - Loading JSON from: file:/Volumes/AYUSH%20DRIVE/School%202022-23/M359%20AP%20CS%20Java%20A/BaseDefense2/target/classes/assets/enemies/enemy4.json
23:12:55.139 [JavaFX Application Thread] DEBUG FXGLAssetLoaderServi - Loading JSON from: file:/Volumes/AYUSH%20DRIVE/School%202022-23/M359%20AP%20CS%20Java%20A/BaseDefense2/target/classes/assets/enemies/enemy1.json
23:12:57.123 [JavaFX Application Thread] DEBUG FXGLAssetLoaderServi - Loading JSON from: file:/Volumes/AYUSH%20DRIVE/School%202022-23/M359%20AP%20CS%20Java%20A/BaseDefense2/target/classes/assets/enemies/enemy3.json
23:12:59.157 [JavaFX Application Thread] DEBUG FXGLAssetLoaderServi - Loading JSON from: file:/Volumes/AYUSH%20DRIVE/School%202022-23/M359%20AP%20CS%20Java%20A/BaseDefense2/target/classes/assets/enemies/enemy3.json
23:13:01.190 [JavaFX Application Thread] DEBUG FXGLAssetLoaderServi - Loading JSON from: file:/Volumes/AYUSH%20DRIVE/School%202022-23/M359%20AP%20CS%20Java%20A/BaseDefense2/target/classes/assets/enemies/enemy1.json
23:13:03.189 [JavaFX Application Thread] DEBUG FXGLAssetLoaderServi - Loading JSON from: file:/Volumes/AYUSH%20DRIVE/School%202022-23/M359%20AP%20CS%20Java%20A/BaseDefense2/target/classes/assets/enemies/enemy2.json
23:13:05.207 [JavaFX Application Thread] DEBUG FXGLAssetLoaderServi - Loading JSON from: file:/Volumes/AYUSH%20DRIVE/School%202022-23/M359%20AP%20CS%20Java%20A/BaseDefense2/target/classes/assets/enemies/enemy3.json
23:13:07.191 [JavaFX Application Thread] DEBUG FXGLAssetLoaderServi - Loading JSON from: file:/Volumes/AYUSH%20DRIVE/School%202022-23/M359%20AP%20CS%20Java%20A/BaseDefense2/target/classes/assets/enemies/enemy3.json
23:13:09.190 [JavaFX Application Thread] DEBUG FXGLAssetLoaderServi - Loading JSON from: file:/Volumes/AYUSH%20DRIVE/School%202022-23/M359%20AP%20CS%20Java%20A/BaseDefense2/target/classes/assets/enemies/enemy4.json
23:13:11.225 [JavaFX Application Thread] DEBUG FXGLAssetLoaderServi - Loading JSON from: file:/Volumes/AYUSH%20DRIVE/School%202022-23/M359%20AP%20CS%20Java%20A/BaseDefense2/target/classes/assets/enemies/enemy3.json
23:13:13.256 [JavaFX Application Thread] DEBUG FXGLAssetLoaderServi - Loading JSON from: file:/Volumes/AYUSH%20DRIVE/School%202022-23/M359%20AP%20CS%20Java%20A/BaseDefense2/target/classes/assets/enemies/enemy1.json
23:13:15.258 [JavaFX Application Thread] DEBUG FXGLAssetLoaderServi - Loading JSON from: file:/Volumes/AYUSH%20DRIVE/School%202022-23/M359%20AP%20CS%20Java%20A/BaseDefense2/target/classes/assets/enemies/enemy3.json
23:13:17.291 [JavaFX Application Thread] DEBUG FXGLAssetLoaderServi - Loading JSON from: file:/Volumes/AYUSH%20DRIVE/School%202022-23/M359%20AP%20CS%20Java%20A/BaseDefense2/target/classes/assets/enemies/enemy2.json
23:13:19.239 [JavaFX Application Thread] DEBUG FXGLAssetLoaderServi - Loading JSON from: file:/Volumes/AYUSH%20DRIVE/School%202022-23/M359%20AP%20CS%20Java%20A/BaseDefense2/target/classes/assets/enemies/enemy1.json
23:13:21.242 [JavaFX Application Thread] DEBUG FXGLAssetLoaderServi - Loading JSON from: file:/Volumes/AYUSH%20DRIVE/School%202022-23/M359%20AP%20CS%20Java%20A/BaseDefense2/target/classes/assets/enemies/enemy3.json
23:13:23.255 [JavaFX Application Thread] DEBUG FXGLAssetLoaderServi - Loading JSON from: file:/Volumes/AYUSH%20DRIVE/School%202022-23/M359%20AP%20CS%20Java%20A/BaseDefense2/target/classes/assets/enemies/enemy1.json
23:13:25.240 [JavaFX Application Thread] DEBUG FXGLAssetLoaderServi - Loading JSON from: file:/Volumes/AYUSH%20DRIVE/School%202022-23/M359%20AP%20CS%20Java%20A/BaseDefense2/target/classes/assets/enemies/enemy4.json
23:13:27.443 [JavaFX Application Thread] DEBUG FXGLAssetLoaderServi - Loading JSON from: file:/Volumes/AYUSH%20DRIVE/School%202022-23/M359%20AP%20CS%20Java%20A/BaseDefense2/target/classes/assets/enemies/enemy4.json
23:13:29.525 [JavaFX Application Thread] DEBUG FXGLAssetLoaderServi - Loading JSON from: file:/Volumes/AYUSH%20DRIVE/School%202022-23/M359%20AP%20CS%20Java%20A/BaseDefense2/target/classes/assets/enemies/enemy2.json
23:13:31.072 [JavaFX Application Thread] DEBUG FXGLAssetLoaderServi - Loading JSON from: file:/Volumes/AYUSH%20DRIVE/School%202022-23/M359%20AP%20CS%20Java%20A/BaseDefense2/target/classes/assets/enemies/enemy3.json
23:13:32.638 [JavaFX Application Thread] DEBUG FXGLAssetLoaderServi - Loading JSON from: file:/Volumes/AYUSH%20DRIVE/School%202022-23/M359%20AP%20CS%20Java%20A/BaseDefense2/target/classes/assets/enemies/enemy2.json
23:13:34.470 [JavaFX Application Thread] DEBUG FXGLAssetLoaderServi - Loading JSON from: file:/Volumes/AYUSH%20DRIVE/School%202022-23/M359%20AP%20CS%20Java%20A/BaseDefense2/target/classes/assets/enemies/enemy3.json
23:13:36.477 [JavaFX Application Thread] DEBUG FXGLAssetLoaderServi - Loading JSON from: file:/Volumes/AYUSH%20DRIVE/School%202022-23/M359%20AP%20CS%20Java%20A/BaseDefense2/target/classes/assets/enemies/enemy1.json
23:13:41.287 [JavaFX Application Thread] DEBUG FXGLAssetLoaderServi - Loading JSON from: file:/Volumes/AYUSH%20DRIVE/School%202022-23/M359%20AP%20CS%20Java%20A/BaseDefense2/target/classes/assets/enemies/enemy3.json
23:13:43.288 [JavaFX Application Thread] DEBUG FXGLAssetLoaderServi - Loading JSON from: file:/Volumes/AYUSH%20DRIVE/School%202022-23/M359%20AP%20CS%20Java%20A/BaseDefense2/target/classes/assets/enemies/enemy4.json
23:13:45.333 [JavaFX Application Thread] DEBUG FXGLAssetLoaderServi - Loading JSON from: file:/Volumes/AYUSH%20DRIVE/School%202022-23/M359%20AP%20CS%20Java%20A/BaseDefense2/target/classes/assets/enemies/enemy3.json
23:13:47.373 [JavaFX Application Thread] DEBUG FXGLAssetLoaderServi - Loading JSON from: file:/Volumes/AYUSH%20DRIVE/School%202022-23/M359%20AP%20CS%20Java%20A/BaseDefense2/target/classes/assets/enemies/enemy2.json
23:13:49.335 [JavaFX Application Thread] DEBUG FXGLAssetLoaderServi - Loading JSON from: file:/Volumes/AYUSH%20DRIVE/School%202022-23/M359%20AP%20CS%20Java%20A/BaseDefense2/target/classes/assets/enemies/enemy3.json
23:13:51.351 [JavaFX Application Thread] DEBUG FXGLAssetLoaderServi - Loading JSON from: file:/Volumes/AYUSH%20DRIVE/School%202022-23/M359%20AP%20CS%20Java%20A/BaseDefense2/target/classes/assets/enemies/enemy1.json
23:13:53.329 [JavaFX Application Thread] DEBUG FXGLAssetLoaderServi - Loading JSON from: file:/Volumes/AYUSH%20DRIVE/School%202022-23/M359%20AP%20CS%20Java%20A/BaseDefense2/target/classes/assets/enemies/enemy1.json
23:13:55.462 [JavaFX Application Thread] DEBUG FXGLAssetLoaderServi - Loading JSON from: file:/Volumes/AYUSH%20DRIVE/School%202022-23/M359%20AP%20CS%20Java%20A/BaseDefense2/target/classes/assets/enemies/enemy1.json
23:13:57.327 [JavaFX Application Thread] DEBUG FXGLAssetLoaderServi - Loading JSON from: file:/Volumes/AYUSH%20DRIVE/School%202022-23/M359%20AP%20CS%20Java%20A/BaseDefense2/target/classes/assets/enemies/enemy3.json
23:13:59.292 [JavaFX Application Thread] DEBUG FXGLAssetLoaderServi - Loading JSON from: file:/Volumes/AYUSH%20DRIVE/School%202022-23/M359%20AP%20CS%20Java%20A/BaseDefense2/target/classes/assets/enemies/enemy3.json
23:14:01.275 [JavaFX Application Thread] DEBUG FXGLAssetLoaderServi - Loading JSON from: file:/Volumes/AYUSH%20DRIVE/School%202022-23/M359%20AP%20CS%20Java%20A/BaseDefense2/target/classes/assets/enemies/enemy1.json
23:14:03.342 [JavaFX Application Thread] DEBUG FXGLAssetLoaderServi - Loading JSON from: file:/Volumes/AYUSH%20DRIVE/School%202022-23/M359%20AP%20CS%20Java%20A/BaseDefense2/target/classes/assets/enemies/enemy3.json
23:14:06.225 [JavaFX Application Thread] DEBUG FXGLAssetLoaderServi - Loading JSON from: file:/Volumes/AYUSH%20DRIVE/School%202022-23/M359%20AP%20CS%20Java%20A/BaseDefense2/target/classes/assets/enemies/enemy3.json
23:14:09.624 [JavaFX Application Thread] DEBUG FXGLAssetLoaderServi - Loading JSON from: file:/Volumes/AYUSH%20DRIVE/School%202022-23/M359%20AP%20CS%20Java%20A/BaseDefense2/target/classes/assets/enemies/enemy3.json
23:14:09.882 [JavaFX Application Thread] DEBUG FXGLAssetLoaderServi - Loading from file system: file:/Volumes/AYUSH%20DRIVE/School%202022-23/M359%20AP%20CS%20Java%20A/BaseDefense2/target/classes/assets/textures/projectile1.png
23:14:11.674 [JavaFX Application Thread] DEBUG FXGLAssetLoaderServi - Loading JSON from: file:/Volumes/AYUSH%20DRIVE/School%202022-23/M359%20AP%20CS%20Java%20A/BaseDefense2/target/classes/assets/enemies/enemy1.json
23:14:13.590 [JavaFX Application Thread] DEBUG FXGLAssetLoaderServi - Loading JSON from: file:/Volumes/AYUSH%20DRIVE/School%202022-23/M359%20AP%20CS%20Java%20A/BaseDefense2/target/classes/assets/enemies/enemy4.json
23:14:14.010 [JavaFX Application Thread] DEBUG FXGLAssetLoaderServi - Loading from file system: file:/Volumes/AYUSH%20DRIVE/School%202022-23/M359%20AP%20CS%20Java%20A/BaseDefense2/target/classes/assets/textures/projectile.png
23:14:15.656 [JavaFX Application Thread] DEBUG FXGLAssetLoaderServi - Loading JSON from: file:/Volumes/AYUSH%20DRIVE/School%202022-23/M359%20AP%20CS%20Java%20A/BaseDefense2/target/classes/assets/enemies/enemy2.json
23:14:17.739 [JavaFX Application Thread] DEBUG FXGLAssetLoaderServi - Loading JSON from: file:/Volumes/AYUSH%20DRIVE/School%202022-23/M359%20AP%20CS%20Java%20A/BaseDefense2/target/classes/assets/enemies/enemy1.json
23:14:19.756 [JavaFX Application Thread] DEBUG FXGLAssetLoaderServi - Loading JSON from: file:/Volumes/AYUSH%20DRIVE/School%202022-23/M359%20AP%20CS%20Java%20A/BaseDefense2/target/classes/assets/enemies/enemy1.json
23:14:21.740 [JavaFX Application Thread] DEBUG FXGLAssetLoaderServi - Loading JSON from: file:/Volumes/AYUSH%20DRIVE/School%202022-23/M359%20AP%20CS%20Java%20A/BaseDefense2/target/classes/assets/enemies/enemy2.json
23:14:23.810 [JavaFX Application Thread] DEBUG FXGLAssetLoaderServi - Loading JSON from: file:/Volumes/AYUSH%20DRIVE/School%202022-23/M359%20AP%20CS%20Java%20A/BaseDefense2/target/classes/assets/enemies/enemy1.json
23:14:25.856 [JavaFX Application Thread] DEBUG FXGLAssetLoaderServi - Loading JSON from: file:/Volumes/AYUSH%20DRIVE/School%202022-23/M359%20AP%20CS%20Java%20A/BaseDefense2/target/classes/assets/enemies/enemy1.json
23:14:27.955 [JavaFX Application Thread] DEBUG FXGLAssetLoaderServi - Loading JSON from: file:/Volumes/AYUSH%20DRIVE/School%202022-23/M359%20AP%20CS%20Java%20A/BaseDefense2/target/classes/assets/enemies/enemy1.json
23:14:29.972 [JavaFX Application Thread] DEBUG FXGLAssetLoaderServi - Loading JSON from: file:/Volumes/AYUSH%20DRIVE/School%202022-23/M359%20AP%20CS%20Java%20A/BaseDefense2/target/classes/assets/enemies/enemy4.json
23:14:31.988 [JavaFX Application Thread] DEBUG FXGLAssetLoaderServi - Loading JSON from: file:/Volumes/AYUSH%20DRIVE/School%202022-23/M359%20AP%20CS%20Java%20A/BaseDefense2/target/classes/assets/enemies/enemy3.json
23:14:34.057 [JavaFX Application Thread] DEBUG FXGLAssetLoaderServi - Loading JSON from: file:/Volumes/AYUSH%20DRIVE/School%202022-23/M359%20AP%20CS%20Java%20A/BaseDefense2/target/classes/assets/enemies/enemy3.json
23:14:36.121 [JavaFX Application Thread] DEBUG FXGLAssetLoaderServi - Loading JSON from: file:/Volumes/AYUSH%20DRIVE/School%202022-23/M359%20AP%20CS%20Java%20A/BaseDefense2/target/classes/assets/enemies/enemy4.json
23:14:37.921 [JavaFX Application Thread] DEBUG FXGLAssetLoaderServi - Loading JSON from: file:/Volumes/AYUSH%20DRIVE/School%202022-23/M359%20AP%20CS%20Java%20A/BaseDefense2/target/classes/assets/playerTypes/player1.json
23:14:38.021 [JavaFX Application Thread] DEBUG FXGLAssetLoaderServi - Loading JSON from: file:/Volumes/AYUSH%20DRIVE/School%202022-23/M359%20AP%20CS%20Java%20A/BaseDefense2/target/classes/assets/playerTypes/player1.json
23:14:38.221 [JavaFX Application Thread] DEBUG FXGLAssetLoaderServi - Loading JSON from: file:/Volumes/AYUSH%20DRIVE/School%202022-23/M359%20AP%20CS%20Java%20A/BaseDefense2/target/classes/assets/enemies/enemy1.json
23:14:40.354 [JavaFX Application Thread] DEBUG FXGLAssetLoaderServi - Loading JSON from: file:/Volumes/AYUSH%20DRIVE/School%202022-23/M359%20AP%20CS%20Java%20A/BaseDefense2/target/classes/assets/enemies/enemy2.json
23:14:42.554 [JavaFX Application Thread] DEBUG FXGLAssetLoaderServi - Loading JSON from: file:/Volumes/AYUSH%20DRIVE/School%202022-23/M359%20AP%20CS%20Java%20A/BaseDefense2/target/classes/assets/enemies/enemy4.json
23:14:42.755 [JavaFX Application Thread] DEBUG FXGLAssetLoaderServi - Loading JSON from: file:/Volumes/AYUSH%20DRIVE/School%202022-23/M359%20AP%20CS%20Java%20A/BaseDefense2/target/classes/assets/playerTypes/player1.json
23:14:42.854 [JavaFX Application Thread] DEBUG FXGLAssetLoaderServi - Loading JSON from: file:/Volumes/AYUSH%20DRIVE/School%202022-23/M359%20AP%20CS%20Java%20A/BaseDefense2/target/classes/assets/playerTypes/player1.json
23:14:44.689 [JavaFX Application Thread] DEBUG FXGLAssetLoaderServi - Loading JSON from: file:/Volumes/AYUSH%20DRIVE/School%202022-23/M359%20AP%20CS%20Java%20A/BaseDefense2/target/classes/assets/playerTypes/player1.json
23:14:44.804 [JavaFX Application Thread] DEBUG FXGLAssetLoaderServi - Loading JSON from: file:/Volumes/AYUSH%20DRIVE/School%202022-23/M359%20AP%20CS%20Java%20A/BaseDefense2/target/classes/assets/playerTypes/player1.json
23:14:45.005 [JavaFX Application Thread] DEBUG FXGLAssetLoaderServi - Loading JSON from: file:/Volumes/AYUSH%20DRIVE/School%202022-23/M359%20AP%20CS%20Java%20A/BaseDefense2/target/classes/assets/enemies/enemy3.json
23:14:45.326 [JavaFX Application Thread] DEBUG FXGLAssetLoaderServi - Loading JSON from: file:/Volumes/AYUSH%20DRIVE/School%202022-23/M359%20AP%20CS%20Java%20A/BaseDefense2/target/classes/assets/playerTypes/player1.json
23:14:45.955 [JavaFX Application Thread] DEBUG FXGLAssetLoaderServi - Loading JSON from: file:/Volumes/AYUSH%20DRIVE/School%202022-23/M359%20AP%20CS%20Java%20A/BaseDefense2/target/classes/assets/playerTypes/player1.json
23:14:46.788 [JavaFX Application Thread] DEBUG FXGLAssetLoaderServi - Loading JSON from: file:/Volumes/AYUSH%20DRIVE/School%202022-23/M359%20AP%20CS%20Java%20A/BaseDefense2/target/classes/assets/enemies/enemy1.json
23:14:48.698 [JavaFX Application Thread] DEBUG FXGLApplication      - Exiting FXGL
23:14:48.699 [JavaFX Application Thread] DEBUG LoopRunner           - Stopping loop
23:14:48.699 [JavaFX Application Thread] DEBUG SystemBundleService  - Saving FXGL system data
23:14:48.751 [JavaFX Application Thread] DEBUG FileSystemAccess     - Writing to: /Volumes/AYUSH DRIVE/School 2022-23/M359 AP CS Java A/BaseDefense2/system/fxgl.bundle
23:14:48.790 [JavaFX Application Thread] DEBUG Async                - Shutting down background threads
23:14:48.797 [JavaFX Application Thread] DEBUG PrimaryStageWindow   - Closing main window
23:14:48.846 [JavaFX Application Thread] DEBUG Logger               - Closing Logger
