08:07:41.656 [main                     ] DEBUG Logger               - Configured Logger
08:07:41.677 [main                     ] DEBUG GameApplication      - Logging settings
Title: Zombs
Version: 1.0
Width: 1600
Height: 896
Fullscreen: false
Intro: false
Profiling: false
Single step:false
App Mode: DEVELOPER
Menu Key: ESCAPE
Stage Style: DECORATED
Scene Factory: class com.almasb.fxgl.app.scene.SceneFactory

08:07:41.938 [JavaFX Application Thread] DEBUG FXGLApplication      - Initializing FXGL
08:07:41.940 [JavaFX Application Thread] INFO  Engine               - FXGL-17.3 (30.03.2023 11.49) on MAC (J:20 FX:20)
08:07:41.940 [JavaFX Application Thread] DEBUG Engine               - JRE Vendor Name: Oracle Corporation
08:07:41.940 [JavaFX Application Thread] DEBUG Engine               - Running on OS: Mac OS X version 13.1
08:07:41.940 [JavaFX Application Thread] DEBUG Engine               - Architecture: aarch64
08:07:41.940 [JavaFX Application Thread] INFO  Engine               - Source code and latest versions at: https://github.com/AlmasB/FXGL
08:07:41.941 [JavaFX Application Thread] INFO  Engine               -       Ask questions and discuss at: https://github.com/AlmasB/FXGL/discussions
08:07:41.941 [JavaFX Application Thread] INFO  Engine               -              Join the FXGL chat at: https://gitter.im/AlmasB/FXGL
08:07:41.992 [JavaFX Application Thread] DEBUG PrimaryStageWindow   - Creating a JavaFX scene
08:07:42.017 [JavaFX Application Thread] DEBUG PrimaryStageWindow   - Target settings size: 1600.0 x 896.0
08:07:42.017 [JavaFX Application Thread] DEBUG PrimaryStageWindow   - Scaled scene size:    1600.0 x 896.0
08:07:42.017 [JavaFX Application Thread] DEBUG PrimaryStageWindow   - Scaled ratio: (1.0, 1.0)
08:07:42.017 [JavaFX Application Thread] DEBUG PrimaryStageWindow   - Set initial scene to FXGLStartupScene
08:07:42.019 [JavaFX Application Thread] DEBUG PrimaryStageWindow   - Opening main window
08:07:42.055 [JavaFX Application Thread] DEBUG PrimaryStageWindow   - Window border size: (0.0, 28.0)
08:07:42.055 [JavaFX Application Thread] DEBUG PrimaryStageWindow   - Scaled size: 1600.0 x 896.0
08:07:42.055 [JavaFX Application Thread] DEBUG PrimaryStageWindow   - Scaled ratio: (1.0, 1.0)
08:07:42.055 [JavaFX Application Thread] DEBUG PrimaryStageWindow   - Scene size: 1600.0 x 896.0
08:07:42.055 [JavaFX Application Thread] DEBUG PrimaryStageWindow   - Stage size: 1600.0 x 924.0
08:07:42.058 [FXGL Background Thread 1 ] DEBUG Engine               - Initializing environment variables
08:07:42.078 [FXGL Background Thread 1 ] DEBUG FXGLAssetLoaderServi - User app class for loading assets: class com.csafinal.basedefense.DropApp
08:07:42.078 [FXGL Background Thread 1 ] DEBUG GameApplicationServi - Applying CSS: fxgl_dark.css
08:07:42.079 [FXGL Background Thread 1 ] DEBUG FXGLAssetLoaderServi - Loading from file system: jar:file:///Users/ayushkumarrai/.m2/repository/com/github/almasb/fxgl/17.3/fxgl-17.3.jar!/fxglassets/ui/css/fxgl_dark.css
08:07:42.100 [FXGL Background Thread 1 ] DEBUG GameApplicationServi - Initializing application scenes
08:07:42.244 [FXGL Background Thread 1 ] DEBUG GameWorld            - Game world initialized
08:07:42.274 [FXGL Background Thread 1 ] DEBUG PhysicsWorld         - Physics world initialized: appHeight=896, physics.ppm=50.0
08:07:42.274 [FXGL Background Thread 1 ] DEBUG PhysicsWorld         - Using strategy: BRUTE_FORCE
08:07:42.277 [FXGL Background Thread 1 ] DEBUG GameScene            - Game scene initialized: 1600x896
08:07:42.286 [FXGL Background Thread 1 ] DEBUG FXGL.DefaultMenu     - createMenuBodyGameMenu()
08:07:42.295 [FXGL Background Thread 1 ] DEBUG FXGL.DefaultMenu     - createOptionsMenu()
08:07:42.302 [FXGL Background Thread 1 ] DEBUG FXGLAssetLoaderServi - Loading from file system: jar:file:///Users/ayushkumarrai/.m2/repository/com/github/almasb/fxgl/17.3/fxgl-17.3.jar!/fxglassets/textures/particles/smoke.png
08:07:42.370 [FXGL Background Thread 1 ] DEBUG FXGLAssetLoaderServi - Loading from file system: jar:file:///Users/ayushkumarrai/.m2/repository/com/github/almasb/fxgl/17.3/fxgl-17.3.jar!/fxglassets/textures/particles/trace_horizontal.png
08:07:42.387 [FXGL Background Thread 1 ] DEBUG GameApplicationServi - Application scenes initialized
08:07:42.400 [FXGL Background Thread 1 ] DEBUG SystemBundleService  - Loading FXGL system data
08:07:42.408 [FXGL Background Thread 1 ] DEBUG FileSystemAccess     - Reading from: /Volumes/AYUSH DRIVE/School 2022-23/M359 AP CS Java A/BaseDefense2/system/fxgl.bundle
08:07:42.421 [FXGL Background Thread 1 ] DEBUG SystemBundleService  - Bundle FXGL: {}
08:07:42.421 [FXGL Background Thread 1 ] DEBUG UpdaterService       - Checking for updates
08:07:42.425 [FXGL Background Thread 4 ] DEBUG FXGLApplication      - Loading fonts
08:07:42.426 [FXGL Background Thread 1 ] DEBUG FXGLApplication      - Loading default localization
08:07:42.426 [FXGL Background Thread 4 ] DEBUG FXGLAssetLoaderServi - Loading from file system: jar:file:///Users/ayushkumarrai/.m2/repository/com/github/almasb/fxgl/17.3/fxgl-17.3.jar!/fxglassets/ui/fonts/VarelaRound-Regular.ttf
08:07:42.426 [FXGL Background Thread 1 ] DEBUG FXGLAssetLoaderServi - Loading from file system: jar:file:///Users/ayushkumarrai/.m2/repository/com/github/almasb/fxgl/17.3/fxgl-17.3.jar!/fxglassets/languages/english.lang
08:07:42.435 [FXGL Background Thread 4 ] DEBUG FXGLAssetLoaderServi - Loading from file system: jar:file:///Users/ayushkumarrai/.m2/repository/com/github/almasb/fxgl/17.3/fxgl-17.3.jar!/fxglassets/ui/fonts/Abel-Regular.ttf
08:07:42.437 [FXGL Background Thread 4 ] DEBUG FXGLAssetLoaderServi - Loading from file system: jar:file:///Users/ayushkumarrai/.m2/repository/com/github/almasb/fxgl/17.3/fxgl-17.3.jar!/fxglassets/ui/fonts/TerminalLandMono-Regular.otf
08:07:42.438 [FXGL Background Thread 4 ] DEBUG FXGLAssetLoaderServi - Loading from file system: jar:file:///Users/ayushkumarrai/.m2/repository/com/github/almasb/fxgl/17.3/fxgl-17.3.jar!/fxglassets/ui/fonts/Courier-Prime.ttf
08:07:42.440 [FXGL Background Thread 1 ] INFO  FXGLApplication      - FXGL initialization took: 0.382 sec
08:07:42.444 [JavaFX Application Thread] DEBUG Input                - Registered new binding: Left - A
08:07:42.444 [JavaFX Application Thread] DEBUG Input                - Registered new binding: Right - D
08:07:42.444 [JavaFX Application Thread] DEBUG Input                - Registered new binding: Down - S
08:07:42.444 [JavaFX Application Thread] DEBUG Input                - Registered new binding: Up - W
08:07:42.444 [JavaFX Application Thread] DEBUG Input                - Registered new binding: info - I
08:07:42.444 [JavaFX Application Thread] DEBUG Input                - Registered new binding: closeSelection - Q
08:07:42.445 [JavaFX Application Thread] DEBUG Input                - Registered new binding: Revive - R
08:07:42.445 [JavaFX Application Thread] DEBUG LoopRunner           - Stopping loop
08:07:42.445 [JavaFX Application Thread] DEBUG LoopRunner           - Initializing JavaFX AnimationTimerLoop
08:07:42.446 [JavaFX Application Thread] FATAL FXGLApplication      - Uncaught Exception:
java.lang.IllegalArgumentException: Action already exists: Revive
	at com.almasb.fxgl.core@17.3/com.almasb.fxgl.input.Input.addBinding(Input.kt:511)
	at com.almasb.fxgl.core@17.3/com.almasb.fxgl.input.Input.addAction(Input.kt:507)
	at com.almasb.fxgl.core@17.3/com.almasb.fxgl.input.Input.addAction$default(Input.kt:504)
	at com.almasb.fxgl.core@17.3/com.almasb.fxgl.input.Input.addAction(Input.kt)
	at td.main/com.csafinal.basedefense.DropApp.initInput(DropApp.java:249)
	at com.almasb.fxgl.all@17.3/com.almasb.fxgl.app.FXGLApplication$GameApplicationService.onMainLoopStarting(FXGLApplication.kt:529)
	at com.almasb.fxgl.all@17.3/com.almasb.fxgl.app.Engine.startLoop(Engine.kt:150)
	at com.almasb.fxgl.all@17.3/com.almasb.fxgl.app.FXGLApplication.startImpl$lambda$3(FXGLApplication.kt:145)
	at com.almasb.fxgl.core@17.3/com.almasb.fxgl.core.concurrent.IOTask.succeed(IOTask.java:164)
	at com.almasb.fxgl.core@17.3/com.almasb.fxgl.core.concurrent.IOTask$1.succeeded(IOTask.java:153)
	at javafx.graphics@20/javafx.concurrent.Task.setState(Task.java:726)
	at javafx.graphics@20/javafx.concurrent.Task$TaskCallable.lambda$call$1(Task.java:1437)
	at javafx.graphics@20/com.sun.javafx.application.PlatformImpl.lambda$runLater$10(PlatformImpl.java:456)
	at java.base/java.security.AccessController.doPrivileged(AccessController.java:400)
	at javafx.graphics@20/com.sun.javafx.application.PlatformImpl.lambda$runLater$11(PlatformImpl.java:455)
	at javafx.graphics@20/com.sun.glass.ui.InvokeLaterDispatcher$Future.run(InvokeLaterDispatcher.java:95)

08:07:42.446 [JavaFX Application Thread] FATAL FXGLApplication      - Application will now exit
08:07:42.454 [JavaFX Application Thread] DEBUG PrimaryStageWindow   - Push state: ErrorSubScene
08:07:42.454 [JavaFX Application Thread] DEBUG Input                - Clearing active input actions
08:07:42.457 [JavaFX Application Thread] DEBUG GameApplicationServi - Removing overlay from FXGLStartupScene and adding to ErrorSubScene
08:07:42.458 [JavaFX Application Thread] DEBUG PrimaryStageWindow   - FXGLStartupScene -> ErrorSubScene
08:07:42.458 [JavaFX Application Thread] DEBUG FXGLApplication      - Registering font factories with UI factory
08:07:45.428 [FXGL Background Thread 3 ] DEBUG Engine               - Logging environment variables
08:07:45.430 [FXGL Background Thread 3 ] DEBUG Engine               - achievements: []
08:07:45.430 [FXGL Background Thread 3 ] DEBUG Engine               - actualHeight: 896.0
08:07:45.431 [FXGL Background Thread 3 ] DEBUG Engine               - actualHeightProperty: ReadOnlyDoubleProperty [value: 896.0]
08:07:45.431 [FXGL Background Thread 3 ] DEBUG Engine               - actualWidth: 1600.0
08:07:45.431 [FXGL Background Thread 3 ] DEBUG Engine               - actualWidthProperty: ReadOnlyDoubleProperty [value: 1600.0]
08:07:45.431 [FXGL Background Thread 3 ] DEBUG Engine               - appIcon: fxgl_icon.png
08:07:45.431 [FXGL Background Thread 3 ] DEBUG Engine               - applicationMode: DEVELOPER
08:07:45.432 [FXGL Background Thread 3 ] DEBUG Engine               - cSSList: [fxgl_dark.css]
08:07:45.432 [FXGL Background Thread 3 ] DEBUG Engine               - collisionDetectionStrategy: BRUTE_FORCE
08:07:45.432 [FXGL Background Thread 3 ] DEBUG Engine               - configClass: Optional.empty
08:07:45.432 [FXGL Background Thread 3 ] DEBUG Engine               - credits: []
08:07:45.433 [FXGL Background Thread 3 ] DEBUG Engine               - defaultCursor: CursorInfo(imageName=fxgl_default_cursor.png, hotspotX=7.0, hotspotY=6.0)
08:07:45.433 [FXGL Background Thread 3 ] DEBUG Engine               - devBBoxColorProperty: ObjectProperty [value: 0xff0000ff]
08:07:45.433 [FXGL Background Thread 3 ] DEBUG Engine               - devEnableDebugCameraProperty: BooleanProperty [value: false]
08:07:45.433 [FXGL Background Thread 3 ] DEBUG Engine               - devSensorColorProperty: ObjectProperty [value: 0xffff00ff]
08:07:45.433 [FXGL Background Thread 3 ] DEBUG Engine               - devShowBBoxProperty: BooleanProperty [value: false]
08:07:45.433 [FXGL Background Thread 3 ] DEBUG Engine               - devShowPositionProperty: BooleanProperty [value: false]
08:07:45.434 [FXGL Background Thread 3 ] DEBUG Engine               - enabledMenuItems: []
08:07:45.434 [FXGL Background Thread 3 ] DEBUG Engine               - engineServices: [class com.almasb.fxgl.app.services.FXGLAssetLoaderService, class com.almasb.fxgl.app.FXGLApplication$GameApplicationService, class com.almasb.fxgl.app.services.FXGLDialogService, class com.almasb.fxgl.app.services.IOTaskExecutorService, class com.almasb.fxgl.io.FileSystemService, class com.almasb.fxgl.localization.LocalizationService, class com.almasb.fxgl.app.services.SystemBundleService, class com.almasb.fxgl.profile.SaveLoadService, class com.almasb.fxgl.ui.FXGLUIFactoryServiceProvider, class com.almasb.fxgl.ui.FXGLDialogFactoryServiceProvider, class com.almasb.fxgl.audio.AudioPlayer, class com.almasb.fxgl.notification.impl.NotificationServiceProvider, class com.almasb.fxgl.achievement.AchievementService, class com.almasb.fxgl.cutscene.CutsceneService, class com.almasb.fxgl.minigames.MiniGameService, class com.almasb.fxgl.net.NetService, class com.almasb.fxgl.app.services.UpdaterService, class com.almasb.fxgl.dev.DevService]
08:07:45.434 [FXGL Background Thread 3 ] DEBUG Engine               - fontGame: Abel-Regular.ttf
08:07:45.434 [FXGL Background Thread 3 ] DEBUG Engine               - fontMono: TerminalLandMono-Regular.otf
08:07:45.434 [FXGL Background Thread 3 ] DEBUG Engine               - fontSizeScaleUI: 1.0
08:07:45.434 [FXGL Background Thread 3 ] DEBUG Engine               - fontText: Courier-Prime.ttf
08:07:45.434 [FXGL Background Thread 3 ] DEBUG Engine               - fontUI: VarelaRound-Regular.ttf
08:07:45.434 [FXGL Background Thread 3 ] DEBUG Engine               - fullScreen: BooleanProperty [value: false]
08:07:45.434 [FXGL Background Thread 3 ] DEBUG Engine               - gameDifficulty: MEDIUM
08:07:45.434 [FXGL Background Thread 3 ] DEBUG Engine               - gameDifficultyProperty: ObjectProperty [value: MEDIUM]
08:07:45.435 [FXGL Background Thread 3 ] DEBUG Engine               - globalMusicVolume: 0.5
08:07:45.435 [FXGL Background Thread 3 ] DEBUG Engine               - globalMusicVolumeProperty: DoubleProperty [value: 0.5]
08:07:45.435 [FXGL Background Thread 3 ] DEBUG Engine               - globalSoundVolume: 0.5
08:07:45.435 [FXGL Background Thread 3 ] DEBUG Engine               - globalSoundVolumeProperty: DoubleProperty [value: 0.5]
08:07:45.435 [FXGL Background Thread 3 ] DEBUG Engine               - height: 896
08:07:45.435 [FXGL Background Thread 3 ] DEBUG Engine               - is3D: false
08:07:45.435 [FXGL Background Thread 3 ] DEBUG Engine               - isAndroid: false
08:07:45.435 [FXGL Background Thread 3 ] DEBUG Engine               - isBrowser: false
08:07:45.435 [FXGL Background Thread 3 ] DEBUG Engine               - isClickFeedbackEnabled: false
08:07:45.435 [FXGL Background Thread 3 ] DEBUG Engine               - isCloseConfirmation: false
08:07:45.436 [FXGL Background Thread 3 ] DEBUG Engine               - isDesktop: true
08:07:45.436 [FXGL Background Thread 3 ] DEBUG Engine               - isDeveloperMenuEnabled: false
08:07:45.436 [FXGL Background Thread 3 ] DEBUG Engine               - isEmbedded: false
08:07:45.436 [FXGL Background Thread 3 ] DEBUG Engine               - isEntityPreloadEnabled: true
08:07:45.436 [FXGL Background Thread 3 ] DEBUG Engine               - isExperimentalTiledLargeMap: false
08:07:45.436 [FXGL Background Thread 3 ] DEBUG Engine               - isFileSystemWriteAllowed: true
08:07:45.436 [FXGL Background Thread 3 ] DEBUG Engine               - isFullScreenAllowed: false
08:07:45.436 [FXGL Background Thread 3 ] DEBUG Engine               - isFullScreenFromStart: false
08:07:45.436 [FXGL Background Thread 3 ] DEBUG Engine               - isGameMenuEnabled: true
08:07:45.436 [FXGL Background Thread 3 ] DEBUG Engine               - isIOS: false
08:07:45.436 [FXGL Background Thread 3 ] DEBUG Engine               - isIntroEnabled: false
08:07:45.436 [FXGL Background Thread 3 ] DEBUG Engine               - isLinux: false
08:07:45.436 [FXGL Background Thread 3 ] DEBUG Engine               - isMac: true
08:07:45.436 [FXGL Background Thread 3 ] DEBUG Engine               - isMainMenuEnabled: false
08:07:45.436 [FXGL Background Thread 3 ] DEBUG Engine               - isManualResizeEnabled: false
08:07:45.437 [FXGL Background Thread 3 ] DEBUG Engine               - isMobile: false
08:07:45.437 [FXGL Background Thread 3 ] DEBUG Engine               - isNative: false
08:07:45.437 [FXGL Background Thread 3 ] DEBUG Engine               - isPauseMusicWhenMinimized: true
08:07:45.437 [FXGL Background Thread 3 ] DEBUG Engine               - isPreserveResizeRatio: false
08:07:45.437 [FXGL Background Thread 3 ] DEBUG Engine               - isProfilingEnabled: false
08:07:45.437 [FXGL Background Thread 3 ] DEBUG Engine               - isScaleAffectedOnResize: true
08:07:45.437 [FXGL Background Thread 3 ] DEBUG Engine               - isSingleStep: false
08:07:45.437 [FXGL Background Thread 3 ] DEBUG Engine               - isUserProfileEnabled: false
08:07:45.437 [FXGL Background Thread 3 ] DEBUG Engine               - isWindows: false
08:07:45.437 [FXGL Background Thread 3 ] DEBUG Engine               - language: ObjectProperty [value: ENGLISH]
08:07:45.437 [FXGL Background Thread 3 ] DEBUG Engine               - menuKey: ESCAPE
08:07:45.437 [FXGL Background Thread 3 ] DEBUG Engine               - mouseSensitivity: 0.2
08:07:45.437 [FXGL Background Thread 3 ] DEBUG Engine               - notificationViewClass: class com.almasb.fxgl.notification.view.XboxNotificationView
08:07:45.437 [FXGL Background Thread 3 ] DEBUG Engine               - pixelsPerMeter: 50.0
08:07:45.437 [FXGL Background Thread 3 ] DEBUG Engine               - platform: MAC
08:07:45.438 [FXGL Background Thread 3 ] DEBUG Engine               - prefHeightProperty: ReadOnlyDoubleProperty [value: 896.0]
08:07:45.438 [FXGL Background Thread 3 ] DEBUG Engine               - prefWidthProperty: ReadOnlyDoubleProperty [value: 1600.0]
08:07:45.438 [FXGL Background Thread 3 ] DEBUG Engine               - profileDir: profiles/
08:07:45.438 [FXGL Background Thread 3 ] DEBUG Engine               - profileName: StringProperty [value: DEFAULT]
08:07:45.438 [FXGL Background Thread 3 ] DEBUG Engine               - randomSeed: -1
08:07:45.438 [FXGL Background Thread 3 ] DEBUG Engine               - runtimeInfo: RuntimeInfo(platform=MAC, version=17.3, build=30.03.2023 11.49)
08:07:45.438 [FXGL Background Thread 3 ] DEBUG Engine               - saveFileExt: sav
08:07:45.438 [FXGL Background Thread 3 ] DEBUG Engine               - scaledHeightProp$fxgl: DoubleProperty [bound, value: 896.0]
08:07:45.439 [FXGL Background Thread 3 ] DEBUG Engine               - scaledWidthProp$fxgl: DoubleProperty [bound, value: 1600.0]
08:07:45.439 [FXGL Background Thread 3 ] DEBUG Engine               - sceneFactory: com.almasb.fxgl.app.scene.SceneFactory@66a38588
08:07:45.439 [FXGL Background Thread 3 ] DEBUG Engine               - secondsIn24h: 60
08:07:45.439 [FXGL Background Thread 3 ] DEBUG Engine               - soundMenuBack: menu/back.wav
08:07:45.439 [FXGL Background Thread 3 ] DEBUG Engine               - soundMenuPress: menu/press.wav
08:07:45.439 [FXGL Background Thread 3 ] DEBUG Engine               - soundMenuSelect: menu/select.wav
08:07:45.439 [FXGL Background Thread 3 ] DEBUG Engine               - soundNotification: core/notification.wav
08:07:45.439 [FXGL Background Thread 3 ] DEBUG Engine               - stageStyle: DECORATED
08:07:45.439 [FXGL Background Thread 3 ] DEBUG Engine               - supportedLanguages: [ENGLISH, FRENCH, GERMAN, HUNGARIAN, RUSSIAN]
08:07:45.439 [FXGL Background Thread 3 ] DEBUG Engine               - ticksPerSecond: -1
08:07:45.439 [FXGL Background Thread 3 ] DEBUG Engine               - title: Zombs
08:07:45.439 [FXGL Background Thread 3 ] DEBUG Engine               - urlGithub: https://github.com/AlmasB/FXGL
08:07:45.439 [FXGL Background Thread 3 ] DEBUG Engine               - urlLeaderboard: http://fxgl-top.herokuapp.com/
08:07:45.439 [FXGL Background Thread 3 ] DEBUG Engine               - urlPOM: https://raw.githubusercontent.com/AlmasB/FXGL/release/README.md
08:07:45.439 [FXGL Background Thread 3 ] DEBUG Engine               - userAppClass: class com.csafinal.basedefense.DropApp
08:07:45.439 [FXGL Background Thread 3 ] DEBUG Engine               - version: 1.0
08:07:45.439 [FXGL Background Thread 3 ] DEBUG Engine               - versionCheckDays: 7
08:07:45.439 [FXGL Background Thread 3 ] DEBUG Engine               - width: 1600
08:07:45.439 [FXGL Background Thread 3 ] DEBUG Engine               - Logging services
08:07:45.440 [FXGL Background Thread 3 ] DEBUG Engine               - class com.almasb.fxgl.app.services.FXGLAssetLoaderService
08:07:45.440 [FXGL Background Thread 3 ] DEBUG Engine               - class com.almasb.fxgl.app.FXGLApplication$GameApplicationService
08:07:45.440 [FXGL Background Thread 3 ] DEBUG Engine               - class com.almasb.fxgl.app.services.FXGLDialogService
08:07:45.440 [FXGL Background Thread 3 ] DEBUG Engine               - class com.almasb.fxgl.app.services.IOTaskExecutorService
08:07:45.440 [FXGL Background Thread 3 ] DEBUG Engine               - class com.almasb.fxgl.io.FileSystemService
08:07:45.440 [FXGL Background Thread 3 ] DEBUG Engine               - class com.almasb.fxgl.localization.LocalizationService
08:07:45.440 [FXGL Background Thread 3 ] DEBUG Engine               - class com.almasb.fxgl.app.services.SystemBundleService
08:07:45.440 [FXGL Background Thread 3 ] DEBUG Engine               - class com.almasb.fxgl.profile.SaveLoadService
08:07:45.440 [FXGL Background Thread 3 ] DEBUG Engine               - class com.almasb.fxgl.ui.FXGLUIFactoryServiceProvider
08:07:45.440 [FXGL Background Thread 3 ] DEBUG Engine               - class com.almasb.fxgl.ui.FXGLDialogFactoryServiceProvider
08:07:45.440 [FXGL Background Thread 3 ] DEBUG Engine               - class com.almasb.fxgl.audio.AudioPlayer
08:07:45.440 [FXGL Background Thread 3 ] DEBUG Engine               - class com.almasb.fxgl.notification.impl.NotificationServiceProvider
08:07:45.440 [FXGL Background Thread 3 ] DEBUG Engine               - class com.almasb.fxgl.achievement.AchievementService
08:07:45.440 [FXGL Background Thread 3 ] DEBUG Engine               - class com.almasb.fxgl.cutscene.CutsceneService
08:07:45.440 [FXGL Background Thread 3 ] DEBUG Engine               - class com.almasb.fxgl.minigames.MiniGameService
08:07:45.440 [FXGL Background Thread 3 ] DEBUG Engine               - class com.almasb.fxgl.net.NetService
08:07:45.440 [FXGL Background Thread 3 ] DEBUG Engine               - class com.almasb.fxgl.app.services.UpdaterService
08:07:45.440 [FXGL Background Thread 3 ] DEBUG Engine               - class com.almasb.fxgl.dev.DevService
08:07:48.533 [JavaFX Application Thread] DEBUG FXGLApplication      - Exiting FXGL
08:07:48.533 [JavaFX Application Thread] DEBUG Async                - Shutting down background threads
08:07:48.534 [JavaFX Application Thread] DEBUG PrimaryStageWindow   - Closing main window
08:07:48.543 [JavaFX Application Thread] DEBUG Logger               - Closing Logger
