08:08:03.936 [main                     ] DEBUG Logger               - Configured Logger
08:08:03.953 [main                     ] DEBUG GameApplication      - Logging settings
Title: Zombs
Version: 1.0
Width: 1600
Height: 896
Fullscreen: false
Intro: false
Profiling: false
Single step:false
App Mode: DEVELOPER
Menu Key: ESCAPE
Stage Style: DECORATED
Scene Factory: class com.almasb.fxgl.app.scene.SceneFactory

08:08:04.182 [JavaFX Application Thread] DEBUG FXGLApplication      - Initializing FXGL
08:08:04.184 [JavaFX Application Thread] INFO  Engine               - FXGL-17.3 (30.03.2023 11.49) on MAC (J:20 FX:20)
08:08:04.184 [JavaFX Application Thread] DEBUG Engine               - JRE Vendor Name: Oracle Corporation
08:08:04.184 [JavaFX Application Thread] DEBUG Engine               - Running on OS: Mac OS X version 13.1
08:08:04.185 [JavaFX Application Thread] DEBUG Engine               - Architecture: aarch64
08:08:04.185 [JavaFX Application Thread] INFO  Engine               - Source code and latest versions at: https://github.com/AlmasB/FXGL
08:08:04.185 [JavaFX Application Thread] INFO  Engine               -       Ask questions and discuss at: https://github.com/AlmasB/FXGL/discussions
08:08:04.185 [JavaFX Application Thread] INFO  Engine               -              Join the FXGL chat at: https://gitter.im/AlmasB/FXGL
08:08:04.233 [JavaFX Application Thread] DEBUG PrimaryStageWindow   - Creating a JavaFX scene
08:08:04.254 [JavaFX Application Thread] DEBUG PrimaryStageWindow   - Target settings size: 1600.0 x 896.0
08:08:04.254 [JavaFX Application Thread] DEBUG PrimaryStageWindow   - Scaled scene size:    1600.0 x 896.0
08:08:04.254 [JavaFX Application Thread] DEBUG PrimaryStageWindow   - Scaled ratio: (1.0, 1.0)
08:08:04.254 [JavaFX Application Thread] DEBUG PrimaryStageWindow   - Set initial scene to FXGLStartupScene
08:08:04.255 [JavaFX Application Thread] DEBUG PrimaryStageWindow   - Opening main window
08:08:04.290 [JavaFX Application Thread] DEBUG PrimaryStageWindow   - Window border size: (0.0, 28.0)
08:08:04.290 [JavaFX Application Thread] DEBUG PrimaryStageWindow   - Scaled size: 1600.0 x 896.0
08:08:04.290 [JavaFX Application Thread] DEBUG PrimaryStageWindow   - Scaled ratio: (1.0, 1.0)
08:08:04.290 [JavaFX Application Thread] DEBUG PrimaryStageWindow   - Scene size: 1600.0 x 896.0
08:08:04.290 [JavaFX Application Thread] DEBUG PrimaryStageWindow   - Stage size: 1600.0 x 924.0
08:08:04.293 [FXGL Background Thread 1 ] DEBUG Engine               - Initializing environment variables
08:08:04.315 [FXGL Background Thread 1 ] DEBUG FXGLAssetLoaderServi - User app class for loading assets: class com.csafinal.basedefense.DropApp
08:08:04.315 [FXGL Background Thread 1 ] DEBUG GameApplicationServi - Applying CSS: fxgl_dark.css
08:08:04.316 [FXGL Background Thread 1 ] DEBUG FXGLAssetLoaderServi - Loading from file system: jar:file:///Users/ayushkumarrai/.m2/repository/com/github/almasb/fxgl/17.3/fxgl-17.3.jar!/fxglassets/ui/css/fxgl_dark.css
08:08:04.341 [FXGL Background Thread 1 ] DEBUG GameApplicationServi - Initializing application scenes
08:08:04.448 [FXGL Background Thread 1 ] DEBUG GameWorld            - Game world initialized
08:08:04.480 [FXGL Background Thread 1 ] DEBUG PhysicsWorld         - Physics world initialized: appHeight=896, physics.ppm=50.0
08:08:04.481 [FXGL Background Thread 1 ] DEBUG PhysicsWorld         - Using strategy: BRUTE_FORCE
08:08:04.483 [FXGL Background Thread 1 ] DEBUG GameScene            - Game scene initialized: 1600x896
08:08:04.487 [FXGL Background Thread 1 ] DEBUG FXGL.DefaultMenu     - createMenuBodyGameMenu()
08:08:04.495 [FXGL Background Thread 1 ] DEBUG FXGL.DefaultMenu     - createOptionsMenu()
08:08:04.501 [FXGL Background Thread 1 ] DEBUG FXGLAssetLoaderServi - Loading from file system: jar:file:///Users/ayushkumarrai/.m2/repository/com/github/almasb/fxgl/17.3/fxgl-17.3.jar!/fxglassets/textures/particles/smoke.png
08:08:04.569 [FXGL Background Thread 1 ] DEBUG FXGLAssetLoaderServi - Loading from file system: jar:file:///Users/ayushkumarrai/.m2/repository/com/github/almasb/fxgl/17.3/fxgl-17.3.jar!/fxglassets/textures/particles/trace_horizontal.png
08:08:04.585 [FXGL Background Thread 1 ] DEBUG GameApplicationServi - Application scenes initialized
08:08:04.593 [FXGL Background Thread 1 ] DEBUG SystemBundleService  - Loading FXGL system data
08:08:04.597 [FXGL Background Thread 1 ] DEBUG FileSystemAccess     - Reading from: /Volumes/AYUSH DRIVE/School 2022-23/M359 AP CS Java A/BaseDefense2/system/fxgl.bundle
08:08:04.603 [FXGL Background Thread 1 ] DEBUG SystemBundleService  - Bundle FXGL: {}
08:08:04.603 [FXGL Background Thread 1 ] DEBUG UpdaterService       - Checking for updates
08:08:04.605 [FXGL Background Thread 4 ] DEBUG FXGLApplication      - Loading fonts
08:08:04.605 [FXGL Background Thread 4 ] DEBUG FXGLAssetLoaderServi - Loading from file system: jar:file:///Users/ayushkumarrai/.m2/repository/com/github/almasb/fxgl/17.3/fxgl-17.3.jar!/fxglassets/ui/fonts/VarelaRound-Regular.ttf
08:08:04.606 [FXGL Background Thread 1 ] DEBUG FXGLApplication      - Loading default localization
08:08:04.606 [FXGL Background Thread 1 ] DEBUG FXGLAssetLoaderServi - Loading from file system: jar:file:///Users/ayushkumarrai/.m2/repository/com/github/almasb/fxgl/17.3/fxgl-17.3.jar!/fxglassets/languages/english.lang
08:08:04.612 [FXGL Background Thread 4 ] DEBUG FXGLAssetLoaderServi - Loading from file system: jar:file:///Users/ayushkumarrai/.m2/repository/com/github/almasb/fxgl/17.3/fxgl-17.3.jar!/fxglassets/ui/fonts/Abel-Regular.ttf
08:08:04.614 [FXGL Background Thread 4 ] DEBUG FXGLAssetLoaderServi - Loading from file system: jar:file:///Users/ayushkumarrai/.m2/repository/com/github/almasb/fxgl/17.3/fxgl-17.3.jar!/fxglassets/ui/fonts/TerminalLandMono-Regular.otf
08:08:04.615 [FXGL Background Thread 1 ] INFO  FXGLApplication      - FXGL initialization took: 0.322 sec
08:08:04.616 [FXGL Background Thread 4 ] DEBUG FXGLAssetLoaderServi - Loading from file system: jar:file:///Users/ayushkumarrai/.m2/repository/com/github/almasb/fxgl/17.3/fxgl-17.3.jar!/fxglassets/ui/fonts/Courier-Prime.ttf
08:08:04.619 [JavaFX Application Thread] DEBUG Input                - Registered new binding: Left - A
08:08:04.619 [JavaFX Application Thread] DEBUG Input                - Registered new binding: Right - D
08:08:04.619 [JavaFX Application Thread] DEBUG Input                - Registered new binding: Down - S
08:08:04.619 [JavaFX Application Thread] DEBUG Input                - Registered new binding: Up - W
08:08:04.619 [JavaFX Application Thread] DEBUG Input                - Registered new binding: info - I
08:08:04.619 [JavaFX Application Thread] DEBUG Input                - Registered new binding: closeSelection - Q
08:08:04.619 [JavaFX Application Thread] DEBUG Input                - Registered new binding: Revive - R
08:08:04.619 [JavaFX Application Thread] DEBUG Input                - Registered new binding: SpawnBoss - K
08:08:04.620 [JavaFX Application Thread] DEBUG FXGLAssetLoaderServi - Loading from file system: jar:file:///Users/ayushkumarrai/.m2/repository/com/github/almasb/fxgl/17.3/fxgl-17.3.jar!/fxglassets/textures/fxgl_icon.png
08:08:04.638 [JavaFX Application Thread] DEBUG FXGLAssetLoaderServi - Loading from file system: jar:file:///Users/ayushkumarrai/.m2/repository/com/github/almasb/fxgl/17.3/fxgl-17.3.jar!/fxglassets/textures/fxgl_default_cursor.png
08:08:04.639 [JavaFX Application Thread] DEBUG Input                - Registered new binding: Screenshot - CTRL+8
08:08:04.639 [JavaFX Application Thread] DEBUG Input                - Registered new binding: System info dump - CTRL+9
08:08:04.640 [JavaFX Application Thread] DEBUG Input                - Registered new binding: Restart - CTRL+R
08:08:04.640 [JavaFX Application Thread] DEBUG Input                - Registered new binding: Toggle Debug Camera - CTRL+7
08:08:04.641 [JavaFX Application Thread] DEBUG LoopRunner           - Starting loop
08:08:04.641 [JavaFX Application Thread] DEBUG LoopRunner           - Initializing JavaFX AnimationTimerLoop
08:08:04.641 [JavaFX Application Thread] DEBUG GameApplicationServi - Starting new game
08:08:04.642 [JavaFX Application Thread] DEBUG Input                - Clearing active input actions
08:08:04.646 [JavaFX Application Thread] DEBUG GameApplicationServi - Removing overlay from FXGLStartupScene and adding to FXGLLoadingScene
08:08:04.646 [JavaFX Application Thread] DEBUG PrimaryStageWindow   - FXGLStartupScene -> FXGLLoadingScene
08:08:04.646 [JavaFX Application Thread] DEBUG GameApplicationServi - Clearing previous game
08:08:04.646 [JavaFX Application Thread] DEBUG GameScene            - Clearing game scene
08:08:04.646 [JavaFX Application Thread] DEBUG GameWorld            - Clearing game world
08:08:04.646 [JavaFX Application Thread] DEBUG PhysicsWorld         - Clearing physics world
08:08:04.647 [FXGL Background Thread 4 ] DEBUG FXGLApplication      - Initializing game
08:08:04.673 [JavaFX Application Thread] DEBUG FXGLApplication      - Registering font factories with UI factory
08:08:04.693 [FXGL Background Thread 4 ] WARN  TMXLevelLoader       - TiledMap generated from 1.10.0. Supported version: 1.9.0. Some features may not be parsed fully.
08:08:04.711 [FXGL Background Thread 4 ] DEBUG TMXLevelLoader       - Parsed TiledMap: file:/Volumes/AYUSH%20DRIVE/School%202022-23/M359%20AP%20CS%20Java%20A/BaseDefense2/target/classes/assets/levels/tmx/td1.tmx
08:08:04.712 [FXGL Background Thread 4 ] DEBUG TMXLevelLoader       - Creating tile layer entities
08:08:04.713 [FXGL Background Thread 4 ] DEBUG TilesetLoader        - Loading view for layer Ground
08:08:04.715 [FXGL Background Thread 4 ] DEBUG TilesetLoader        - Created buffer with size 1600.0x896.0
08:08:04.996 [FXGL Background Thread 4 ] DEBUG TilesetLoader        - Loading view for layer Decor
08:08:04.996 [FXGL Background Thread 4 ] DEBUG TilesetLoader        - Created buffer with size 1600.0x896.0
08:08:04.997 [FXGL Background Thread 4 ] DEBUG TMXLevelLoader       - Creating object layer entities
08:08:05.098 [FXGL Background Thread 4 ] DEBUG GameWorld            - Clearing removable entities
08:08:05.098 [FXGL Background Thread 4 ] DEBUG GameWorld            - Setting level: com.almasb.fxgl.entity.level.Level@5f07fd28
08:08:05.106 [FXGL Background Thread 4 ] DEBUG FXGLAssetLoaderServi - Loading JSON from: file:/Volumes/AYUSH%20DRIVE/School%202022-23/M359%20AP%20CS%20Java%20A/BaseDefense2/target/classes/assets/towers/tower1.json
08:08:05.242 [FXGL Background Thread 4 ] DEBUG FXGLAssetLoaderServi - Loading JSON from: file:/Volumes/AYUSH%20DRIVE/School%202022-23/M359%20AP%20CS%20Java%20A/BaseDefense2/target/classes/assets/towers/tower2.json
08:08:05.245 [FXGL Background Thread 4 ] DEBUG FXGLAssetLoaderServi - Loading JSON from: file:/Volumes/AYUSH%20DRIVE/School%202022-23/M359%20AP%20CS%20Java%20A/BaseDefense2/target/classes/assets/towers/tower3.json
08:08:05.248 [FXGL Background Thread 4 ] DEBUG FXGLAssetLoaderServi - Loading JSON from: file:/Volumes/AYUSH%20DRIVE/School%202022-23/M359%20AP%20CS%20Java%20A/BaseDefense2/target/classes/assets/towers/tower4.json
08:08:05.251 [FXGL Background Thread 4 ] DEBUG FXGLAssetLoaderServi - Loading JSON from: file:/Volumes/AYUSH%20DRIVE/School%202022-23/M359%20AP%20CS%20Java%20A/BaseDefense2/target/classes/assets/towers/tower5.json
08:08:05.253 [FXGL Background Thread 4 ] DEBUG FXGLAssetLoaderServi - Loading JSON from: file:/Volumes/AYUSH%20DRIVE/School%202022-23/M359%20AP%20CS%20Java%20A/BaseDefense2/target/classes/assets/towers/tower6.json
08:08:05.256 [FXGL Background Thread 4 ] DEBUG FXGLAssetLoaderServi - Loading JSON from: file:/Volumes/AYUSH%20DRIVE/School%202022-23/M359%20AP%20CS%20Java%20A/BaseDefense2/target/classes/assets/towers/tree1.json
08:08:05.259 [FXGL Background Thread 4 ] DEBUG FXGLAssetLoaderServi - Loading JSON from: file:/Volumes/AYUSH%20DRIVE/School%202022-23/M359%20AP%20CS%20Java%20A/BaseDefense2/target/classes/assets/towers/stone1.json
08:08:05.263 [FXGL Background Thread 4 ] DEBUG FXGLAssetLoaderServi - Loading JSON from: file:/Volumes/AYUSH%20DRIVE/School%202022-23/M359%20AP%20CS%20Java%20A/BaseDefense2/target/classes/assets/playerTypes/player1.json
08:08:05.271 [FXGL Background Thread 4 ] DEBUG FXGLAssetLoaderServi - Loading from file system: file:/Volumes/AYUSH%20DRIVE/School%202022-23/M359%20AP%20CS%20Java%20A/BaseDefense2/target/classes/assets/textures/player.png
08:08:05.281 [FXGL Background Thread 4 ] DEBUG FXGLAssetLoaderServi - Loading from file system: file:/Volumes/AYUSH%20DRIVE/School%202022-23/M359%20AP%20CS%20Java%20A/BaseDefense2/target/classes/assets/textures/towers/tower1.png
08:08:05.285 [FXGL Background Thread 4 ] DEBUG FXGLAssetLoaderServi - Loading from file system: file:/Volumes/AYUSH%20DRIVE/School%202022-23/M359%20AP%20CS%20Java%20A/BaseDefense2/target/classes/assets/textures/towers/tower2.png
08:08:05.288 [FXGL Background Thread 4 ] DEBUG FXGLAssetLoaderServi - Loading from file system: file:/Volumes/AYUSH%20DRIVE/School%202022-23/M359%20AP%20CS%20Java%20A/BaseDefense2/target/classes/assets/textures/towers/tower3.png
08:08:05.291 [FXGL Background Thread 4 ] DEBUG FXGLAssetLoaderServi - Loading from file system: file:/Volumes/AYUSH%20DRIVE/School%202022-23/M359%20AP%20CS%20Java%20A/BaseDefense2/target/classes/assets/textures/towers/tower4.png
08:08:05.294 [FXGL Background Thread 4 ] DEBUG FXGLAssetLoaderServi - Loading from file system: file:/Volumes/AYUSH%20DRIVE/School%202022-23/M359%20AP%20CS%20Java%20A/BaseDefense2/target/classes/assets/textures/towers/tower5.png
08:08:05.296 [FXGL Background Thread 4 ] DEBUG FXGLAssetLoaderServi - Loading from file system: file:/Volumes/AYUSH%20DRIVE/School%202022-23/M359%20AP%20CS%20Java%20A/BaseDefense2/target/classes/assets/textures/towers/tower6.png
08:08:05.303 [FXGL Background Thread 4 ] DEBUG FXGLAssetLoaderServi - Loading from file system: file:/Volumes/AYUSH%20DRIVE/School%202022-23/M359%20AP%20CS%20Java%20A/BaseDefense2/target/classes/assets/textures/towers/treeHarvester.png
08:08:05.305 [FXGL Background Thread 4 ] DEBUG FXGLAssetLoaderServi - Loading from file system: file:/Volumes/AYUSH%20DRIVE/School%202022-23/M359%20AP%20CS%20Java%20A/BaseDefense2/target/classes/assets/textures/towers/stoneMiner.png
08:08:05.309 [FXGL Background Thread 4 ] INFO  FXGLApplication      - Game initialization took: 0.662 sec
08:08:05.310 [JavaFX Application Thread] DEBUG Input                - Clearing active input actions
08:08:05.314 [JavaFX Application Thread] DEBUG GameApplicationServi - Removing overlay from FXGLLoadingScene and adding to GameScene
08:08:05.315 [JavaFX Application Thread] DEBUG PrimaryStageWindow   - FXGLLoadingScene -> GameScene
08:08:07.609 [FXGL Background Thread 3 ] DEBUG Engine               - Logging environment variables
08:08:07.610 [FXGL Background Thread 3 ] DEBUG Engine               - achievements: []
08:08:07.610 [FXGL Background Thread 3 ] DEBUG Engine               - actualHeight: 896.0
08:08:07.610 [FXGL Background Thread 3 ] DEBUG Engine               - actualHeightProperty: ReadOnlyDoubleProperty [value: 896.0]
08:08:07.610 [FXGL Background Thread 3 ] DEBUG Engine               - actualWidth: 1600.0
08:08:07.610 [FXGL Background Thread 3 ] DEBUG Engine               - actualWidthProperty: ReadOnlyDoubleProperty [value: 1600.0]
08:08:07.610 [FXGL Background Thread 3 ] DEBUG Engine               - appIcon: fxgl_icon.png
08:08:07.610 [FXGL Background Thread 3 ] DEBUG Engine               - applicationMode: DEVELOPER
08:08:07.610 [FXGL Background Thread 3 ] DEBUG Engine               - cSSList: [fxgl_dark.css]
08:08:07.610 [FXGL Background Thread 3 ] DEBUG Engine               - collisionDetectionStrategy: BRUTE_FORCE
08:08:07.610 [FXGL Background Thread 3 ] DEBUG Engine               - configClass: Optional.empty
08:08:07.610 [FXGL Background Thread 3 ] DEBUG Engine               - credits: []
08:08:07.610 [FXGL Background Thread 3 ] DEBUG Engine               - defaultCursor: CursorInfo(imageName=fxgl_default_cursor.png, hotspotX=7.0, hotspotY=6.0)
08:08:07.611 [FXGL Background Thread 3 ] DEBUG Engine               - devBBoxColorProperty: ObjectProperty [value: 0xff0000ff]
08:08:07.611 [FXGL Background Thread 3 ] DEBUG Engine               - devEnableDebugCameraProperty: BooleanProperty [value: false]
08:08:07.611 [FXGL Background Thread 3 ] DEBUG Engine               - devSensorColorProperty: ObjectProperty [value: 0xffff00ff]
08:08:07.611 [FXGL Background Thread 3 ] DEBUG Engine               - devShowBBoxProperty: BooleanProperty [value: false]
08:08:07.611 [FXGL Background Thread 3 ] DEBUG Engine               - devShowPositionProperty: BooleanProperty [value: false]
08:08:07.611 [FXGL Background Thread 3 ] DEBUG Engine               - enabledMenuItems: []
08:08:07.611 [FXGL Background Thread 3 ] DEBUG Engine               - engineServices: [class com.almasb.fxgl.app.services.FXGLAssetLoaderService, class com.almasb.fxgl.app.FXGLApplication$GameApplicationService, class com.almasb.fxgl.app.services.FXGLDialogService, class com.almasb.fxgl.app.services.IOTaskExecutorService, class com.almasb.fxgl.io.FileSystemService, class com.almasb.fxgl.localization.LocalizationService, class com.almasb.fxgl.app.services.SystemBundleService, class com.almasb.fxgl.profile.SaveLoadService, class com.almasb.fxgl.ui.FXGLUIFactoryServiceProvider, class com.almasb.fxgl.ui.FXGLDialogFactoryServiceProvider, class com.almasb.fxgl.audio.AudioPlayer, class com.almasb.fxgl.notification.impl.NotificationServiceProvider, class com.almasb.fxgl.achievement.AchievementService, class com.almasb.fxgl.cutscene.CutsceneService, class com.almasb.fxgl.minigames.MiniGameService, class com.almasb.fxgl.net.NetService, class com.almasb.fxgl.app.services.UpdaterService, class com.almasb.fxgl.dev.DevService]
08:08:07.611 [FXGL Background Thread 3 ] DEBUG Engine               - fontGame: Abel-Regular.ttf
08:08:07.611 [FXGL Background Thread 3 ] DEBUG Engine               - fontMono: TerminalLandMono-Regular.otf
08:08:07.611 [FXGL Background Thread 3 ] DEBUG Engine               - fontSizeScaleUI: 1.0
08:08:07.611 [FXGL Background Thread 3 ] DEBUG Engine               - fontText: Courier-Prime.ttf
08:08:07.611 [FXGL Background Thread 3 ] DEBUG Engine               - fontUI: VarelaRound-Regular.ttf
08:08:07.611 [FXGL Background Thread 3 ] DEBUG Engine               - fullScreen: BooleanProperty [value: false]
08:08:07.611 [FXGL Background Thread 3 ] DEBUG Engine               - gameDifficulty: MEDIUM
08:08:07.611 [FXGL Background Thread 3 ] DEBUG Engine               - gameDifficultyProperty: ObjectProperty [value: MEDIUM]
08:08:07.611 [FXGL Background Thread 3 ] DEBUG Engine               - globalMusicVolume: 0.5
08:08:07.612 [FXGL Background Thread 3 ] DEBUG Engine               - globalMusicVolumeProperty: DoubleProperty [value: 0.5]
08:08:07.612 [FXGL Background Thread 3 ] DEBUG Engine               - globalSoundVolume: 0.5
08:08:07.612 [FXGL Background Thread 3 ] DEBUG Engine               - globalSoundVolumeProperty: DoubleProperty [value: 0.5]
08:08:07.612 [FXGL Background Thread 3 ] DEBUG Engine               - height: 896
08:08:07.612 [FXGL Background Thread 3 ] DEBUG Engine               - is3D: false
08:08:07.612 [FXGL Background Thread 3 ] DEBUG Engine               - isAndroid: false
08:08:07.612 [FXGL Background Thread 3 ] DEBUG Engine               - isBrowser: false
08:08:07.612 [FXGL Background Thread 3 ] DEBUG Engine               - isClickFeedbackEnabled: false
08:08:07.612 [FXGL Background Thread 3 ] DEBUG Engine               - isCloseConfirmation: false
08:08:07.612 [FXGL Background Thread 3 ] DEBUG Engine               - isDesktop: true
08:08:07.612 [FXGL Background Thread 3 ] DEBUG Engine               - isDeveloperMenuEnabled: false
08:08:07.612 [FXGL Background Thread 3 ] DEBUG Engine               - isEmbedded: false
08:08:07.612 [FXGL Background Thread 3 ] DEBUG Engine               - isEntityPreloadEnabled: true
08:08:07.612 [FXGL Background Thread 3 ] DEBUG Engine               - isExperimentalTiledLargeMap: false
08:08:07.612 [FXGL Background Thread 3 ] DEBUG Engine               - isFileSystemWriteAllowed: true
08:08:07.612 [FXGL Background Thread 3 ] DEBUG Engine               - isFullScreenAllowed: false
08:08:07.612 [FXGL Background Thread 3 ] DEBUG Engine               - isFullScreenFromStart: false
08:08:07.612 [FXGL Background Thread 3 ] DEBUG Engine               - isGameMenuEnabled: true
08:08:07.612 [FXGL Background Thread 3 ] DEBUG Engine               - isIOS: false
08:08:07.612 [FXGL Background Thread 3 ] DEBUG Engine               - isIntroEnabled: false
08:08:07.612 [FXGL Background Thread 3 ] DEBUG Engine               - isLinux: false
08:08:07.612 [FXGL Background Thread 3 ] DEBUG Engine               - isMac: true
08:08:07.612 [FXGL Background Thread 3 ] DEBUG Engine               - isMainMenuEnabled: false
08:08:07.612 [FXGL Background Thread 3 ] DEBUG Engine               - isManualResizeEnabled: false
08:08:07.612 [FXGL Background Thread 3 ] DEBUG Engine               - isMobile: false
08:08:07.612 [FXGL Background Thread 3 ] DEBUG Engine               - isNative: false
08:08:07.612 [FXGL Background Thread 3 ] DEBUG Engine               - isPauseMusicWhenMinimized: true
08:08:07.612 [FXGL Background Thread 3 ] DEBUG Engine               - isPreserveResizeRatio: false
08:08:07.612 [FXGL Background Thread 3 ] DEBUG Engine               - isProfilingEnabled: false
08:08:07.612 [FXGL Background Thread 3 ] DEBUG Engine               - isScaleAffectedOnResize: true
08:08:07.612 [FXGL Background Thread 3 ] DEBUG Engine               - isSingleStep: false
08:08:07.612 [FXGL Background Thread 3 ] DEBUG Engine               - isUserProfileEnabled: false
08:08:07.613 [FXGL Background Thread 3 ] DEBUG Engine               - isWindows: false
08:08:07.613 [FXGL Background Thread 3 ] DEBUG Engine               - language: ObjectProperty [value: ENGLISH]
08:08:07.613 [FXGL Background Thread 3 ] DEBUG Engine               - menuKey: ESCAPE
08:08:07.613 [FXGL Background Thread 3 ] DEBUG Engine               - mouseSensitivity: 0.2
08:08:07.613 [FXGL Background Thread 3 ] DEBUG Engine               - notificationViewClass: class com.almasb.fxgl.notification.view.XboxNotificationView
08:08:07.613 [FXGL Background Thread 3 ] DEBUG Engine               - pixelsPerMeter: 50.0
08:08:07.613 [FXGL Background Thread 3 ] DEBUG Engine               - platform: MAC
08:08:07.613 [FXGL Background Thread 3 ] DEBUG Engine               - prefHeightProperty: ReadOnlyDoubleProperty [value: 896.0]
08:08:07.613 [FXGL Background Thread 3 ] DEBUG Engine               - prefWidthProperty: ReadOnlyDoubleProperty [value: 1600.0]
08:08:07.613 [FXGL Background Thread 3 ] DEBUG Engine               - profileDir: profiles/
08:08:07.613 [FXGL Background Thread 3 ] DEBUG Engine               - profileName: StringProperty [value: DEFAULT]
08:08:07.613 [FXGL Background Thread 3 ] DEBUG Engine               - randomSeed: -1
08:08:07.613 [FXGL Background Thread 3 ] DEBUG Engine               - runtimeInfo: RuntimeInfo(platform=MAC, version=17.3, build=30.03.2023 11.49)
08:08:07.613 [FXGL Background Thread 3 ] DEBUG Engine               - saveFileExt: sav
08:08:07.613 [FXGL Background Thread 3 ] DEBUG Engine               - scaledHeightProp$fxgl: DoubleProperty [bound, value: 896.0]
08:08:07.613 [FXGL Background Thread 3 ] DEBUG Engine               - scaledWidthProp$fxgl: DoubleProperty [bound, value: 1600.0]
08:08:07.613 [FXGL Background Thread 3 ] DEBUG Engine               - sceneFactory: com.almasb.fxgl.app.scene.SceneFactory@38adfd01
08:08:07.613 [FXGL Background Thread 3 ] DEBUG Engine               - secondsIn24h: 60
08:08:07.613 [FXGL Background Thread 3 ] DEBUG Engine               - soundMenuBack: menu/back.wav
08:08:07.613 [FXGL Background Thread 3 ] DEBUG Engine               - soundMenuPress: menu/press.wav
08:08:07.613 [FXGL Background Thread 3 ] DEBUG Engine               - soundMenuSelect: menu/select.wav
08:08:07.613 [FXGL Background Thread 3 ] DEBUG Engine               - soundNotification: core/notification.wav
08:08:07.614 [FXGL Background Thread 3 ] DEBUG Engine               - stageStyle: DECORATED
08:08:07.614 [FXGL Background Thread 3 ] DEBUG Engine               - supportedLanguages: [ENGLISH, FRENCH, GERMAN, HUNGARIAN, RUSSIAN]
08:08:07.614 [FXGL Background Thread 3 ] DEBUG Engine               - ticksPerSecond: -1
08:08:07.614 [FXGL Background Thread 3 ] DEBUG Engine               - title: Zombs
08:08:07.614 [FXGL Background Thread 3 ] DEBUG Engine               - urlGithub: https://github.com/AlmasB/FXGL
08:08:07.614 [FXGL Background Thread 3 ] DEBUG Engine               - urlLeaderboard: http://fxgl-top.herokuapp.com/
08:08:07.614 [FXGL Background Thread 3 ] DEBUG Engine               - urlPOM: https://raw.githubusercontent.com/AlmasB/FXGL/release/README.md
08:08:07.614 [FXGL Background Thread 3 ] DEBUG Engine               - userAppClass: class com.csafinal.basedefense.DropApp
08:08:07.614 [FXGL Background Thread 3 ] DEBUG Engine               - version: 1.0
08:08:07.614 [FXGL Background Thread 3 ] DEBUG Engine               - versionCheckDays: 7
08:08:07.614 [FXGL Background Thread 3 ] DEBUG Engine               - width: 1600
08:08:07.614 [FXGL Background Thread 3 ] DEBUG Engine               - Logging services
08:08:07.614 [FXGL Background Thread 3 ] DEBUG Engine               - class com.almasb.fxgl.app.services.FXGLAssetLoaderService
08:08:07.614 [FXGL Background Thread 3 ] DEBUG Engine               - class com.almasb.fxgl.app.FXGLApplication$GameApplicationService
08:08:07.614 [FXGL Background Thread 3 ] DEBUG Engine               - class com.almasb.fxgl.app.services.FXGLDialogService
08:08:07.614 [FXGL Background Thread 3 ] DEBUG Engine               - class com.almasb.fxgl.app.services.IOTaskExecutorService
08:08:07.614 [FXGL Background Thread 3 ] DEBUG Engine               - class com.almasb.fxgl.io.FileSystemService
08:08:07.614 [FXGL Background Thread 3 ] DEBUG Engine               - class com.almasb.fxgl.localization.LocalizationService
08:08:07.614 [FXGL Background Thread 3 ] DEBUG Engine               - class com.almasb.fxgl.app.services.SystemBundleService
08:08:07.614 [FXGL Background Thread 3 ] DEBUG Engine               - class com.almasb.fxgl.profile.SaveLoadService
08:08:07.614 [FXGL Background Thread 3 ] DEBUG Engine               - class com.almasb.fxgl.ui.FXGLUIFactoryServiceProvider
08:08:07.614 [FXGL Background Thread 3 ] DEBUG Engine               - class com.almasb.fxgl.ui.FXGLDialogFactoryServiceProvider
08:08:07.614 [FXGL Background Thread 3 ] DEBUG Engine               - class com.almasb.fxgl.audio.AudioPlayer
08:08:07.614 [FXGL Background Thread 3 ] DEBUG Engine               - class com.almasb.fxgl.notification.impl.NotificationServiceProvider
08:08:07.614 [FXGL Background Thread 3 ] DEBUG Engine               - class com.almasb.fxgl.achievement.AchievementService
08:08:07.614 [FXGL Background Thread 3 ] DEBUG Engine               - class com.almasb.fxgl.cutscene.CutsceneService
08:08:07.614 [FXGL Background Thread 3 ] DEBUG Engine               - class com.almasb.fxgl.minigames.MiniGameService
08:08:07.614 [FXGL Background Thread 3 ] DEBUG Engine               - class com.almasb.fxgl.net.NetService
08:08:07.614 [FXGL Background Thread 3 ] DEBUG Engine               - class com.almasb.fxgl.app.services.UpdaterService
08:08:07.614 [FXGL Background Thread 3 ] DEBUG Engine               - class com.almasb.fxgl.dev.DevService
08:08:35.436 [JavaFX Application Thread] DEBUG FXGLAssetLoaderServi - Loading JSON from: file:/Volumes/AYUSH%20DRIVE/School%202022-23/M359%20AP%20CS%20Java%20A/BaseDefense2/target/classes/assets/enemies/enemy4.json
08:08:35.469 [JavaFX Application Thread] DEBUG FXGLAssetLoaderServi - Loading from file system: file:/Volumes/AYUSH%20DRIVE/School%202022-23/M359%20AP%20CS%20Java%20A/BaseDefense2/target/classes/assets/textures/enemies/enemy4.png
08:08:35.472 [JavaFX Application Thread] DEBUG FXGLAssetLoaderServi - Loading from file system: file:/Volumes/AYUSH%20DRIVE/School%202022-23/M359%20AP%20CS%20Java%20A/BaseDefense2/target/classes/assets/textures/projectile.png
08:08:37.567 [JavaFX Application Thread] DEBUG FXGLAssetLoaderServi - Loading JSON from: file:/Volumes/AYUSH%20DRIVE/School%202022-23/M359%20AP%20CS%20Java%20A/BaseDefense2/target/classes/assets/enemies/enemy4.json
08:08:39.384 [JavaFX Application Thread] DEBUG FXGLAssetLoaderServi - Loading JSON from: file:/Volumes/AYUSH%20DRIVE/School%202022-23/M359%20AP%20CS%20Java%20A/BaseDefense2/target/classes/assets/enemies/enemy3.json
08:08:39.391 [JavaFX Application Thread] DEBUG FXGLAssetLoaderServi - Loading from file system: file:/Volumes/AYUSH%20DRIVE/School%202022-23/M359%20AP%20CS%20Java%20A/BaseDefense2/target/classes/assets/textures/enemies/enemy3.png
08:08:41.400 [JavaFX Application Thread] DEBUG FXGLAssetLoaderServi - Loading JSON from: file:/Volumes/AYUSH%20DRIVE/School%202022-23/M359%20AP%20CS%20Java%20A/BaseDefense2/target/classes/assets/enemies/enemy3.json
08:08:43.417 [JavaFX Application Thread] DEBUG FXGLAssetLoaderServi - Loading JSON from: file:/Volumes/AYUSH%20DRIVE/School%202022-23/M359%20AP%20CS%20Java%20A/BaseDefense2/target/classes/assets/enemies/enemy4.json
08:08:45.434 [JavaFX Application Thread] DEBUG FXGLAssetLoaderServi - Loading JSON from: file:/Volumes/AYUSH%20DRIVE/School%202022-23/M359%20AP%20CS%20Java%20A/BaseDefense2/target/classes/assets/enemies/enemy3.json
08:08:47.450 [JavaFX Application Thread] DEBUG FXGLAssetLoaderServi - Loading JSON from: file:/Volumes/AYUSH%20DRIVE/School%202022-23/M359%20AP%20CS%20Java%20A/BaseDefense2/target/classes/assets/enemies/enemy4.json
08:08:49.467 [JavaFX Application Thread] DEBUG FXGLAssetLoaderServi - Loading JSON from: file:/Volumes/AYUSH%20DRIVE/School%202022-23/M359%20AP%20CS%20Java%20A/BaseDefense2/target/classes/assets/enemies/enemy3.json
08:08:51.484 [JavaFX Application Thread] DEBUG FXGLAssetLoaderServi - Loading JSON from: file:/Volumes/AYUSH%20DRIVE/School%202022-23/M359%20AP%20CS%20Java%20A/BaseDefense2/target/classes/assets/enemies/enemy1.json
08:08:51.489 [JavaFX Application Thread] DEBUG FXGLAssetLoaderServi - Loading from file system: file:/Volumes/AYUSH%20DRIVE/School%202022-23/M359%20AP%20CS%20Java%20A/BaseDefense2/target/classes/assets/textures/enemies/enemy1.png
08:08:53.500 [JavaFX Application Thread] DEBUG FXGLAssetLoaderServi - Loading JSON from: file:/Volumes/AYUSH%20DRIVE/School%202022-23/M359%20AP%20CS%20Java%20A/BaseDefense2/target/classes/assets/enemies/enemy4.json
08:08:55.516 [JavaFX Application Thread] DEBUG FXGLAssetLoaderServi - Loading JSON from: file:/Volumes/AYUSH%20DRIVE/School%202022-23/M359%20AP%20CS%20Java%20A/BaseDefense2/target/classes/assets/enemies/enemy3.json
08:08:57.534 [JavaFX Application Thread] DEBUG FXGLAssetLoaderServi - Loading JSON from: file:/Volumes/AYUSH%20DRIVE/School%202022-23/M359%20AP%20CS%20Java%20A/BaseDefense2/target/classes/assets/enemies/enemy1.json
08:08:59.550 [JavaFX Application Thread] DEBUG FXGLAssetLoaderServi - Loading JSON from: file:/Volumes/AYUSH%20DRIVE/School%202022-23/M359%20AP%20CS%20Java%20A/BaseDefense2/target/classes/assets/enemies/enemy1.json
08:09:01.567 [JavaFX Application Thread] DEBUG FXGLAssetLoaderServi - Loading JSON from: file:/Volumes/AYUSH%20DRIVE/School%202022-23/M359%20AP%20CS%20Java%20A/BaseDefense2/target/classes/assets/enemies/enemy2.json
08:09:01.572 [JavaFX Application Thread] DEBUG FXGLAssetLoaderServi - Loading from file system: file:/Volumes/AYUSH%20DRIVE/School%202022-23/M359%20AP%20CS%20Java%20A/BaseDefense2/target/classes/assets/textures/enemies/enemy2.png
08:09:03.583 [JavaFX Application Thread] DEBUG FXGLAssetLoaderServi - Loading JSON from: file:/Volumes/AYUSH%20DRIVE/School%202022-23/M359%20AP%20CS%20Java%20A/BaseDefense2/target/classes/assets/enemies/enemy3.json
08:09:05.600 [JavaFX Application Thread] DEBUG FXGLAssetLoaderServi - Loading JSON from: file:/Volumes/AYUSH%20DRIVE/School%202022-23/M359%20AP%20CS%20Java%20A/BaseDefense2/target/classes/assets/enemies/enemy3.json
08:09:07.617 [JavaFX Application Thread] DEBUG FXGLAssetLoaderServi - Loading JSON from: file:/Volumes/AYUSH%20DRIVE/School%202022-23/M359%20AP%20CS%20Java%20A/BaseDefense2/target/classes/assets/enemies/enemy3.json
08:09:09.634 [JavaFX Application Thread] DEBUG FXGLAssetLoaderServi - Loading JSON from: file:/Volumes/AYUSH%20DRIVE/School%202022-23/M359%20AP%20CS%20Java%20A/BaseDefense2/target/classes/assets/enemies/enemy4.json
08:09:11.650 [JavaFX Application Thread] DEBUG FXGLAssetLoaderServi - Loading JSON from: file:/Volumes/AYUSH%20DRIVE/School%202022-23/M359%20AP%20CS%20Java%20A/BaseDefense2/target/classes/assets/enemies/enemy3.json
08:09:13.667 [JavaFX Application Thread] DEBUG FXGLAssetLoaderServi - Loading JSON from: file:/Volumes/AYUSH%20DRIVE/School%202022-23/M359%20AP%20CS%20Java%20A/BaseDefense2/target/classes/assets/enemies/enemy1.json
08:09:15.684 [JavaFX Application Thread] DEBUG FXGLAssetLoaderServi - Loading JSON from: file:/Volumes/AYUSH%20DRIVE/School%202022-23/M359%20AP%20CS%20Java%20A/BaseDefense2/target/classes/assets/enemies/enemy3.json
08:09:16.634 [JavaFX Application Thread] DEBUG FXGLAssetLoaderServi - Loading JSON from: file:/Volumes/AYUSH%20DRIVE/School%202022-23/M359%20AP%20CS%20Java%20A/BaseDefense2/target/classes/assets/playerTypes/player1.json
08:09:17.700 [JavaFX Application Thread] DEBUG FXGLAssetLoaderServi - Loading JSON from: file:/Volumes/AYUSH%20DRIVE/School%202022-23/M359%20AP%20CS%20Java%20A/BaseDefense2/target/classes/assets/enemies/enemy3.json
08:09:19.718 [JavaFX Application Thread] DEBUG FXGLAssetLoaderServi - Loading JSON from: file:/Volumes/AYUSH%20DRIVE/School%202022-23/M359%20AP%20CS%20Java%20A/BaseDefense2/target/classes/assets/enemies/enemy3.json
08:09:21.734 [JavaFX Application Thread] DEBUG FXGLAssetLoaderServi - Loading JSON from: file:/Volumes/AYUSH%20DRIVE/School%202022-23/M359%20AP%20CS%20Java%20A/BaseDefense2/target/classes/assets/enemies/enemy1.json
08:09:23.750 [JavaFX Application Thread] DEBUG FXGLAssetLoaderServi - Loading JSON from: file:/Volumes/AYUSH%20DRIVE/School%202022-23/M359%20AP%20CS%20Java%20A/BaseDefense2/target/classes/assets/enemies/enemy3.json
08:09:25.467 [JavaFX Application Thread] DEBUG FXGLAssetLoaderServi - Loading JSON from: file:/Volumes/AYUSH%20DRIVE/School%202022-23/M359%20AP%20CS%20Java%20A/BaseDefense2/target/classes/assets/playerTypes/player1.json
08:09:25.767 [JavaFX Application Thread] DEBUG FXGLAssetLoaderServi - Loading JSON from: file:/Volumes/AYUSH%20DRIVE/School%202022-23/M359%20AP%20CS%20Java%20A/BaseDefense2/target/classes/assets/enemies/enemy1.json
08:09:27.783 [JavaFX Application Thread] DEBUG FXGLAssetLoaderServi - Loading JSON from: file:/Volumes/AYUSH%20DRIVE/School%202022-23/M359%20AP%20CS%20Java%20A/BaseDefense2/target/classes/assets/enemies/enemy3.json
08:09:29.801 [JavaFX Application Thread] DEBUG FXGLAssetLoaderServi - Loading JSON from: file:/Volumes/AYUSH%20DRIVE/School%202022-23/M359%20AP%20CS%20Java%20A/BaseDefense2/target/classes/assets/enemies/enemy1.json
08:09:31.817 [JavaFX Application Thread] DEBUG FXGLAssetLoaderServi - Loading JSON from: file:/Volumes/AYUSH%20DRIVE/School%202022-23/M359%20AP%20CS%20Java%20A/BaseDefense2/target/classes/assets/enemies/enemy3.json
08:09:33.833 [JavaFX Application Thread] DEBUG FXGLAssetLoaderServi - Loading JSON from: file:/Volumes/AYUSH%20DRIVE/School%202022-23/M359%20AP%20CS%20Java%20A/BaseDefense2/target/classes/assets/enemies/enemy2.json
08:09:35.850 [JavaFX Application Thread] DEBUG FXGLAssetLoaderServi - Loading JSON from: file:/Volumes/AYUSH%20DRIVE/School%202022-23/M359%20AP%20CS%20Java%20A/BaseDefense2/target/classes/assets/enemies/enemy4.json
08:09:37.033 [JavaFX Application Thread] DEBUG FXGLAssetLoaderServi - Loading JSON from: file:/Volumes/AYUSH%20DRIVE/School%202022-23/M359%20AP%20CS%20Java%20A/BaseDefense2/target/classes/assets/playerTypes/player1.json
08:09:37.867 [JavaFX Application Thread] DEBUG FXGLAssetLoaderServi - Loading JSON from: file:/Volumes/AYUSH%20DRIVE/School%202022-23/M359%20AP%20CS%20Java%20A/BaseDefense2/target/classes/assets/enemies/enemy1.json
08:09:39.884 [JavaFX Application Thread] DEBUG FXGLAssetLoaderServi - Loading JSON from: file:/Volumes/AYUSH%20DRIVE/School%202022-23/M359%20AP%20CS%20Java%20A/BaseDefense2/target/classes/assets/enemies/enemy1.json
08:09:41.900 [JavaFX Application Thread] DEBUG FXGLAssetLoaderServi - Loading JSON from: file:/Volumes/AYUSH%20DRIVE/School%202022-23/M359%20AP%20CS%20Java%20A/BaseDefense2/target/classes/assets/enemies/enemy3.json
08:09:43.917 [JavaFX Application Thread] DEBUG FXGLAssetLoaderServi - Loading JSON from: file:/Volumes/AYUSH%20DRIVE/School%202022-23/M359%20AP%20CS%20Java%20A/BaseDefense2/target/classes/assets/enemies/enemy4.json
08:09:45.934 [JavaFX Application Thread] DEBUG FXGLAssetLoaderServi - Loading JSON from: file:/Volumes/AYUSH%20DRIVE/School%202022-23/M359%20AP%20CS%20Java%20A/BaseDefense2/target/classes/assets/enemies/enemy4.json
08:09:46.845 [JavaFX Application Thread] DEBUG FXGLApplication      - Exiting FXGL
08:09:46.845 [JavaFX Application Thread] DEBUG LoopRunner           - Stopping loop
08:09:46.845 [JavaFX Application Thread] DEBUG SystemBundleService  - Saving FXGL system data
08:09:46.872 [JavaFX Application Thread] DEBUG FileSystemAccess     - Writing to: /Volumes/AYUSH DRIVE/School 2022-23/M359 AP CS Java A/BaseDefense2/system/fxgl.bundle
08:09:46.884 [JavaFX Application Thread] DEBUG Async                - Shutting down background threads
08:09:46.884 [JavaFX Application Thread] DEBUG PrimaryStageWindow   - Closing main window
08:09:46.891 [JavaFX Application Thread] DEBUG Logger               - Closing Logger
