16:55:01.278 [main                     ] DEBUG Logger               - Configured Logger
16:55:01.332 [main                     ] DEBUG GameApplication      - Logging settings
Title: Zombs
Version: 1.0
Width: 1600
Height: 896
Fullscreen: false
Intro: false
Profiling: false
Single step:false
App Mode: DEVELOPER
Menu Key: ESCAPE
Stage Style: DECORATED
Scene Factory: class com.almasb.fxgl.app.scene.SceneFactory

16:55:22.837 [JavaFX Application Thread] DEBUG FXGLApplication      - Initializing FXGL
16:55:22.938 [JavaFX Application Thread] INFO  Engine               - FXGL-17.3 (30.03.2023 11.49) on WINDOWS (J:20.0.1 FX:20)
16:55:22.940 [JavaFX Application Thread] DEBUG Engine               - JRE Vendor Name: Oracle Corporation
16:55:22.943 [JavaFX Application Thread] DEBUG Engine               - Running on OS: Windows 10 version 10.0
16:55:22.944 [JavaFX Application Thread] DEBUG Engine               - Architecture: amd64
16:55:22.944 [JavaFX Application Thread] INFO  Engine               - Source code and latest versions at: https://github.com/AlmasB/FXGL
16:55:22.945 [JavaFX Application Thread] INFO  Engine               -       Ask questions and discuss at: https://github.com/AlmasB/FXGL/discussions
16:55:22.946 [JavaFX Application Thread] INFO  Engine               -              Join the FXGL chat at: https://gitter.im/AlmasB/FXGL
16:55:27.999 [JavaFX Application Thread] DEBUG PrimaryStageWindow   - Creating a JavaFX scene
16:55:28.000 [JavaFX Application Thread] DEBUG PrimaryStageWindow   - Target size > screen size
16:55:28.894 [JavaFX Application Thread] DEBUG PrimaryStageWindow   - Target settings size: 1600.0 x 896.0
16:55:28.894 [JavaFX Application Thread] DEBUG PrimaryStageWindow   - Scaled scene size:    1446.0 x 823.0
16:55:28.895 [JavaFX Application Thread] DEBUG PrimaryStageWindow   - Scaled ratio: (0.90375, 0.9185267857142857)
16:55:28.896 [JavaFX Application Thread] DEBUG PrimaryStageWindow   - Set initial scene to FXGLStartupScene
16:55:28.933 [JavaFX Application Thread] DEBUG PrimaryStageWindow   - Opening main window
16:55:29.578 [JavaFX Application Thread] DEBUG PrimaryStageWindow   - Window border size: (14.800048828125, 37.79998779296875)
16:55:29.579 [JavaFX Application Thread] DEBUG PrimaryStageWindow   - Scaled size: 1446.0 x 823.0
16:55:29.580 [JavaFX Application Thread] DEBUG PrimaryStageWindow   - Scaled ratio: (0.90375, 0.9185267857142857)
16:55:29.583 [JavaFX Application Thread] DEBUG PrimaryStageWindow   - Scene size: 1446.0 x 823.0
16:55:29.584 [JavaFX Application Thread] DEBUG PrimaryStageWindow   - Stage size: 1460.800048828125 x 860.7999877929688
16:55:29.701 [FXGL Background Thread 1 ] DEBUG Engine               - Initializing environment variables
16:55:29.949 [FXGL Background Thread 1 ] DEBUG FXGLAssetLoaderServi - User app class for loading assets: class com.csafinal.basedefense.DropApp
16:55:29.950 [FXGL Background Thread 1 ] DEBUG GameApplicationServi - Applying CSS: fxgl_dark.css
16:55:29.951 [FXGL Background Thread 1 ] DEBUG FXGLAssetLoaderServi - Loading from file system: jar:file:///C:/Users/PunitKumar/.m2/repository/com/github/almasb/fxgl/17.3/fxgl-17.3.jar!/fxglassets/ui/css/fxgl_dark.css
16:55:30.606 [FXGL Background Thread 1 ] DEBUG GameApplicationServi - Initializing application scenes
16:55:31.064 [FXGL Background Thread 1 ] DEBUG GameWorld            - Game world initialized
16:55:31.591 [FXGL Background Thread 1 ] DEBUG PhysicsWorld         - Physics world initialized: appHeight=896, physics.ppm=50.0
16:55:31.593 [FXGL Background Thread 1 ] DEBUG PhysicsWorld         - Using strategy: BRUTE_FORCE
16:55:31.600 [FXGL Background Thread 1 ] DEBUG GameScene            - Game scene initialized: 1600x896
16:55:31.619 [FXGL Background Thread 1 ] DEBUG FXGL.DefaultMenu     - createMenuBodyGameMenu()
16:55:31.744 [FXGL Background Thread 1 ] DEBUG FXGL.DefaultMenu     - createOptionsMenu()
16:55:31.793 [FXGL Background Thread 1 ] DEBUG FXGLAssetLoaderServi - Loading from file system: jar:file:///C:/Users/PunitKumar/.m2/repository/com/github/almasb/fxgl/17.3/fxgl-17.3.jar!/fxglassets/textures/particles/smoke.png
16:55:32.291 [FXGL Background Thread 1 ] DEBUG FXGLAssetLoaderServi - Loading from file system: jar:file:///C:/Users/PunitKumar/.m2/repository/com/github/almasb/fxgl/17.3/fxgl-17.3.jar!/fxglassets/textures/particles/trace_horizontal.png
16:55:32.345 [FXGL Background Thread 1 ] DEBUG GameApplicationServi - Application scenes initialized
16:55:32.365 [FXGL Background Thread 1 ] DEBUG SystemBundleService  - Loading FXGL system data
16:55:32.378 [FXGL Background Thread 1 ] DEBUG FileSystemAccess     - Reading from: D:\School 2022-23\M359 AP CS Java A\BaseDefense2\system\fxgl.bundle
16:55:32.420 [FXGL Background Thread 1 ] DEBUG SystemBundleService  - Bundle FXGL: {}
16:55:32.420 [FXGL Background Thread 1 ] DEBUG UpdaterService       - Checking for updates
16:55:32.428 [FXGL Background Thread 4 ] DEBUG FXGLApplication      - Loading fonts
16:55:32.429 [FXGL Background Thread 1 ] DEBUG FXGLApplication      - Loading default localization
16:55:32.429 [FXGL Background Thread 4 ] DEBUG FXGLAssetLoaderServi - Loading from file system: jar:file:///C:/Users/PunitKumar/.m2/repository/com/github/almasb/fxgl/17.3/fxgl-17.3.jar!/fxglassets/ui/fonts/VarelaRound-Regular.ttf
16:55:32.430 [FXGL Background Thread 1 ] DEBUG FXGLAssetLoaderServi - Loading from file system: jar:file:///C:/Users/PunitKumar/.m2/repository/com/github/almasb/fxgl/17.3/fxgl-17.3.jar!/fxglassets/languages/english.lang
16:55:32.636 [FXGL Background Thread 1 ] INFO  FXGLApplication      - FXGL initialization took: 2.934 sec
16:55:32.654 [JavaFX Application Thread] DEBUG Input                - Registered new binding: Left - A
16:55:32.655 [JavaFX Application Thread] DEBUG Input                - Registered new binding: Right - D
16:55:32.655 [JavaFX Application Thread] DEBUG Input                - Registered new binding: Down - S
16:55:32.655 [JavaFX Application Thread] DEBUG Input                - Registered new binding: Up - W
16:55:32.655 [JavaFX Application Thread] DEBUG Input                - Registered new binding: info - I
16:55:32.656 [JavaFX Application Thread] DEBUG FXGLAssetLoaderServi - Loading from file system: jar:file:///C:/Users/PunitKumar/.m2/repository/com/github/almasb/fxgl/17.3/fxgl-17.3.jar!/fxglassets/textures/fxgl_icon.png
16:55:32.699 [JavaFX Application Thread] DEBUG FXGLAssetLoaderServi - Loading from file system: jar:file:///C:/Users/PunitKumar/.m2/repository/com/github/almasb/fxgl/17.3/fxgl-17.3.jar!/fxglassets/textures/fxgl_default_cursor.png
16:55:32.705 [JavaFX Application Thread] DEBUG Input                - Registered new binding: Screenshot - CTRL+8
16:55:32.706 [JavaFX Application Thread] DEBUG Input                - Registered new binding: System info dump - CTRL+9
16:55:32.707 [JavaFX Application Thread] DEBUG Input                - Registered new binding: Restart - CTRL+R
16:55:32.708 [JavaFX Application Thread] DEBUG Input                - Registered new binding: Toggle Debug Camera - CTRL+7
16:55:32.713 [JavaFX Application Thread] DEBUG LoopRunner           - Starting loop
16:55:32.713 [JavaFX Application Thread] DEBUG LoopRunner           - Initializing JavaFX AnimationTimerLoop
16:55:32.718 [JavaFX Application Thread] DEBUG GameApplicationServi - Starting new game
16:55:32.734 [JavaFX Application Thread] DEBUG Input                - Clearing active input actions
16:55:32.784 [JavaFX Application Thread] DEBUG GameApplicationServi - Removing overlay from FXGLStartupScene and adding to FXGLLoadingScene
16:55:32.785 [JavaFX Application Thread] DEBUG PrimaryStageWindow   - FXGLStartupScene -> FXGLLoadingScene
16:55:32.785 [JavaFX Application Thread] DEBUG GameApplicationServi - Clearing previous game
16:55:32.786 [JavaFX Application Thread] DEBUG GameScene            - Clearing game scene
16:55:32.786 [JavaFX Application Thread] DEBUG GameWorld            - Clearing game world
16:55:32.786 [JavaFX Application Thread] DEBUG PhysicsWorld         - Clearing physics world
16:55:32.789 [FXGL Background Thread 1 ] DEBUG FXGLApplication      - Initializing game
16:55:32.909 [FXGL Background Thread 4 ] DEBUG FXGLAssetLoaderServi - Loading from file system: jar:file:///C:/Users/PunitKumar/.m2/repository/com/github/almasb/fxgl/17.3/fxgl-17.3.jar!/fxglassets/ui/fonts/Abel-Regular.ttf
16:55:32.964 [FXGL Background Thread 1 ] WARN  TMXLevelLoader       - TiledMap generated from 1.10.0. Supported version: 1.9.0. Some features may not be parsed fully.
16:55:32.990 [FXGL Background Thread 4 ] DEBUG FXGLAssetLoaderServi - Loading from file system: jar:file:///C:/Users/PunitKumar/.m2/repository/com/github/almasb/fxgl/17.3/fxgl-17.3.jar!/fxglassets/ui/fonts/TerminalLandMono-Regular.otf
16:55:33.096 [FXGL Background Thread 1 ] DEBUG TMXLevelLoader       - Parsed TiledMap: file:/D:/School%202022-23/M359%20AP%20CS%20Java%20A/BaseDefense2/target/classes/assets/levels/tmx/td1.tmx
16:55:33.098 [FXGL Background Thread 1 ] DEBUG TMXLevelLoader       - Creating tile layer entities
16:55:33.104 [FXGL Background Thread 1 ] DEBUG TilesetLoader        - Loading view for layer Ground
16:55:33.109 [FXGL Background Thread 1 ] DEBUG TilesetLoader        - Created buffer with size 1600.0x896.0
16:55:33.141 [FXGL Background Thread 4 ] DEBUG FXGLAssetLoaderServi - Loading from file system: jar:file:///C:/Users/PunitKumar/.m2/repository/com/github/almasb/fxgl/17.3/fxgl-17.3.jar!/fxglassets/ui/fonts/Courier-Prime.ttf
16:55:33.629 [JavaFX Application Thread] DEBUG FXGLApplication      - Registering font factories with UI factory
16:55:33.747 [FXGL Background Thread 1 ] DEBUG TilesetLoader        - Loading view for layer Decor
16:55:33.748 [FXGL Background Thread 1 ] DEBUG TilesetLoader        - Created buffer with size 1600.0x896.0
16:55:33.749 [FXGL Background Thread 1 ] DEBUG TMXLevelLoader       - Creating object layer entities
16:55:33.831 [FXGL Background Thread 1 ] DEBUG GameWorld            - Clearing removable entities
16:55:33.832 [FXGL Background Thread 1 ] DEBUG GameWorld            - Setting level: com.almasb.fxgl.entity.level.Level@3a057f40
16:55:33.838 [FXGL Background Thread 1 ] DEBUG FXGLAssetLoaderServi - Loading JSON from: file:/D:/School%202022-23/M359%20AP%20CS%20Java%20A/BaseDefense2/target/classes/assets/towers/tower1.json
16:55:34.690 [FXGL Background Thread 1 ] DEBUG FXGLAssetLoaderServi - Loading JSON from: file:/D:/School%202022-23/M359%20AP%20CS%20Java%20A/BaseDefense2/target/classes/assets/towers/tower2.json
16:55:34.704 [FXGL Background Thread 1 ] DEBUG FXGLAssetLoaderServi - Loading JSON from: file:/D:/School%202022-23/M359%20AP%20CS%20Java%20A/BaseDefense2/target/classes/assets/towers/tower3.json
16:55:34.759 [FXGL Background Thread 1 ] DEBUG FXGLAssetLoaderServi - Loading JSON from: file:/D:/School%202022-23/M359%20AP%20CS%20Java%20A/BaseDefense2/target/classes/assets/towers/tower4.json
16:55:34.783 [FXGL Background Thread 1 ] DEBUG FXGLAssetLoaderServi - Loading JSON from: file:/D:/School%202022-23/M359%20AP%20CS%20Java%20A/BaseDefense2/target/classes/assets/towers/tower5.json
16:55:34.806 [FXGL Background Thread 1 ] DEBUG FXGLAssetLoaderServi - Loading JSON from: file:/D:/School%202022-23/M359%20AP%20CS%20Java%20A/BaseDefense2/target/classes/assets/towers/tower6.json
16:55:34.838 [FXGL Background Thread 1 ] DEBUG FXGLAssetLoaderServi - Loading from file system: file:/D:/School%202022-23/M359%20AP%20CS%20Java%20A/BaseDefense2/target/classes/assets/textures/player.png
16:55:34.874 [FXGL Background Thread 1 ] INFO  FXGLApplication      - Game initialization took: 2.085 sec
16:55:34.881 [JavaFX Application Thread] DEBUG Input                - Clearing active input actions
16:55:34.929 [JavaFX Application Thread] DEBUG GameApplicationServi - Removing overlay from FXGLLoadingScene and adding to GameScene
16:55:34.930 [JavaFX Application Thread] DEBUG PrimaryStageWindow   - FXGLLoadingScene -> GameScene
16:55:35.430 [FXGL Background Thread 3 ] DEBUG Engine               - Logging environment variables
16:55:35.432 [FXGL Background Thread 3 ] DEBUG Engine               - achievements: []
16:55:35.432 [FXGL Background Thread 3 ] DEBUG Engine               - actualHeight: 823.0
16:55:35.433 [FXGL Background Thread 3 ] DEBUG Engine               - actualHeightProperty: ReadOnlyDoubleProperty [value: 823.0]
16:55:35.433 [FXGL Background Thread 3 ] DEBUG Engine               - actualWidth: 1446.0
16:55:35.433 [FXGL Background Thread 3 ] DEBUG Engine               - actualWidthProperty: ReadOnlyDoubleProperty [value: 1446.0]
16:55:35.433 [FXGL Background Thread 3 ] DEBUG Engine               - appIcon: fxgl_icon.png
16:55:35.434 [FXGL Background Thread 3 ] DEBUG Engine               - applicationMode: DEVELOPER
16:55:35.434 [FXGL Background Thread 3 ] DEBUG Engine               - cSSList: [fxgl_dark.css]
16:55:35.434 [FXGL Background Thread 3 ] DEBUG Engine               - collisionDetectionStrategy: BRUTE_FORCE
16:55:35.434 [FXGL Background Thread 3 ] DEBUG Engine               - configClass: Optional.empty
16:55:35.434 [FXGL Background Thread 3 ] DEBUG Engine               - credits: []
16:55:35.436 [FXGL Background Thread 3 ] DEBUG Engine               - defaultCursor: CursorInfo(imageName=fxgl_default_cursor.png, hotspotX=7.0, hotspotY=6.0)
16:55:35.436 [FXGL Background Thread 3 ] DEBUG Engine               - devBBoxColorProperty: ObjectProperty [value: 0xff0000ff]
16:55:35.436 [FXGL Background Thread 3 ] DEBUG Engine               - devEnableDebugCameraProperty: BooleanProperty [value: false]
16:55:35.437 [FXGL Background Thread 3 ] DEBUG Engine               - devSensorColorProperty: ObjectProperty [value: 0xffff00ff]
16:55:35.437 [FXGL Background Thread 3 ] DEBUG Engine               - devShowBBoxProperty: BooleanProperty [value: false]
16:55:35.437 [FXGL Background Thread 3 ] DEBUG Engine               - devShowPositionProperty: BooleanProperty [value: false]
16:55:35.438 [FXGL Background Thread 3 ] DEBUG Engine               - enabledMenuItems: []
16:55:35.438 [FXGL Background Thread 3 ] DEBUG Engine               - engineServices: [class com.almasb.fxgl.app.services.FXGLAssetLoaderService, class com.almasb.fxgl.app.FXGLApplication$GameApplicationService, class com.almasb.fxgl.app.services.FXGLDialogService, class com.almasb.fxgl.app.services.IOTaskExecutorService, class com.almasb.fxgl.io.FileSystemService, class com.almasb.fxgl.localization.LocalizationService, class com.almasb.fxgl.app.services.SystemBundleService, class com.almasb.fxgl.profile.SaveLoadService, class com.almasb.fxgl.ui.FXGLUIFactoryServiceProvider, class com.almasb.fxgl.ui.FXGLDialogFactoryServiceProvider, class com.almasb.fxgl.audio.AudioPlayer, class com.almasb.fxgl.notification.impl.NotificationServiceProvider, class com.almasb.fxgl.achievement.AchievementService, class com.almasb.fxgl.cutscene.CutsceneService, class com.almasb.fxgl.minigames.MiniGameService, class com.almasb.fxgl.net.NetService, class com.almasb.fxgl.app.services.UpdaterService, class com.almasb.fxgl.dev.DevService]
16:55:35.438 [FXGL Background Thread 3 ] DEBUG Engine               - fontGame: Abel-Regular.ttf
16:55:35.439 [FXGL Background Thread 3 ] DEBUG Engine               - fontMono: TerminalLandMono-Regular.otf
16:55:35.439 [FXGL Background Thread 3 ] DEBUG Engine               - fontSizeScaleUI: 1.0
16:55:35.439 [FXGL Background Thread 3 ] DEBUG Engine               - fontText: Courier-Prime.ttf
16:55:35.439 [FXGL Background Thread 3 ] DEBUG Engine               - fontUI: VarelaRound-Regular.ttf
16:55:35.440 [FXGL Background Thread 3 ] DEBUG Engine               - fullScreen: BooleanProperty [value: false]
16:55:35.440 [FXGL Background Thread 3 ] DEBUG Engine               - gameDifficulty: MEDIUM
16:55:35.440 [FXGL Background Thread 3 ] DEBUG Engine               - gameDifficultyProperty: ObjectProperty [value: MEDIUM]
16:55:35.440 [FXGL Background Thread 3 ] DEBUG Engine               - globalMusicVolume: 0.5
16:55:35.441 [FXGL Background Thread 3 ] DEBUG Engine               - globalMusicVolumeProperty: DoubleProperty [value: 0.5]
16:55:35.441 [FXGL Background Thread 3 ] DEBUG Engine               - globalSoundVolume: 0.5
16:55:35.441 [FXGL Background Thread 3 ] DEBUG Engine               - globalSoundVolumeProperty: DoubleProperty [value: 0.5]
16:55:35.441 [FXGL Background Thread 3 ] DEBUG Engine               - height: 896
16:55:35.442 [FXGL Background Thread 3 ] DEBUG Engine               - is3D: false
16:55:35.442 [FXGL Background Thread 3 ] DEBUG Engine               - isAndroid: false
16:55:35.442 [FXGL Background Thread 3 ] DEBUG Engine               - isBrowser: false
16:55:35.442 [FXGL Background Thread 3 ] DEBUG Engine               - isClickFeedbackEnabled: false
16:55:35.443 [FXGL Background Thread 3 ] DEBUG Engine               - isCloseConfirmation: false
16:55:35.443 [FXGL Background Thread 3 ] DEBUG Engine               - isDesktop: true
16:55:35.443 [FXGL Background Thread 3 ] DEBUG Engine               - isDeveloperMenuEnabled: false
16:55:35.443 [FXGL Background Thread 3 ] DEBUG Engine               - isEmbedded: false
16:55:35.443 [FXGL Background Thread 3 ] DEBUG Engine               - isEntityPreloadEnabled: true
16:55:35.444 [FXGL Background Thread 3 ] DEBUG Engine               - isExperimentalTiledLargeMap: false
16:55:35.444 [FXGL Background Thread 3 ] DEBUG Engine               - isFileSystemWriteAllowed: true
16:55:35.444 [FXGL Background Thread 3 ] DEBUG Engine               - isFullScreenAllowed: false
16:55:35.444 [FXGL Background Thread 3 ] DEBUG Engine               - isFullScreenFromStart: false
16:55:35.445 [FXGL Background Thread 3 ] DEBUG Engine               - isGameMenuEnabled: true
16:55:35.445 [FXGL Background Thread 3 ] DEBUG Engine               - isIOS: false
16:55:35.445 [FXGL Background Thread 3 ] DEBUG Engine               - isIntroEnabled: false
16:55:35.445 [FXGL Background Thread 3 ] DEBUG Engine               - isLinux: false
16:55:35.446 [FXGL Background Thread 3 ] DEBUG Engine               - isMac: false
16:55:35.446 [FXGL Background Thread 3 ] DEBUG Engine               - isMainMenuEnabled: false
16:55:35.446 [FXGL Background Thread 3 ] DEBUG Engine               - isManualResizeEnabled: false
16:55:35.446 [FXGL Background Thread 3 ] DEBUG Engine               - isMobile: false
16:55:35.446 [FXGL Background Thread 3 ] DEBUG Engine               - isNative: false
16:55:35.446 [FXGL Background Thread 3 ] DEBUG Engine               - isPauseMusicWhenMinimized: true
16:55:35.447 [FXGL Background Thread 3 ] DEBUG Engine               - isPreserveResizeRatio: false
16:55:35.447 [FXGL Background Thread 3 ] DEBUG Engine               - isProfilingEnabled: false
16:55:35.447 [FXGL Background Thread 3 ] DEBUG Engine               - isScaleAffectedOnResize: true
16:55:35.447 [FXGL Background Thread 3 ] DEBUG Engine               - isSingleStep: false
16:55:35.447 [FXGL Background Thread 3 ] DEBUG Engine               - isUserProfileEnabled: false
16:55:35.448 [FXGL Background Thread 3 ] DEBUG Engine               - isWindows: true
16:55:35.448 [FXGL Background Thread 3 ] DEBUG Engine               - language: ObjectProperty [value: ENGLISH]
16:55:35.448 [FXGL Background Thread 3 ] DEBUG Engine               - menuKey: ESCAPE
16:55:35.448 [FXGL Background Thread 3 ] DEBUG Engine               - mouseSensitivity: 0.2
16:55:35.448 [FXGL Background Thread 3 ] DEBUG Engine               - notificationViewClass: class com.almasb.fxgl.notification.view.XboxNotificationView
16:55:35.448 [FXGL Background Thread 3 ] DEBUG Engine               - pixelsPerMeter: 50.0
16:55:35.449 [FXGL Background Thread 3 ] DEBUG Engine               - platform: WINDOWS
16:55:35.449 [FXGL Background Thread 3 ] DEBUG Engine               - prefHeightProperty: ReadOnlyDoubleProperty [value: 896.0]
16:55:35.449 [FXGL Background Thread 3 ] DEBUG Engine               - prefWidthProperty: ReadOnlyDoubleProperty [value: 1600.0]
16:55:35.449 [FXGL Background Thread 3 ] DEBUG Engine               - profileDir: profiles/
16:55:35.450 [FXGL Background Thread 3 ] DEBUG Engine               - profileName: StringProperty [value: DEFAULT]
16:55:35.450 [FXGL Background Thread 3 ] DEBUG Engine               - randomSeed: -1
16:55:35.451 [FXGL Background Thread 3 ] DEBUG Engine               - runtimeInfo: RuntimeInfo(platform=WINDOWS, version=17.3, build=30.03.2023 11.49)
16:55:35.451 [FXGL Background Thread 3 ] DEBUG Engine               - saveFileExt: sav
16:55:35.451 [FXGL Background Thread 3 ] DEBUG Engine               - scaledHeightProp$fxgl: DoubleProperty [bound, value: 823.0]
16:55:35.452 [FXGL Background Thread 3 ] DEBUG Engine               - scaledWidthProp$fxgl: DoubleProperty [bound, value: 1446.0]
16:55:35.452 [FXGL Background Thread 3 ] DEBUG Engine               - sceneFactory: com.almasb.fxgl.app.scene.SceneFactory@290b928e
16:55:35.452 [FXGL Background Thread 3 ] DEBUG Engine               - secondsIn24h: 60
16:55:35.452 [FXGL Background Thread 3 ] DEBUG Engine               - soundMenuBack: menu/back.wav
16:55:35.453 [FXGL Background Thread 3 ] DEBUG Engine               - soundMenuPress: menu/press.wav
16:55:35.453 [FXGL Background Thread 3 ] DEBUG Engine               - soundMenuSelect: menu/select.wav
16:55:35.453 [FXGL Background Thread 3 ] DEBUG Engine               - soundNotification: core/notification.wav
16:55:35.453 [FXGL Background Thread 3 ] DEBUG Engine               - stageStyle: DECORATED
16:55:35.453 [FXGL Background Thread 3 ] DEBUG Engine               - supportedLanguages: [ENGLISH, FRENCH, GERMAN, HUNGARIAN, RUSSIAN]
16:55:35.453 [FXGL Background Thread 3 ] DEBUG Engine               - ticksPerSecond: -1
16:55:35.454 [FXGL Background Thread 3 ] DEBUG Engine               - title: Zombs
16:55:35.454 [FXGL Background Thread 3 ] DEBUG Engine               - urlGithub: https://github.com/AlmasB/FXGL
16:55:35.454 [FXGL Background Thread 3 ] DEBUG Engine               - urlLeaderboard: http://fxgl-top.herokuapp.com/
16:55:35.454 [FXGL Background Thread 3 ] DEBUG Engine               - urlPOM: https://raw.githubusercontent.com/AlmasB/FXGL/release/README.md
16:55:35.454 [FXGL Background Thread 3 ] DEBUG Engine               - userAppClass: class com.csafinal.basedefense.DropApp
16:55:35.454 [FXGL Background Thread 3 ] DEBUG Engine               - version: 1.0
16:55:35.455 [FXGL Background Thread 3 ] DEBUG Engine               - versionCheckDays: 7
16:55:35.455 [FXGL Background Thread 3 ] DEBUG Engine               - width: 1600
16:55:35.455 [FXGL Background Thread 3 ] DEBUG Engine               - Logging services
16:55:35.455 [FXGL Background Thread 3 ] DEBUG Engine               - class com.almasb.fxgl.app.services.FXGLAssetLoaderService
16:55:35.455 [FXGL Background Thread 3 ] DEBUG Engine               - class com.almasb.fxgl.app.FXGLApplication$GameApplicationService
16:55:35.455 [FXGL Background Thread 3 ] DEBUG Engine               - class com.almasb.fxgl.app.services.FXGLDialogService
16:55:35.456 [FXGL Background Thread 3 ] DEBUG Engine               - class com.almasb.fxgl.app.services.IOTaskExecutorService
16:55:35.456 [FXGL Background Thread 3 ] DEBUG Engine               - class com.almasb.fxgl.io.FileSystemService
16:55:35.456 [FXGL Background Thread 3 ] DEBUG Engine               - class com.almasb.fxgl.localization.LocalizationService
16:55:35.456 [FXGL Background Thread 3 ] DEBUG Engine               - class com.almasb.fxgl.app.services.SystemBundleService
16:55:35.456 [FXGL Background Thread 3 ] DEBUG Engine               - class com.almasb.fxgl.profile.SaveLoadService
16:55:35.456 [FXGL Background Thread 3 ] DEBUG Engine               - class com.almasb.fxgl.ui.FXGLUIFactoryServiceProvider
16:55:35.456 [FXGL Background Thread 3 ] DEBUG Engine               - class com.almasb.fxgl.ui.FXGLDialogFactoryServiceProvider
16:55:35.456 [FXGL Background Thread 3 ] DEBUG Engine               - class com.almasb.fxgl.audio.AudioPlayer
16:55:35.457 [FXGL Background Thread 3 ] DEBUG Engine               - class com.almasb.fxgl.notification.impl.NotificationServiceProvider
16:55:35.457 [FXGL Background Thread 3 ] DEBUG Engine               - class com.almasb.fxgl.achievement.AchievementService
16:55:35.457 [FXGL Background Thread 3 ] DEBUG Engine               - class com.almasb.fxgl.cutscene.CutsceneService
16:55:35.457 [FXGL Background Thread 3 ] DEBUG Engine               - class com.almasb.fxgl.minigames.MiniGameService
16:55:35.457 [FXGL Background Thread 3 ] DEBUG Engine               - class com.almasb.fxgl.net.NetService
16:55:35.458 [FXGL Background Thread 3 ] DEBUG Engine               - class com.almasb.fxgl.app.services.UpdaterService
16:55:35.458 [FXGL Background Thread 3 ] DEBUG Engine               - class com.almasb.fxgl.dev.DevService
16:55:36.219 [JavaFX Application Thread] DEBUG FXGLAssetLoaderServi - Loading from file system: file:/D:/School%202022-23/M359%20AP%20CS%20Java%20A/BaseDefense2/target/classes/assets/textures/enemies/enemy1.png
16:55:37.442 [JavaFX Application Thread] DEBUG FXGLAssetLoaderServi - Loading from file system: file:/D:/School%202022-23/M359%20AP%20CS%20Java%20A/BaseDefense2/target/classes/assets/textures/towers/tower1.png
16:55:38.951 [JavaFX Application Thread] DEBUG FXGLAssetLoaderServi - Loading from file system: file:/D:/School%202022-23/M359%20AP%20CS%20Java%20A/BaseDefense2/target/classes/assets/textures/projectile.png
16:55:50.231 [JavaFX Application Thread] DEBUG FXGLApplication      - Exiting FXGL
16:55:50.231 [JavaFX Application Thread] DEBUG LoopRunner           - Stopping loop
16:55:50.232 [JavaFX Application Thread] DEBUG SystemBundleService  - Saving FXGL system data
16:55:50.241 [JavaFX Application Thread] DEBUG FileSystemAccess     - Writing to: D:\School 2022-23\M359 AP CS Java A\BaseDefense2\system\fxgl.bundle
16:55:50.255 [JavaFX Application Thread] DEBUG Async                - Shutting down background threads
16:55:50.255 [JavaFX Application Thread] DEBUG PrimaryStageWindow   - Closing main window
16:55:50.323 [JavaFX Application Thread] DEBUG Logger               - Closing Logger
